13-05-2020 15:37:40.765 INFO  [main]  c.a.v.n.w.NPCWebServiceApplication.logStarting - Starting NPCWebServiceApplication v1.0.0-SNAPSHOT on Mohamed-Hamdy with PID 381528 (C:\Users\mohammed.hamdy\Downloads\Vodafone MNP Deliverables\Src Code\npc-vodafone\vodafone-mnp-webservice\target\vodafone-mnp-webservice-1.0.0-SNAPSHOT.jar started by mohammed.hamdy in C:\Users\mohammed.hamdy\Downloads\Vodafone MNP Deliverables\Src Code\npc-vodafone\vodafone-mnp-webservice\target)
13-05-2020 15:37:40.782 INFO  [main]  c.a.v.n.w.NPCWebServiceApplication.logStartupProfileInfo - No active profile set, falling back to default profiles: default
13-05-2020 15:37:40.934 INFO  [main]  o.s.b.c.e.AnnotationConfigEmbeddedWebApplicationContext.prepareRefresh - Refreshing org.springframework.boot.context.embedded.AnnotationConfigEmbeddedWebApplicationContext@4d76f3f8: startup date [Wed May 13 15:37:40 EET 2020]; root of context hierarchy
13-05-2020 15:37:41.142 INFO  [background-preinit]  o.h.validator.internal.util.Version.<clinit> - HV000001: Hibernate Validator 5.2.4.Final
13-05-2020 15:37:42.727 INFO  [main]  o.s.c.s.PostProcessorRegistrationDelegate$BeanPostProcessorChecker.postProcessAfterInitialization - Bean 'NPCWebServiceConfig' of type [class com.asset.vodafone.npc.webservice.config.NPCWebServiceConfig$$EnhancerBySpringCGLIB$$c8c8ced3] is not eligible for getting processed by all BeanPostProcessors (for example: not eligible for auto-proxying)
13-05-2020 15:37:42.758 INFO  [main]  o.s.c.s.PostProcessorRegistrationDelegate$BeanPostProcessorChecker.postProcessAfterInitialization - Bean 'org.springframework.ws.config.annotation.DelegatingWsConfiguration' of type [class org.springframework.ws.config.annotation.DelegatingWsConfiguration$$EnhancerBySpringCGLIB$$34b380c2] is not eligible for getting processed by all BeanPostProcessors (for example: not eligible for auto-proxying)
13-05-2020 15:37:42.845 INFO  [main]  o.s.w.s.a.s.AnnotationActionEndpointMapping.afterPropertiesSet - Supporting [WS-Addressing August 2004, WS-Addressing 1.0]
13-05-2020 15:37:44.209 INFO  [main]  o.s.b.c.e.t.TomcatEmbeddedServletContainer.initialize - Tomcat initialized with port(s): 9090 (http)
13-05-2020 15:37:44.235 INFO  [main]  o.a.catalina.core.StandardService.log - Starting service Tomcat
13-05-2020 15:37:44.240 INFO  [main]  o.a.catalina.core.StandardEngine.log - Starting Servlet Engine: Apache Tomcat/8.5.6
13-05-2020 15:37:44.456 INFO  [localhost-startStop-1]  o.a.c.c.C.[Tomcat].[localhost].[/].log - Initializing Spring embedded WebApplicationContext
13-05-2020 15:37:44.457 INFO  [localhost-startStop-1]  o.s.web.context.ContextLoader.prepareEmbeddedWebApplicationContext - Root WebApplicationContext: initialization completed in 3522 ms
13-05-2020 15:37:44.804 INFO  [localhost-startStop-1]  o.s.b.w.s.ServletRegistrationBean.onStartup - Mapping servlet: 'messageDispatcherServlet' to [/NPC-SOAP/NPCWebService]
13-05-2020 15:37:44.808 INFO  [localhost-startStop-1]  o.s.b.w.s.ServletRegistrationBean.onStartup - Mapping servlet: 'dispatcherServlet' to [/]
13-05-2020 15:37:44.813 INFO  [localhost-startStop-1]  o.s.b.w.s.FilterRegistrationBean.configure - Mapping filter: 'characterEncodingFilter' to: [/*]
13-05-2020 15:37:44.814 INFO  [localhost-startStop-1]  o.s.b.w.s.FilterRegistrationBean.configure - Mapping filter: 'hiddenHttpMethodFilter' to: [/*]
13-05-2020 15:37:44.816 INFO  [localhost-startStop-1]  o.s.b.w.s.FilterRegistrationBean.configure - Mapping filter: 'httpPutFormContentFilter' to: [/*]
13-05-2020 15:37:44.817 INFO  [localhost-startStop-1]  o.s.b.w.s.FilterRegistrationBean.configure - Mapping filter: 'requestContextFilter' to: [/*]
13-05-2020 15:37:45.340 INFO  [main]  o.s.w.s.m.m.a.RequestMappingHandlerAdapter.initControllerAdviceCache - Looking for @ControllerAdvice: org.springframework.boot.context.embedded.AnnotationConfigEmbeddedWebApplicationContext@4d76f3f8: startup date [Wed May 13 15:37:40 EET 2020]; root of context hierarchy
13-05-2020 15:37:45.484 INFO  [main]  o.s.w.s.m.m.a.RequestMappingHandlerMapping.register - Mapped "{[/error]}" onto public org.springframework.http.ResponseEntity<java.util.Map<java.lang.String, java.lang.Object>> org.springframework.boot.autoconfigure.web.BasicErrorController.error(javax.servlet.http.HttpServletRequest)
13-05-2020 15:37:45.488 INFO  [main]  o.s.w.s.m.m.a.RequestMappingHandlerMapping.register - Mapped "{[/error],produces=[text/html]}" onto public org.springframework.web.servlet.ModelAndView org.springframework.boot.autoconfigure.web.BasicErrorController.errorHtml(javax.servlet.http.HttpServletRequest,javax.servlet.http.HttpServletResponse)
13-05-2020 15:37:45.528 INFO  [main]  o.s.w.s.h.SimpleUrlHandlerMapping.registerHandler - Mapped URL path [/webjars/**] onto handler of type [class org.springframework.web.servlet.resource.ResourceHttpRequestHandler]
13-05-2020 15:37:45.529 INFO  [main]  o.s.w.s.h.SimpleUrlHandlerMapping.registerHandler - Mapped URL path [/**] onto handler of type [class org.springframework.web.servlet.resource.ResourceHttpRequestHandler]
13-05-2020 15:37:45.591 INFO  [main]  o.s.w.s.h.SimpleUrlHandlerMapping.registerHandler - Mapped URL path [/**/favicon.ico] onto handler of type [class org.springframework.web.servlet.resource.ResourceHttpRequestHandler]
13-05-2020 15:37:45.831 INFO  [main]  o.s.j.e.a.AnnotationMBeanExporter.afterSingletonsInstantiated - Registering beans for JMX exposure on startup
13-05-2020 15:37:45.862 INFO  [main]  o.a.coyote.http11.Http11NioProtocol.log - Initializing ProtocolHandler ["http-nio-9090"]
13-05-2020 15:37:45.889 INFO  [main]  o.a.coyote.http11.Http11NioProtocol.log - Starting ProtocolHandler [http-nio-9090]
13-05-2020 15:37:45.914 INFO  [main]  o.a.tomcat.util.net.NioSelectorPool.log - Using a shared selector for servlet write/read
13-05-2020 15:37:46.012 INFO  [main]  o.s.b.c.e.t.TomcatEmbeddedServletContainer.start - Tomcat started on port(s): 9090 (http)
13-05-2020 15:37:46.023 INFO  [main]  c.a.v.n.w.NPCWebServiceApplication.logStarted - Started NPCWebServiceApplication in 5.993 seconds (JVM running for 6.983)
13-05-2020 15:38:03.352 INFO  [http-nio-9090-exec-1]  o.a.c.c.C.[Tomcat].[localhost].[/].log - Initializing Spring FrameworkServlet 'messageDispatcherServlet'
13-05-2020 15:38:03.353 INFO  [http-nio-9090-exec-1]  o.s.w.t.h.MessageDispatcherServlet.initServletBean - FrameworkServlet 'messageDispatcherServlet': initialization started
13-05-2020 15:38:03.364 INFO  [http-nio-9090-exec-1]  o.s.w.s.saaj.SaajSoapMessageFactory.afterPropertiesSet - Creating SAAJ 1.3 MessageFactory with SOAP 1.1 Protocol
13-05-2020 15:38:03.381 INFO  [http-nio-9090-exec-1]  o.s.w.t.h.MessageDispatcherServlet.initServletBean - FrameworkServlet 'messageDispatcherServlet': initialization completed in 27 ms
13-05-2020 15:38:03.528 INFO  [http-nio-9090-exec-1]  c.a.v.npc.core.handler.NPCWSHandler.processNPCMessage - Request Parameters ...
voda
[B@60c78c4b
<NPCData>
   <NPCMessages>
      <PortMessage>
         <MessageID>20202020</MessageID>
         <MessageCode>NPR</MessageCode>
         <ServiceType>MOBILE</ServiceType>
         <NumbersToPort>
            <NumberFrom>01099999999</NumberFrom>
            <NumberTo>01199999999</NumberTo>
            <DataNumber>0552280126</DataNumber>
            <FaxNumber>0704123456</FaxNumber>
         </NumbersToPort>
         <PortReqFormID>P20170423092999</PortReqFormID>
         <DonorID>Voda</DonorID>
         <RecipientID>Etis</RecipientID>
         <TransferFee>52.02</TransferFee>
         <AverageInvoiceFee>57.87</AverageInvoiceFee>
         <SubscriberData>
            <CompanyFlag>false</CompanyFlag>
            <CorporationName>Giza Systems</CorporationName>
            <Name>Ali Sami</Name>
            <AccountNum>33345</AccountNum>
            <SIMCardNum>89310410106543789301</SIMCardNum>
            <NIC>52404193527</NIC>
            <CNIC>6110123456789</CNIC>
            <PassportNum>C12345678</PassportNum>
            <OtherId>Senator</OtherId>
            <DateOfBirth>19930515</DateOfBirth>
            <ContactPhone>0552280126</ContactPhone>
            <Fax>0704123456</Fax>
            <City>Cairo</City>
            <Street>Farouk St</Street>
            <Number>1</Number>
            <Locality>Al Tahrir</Locality>
            <PostCode>123123</PostCode>
            <GroupID>My GroupID</GroupID>
            <AuthorizedPersonName>Rami Sad</AuthorizedPersonName>
            <CorporationAddress>Giza Systems</CorporationAddress>
            <CommercialRegistrationNum>002345</CommercialRegistrationNum>
            <TaxRegistrationNum>132544</TaxRegistrationNum>
         </SubscriberData>
         <Comments1>Comment1 Test</Comments1>
         <Comments2>Comment2 Test</Comments2>
      </PortMessage>
   </NPCMessages>
</NPCData>


13-05-2020 17:21:07.831 INFO  [Thread-2]  o.s.b.c.e.AnnotationConfigEmbeddedWebApplicationContext.doClose - Closing org.springframework.boot.context.embedded.AnnotationConfigEmbeddedWebApplicationContext@4d76f3f8: startup date [Wed May 13 15:37:40 EET 2020]; root of context hierarchy
13-05-2020 17:21:07.861 INFO  [Thread-2]  o.s.j.e.a.AnnotationMBeanExporter.destroy - Unregistering JMX-exposed beans on shutdown
