22-06-2020 12:09:21.556 DEBUG [main]  c.a.v.npc.core.service.NPCService.getDBConnection - Start Initializing Database Connection..
22-06-2020 12:09:23.921 DEBUG [main]  c.a.v.npc.core.service.NPCService.getDBConnection - Initializing Database Connection has been done Successfully...
22-06-2020 12:09:23.929 DEBUG [main]  c.a.v.n.c.handler.NPCProcessHandler.sendPendingMessages - Start retrieving unsent messages
22-06-2020 12:09:25.535 DEBUG [main]  c.a.v.n.c.handler.NPCProcessHandler.sendPendingMessages - Retrieving unsent messges has been done Successfully...
22-06-2020 12:09:25.536 DEBUG [main]  c.a.v.n.c.handler.NPCProcessHandler.sendPendingMessages - Number of unsent messsages = 0 
22-06-2020 12:10:25.548 DEBUG [main]  c.a.v.n.c.handler.NPCProcessHandler.sendPendingMessages - Start retrieving unsent messages
22-06-2020 12:10:28.234 DEBUG [main]  c.a.v.n.c.handler.NPCProcessHandler.sendPendingMessages - Retrieving unsent messges has been done Successfully...
22-06-2020 12:10:28.234 DEBUG [main]  c.a.v.n.c.handler.NPCProcessHandler.sendPendingMessages - Number of unsent messsages = 1 
22-06-2020 12:10:28.505 DEBUG [main]  c.a.v.n.c.handler.NPCProcessHandler.sendPendingMessage - Creating Message XML has done successfully..
22-06-2020 12:10:28.510 DEBUG [main]  c.a.v.n.c.handler.NPCProcessHandler.sendPendingMessage - Start sending NPC message...
22-06-2020 12:10:29.138 DEBUG [main]  c.a.v.n.w.c.NPCWebserviceProxyConfiguration.npcWebserviceInterfaceProxy - Start Marshalling Xml Message
22-06-2020 12:10:29.176 DEBUG [main]  c.a.v.n.c.handler.NPCProcessHandler.sendMessage - Sending NPC Message to NTRA for UserName : vodau1 
22-06-2020 12:10:29.177 DEBUG [main]  c.a.v.n.c.handler.NPCProcessHandler.sendMessage - Calling NTRA Web Service  EndPoint : http://localhost:8080/NPC-SOAP/NPCWebService 
22-06-2020 12:10:29.178 DEBUG [main]  c.a.v.n.w.client.NPCWebserviceProxy.processNPCMsg - Start Connecting to NTRA Web Service 
22-06-2020 12:10:29.336 DEBUG [main]  c.a.v.n.c.handler.NPCProcessHandler.sendPendingMessages - Sending NPC message of type Bulk Sync Message with NPC Message ID: 4498682  has been done successfully...
22-06-2020 12:10:29.336 DEBUG [main]  c.a.v.n.c.handler.NPCProcessHandler.sendPendingMessages - MessageID: 10914 | MessageCode: NP Bulk Sync | StartDate: 20070601000000 | EndDate: 20070721000000 | Comments1: NPC Example | Comments2: file: /bulk/Mobi/BulkSyncS201704180207010010.xml is ready. 
22-06-2020 12:10:29.482 DEBUG [main]  c.a.v.npc.core.service.NPCService.updateFieldsAfterSending - Start updating Fields after sending message...
22-06-2020 12:10:29.675 DEBUG [main]  c.a.v.npc.core.service.NPCService.updateFieldsAfterSending - Updated Fields:  Sent = " 1 "  | Transaction Date = " 22/06/2020 12:10:20 " | Returned Message = " success " | Message Xml = " <?xml version="1.0" encoding="UTF-8" standalone="yes"?>
<NPCData>
    <NPCMessages>
        <BulkSyncMessage>
            <MessageID>10914</MessageID>
            <MessageCode>NP Bulk Sync</MessageCode>
            <SyncID>S201704180207010011</SyncID>
            <StartDate>20070601000000</StartDate>
            <EndDate>20070721000000</EndDate>
            <Comments1>NPC Example</Comments1>
            <Comments2>file: /bulk/Mobi/BulkSyncS201704180207010010.xml is ready.</Comments2>
        </BulkSyncMessage>
    </NPCMessages>
</NPCData>
 " | Machine IP address(Picked_By) = " 5.5.5.10 " 
22-06-2020 12:10:29.676 DEBUG [main]  c.a.v.npc.core.service.NPCService.updateFieldsAfterSending - Updating Fields after sending message has been done successfully...
22-06-2020 12:11:29.681 DEBUG [main]  c.a.v.n.c.handler.NPCProcessHandler.sendPendingMessages - Start retrieving unsent messages
