18-05-2020 12:54:57.075 DEBUG [main]  c.a.v.npc.core.service.NPCService.getDBConnection - Initializing a new Database Connection..
18-05-2020 12:55:06.666 DEBUG [main]  c.a.v.n.c.handler.NPCProcessHandler.sendPendingMessages - Retrieving unsent messges has done successfully..
18-05-2020 12:55:06.667 DEBUG [main]  c.a.v.n.c.handler.NPCProcessHandler.sendPendingMessages - Number of unsent messsages:1
18-05-2020 12:55:07.068 DEBUG [main]  c.a.v.n.c.handler.NPCProcessHandler.sendPendingMessage - Creating Message XML has done successfully..
18-05-2020 12:55:08.623 DEBUG [main]  c.a.v.n.c.handler.NPCProcessHandler.sendPendingMessages - Sending NPC message with ID 4374599 has done successfully...
18-05-2020 12:55:09.530 DEBUG [main]  c.a.v.n.c.handler.NPCProcessHandler.sendPendingMessages - Updating sent flag, returned meassge and message XML fields has done successfully...
18-05-2020 12:55:10.530 DEBUG [main]  c.a.v.n.c.handler.NPCProcessHandler.sendPendingMessages - Updating Port Data has done successfully...
18-05-2020 12:56:11.811 DEBUG [main]  c.a.v.n.c.handler.NPCProcessHandler.sendPendingMessages - Retrieving unsent messges has done successfully..
18-05-2020 12:56:11.812 DEBUG [main]  c.a.v.n.c.handler.NPCProcessHandler.sendPendingMessages - Number of unsent messsages:0
18-05-2020 12:57:12.847 DEBUG [main]  c.a.v.n.c.handler.NPCProcessHandler.sendPendingMessages - Retrieving unsent messges has done successfully..
18-05-2020 12:57:12.848 DEBUG [main]  c.a.v.n.c.handler.NPCProcessHandler.sendPendingMessages - Number of unsent messsages:0
18-05-2020 12:57:37.626 DEBUG [main]  c.a.v.npc.core.service.NPCService.getDBConnection - Initializing a new Database Connection..
18-05-2020 12:57:43.009 DEBUG [main]  c.a.v.n.c.handler.NPCProcessHandler.sendPendingMessages - Retrieving unsent messges has done successfully..
18-05-2020 12:57:43.010 DEBUG [main]  c.a.v.n.c.handler.NPCProcessHandler.sendPendingMessages - Number of unsent messsages:1
18-05-2020 12:57:43.187 DEBUG [main]  c.a.v.n.c.handler.NPCProcessHandler.sendPendingMessage - Creating Message XML has done successfully..
18-05-2020 12:57:44.200 DEBUG [main]  c.a.v.n.c.handler.NPCProcessHandler.sendPendingMessages - Sending NPC message with ID 4374599 has done successfully...
18-05-2020 12:57:44.696 DEBUG [main]  c.a.v.n.c.handler.NPCProcessHandler.sendPendingMessages - Updating sent flag, returned meassge and message XML fields has done successfully...
18-05-2020 12:57:45.177 DEBUG [main]  c.a.v.n.c.handler.NPCProcessHandler.sendPendingMessages - Updating Port Data has done successfully...
18-05-2020 12:58:46.526 DEBUG [main]  c.a.v.n.c.handler.NPCProcessHandler.sendPendingMessages - Retrieving unsent messges has done successfully..
18-05-2020 12:58:46.529 DEBUG [main]  c.a.v.n.c.handler.NPCProcessHandler.sendPendingMessages - Number of unsent messsages:0
18-05-2020 13:02:36.908 DEBUG [main]  c.a.v.npc.core.service.NPCService.getDBConnection - Initializing a new Database Connection..
18-05-2020 13:02:44.192 DEBUG [main]  c.a.v.n.c.handler.NPCProcessHandler.sendPendingMessages - Retrieving unsent messges has done successfully..
18-05-2020 13:02:44.192 DEBUG [main]  c.a.v.n.c.handler.NPCProcessHandler.sendPendingMessages - Number of unsent messsages:2
18-05-2020 13:02:44.364 DEBUG [main]  c.a.v.n.c.handler.NPCProcessHandler.sendPendingMessage - Creating Message XML has done successfully..
18-05-2020 13:02:45.231 DEBUG [main]  c.a.v.n.w.client.NPCWebserviceProxy.processNPCMsg - 
18-05-2020 13:02:45.436 DEBUG [main]  c.a.v.n.c.handler.NPCProcessHandler.sendPendingMessages - Sending NPC message with ID 4374303 has done successfully...
18-05-2020 13:02:46.575 DEBUG [main]  c.a.v.n.c.handler.NPCProcessHandler.sendPendingMessages - Updating sent flag, returned meassge and message XML fields has done successfully...
18-05-2020 13:02:47.142 DEBUG [main]  c.a.v.n.c.handler.NPCProcessHandler.sendPendingMessages - Updating Port Data has done successfully...
18-05-2020 13:02:47.565 DEBUG [main]  c.a.v.n.c.handler.NPCProcessHandler.sendPendingMessage - Creating Message XML has done successfully..
18-05-2020 13:02:47.613 DEBUG [main]  c.a.v.n.w.client.NPCWebserviceProxy.processNPCMsg - 
18-05-2020 13:02:47.644 DEBUG [main]  c.a.v.n.c.handler.NPCProcessHandler.sendPendingMessages - Sending NPC message with ID 4374604 has done successfully...
18-05-2020 13:02:48.665 DEBUG [main]  c.a.v.n.c.handler.NPCProcessHandler.sendPendingMessages - Updating sent flag, returned meassge and message XML fields has done successfully...
18-05-2020 13:02:49.170 DEBUG [main]  c.a.v.n.c.handler.NPCProcessHandler.sendPendingMessages - Updating Port Data has done successfully...
18-05-2020 13:03:50.450 DEBUG [main]  c.a.v.n.c.handler.NPCProcessHandler.sendPendingMessages - Retrieving unsent messges has done successfully..
18-05-2020 13:03:50.450 DEBUG [main]  c.a.v.n.c.handler.NPCProcessHandler.sendPendingMessages - Number of unsent messsages:0
18-05-2020 13:04:51.395 DEBUG [main]  c.a.v.n.c.handler.NPCProcessHandler.sendPendingMessages - Retrieving unsent messges has done successfully..
18-05-2020 13:04:51.396 DEBUG [main]  c.a.v.n.c.handler.NPCProcessHandler.sendPendingMessages - Number of unsent messsages:0
18-05-2020 13:06:14.958 DEBUG [main]  c.a.v.npc.core.service.NPCService.getDBConnection - Initializing a new Database Connection..
18-05-2020 13:06:21.379 DEBUG [main]  c.a.v.n.c.handler.NPCProcessHandler.sendPendingMessages - Retrieving unsent messges has done successfully..
18-05-2020 13:06:21.380 DEBUG [main]  c.a.v.n.c.handler.NPCProcessHandler.sendPendingMessages - Number of unsent messsages:1
18-05-2020 13:06:21.565 DEBUG [main]  c.a.v.n.c.handler.NPCProcessHandler.sendPendingMessage - Creating Message XML has done successfully..
18-05-2020 13:06:22.300 DEBUG [main]  c.a.v.n.w.client.NPCWebserviceProxy.processNPCMsg - 
18-05-2020 13:06:22.476 DEBUG [main]  c.a.v.n.c.handler.NPCProcessHandler.sendPendingMessages - Sending NPC message with ID 4374604 has done successfully...
18-05-2020 13:06:23.447 DEBUG [main]  c.a.v.n.c.handler.NPCProcessHandler.sendPendingMessages - Updating sent flag, returned meassge and message XML fields has done successfully...
18-05-2020 13:06:23.937 DEBUG [main]  c.a.v.n.c.handler.NPCProcessHandler.sendPendingMessages - Updating Port Data has done successfully...
18-05-2020 13:07:25.551 DEBUG [main]  c.a.v.n.c.handler.NPCProcessHandler.sendPendingMessages - Retrieving unsent messges has done successfully..
18-05-2020 13:07:25.551 DEBUG [main]  c.a.v.n.c.handler.NPCProcessHandler.sendPendingMessages - Number of unsent messsages:0
18-05-2020 13:09:48.580 DEBUG [main]  c.a.v.npc.core.service.NPCService.getDBConnection - Initializing a new Database Connection..
18-05-2020 13:09:59.485 DEBUG [main]  c.a.v.n.c.handler.NPCProcessHandler.sendPendingMessages - Retrieving unsent messges has done successfully..
18-05-2020 13:09:59.486 DEBUG [main]  c.a.v.n.c.handler.NPCProcessHandler.sendPendingMessages - Number of unsent messsages:1
18-05-2020 13:09:59.634 DEBUG [main]  c.a.v.n.c.handler.NPCProcessHandler.sendPendingMessage - Creating Message XML has done successfully..
18-05-2020 13:15:54.453 DEBUG [main]  c.a.v.npc.core.service.NPCService.getDBConnection - Initializing a new Database Connection..
18-05-2020 13:16:04.422 DEBUG [main]  c.a.v.n.c.handler.NPCProcessHandler.sendPendingMessages - Retrieving unsent messges has done successfully..
18-05-2020 13:16:04.422 DEBUG [main]  c.a.v.n.c.handler.NPCProcessHandler.sendPendingMessages - Number of unsent messsages:1
18-05-2020 13:16:04.574 DEBUG [main]  c.a.v.n.c.handler.NPCProcessHandler.sendPendingMessage - Creating Message XML has done successfully..
18-05-2020 13:20:46.190 DEBUG [main]  c.a.v.npc.core.service.NPCService.getDBConnection - Initializing a new Database Connection..
18-05-2020 13:20:55.410 DEBUG [main]  c.a.v.n.c.handler.NPCProcessHandler.sendPendingMessages - Retrieving unsent messges has done successfully..
18-05-2020 13:20:55.410 DEBUG [main]  c.a.v.n.c.handler.NPCProcessHandler.sendPendingMessages - Number of unsent messsages:1
18-05-2020 13:20:55.533 DEBUG [main]  c.a.v.n.c.handler.NPCProcessHandler.sendPendingMessage - Creating Message XML has done successfully..
18-05-2020 13:21:01.817 DEBUG [main]  c.a.v.n.c.handler.NPCProcessHandler.sendPendingMessages - Sending NPC message with ID 4374604 has done successfully...
18-05-2020 13:21:02.662 DEBUG [main]  c.a.v.n.c.handler.NPCProcessHandler.sendPendingMessages - Updating sent flag, returned meassge and message XML fields has done successfully...
18-05-2020 13:21:03.151 DEBUG [main]  c.a.v.n.c.handler.NPCProcessHandler.sendPendingMessages - Updating Port Data has done successfully...
18-05-2020 13:22:18.812 DEBUG [main]  c.a.v.npc.core.service.NPCService.getDBConnection - Initializing a new Database Connection..
18-05-2020 13:22:22.390 DEBUG [main]  c.a.v.n.c.handler.NPCProcessHandler.sendPendingMessages - Retrieving unsent messges has done successfully..
18-05-2020 13:22:22.390 DEBUG [main]  c.a.v.n.c.handler.NPCProcessHandler.sendPendingMessages - Number of unsent messsages:0
18-05-2020 13:23:03.675 DEBUG [main]  c.a.v.npc.core.service.NPCService.getDBConnection - Initializing a new Database Connection..
18-05-2020 13:23:08.766 DEBUG [main]  c.a.v.n.c.handler.NPCProcessHandler.sendPendingMessages - Retrieving unsent messges has done successfully..
18-05-2020 13:23:08.766 DEBUG [main]  c.a.v.n.c.handler.NPCProcessHandler.sendPendingMessages - Number of unsent messsages:1
18-05-2020 13:23:08.919 DEBUG [main]  c.a.v.n.c.handler.NPCProcessHandler.sendPendingMessage - Creating Message XML has done successfully..
18-05-2020 13:23:09.711 DEBUG [main]  c.a.v.n.w.client.NPCWebserviceProxy.processNPCMsg - 14527431
18-05-2020 13:23:09.865 DEBUG [main]  c.a.v.n.c.handler.NPCProcessHandler.sendPendingMessages - Sending NPC message with ID 4374604 has done successfully...
18-05-2020 13:23:10.911 DEBUG [main]  c.a.v.n.c.handler.NPCProcessHandler.sendPendingMessages - Updating sent flag, returned meassge and message XML fields has done successfully...
18-05-2020 13:23:11.390 DEBUG [main]  c.a.v.n.c.handler.NPCProcessHandler.sendPendingMessages - Updating Port Data has done successfully...
18-05-2020 13:24:12.644 DEBUG [main]  c.a.v.n.c.handler.NPCProcessHandler.sendPendingMessages - Retrieving unsent messges has done successfully..
18-05-2020 13:24:12.645 DEBUG [main]  c.a.v.n.c.handler.NPCProcessHandler.sendPendingMessages - Number of unsent messsages:0
18-05-2020 13:25:13.616 DEBUG [main]  c.a.v.n.c.handler.NPCProcessHandler.sendPendingMessages - Retrieving unsent messges has done successfully..
18-05-2020 13:25:13.617 DEBUG [main]  c.a.v.n.c.handler.NPCProcessHandler.sendPendingMessages - Number of unsent messsages:0
18-05-2020 13:26:14.573 DEBUG [main]  c.a.v.n.c.handler.NPCProcessHandler.sendPendingMessages - Retrieving unsent messges has done successfully..
18-05-2020 13:26:14.573 DEBUG [main]  c.a.v.n.c.handler.NPCProcessHandler.sendPendingMessages - Number of unsent messsages:0
18-05-2020 13:27:15.499 DEBUG [main]  c.a.v.n.c.handler.NPCProcessHandler.sendPendingMessages - Retrieving unsent messges has done successfully..
18-05-2020 13:27:15.499 DEBUG [main]  c.a.v.n.c.handler.NPCProcessHandler.sendPendingMessages - Number of unsent messsages:0
18-05-2020 13:28:16.441 DEBUG [main]  c.a.v.n.c.handler.NPCProcessHandler.sendPendingMessages - Retrieving unsent messges has done successfully..
18-05-2020 13:28:16.442 DEBUG [main]  c.a.v.n.c.handler.NPCProcessHandler.sendPendingMessages - Number of unsent messsages:0
18-05-2020 13:29:17.376 DEBUG [main]  c.a.v.n.c.handler.NPCProcessHandler.sendPendingMessages - Retrieving unsent messges has done successfully..
18-05-2020 13:29:17.377 DEBUG [main]  c.a.v.n.c.handler.NPCProcessHandler.sendPendingMessages - Number of unsent messsages:0
18-05-2020 13:30:18.306 DEBUG [main]  c.a.v.n.c.handler.NPCProcessHandler.sendPendingMessages - Retrieving unsent messges has done successfully..
18-05-2020 13:30:18.307 DEBUG [main]  c.a.v.n.c.handler.NPCProcessHandler.sendPendingMessages - Number of unsent messsages:0
18-05-2020 13:31:19.328 DEBUG [main]  c.a.v.n.c.handler.NPCProcessHandler.sendPendingMessages - Retrieving unsent messges has done successfully..
18-05-2020 13:31:19.329 DEBUG [main]  c.a.v.n.c.handler.NPCProcessHandler.sendPendingMessages - Number of unsent messsages:0
18-05-2020 13:32:20.270 DEBUG [main]  c.a.v.n.c.handler.NPCProcessHandler.sendPendingMessages - Retrieving unsent messges has done successfully..
18-05-2020 13:32:20.271 DEBUG [main]  c.a.v.n.c.handler.NPCProcessHandler.sendPendingMessages - Number of unsent messsages:0
18-05-2020 13:33:21.240 DEBUG [main]  c.a.v.n.c.handler.NPCProcessHandler.sendPendingMessages - Retrieving unsent messges has done successfully..
18-05-2020 13:33:21.240 DEBUG [main]  c.a.v.n.c.handler.NPCProcessHandler.sendPendingMessages - Number of unsent messsages:0
18-05-2020 13:34:22.198 DEBUG [main]  c.a.v.n.c.handler.NPCProcessHandler.sendPendingMessages - Retrieving unsent messges has done successfully..
18-05-2020 13:34:22.199 DEBUG [main]  c.a.v.n.c.handler.NPCProcessHandler.sendPendingMessages - Number of unsent messsages:0
18-05-2020 13:35:23.166 DEBUG [main]  c.a.v.n.c.handler.NPCProcessHandler.sendPendingMessages - Retrieving unsent messges has done successfully..
18-05-2020 13:35:23.167 DEBUG [main]  c.a.v.n.c.handler.NPCProcessHandler.sendPendingMessages - Number of unsent messsages:0
18-05-2020 13:36:24.249 DEBUG [main]  c.a.v.n.c.handler.NPCProcessHandler.sendPendingMessages - Retrieving unsent messges has done successfully..
18-05-2020 13:36:24.249 DEBUG [main]  c.a.v.n.c.handler.NPCProcessHandler.sendPendingMessages - Number of unsent messsages:0
18-05-2020 13:37:25.190 DEBUG [main]  c.a.v.n.c.handler.NPCProcessHandler.sendPendingMessages - Retrieving unsent messges has done successfully..
18-05-2020 13:37:25.190 DEBUG [main]  c.a.v.n.c.handler.NPCProcessHandler.sendPendingMessages - Number of unsent messsages:0
18-05-2020 13:38:26.111 DEBUG [main]  c.a.v.n.c.handler.NPCProcessHandler.sendPendingMessages - Retrieving unsent messges has done successfully..
18-05-2020 13:38:26.112 DEBUG [main]  c.a.v.n.c.handler.NPCProcessHandler.sendPendingMessages - Number of unsent messsages:0
18-05-2020 13:39:27.060 DEBUG [main]  c.a.v.n.c.handler.NPCProcessHandler.sendPendingMessages - Retrieving unsent messges has done successfully..
18-05-2020 13:39:27.060 DEBUG [main]  c.a.v.n.c.handler.NPCProcessHandler.sendPendingMessages - Number of unsent messsages:0
18-05-2020 13:40:27.982 DEBUG [main]  c.a.v.n.c.handler.NPCProcessHandler.sendPendingMessages - Retrieving unsent messges has done successfully..
18-05-2020 13:40:27.982 DEBUG [main]  c.a.v.n.c.handler.NPCProcessHandler.sendPendingMessages - Number of unsent messsages:0
18-05-2020 13:41:28.970 DEBUG [main]  c.a.v.n.c.handler.NPCProcessHandler.sendPendingMessages - Retrieving unsent messges has done successfully..
18-05-2020 13:41:28.970 DEBUG [main]  c.a.v.n.c.handler.NPCProcessHandler.sendPendingMessages - Number of unsent messsages:0
18-05-2020 13:42:29.935 DEBUG [main]  c.a.v.n.c.handler.NPCProcessHandler.sendPendingMessages - Retrieving unsent messges has done successfully..
18-05-2020 13:42:29.935 DEBUG [main]  c.a.v.n.c.handler.NPCProcessHandler.sendPendingMessages - Number of unsent messsages:0
18-05-2020 15:45:47.613 DEBUG [main]  c.a.v.npc.core.service.NPCService.getDBConnection - Initializing a new Database Connection..
18-05-2020 15:46:09.063 DEBUG [main]  c.a.v.npc.core.service.NPCService.getDBConnection - Initializing a new Database Connection..
18-05-2020 15:46:54.414 DEBUG [main]  c.a.v.npc.core.service.NPCService.getDBConnection - Initializing a new Database Connection..
18-05-2020 15:46:57.871 DEBUG [main]  c.a.v.n.c.handler.NPCProcessHandler.sendPendingMessages - Retrieving unsent messges has done successfully..
18-05-2020 15:46:57.872 DEBUG [main]  c.a.v.n.c.handler.NPCProcessHandler.sendPendingMessages - Number of unsent messsages:0
18-05-2020 15:47:58.723 DEBUG [main]  c.a.v.n.c.handler.NPCProcessHandler.sendPendingMessages - Retrieving unsent messges has done successfully..
18-05-2020 15:47:58.723 DEBUG [main]  c.a.v.n.c.handler.NPCProcessHandler.sendPendingMessages - Number of unsent messsages:0
18-05-2020 15:48:59.602 DEBUG [main]  c.a.v.n.c.handler.NPCProcessHandler.sendPendingMessages - Retrieving unsent messges has done successfully..
18-05-2020 15:48:59.602 DEBUG [main]  c.a.v.n.c.handler.NPCProcessHandler.sendPendingMessages - Number of unsent messsages:0
18-05-2020 15:50:00.449 DEBUG [main]  c.a.v.n.c.handler.NPCProcessHandler.sendPendingMessages - Retrieving unsent messges has done successfully..
18-05-2020 15:50:00.449 DEBUG [main]  c.a.v.n.c.handler.NPCProcessHandler.sendPendingMessages - Number of unsent messsages:0
18-05-2020 15:51:01.299 DEBUG [main]  c.a.v.n.c.handler.NPCProcessHandler.sendPendingMessages - Retrieving unsent messges has done successfully..
18-05-2020 15:51:01.299 DEBUG [main]  c.a.v.n.c.handler.NPCProcessHandler.sendPendingMessages - Number of unsent messsages:0
18-05-2020 15:52:02.133 DEBUG [main]  c.a.v.n.c.handler.NPCProcessHandler.sendPendingMessages - Retrieving unsent messges has done successfully..
18-05-2020 15:52:02.134 DEBUG [main]  c.a.v.n.c.handler.NPCProcessHandler.sendPendingMessages - Number of unsent messsages:0
18-05-2020 15:53:02.975 DEBUG [main]  c.a.v.n.c.handler.NPCProcessHandler.sendPendingMessages - Retrieving unsent messges has done successfully..
18-05-2020 15:53:02.975 DEBUG [main]  c.a.v.n.c.handler.NPCProcessHandler.sendPendingMessages - Number of unsent messsages:0
18-05-2020 15:54:03.848 DEBUG [main]  c.a.v.n.c.handler.NPCProcessHandler.sendPendingMessages - Retrieving unsent messges has done successfully..
18-05-2020 15:54:03.849 DEBUG [main]  c.a.v.n.c.handler.NPCProcessHandler.sendPendingMessages - Number of unsent messsages:0
18-05-2020 15:57:05.306 DEBUG [main]  c.a.v.npc.core.service.NPCService.getDBConnection - Initializing a new Database Connection..
18-05-2020 15:57:08.933 DEBUG [main]  c.a.v.n.c.handler.NPCProcessHandler.sendPendingMessages - Retrieving unsent messges has done successfully..
18-05-2020 15:57:08.933 DEBUG [main]  c.a.v.n.c.handler.NPCProcessHandler.sendPendingMessages - Number of unsent messsages:0
18-05-2020 15:58:09.796 DEBUG [main]  c.a.v.n.c.handler.NPCProcessHandler.sendPendingMessages - Retrieving unsent messges has done successfully..
18-05-2020 15:58:09.796 DEBUG [main]  c.a.v.n.c.handler.NPCProcessHandler.sendPendingMessages - Number of unsent messsages:0
18-05-2020 15:59:10.650 DEBUG [main]  c.a.v.n.c.handler.NPCProcessHandler.sendPendingMessages - Retrieving unsent messges has done successfully..
18-05-2020 15:59:10.650 DEBUG [main]  c.a.v.n.c.handler.NPCProcessHandler.sendPendingMessages - Number of unsent messsages:0
18-05-2020 16:00:11.499 DEBUG [main]  c.a.v.n.c.handler.NPCProcessHandler.sendPendingMessages - Retrieving unsent messges has done successfully..
18-05-2020 16:00:11.500 DEBUG [main]  c.a.v.n.c.handler.NPCProcessHandler.sendPendingMessages - Number of unsent messsages:0
18-05-2020 16:01:12.425 DEBUG [main]  c.a.v.n.c.handler.NPCProcessHandler.sendPendingMessages - Retrieving unsent messges has done successfully..
18-05-2020 16:01:12.425 DEBUG [main]  c.a.v.n.c.handler.NPCProcessHandler.sendPendingMessages - Number of unsent messsages:0
18-05-2020 16:02:13.286 DEBUG [main]  c.a.v.n.c.handler.NPCProcessHandler.sendPendingMessages - Retrieving unsent messges has done successfully..
18-05-2020 16:02:13.287 DEBUG [main]  c.a.v.n.c.handler.NPCProcessHandler.sendPendingMessages - Number of unsent messsages:0
18-05-2020 16:03:14.183 DEBUG [main]  c.a.v.n.c.handler.NPCProcessHandler.sendPendingMessages - Retrieving unsent messges has done successfully..
18-05-2020 16:03:14.184 DEBUG [main]  c.a.v.n.c.handler.NPCProcessHandler.sendPendingMessages - Number of unsent messsages:0
18-05-2020 16:04:15.070 DEBUG [main]  c.a.v.n.c.handler.NPCProcessHandler.sendPendingMessages - Retrieving unsent messges has done successfully..
18-05-2020 16:04:15.071 DEBUG [main]  c.a.v.n.c.handler.NPCProcessHandler.sendPendingMessages - Number of unsent messsages:0
18-05-2020 16:05:15.909 DEBUG [main]  c.a.v.n.c.handler.NPCProcessHandler.sendPendingMessages - Retrieving unsent messges has done successfully..
18-05-2020 16:05:15.910 DEBUG [main]  c.a.v.n.c.handler.NPCProcessHandler.sendPendingMessages - Number of unsent messsages:0
18-05-2020 16:06:16.766 DEBUG [main]  c.a.v.n.c.handler.NPCProcessHandler.sendPendingMessages - Retrieving unsent messges has done successfully..
18-05-2020 16:06:16.766 DEBUG [main]  c.a.v.n.c.handler.NPCProcessHandler.sendPendingMessages - Number of unsent messsages:0
18-05-2020 16:07:17.928 DEBUG [main]  c.a.v.n.c.handler.NPCProcessHandler.sendPendingMessages - Retrieving unsent messges has done successfully..
18-05-2020 16:07:17.929 DEBUG [main]  c.a.v.n.c.handler.NPCProcessHandler.sendPendingMessages - Number of unsent messsages:0
18-05-2020 16:08:18.789 DEBUG [main]  c.a.v.n.c.handler.NPCProcessHandler.sendPendingMessages - Retrieving unsent messges has done successfully..
18-05-2020 16:08:18.789 DEBUG [main]  c.a.v.n.c.handler.NPCProcessHandler.sendPendingMessages - Number of unsent messsages:0
18-05-2020 16:09:19.634 DEBUG [main]  c.a.v.n.c.handler.NPCProcessHandler.sendPendingMessages - Retrieving unsent messges has done successfully..
18-05-2020 16:09:19.635 DEBUG [main]  c.a.v.n.c.handler.NPCProcessHandler.sendPendingMessages - Number of unsent messsages:0
18-05-2020 16:10:20.486 DEBUG [main]  c.a.v.n.c.handler.NPCProcessHandler.sendPendingMessages - Retrieving unsent messges has done successfully..
18-05-2020 16:10:20.487 DEBUG [main]  c.a.v.n.c.handler.NPCProcessHandler.sendPendingMessages - Number of unsent messsages:0
18-05-2020 16:11:21.375 DEBUG [main]  c.a.v.n.c.handler.NPCProcessHandler.sendPendingMessages - Retrieving unsent messges has done successfully..
18-05-2020 16:11:21.375 DEBUG [main]  c.a.v.n.c.handler.NPCProcessHandler.sendPendingMessages - Number of unsent messsages:0
18-05-2020 16:12:22.231 DEBUG [main]  c.a.v.n.c.handler.NPCProcessHandler.sendPendingMessages - Retrieving unsent messges has done successfully..
18-05-2020 16:12:22.231 DEBUG [main]  c.a.v.n.c.handler.NPCProcessHandler.sendPendingMessages - Number of unsent messsages:0
18-05-2020 16:13:23.091 DEBUG [main]  c.a.v.n.c.handler.NPCProcessHandler.sendPendingMessages - Retrieving unsent messges has done successfully..
18-05-2020 16:13:23.091 DEBUG [main]  c.a.v.n.c.handler.NPCProcessHandler.sendPendingMessages - Number of unsent messsages:0
18-05-2020 16:15:23.119 DEBUG [main]  c.a.v.npc.core.service.NPCService.getDBConnection - Initializing a new Database Connection..
18-05-2020 16:15:44.139 DEBUG [main]  c.a.v.npc.core.service.NPCService.getDBConnection - Initializing a new Database Connection..
18-05-2020 16:16:05.156 DEBUG [main]  c.a.v.npc.core.service.NPCService.getDBConnection - Initializing a new Database Connection..
18-05-2020 16:17:26.180 DEBUG [main]  c.a.v.npc.core.service.NPCService.getDBConnection - Initializing a new Database Connection..
18-05-2020 16:17:47.187 DEBUG [main]  c.a.v.npc.core.service.NPCService.getDBConnection - Initializing a new Database Connection..
18-05-2020 16:18:08.195 DEBUG [main]  c.a.v.npc.core.service.NPCService.getDBConnection - Initializing a new Database Connection..
18-05-2020 16:19:29.212 DEBUG [main]  c.a.v.npc.core.service.NPCService.getDBConnection - Initializing a new Database Connection..
18-05-2020 16:19:50.221 DEBUG [main]  c.a.v.npc.core.service.NPCService.getDBConnection - Initializing a new Database Connection..
18-05-2020 16:20:11.224 DEBUG [main]  c.a.v.npc.core.service.NPCService.getDBConnection - Initializing a new Database Connection..
18-05-2020 16:21:32.234 DEBUG [main]  c.a.v.npc.core.service.NPCService.getDBConnection - Initializing a new Database Connection..
18-05-2020 16:21:53.241 DEBUG [main]  c.a.v.npc.core.service.NPCService.getDBConnection - Initializing a new Database Connection..
18-05-2020 16:22:14.255 DEBUG [main]  c.a.v.npc.core.service.NPCService.getDBConnection - Initializing a new Database Connection..
18-05-2020 16:23:35.267 DEBUG [main]  c.a.v.npc.core.service.NPCService.getDBConnection - Initializing a new Database Connection..
18-05-2020 16:23:56.288 DEBUG [main]  c.a.v.npc.core.service.NPCService.getDBConnection - Initializing a new Database Connection..
18-05-2020 16:24:17.305 DEBUG [main]  c.a.v.npc.core.service.NPCService.getDBConnection - Initializing a new Database Connection..
18-05-2020 16:25:38.316 DEBUG [main]  c.a.v.npc.core.service.NPCService.getDBConnection - Initializing a new Database Connection..
18-05-2020 16:25:59.334 DEBUG [main]  c.a.v.npc.core.service.NPCService.getDBConnection - Initializing a new Database Connection..
18-05-2020 16:26:20.344 DEBUG [main]  c.a.v.npc.core.service.NPCService.getDBConnection - Initializing a new Database Connection..
18-05-2020 16:27:41.371 DEBUG [main]  c.a.v.npc.core.service.NPCService.getDBConnection - Initializing a new Database Connection..
18-05-2020 16:28:02.383 DEBUG [main]  c.a.v.npc.core.service.NPCService.getDBConnection - Initializing a new Database Connection..
18-05-2020 16:28:23.394 DEBUG [main]  c.a.v.npc.core.service.NPCService.getDBConnection - Initializing a new Database Connection..
18-05-2020 16:29:44.409 DEBUG [main]  c.a.v.npc.core.service.NPCService.getDBConnection - Initializing a new Database Connection..
18-05-2020 16:30:05.423 DEBUG [main]  c.a.v.npc.core.service.NPCService.getDBConnection - Initializing a new Database Connection..
18-05-2020 16:30:26.435 DEBUG [main]  c.a.v.npc.core.service.NPCService.getDBConnection - Initializing a new Database Connection..
18-05-2020 16:31:47.455 DEBUG [main]  c.a.v.npc.core.service.NPCService.getDBConnection - Initializing a new Database Connection..
18-05-2020 16:32:08.497 DEBUG [main]  c.a.v.npc.core.service.NPCService.getDBConnection - Initializing a new Database Connection..
18-05-2020 16:32:29.517 DEBUG [main]  c.a.v.npc.core.service.NPCService.getDBConnection - Initializing a new Database Connection..
18-05-2020 16:33:50.541 DEBUG [main]  c.a.v.npc.core.service.NPCService.getDBConnection - Initializing a new Database Connection..
18-05-2020 16:34:11.559 DEBUG [main]  c.a.v.npc.core.service.NPCService.getDBConnection - Initializing a new Database Connection..
18-05-2020 16:34:32.575 DEBUG [main]  c.a.v.npc.core.service.NPCService.getDBConnection - Initializing a new Database Connection..
18-05-2020 16:35:53.597 DEBUG [main]  c.a.v.npc.core.service.NPCService.getDBConnection - Initializing a new Database Connection..
18-05-2020 16:36:14.604 DEBUG [main]  c.a.v.npc.core.service.NPCService.getDBConnection - Initializing a new Database Connection..
18-05-2020 16:36:35.610 DEBUG [main]  c.a.v.npc.core.service.NPCService.getDBConnection - Initializing a new Database Connection..
18-05-2020 16:37:56.626 DEBUG [main]  c.a.v.npc.core.service.NPCService.getDBConnection - Initializing a new Database Connection..
18-05-2020 16:38:17.642 DEBUG [main]  c.a.v.npc.core.service.NPCService.getDBConnection - Initializing a new Database Connection..
18-05-2020 16:38:38.657 DEBUG [main]  c.a.v.npc.core.service.NPCService.getDBConnection - Initializing a new Database Connection..
18-05-2020 16:39:59.673 DEBUG [main]  c.a.v.npc.core.service.NPCService.getDBConnection - Initializing a new Database Connection..
18-05-2020 16:40:20.689 DEBUG [main]  c.a.v.npc.core.service.NPCService.getDBConnection - Initializing a new Database Connection..
18-05-2020 16:40:41.704 DEBUG [main]  c.a.v.npc.core.service.NPCService.getDBConnection - Initializing a new Database Connection..
18-05-2020 16:42:02.720 DEBUG [main]  c.a.v.npc.core.service.NPCService.getDBConnection - Initializing a new Database Connection..
18-05-2020 16:42:23.736 DEBUG [main]  c.a.v.npc.core.service.NPCService.getDBConnection - Initializing a new Database Connection..
18-05-2020 16:42:44.744 DEBUG [main]  c.a.v.npc.core.service.NPCService.getDBConnection - Initializing a new Database Connection..
18-05-2020 16:44:05.749 DEBUG [main]  c.a.v.npc.core.service.NPCService.getDBConnection - Initializing a new Database Connection..
18-05-2020 16:44:26.762 DEBUG [main]  c.a.v.npc.core.service.NPCService.getDBConnection - Initializing a new Database Connection..
18-05-2020 16:44:47.781 DEBUG [main]  c.a.v.npc.core.service.NPCService.getDBConnection - Initializing a new Database Connection..
18-05-2020 16:46:08.799 DEBUG [main]  c.a.v.npc.core.service.NPCService.getDBConnection - Initializing a new Database Connection..
18-05-2020 16:46:29.820 DEBUG [main]  c.a.v.npc.core.service.NPCService.getDBConnection - Initializing a new Database Connection..
18-05-2020 16:46:50.852 DEBUG [main]  c.a.v.npc.core.service.NPCService.getDBConnection - Initializing a new Database Connection..
18-05-2020 16:48:11.870 DEBUG [main]  c.a.v.npc.core.service.NPCService.getDBConnection - Initializing a new Database Connection..
18-05-2020 16:48:32.880 DEBUG [main]  c.a.v.npc.core.service.NPCService.getDBConnection - Initializing a new Database Connection..
18-05-2020 16:48:53.897 DEBUG [main]  c.a.v.npc.core.service.NPCService.getDBConnection - Initializing a new Database Connection..
18-05-2020 16:50:14.918 DEBUG [main]  c.a.v.npc.core.service.NPCService.getDBConnection - Initializing a new Database Connection..
18-05-2020 16:50:35.937 DEBUG [main]  c.a.v.npc.core.service.NPCService.getDBConnection - Initializing a new Database Connection..
18-05-2020 16:50:56.952 DEBUG [main]  c.a.v.npc.core.service.NPCService.getDBConnection - Initializing a new Database Connection..
18-05-2020 16:52:17.981 DEBUG [main]  c.a.v.npc.core.service.NPCService.getDBConnection - Initializing a new Database Connection..
18-05-2020 16:52:38.990 DEBUG [main]  c.a.v.npc.core.service.NPCService.getDBConnection - Initializing a new Database Connection..
18-05-2020 16:53:00.001 DEBUG [main]  c.a.v.npc.core.service.NPCService.getDBConnection - Initializing a new Database Connection..
18-05-2020 16:54:21.022 DEBUG [main]  c.a.v.npc.core.service.NPCService.getDBConnection - Initializing a new Database Connection..
18-05-2020 16:54:42.038 DEBUG [main]  c.a.v.npc.core.service.NPCService.getDBConnection - Initializing a new Database Connection..
18-05-2020 16:55:03.045 DEBUG [main]  c.a.v.npc.core.service.NPCService.getDBConnection - Initializing a new Database Connection..
18-05-2020 16:56:24.060 DEBUG [main]  c.a.v.npc.core.service.NPCService.getDBConnection - Initializing a new Database Connection..
18-05-2020 16:56:45.075 DEBUG [main]  c.a.v.npc.core.service.NPCService.getDBConnection - Initializing a new Database Connection..
18-05-2020 16:57:06.080 DEBUG [main]  c.a.v.npc.core.service.NPCService.getDBConnection - Initializing a new Database Connection..
18-05-2020 16:58:27.085 DEBUG [main]  c.a.v.npc.core.service.NPCService.getDBConnection - Initializing a new Database Connection..
18-05-2020 16:58:48.101 DEBUG [main]  c.a.v.npc.core.service.NPCService.getDBConnection - Initializing a new Database Connection..
18-05-2020 16:59:09.121 DEBUG [main]  c.a.v.npc.core.service.NPCService.getDBConnection - Initializing a new Database Connection..
18-05-2020 17:00:30.150 DEBUG [main]  c.a.v.npc.core.service.NPCService.getDBConnection - Initializing a new Database Connection..
18-05-2020 17:00:51.155 DEBUG [main]  c.a.v.npc.core.service.NPCService.getDBConnection - Initializing a new Database Connection..
18-05-2020 17:01:12.169 DEBUG [main]  c.a.v.npc.core.service.NPCService.getDBConnection - Initializing a new Database Connection..
18-05-2020 17:02:33.186 DEBUG [main]  c.a.v.npc.core.service.NPCService.getDBConnection - Initializing a new Database Connection..
18-05-2020 17:02:54.190 DEBUG [main]  c.a.v.npc.core.service.NPCService.getDBConnection - Initializing a new Database Connection..
18-05-2020 17:03:15.194 DEBUG [main]  c.a.v.npc.core.service.NPCService.getDBConnection - Initializing a new Database Connection..
18-05-2020 17:04:36.200 DEBUG [main]  c.a.v.npc.core.service.NPCService.getDBConnection - Initializing a new Database Connection..
18-05-2020 17:04:57.215 DEBUG [main]  c.a.v.npc.core.service.NPCService.getDBConnection - Initializing a new Database Connection..
18-05-2020 17:05:18.243 DEBUG [main]  c.a.v.npc.core.service.NPCService.getDBConnection - Initializing a new Database Connection..
18-05-2020 17:06:39.258 DEBUG [main]  c.a.v.npc.core.service.NPCService.getDBConnection - Initializing a new Database Connection..
18-05-2020 17:07:00.263 DEBUG [main]  c.a.v.npc.core.service.NPCService.getDBConnection - Initializing a new Database Connection..
18-05-2020 17:07:21.281 DEBUG [main]  c.a.v.npc.core.service.NPCService.getDBConnection - Initializing a new Database Connection..
18-05-2020 17:08:42.289 DEBUG [main]  c.a.v.npc.core.service.NPCService.getDBConnection - Initializing a new Database Connection..
18-05-2020 17:09:03.309 DEBUG [main]  c.a.v.npc.core.service.NPCService.getDBConnection - Initializing a new Database Connection..
18-05-2020 17:09:24.327 DEBUG [main]  c.a.v.npc.core.service.NPCService.getDBConnection - Initializing a new Database Connection..
18-05-2020 17:10:45.346 DEBUG [main]  c.a.v.npc.core.service.NPCService.getDBConnection - Initializing a new Database Connection..
18-05-2020 17:11:06.360 DEBUG [main]  c.a.v.npc.core.service.NPCService.getDBConnection - Initializing a new Database Connection..
18-05-2020 17:11:27.380 DEBUG [main]  c.a.v.npc.core.service.NPCService.getDBConnection - Initializing a new Database Connection..
18-05-2020 17:12:48.385 DEBUG [main]  c.a.v.npc.core.service.NPCService.getDBConnection - Initializing a new Database Connection..
18-05-2020 17:13:09.388 DEBUG [main]  c.a.v.npc.core.service.NPCService.getDBConnection - Initializing a new Database Connection..
18-05-2020 17:13:30.417 DEBUG [main]  c.a.v.npc.core.service.NPCService.getDBConnection - Initializing a new Database Connection..
18-05-2020 17:14:51.423 DEBUG [main]  c.a.v.npc.core.service.NPCService.getDBConnection - Initializing a new Database Connection..
18-05-2020 17:15:12.437 DEBUG [main]  c.a.v.npc.core.service.NPCService.getDBConnection - Initializing a new Database Connection..
18-05-2020 17:15:33.451 DEBUG [main]  c.a.v.npc.core.service.NPCService.getDBConnection - Initializing a new Database Connection..
18-05-2020 17:16:54.483 DEBUG [main]  c.a.v.npc.core.service.NPCService.getDBConnection - Initializing a new Database Connection..
18-05-2020 17:17:15.490 DEBUG [main]  c.a.v.npc.core.service.NPCService.getDBConnection - Initializing a new Database Connection..
18-05-2020 17:17:36.507 DEBUG [main]  c.a.v.npc.core.service.NPCService.getDBConnection - Initializing a new Database Connection..
18-05-2020 17:18:57.524 DEBUG [main]  c.a.v.npc.core.service.NPCService.getDBConnection - Initializing a new Database Connection..
18-05-2020 17:19:18.529 DEBUG [main]  c.a.v.npc.core.service.NPCService.getDBConnection - Initializing a new Database Connection..
18-05-2020 17:19:39.545 DEBUG [main]  c.a.v.npc.core.service.NPCService.getDBConnection - Initializing a new Database Connection..
18-05-2020 17:21:00.563 DEBUG [main]  c.a.v.npc.core.service.NPCService.getDBConnection - Initializing a new Database Connection..
18-05-2020 17:21:21.572 DEBUG [main]  c.a.v.npc.core.service.NPCService.getDBConnection - Initializing a new Database Connection..
18-05-2020 17:21:42.592 DEBUG [main]  c.a.v.npc.core.service.NPCService.getDBConnection - Initializing a new Database Connection..
18-05-2020 17:23:03.610 DEBUG [main]  c.a.v.npc.core.service.NPCService.getDBConnection - Initializing a new Database Connection..
18-05-2020 17:23:24.627 DEBUG [main]  c.a.v.npc.core.service.NPCService.getDBConnection - Initializing a new Database Connection..
18-05-2020 17:23:45.644 DEBUG [main]  c.a.v.npc.core.service.NPCService.getDBConnection - Initializing a new Database Connection..
18-05-2020 17:25:06.664 DEBUG [main]  c.a.v.npc.core.service.NPCService.getDBConnection - Initializing a new Database Connection..
18-05-2020 17:25:27.678 DEBUG [main]  c.a.v.npc.core.service.NPCService.getDBConnection - Initializing a new Database Connection..
18-05-2020 17:25:48.697 DEBUG [main]  c.a.v.npc.core.service.NPCService.getDBConnection - Initializing a new Database Connection..
18-05-2020 17:27:09.703 DEBUG [main]  c.a.v.npc.core.service.NPCService.getDBConnection - Initializing a new Database Connection..
18-05-2020 17:27:30.715 DEBUG [main]  c.a.v.npc.core.service.NPCService.getDBConnection - Initializing a new Database Connection..
18-05-2020 17:27:51.726 DEBUG [main]  c.a.v.npc.core.service.NPCService.getDBConnection - Initializing a new Database Connection..
18-05-2020 17:29:12.733 DEBUG [main]  c.a.v.npc.core.service.NPCService.getDBConnection - Initializing a new Database Connection..
18-05-2020 17:29:33.752 DEBUG [main]  c.a.v.npc.core.service.NPCService.getDBConnection - Initializing a new Database Connection..
18-05-2020 17:29:54.759 DEBUG [main]  c.a.v.npc.core.service.NPCService.getDBConnection - Initializing a new Database Connection..
18-05-2020 17:31:15.763 DEBUG [main]  c.a.v.npc.core.service.NPCService.getDBConnection - Initializing a new Database Connection..
18-05-2020 17:31:36.770 DEBUG [main]  c.a.v.npc.core.service.NPCService.getDBConnection - Initializing a new Database Connection..
18-05-2020 17:31:57.790 DEBUG [main]  c.a.v.npc.core.service.NPCService.getDBConnection - Initializing a new Database Connection..
18-05-2020 17:33:18.796 DEBUG [main]  c.a.v.npc.core.service.NPCService.getDBConnection - Initializing a new Database Connection..
18-05-2020 17:33:39.814 DEBUG [main]  c.a.v.npc.core.service.NPCService.getDBConnection - Initializing a new Database Connection..
18-05-2020 17:34:00.827 DEBUG [main]  c.a.v.npc.core.service.NPCService.getDBConnection - Initializing a new Database Connection..
18-05-2020 17:35:21.844 DEBUG [main]  c.a.v.npc.core.service.NPCService.getDBConnection - Initializing a new Database Connection..
18-05-2020 17:35:42.863 DEBUG [main]  c.a.v.npc.core.service.NPCService.getDBConnection - Initializing a new Database Connection..
18-05-2020 17:36:03.878 DEBUG [main]  c.a.v.npc.core.service.NPCService.getDBConnection - Initializing a new Database Connection..
18-05-2020 17:37:24.890 DEBUG [main]  c.a.v.npc.core.service.NPCService.getDBConnection - Initializing a new Database Connection..
18-05-2020 17:37:45.905 DEBUG [main]  c.a.v.npc.core.service.NPCService.getDBConnection - Initializing a new Database Connection..
18-05-2020 17:38:06.910 DEBUG [main]  c.a.v.npc.core.service.NPCService.getDBConnection - Initializing a new Database Connection..
18-05-2020 17:39:27.924 DEBUG [main]  c.a.v.npc.core.service.NPCService.getDBConnection - Initializing a new Database Connection..
18-05-2020 17:39:48.931 DEBUG [main]  c.a.v.npc.core.service.NPCService.getDBConnection - Initializing a new Database Connection..
18-05-2020 17:40:09.935 DEBUG [main]  c.a.v.npc.core.service.NPCService.getDBConnection - Initializing a new Database Connection..
18-05-2020 17:41:30.944 DEBUG [main]  c.a.v.npc.core.service.NPCService.getDBConnection - Initializing a new Database Connection..
18-05-2020 17:41:51.953 DEBUG [main]  c.a.v.npc.core.service.NPCService.getDBConnection - Initializing a new Database Connection..
18-05-2020 17:42:12.963 DEBUG [main]  c.a.v.npc.core.service.NPCService.getDBConnection - Initializing a new Database Connection..
18-05-2020 17:43:33.993 DEBUG [main]  c.a.v.npc.core.service.NPCService.getDBConnection - Initializing a new Database Connection..
18-05-2020 17:43:54.998 DEBUG [main]  c.a.v.npc.core.service.NPCService.getDBConnection - Initializing a new Database Connection..
18-05-2020 17:44:16.013 DEBUG [main]  c.a.v.npc.core.service.NPCService.getDBConnection - Initializing a new Database Connection..
18-05-2020 17:45:37.028 DEBUG [main]  c.a.v.npc.core.service.NPCService.getDBConnection - Initializing a new Database Connection..
18-05-2020 17:45:58.042 DEBUG [main]  c.a.v.npc.core.service.NPCService.getDBConnection - Initializing a new Database Connection..
18-05-2020 17:46:19.056 DEBUG [main]  c.a.v.npc.core.service.NPCService.getDBConnection - Initializing a new Database Connection..
18-05-2020 17:47:40.073 DEBUG [main]  c.a.v.npc.core.service.NPCService.getDBConnection - Initializing a new Database Connection..
18-05-2020 17:48:01.104 DEBUG [main]  c.a.v.npc.core.service.NPCService.getDBConnection - Initializing a new Database Connection..
18-05-2020 17:48:22.112 DEBUG [main]  c.a.v.npc.core.service.NPCService.getDBConnection - Initializing a new Database Connection..
18-05-2020 17:49:43.132 DEBUG [main]  c.a.v.npc.core.service.NPCService.getDBConnection - Initializing a new Database Connection..
18-05-2020 17:50:04.149 DEBUG [main]  c.a.v.npc.core.service.NPCService.getDBConnection - Initializing a new Database Connection..
18-05-2020 17:50:25.158 DEBUG [main]  c.a.v.npc.core.service.NPCService.getDBConnection - Initializing a new Database Connection..
18-05-2020 17:51:46.171 DEBUG [main]  c.a.v.npc.core.service.NPCService.getDBConnection - Initializing a new Database Connection..
18-05-2020 17:52:07.186 DEBUG [main]  c.a.v.npc.core.service.NPCService.getDBConnection - Initializing a new Database Connection..
18-05-2020 17:52:28.202 DEBUG [main]  c.a.v.npc.core.service.NPCService.getDBConnection - Initializing a new Database Connection..
18-05-2020 17:53:49.209 DEBUG [main]  c.a.v.npc.core.service.NPCService.getDBConnection - Initializing a new Database Connection..
18-05-2020 17:54:10.215 DEBUG [main]  c.a.v.npc.core.service.NPCService.getDBConnection - Initializing a new Database Connection..
18-05-2020 17:54:31.233 DEBUG [main]  c.a.v.npc.core.service.NPCService.getDBConnection - Initializing a new Database Connection..
18-05-2020 17:55:52.242 DEBUG [main]  c.a.v.npc.core.service.NPCService.getDBConnection - Initializing a new Database Connection..
18-05-2020 17:56:13.256 DEBUG [main]  c.a.v.npc.core.service.NPCService.getDBConnection - Initializing a new Database Connection..
18-05-2020 17:56:34.265 DEBUG [main]  c.a.v.npc.core.service.NPCService.getDBConnection - Initializing a new Database Connection..
18-05-2020 17:57:55.273 DEBUG [main]  c.a.v.npc.core.service.NPCService.getDBConnection - Initializing a new Database Connection..
18-05-2020 17:58:16.278 DEBUG [main]  c.a.v.npc.core.service.NPCService.getDBConnection - Initializing a new Database Connection..
18-05-2020 17:58:37.294 DEBUG [main]  c.a.v.npc.core.service.NPCService.getDBConnection - Initializing a new Database Connection..
18-05-2020 17:59:58.311 DEBUG [main]  c.a.v.npc.core.service.NPCService.getDBConnection - Initializing a new Database Connection..
18-05-2020 18:00:19.330 DEBUG [main]  c.a.v.npc.core.service.NPCService.getDBConnection - Initializing a new Database Connection..
18-05-2020 18:00:40.340 DEBUG [main]  c.a.v.npc.core.service.NPCService.getDBConnection - Initializing a new Database Connection..
18-05-2020 18:02:01.358 DEBUG [main]  c.a.v.npc.core.service.NPCService.getDBConnection - Initializing a new Database Connection..
18-05-2020 18:02:22.366 DEBUG [main]  c.a.v.npc.core.service.NPCService.getDBConnection - Initializing a new Database Connection..
18-05-2020 18:02:43.385 DEBUG [main]  c.a.v.npc.core.service.NPCService.getDBConnection - Initializing a new Database Connection..
18-05-2020 18:04:04.399 DEBUG [main]  c.a.v.npc.core.service.NPCService.getDBConnection - Initializing a new Database Connection..
18-05-2020 18:04:25.412 DEBUG [main]  c.a.v.npc.core.service.NPCService.getDBConnection - Initializing a new Database Connection..
18-05-2020 18:04:46.421 DEBUG [main]  c.a.v.npc.core.service.NPCService.getDBConnection - Initializing a new Database Connection..
18-05-2020 18:06:07.430 DEBUG [main]  c.a.v.npc.core.service.NPCService.getDBConnection - Initializing a new Database Connection..
18-05-2020 18:06:28.444 DEBUG [main]  c.a.v.npc.core.service.NPCService.getDBConnection - Initializing a new Database Connection..
18-05-2020 18:06:49.450 DEBUG [main]  c.a.v.npc.core.service.NPCService.getDBConnection - Initializing a new Database Connection..
18-05-2020 18:08:10.466 DEBUG [main]  c.a.v.npc.core.service.NPCService.getDBConnection - Initializing a new Database Connection..
18-05-2020 18:08:31.473 DEBUG [main]  c.a.v.npc.core.service.NPCService.getDBConnection - Initializing a new Database Connection..
18-05-2020 18:08:52.488 DEBUG [main]  c.a.v.npc.core.service.NPCService.getDBConnection - Initializing a new Database Connection..
18-05-2020 18:10:13.505 DEBUG [main]  c.a.v.npc.core.service.NPCService.getDBConnection - Initializing a new Database Connection..
18-05-2020 18:10:34.525 DEBUG [main]  c.a.v.npc.core.service.NPCService.getDBConnection - Initializing a new Database Connection..
18-05-2020 18:10:55.539 DEBUG [main]  c.a.v.npc.core.service.NPCService.getDBConnection - Initializing a new Database Connection..
18-05-2020 18:12:16.544 DEBUG [main]  c.a.v.npc.core.service.NPCService.getDBConnection - Initializing a new Database Connection..
18-05-2020 18:12:37.551 DEBUG [main]  c.a.v.npc.core.service.NPCService.getDBConnection - Initializing a new Database Connection..
18-05-2020 18:12:58.557 DEBUG [main]  c.a.v.npc.core.service.NPCService.getDBConnection - Initializing a new Database Connection..
18-05-2020 18:14:19.563 DEBUG [main]  c.a.v.npc.core.service.NPCService.getDBConnection - Initializing a new Database Connection..
18-05-2020 18:14:19.582 DEBUG [main]  c.a.v.npc.core.service.NPCService.getDBConnection - Initializing a new Database Connection..
18-05-2020 18:14:19.584 DEBUG [main]  c.a.v.npc.core.service.NPCService.getDBConnection - Initializing a new Database Connection..
18-05-2020 18:15:19.586 DEBUG [main]  c.a.v.npc.core.service.NPCService.getDBConnection - Initializing a new Database Connection..
18-05-2020 18:15:40.605 DEBUG [main]  c.a.v.npc.core.service.NPCService.getDBConnection - Initializing a new Database Connection..
18-05-2020 18:16:01.622 DEBUG [main]  c.a.v.npc.core.service.NPCService.getDBConnection - Initializing a new Database Connection..
18-05-2020 18:17:22.626 DEBUG [main]  c.a.v.npc.core.service.NPCService.getDBConnection - Initializing a new Database Connection..
18-05-2020 18:17:43.641 DEBUG [main]  c.a.v.npc.core.service.NPCService.getDBConnection - Initializing a new Database Connection..
18-05-2020 18:18:04.654 DEBUG [main]  c.a.v.npc.core.service.NPCService.getDBConnection - Initializing a new Database Connection..
18-05-2020 18:19:25.669 DEBUG [main]  c.a.v.npc.core.service.NPCService.getDBConnection - Initializing a new Database Connection..
18-05-2020 18:19:46.676 DEBUG [main]  c.a.v.npc.core.service.NPCService.getDBConnection - Initializing a new Database Connection..
18-05-2020 18:20:07.685 DEBUG [main]  c.a.v.npc.core.service.NPCService.getDBConnection - Initializing a new Database Connection..
18-05-2020 18:21:28.700 DEBUG [main]  c.a.v.npc.core.service.NPCService.getDBConnection - Initializing a new Database Connection..
18-05-2020 18:21:49.720 DEBUG [main]  c.a.v.npc.core.service.NPCService.getDBConnection - Initializing a new Database Connection..
18-05-2020 18:22:10.741 DEBUG [main]  c.a.v.npc.core.service.NPCService.getDBConnection - Initializing a new Database Connection..
18-05-2020 18:23:31.749 DEBUG [main]  c.a.v.npc.core.service.NPCService.getDBConnection - Initializing a new Database Connection..
18-05-2020 18:23:52.765 DEBUG [main]  c.a.v.npc.core.service.NPCService.getDBConnection - Initializing a new Database Connection..
18-05-2020 18:24:13.780 DEBUG [main]  c.a.v.npc.core.service.NPCService.getDBConnection - Initializing a new Database Connection..
18-05-2020 18:25:34.784 DEBUG [main]  c.a.v.npc.core.service.NPCService.getDBConnection - Initializing a new Database Connection..
18-05-2020 18:25:55.795 DEBUG [main]  c.a.v.npc.core.service.NPCService.getDBConnection - Initializing a new Database Connection..
18-05-2020 18:26:16.801 DEBUG [main]  c.a.v.npc.core.service.NPCService.getDBConnection - Initializing a new Database Connection..
