14-05-2020 11:07:59.312 ERROR [main]  c.a.v.n.c.handler.NPCProcessHandler.sendMessage - I/O error: Permission denied: connect; nested exception is java.net.SocketException: Permission denied: connect
org.springframework.ws.client.WebServiceIOException: I/O error: Permission denied: connect; nested exception is java.net.SocketException: Permission denied: connect
	at org.springframework.ws.client.core.WebServiceTemplate.sendAndReceive(WebServiceTemplate.java:561)
	at org.springframework.ws.client.core.WebServiceTemplate.marshalSendAndReceive(WebServiceTemplate.java:390)
	at org.springframework.ws.client.core.WebServiceTemplate.marshalSendAndReceive(WebServiceTemplate.java:383)
	at org.springframework.ws.client.core.WebServiceTemplate.marshalSendAndReceive(WebServiceTemplate.java:373)
	at com.asset.vodafone.npc.webservice.client.NPCWebserviceProxy.processNPCMsg(NPCWebserviceProxy.java:64)
	at com.asset.vodafone.npc.core.handler.NPCProcessHandler.sendMessage(NPCProcessHandler.java:166)
	at com.asset.vodafone.npc.core.handler.NPCProcessHandler.sendPendingMessage(NPCProcessHandler.java:301)
	at com.asset.vodafone.npc.core.handler.NPCProcessHandler.sendPendingMessages(NPCProcessHandler.java:367)
	at com.asset.vodafone.npc.core.handler.NPCProcessHandler.mainMode(NPCProcessHandler.java:602)
	at com.asset.vodafone.npc.core.handler.NPCProcessHandler.main(NPCProcessHandler.java:649)
Caused by: java.net.SocketException: Permission denied: connect
	at java.net.DualStackPlainSocketImpl.waitForConnect(Native Method)
	at java.net.DualStackPlainSocketImpl.socketConnect(DualStackPlainSocketImpl.java:85)
	at java.net.AbstractPlainSocketImpl.doConnect(AbstractPlainSocketImpl.java:350)
	at java.net.AbstractPlainSocketImpl.connectToAddress(AbstractPlainSocketImpl.java:206)
	at java.net.AbstractPlainSocketImpl.connect(AbstractPlainSocketImpl.java:188)
	at java.net.PlainSocketImpl.connect(PlainSocketImpl.java:172)
	at java.net.SocksSocketImpl.connect(SocksSocketImpl.java:392)
	at java.net.Socket.connect(Socket.java:589)
	at sun.net.NetworkClient.doConnect(NetworkClient.java:175)
	at sun.net.www.http.HttpClient.openServer(HttpClient.java:432)
	at sun.net.www.http.HttpClient.openServer(HttpClient.java:527)
	at sun.net.www.http.HttpClient.<init>(HttpClient.java:211)
	at sun.net.www.http.HttpClient.New(HttpClient.java:308)
	at sun.net.www.http.HttpClient.New(HttpClient.java:326)
	at sun.net.www.protocol.http.HttpURLConnection.getNewHttpClient(HttpURLConnection.java:1168)
	at sun.net.www.protocol.http.HttpURLConnection.plainConnect0(HttpURLConnection.java:1104)
	at sun.net.www.protocol.http.HttpURLConnection.plainConnect(HttpURLConnection.java:998)
	at sun.net.www.protocol.http.HttpURLConnection.connect(HttpURLConnection.java:932)
	at sun.net.www.protocol.http.HttpURLConnection.getOutputStream0(HttpURLConnection.java:1282)
	at sun.net.www.protocol.http.HttpURLConnection.getOutputStream(HttpURLConnection.java:1257)
	at org.springframework.ws.transport.http.HttpUrlConnection.getRequestOutputStream(HttpUrlConnection.java:89)
	at org.springframework.ws.transport.AbstractSenderConnection$RequestTransportOutputStream.createOutputStream(AbstractSenderConnection.java:87)
	at org.springframework.ws.transport.TransportOutputStream.getOutputStream(TransportOutputStream.java:41)
	at org.springframework.ws.transport.TransportOutputStream.write(TransportOutputStream.java:64)
	at com.sun.xml.internal.messaging.saaj.soap.MessageImpl.writeTo(MessageImpl.java:1314)
	at org.springframework.ws.soap.saaj.SaajSoapMessage.writeTo(SaajSoapMessage.java:277)
	at org.springframework.ws.transport.AbstractWebServiceConnection.send(AbstractWebServiceConnection.java:46)
	at org.springframework.ws.client.core.WebServiceTemplate.sendRequest(WebServiceTemplate.java:658)
	at org.springframework.ws.client.core.WebServiceTemplate.doSendAndReceive(WebServiceTemplate.java:606)
	at org.springframework.ws.client.core.WebServiceTemplate.sendAndReceive(WebServiceTemplate.java:555)
	... 9 common frames omitted
14-05-2020 11:07:59.313 ERROR [main]  c.a.v.n.c.handler.NPCProcessHandler.sendPendingMessages - [NPC_GENERAL_ERROR]: [NPC_WEB_SERVICE_ERROR_01]: Error in sending npc message
com.asset.vodafone.npc.core.exception.NPCException: [NPC_GENERAL_ERROR]: [NPC_WEB_SERVICE_ERROR_01]: Error in sending npc message
	at com.asset.vodafone.npc.core.handler.NPCProcessHandler.sendPendingMessage(NPCProcessHandler.java:304)
	at com.asset.vodafone.npc.core.handler.NPCProcessHandler.sendPendingMessages(NPCProcessHandler.java:367)
	at com.asset.vodafone.npc.core.handler.NPCProcessHandler.mainMode(NPCProcessHandler.java:602)
	at com.asset.vodafone.npc.core.handler.NPCProcessHandler.main(NPCProcessHandler.java:649)
14-05-2020 11:09:05.038 ERROR [main]  c.a.v.n.c.handler.NPCProcessHandler.sendMessage - I/O error: Permission denied: connect; nested exception is java.net.SocketException: Permission denied: connect
org.springframework.ws.client.WebServiceIOException: I/O error: Permission denied: connect; nested exception is java.net.SocketException: Permission denied: connect
	at org.springframework.ws.client.core.WebServiceTemplate.sendAndReceive(WebServiceTemplate.java:561)
	at org.springframework.ws.client.core.WebServiceTemplate.marshalSendAndReceive(WebServiceTemplate.java:390)
	at org.springframework.ws.client.core.WebServiceTemplate.marshalSendAndReceive(WebServiceTemplate.java:383)
	at org.springframework.ws.client.core.WebServiceTemplate.marshalSendAndReceive(WebServiceTemplate.java:373)
	at com.asset.vodafone.npc.webservice.client.NPCWebserviceProxy.processNPCMsg(NPCWebserviceProxy.java:64)
	at com.asset.vodafone.npc.core.handler.NPCProcessHandler.sendMessage(NPCProcessHandler.java:166)
	at com.asset.vodafone.npc.core.handler.NPCProcessHandler.sendPendingMessage(NPCProcessHandler.java:301)
	at com.asset.vodafone.npc.core.handler.NPCProcessHandler.sendPendingMessages(NPCProcessHandler.java:367)
	at com.asset.vodafone.npc.core.handler.NPCProcessHandler.mainMode(NPCProcessHandler.java:602)
	at com.asset.vodafone.npc.core.handler.NPCProcessHandler.main(NPCProcessHandler.java:649)
Caused by: java.net.SocketException: Permission denied: connect
	at java.net.DualStackPlainSocketImpl.waitForConnect(Native Method)
	at java.net.DualStackPlainSocketImpl.socketConnect(DualStackPlainSocketImpl.java:85)
	at java.net.AbstractPlainSocketImpl.doConnect(AbstractPlainSocketImpl.java:350)
	at java.net.AbstractPlainSocketImpl.connectToAddress(AbstractPlainSocketImpl.java:206)
	at java.net.AbstractPlainSocketImpl.connect(AbstractPlainSocketImpl.java:188)
	at java.net.PlainSocketImpl.connect(PlainSocketImpl.java:172)
	at java.net.SocksSocketImpl.connect(SocksSocketImpl.java:392)
	at java.net.Socket.connect(Socket.java:589)
	at sun.net.NetworkClient.doConnect(NetworkClient.java:175)
	at sun.net.www.http.HttpClient.openServer(HttpClient.java:432)
	at sun.net.www.http.HttpClient.openServer(HttpClient.java:527)
	at sun.net.www.http.HttpClient.<init>(HttpClient.java:211)
	at sun.net.www.http.HttpClient.New(HttpClient.java:308)
	at sun.net.www.http.HttpClient.New(HttpClient.java:326)
	at sun.net.www.protocol.http.HttpURLConnection.getNewHttpClient(HttpURLConnection.java:1168)
	at sun.net.www.protocol.http.HttpURLConnection.plainConnect0(HttpURLConnection.java:1104)
	at sun.net.www.protocol.http.HttpURLConnection.plainConnect(HttpURLConnection.java:998)
	at sun.net.www.protocol.http.HttpURLConnection.connect(HttpURLConnection.java:932)
	at sun.net.www.protocol.http.HttpURLConnection.getOutputStream0(HttpURLConnection.java:1282)
	at sun.net.www.protocol.http.HttpURLConnection.getOutputStream(HttpURLConnection.java:1257)
	at org.springframework.ws.transport.http.HttpUrlConnection.getRequestOutputStream(HttpUrlConnection.java:89)
	at org.springframework.ws.transport.AbstractSenderConnection$RequestTransportOutputStream.createOutputStream(AbstractSenderConnection.java:87)
	at org.springframework.ws.transport.TransportOutputStream.getOutputStream(TransportOutputStream.java:41)
	at org.springframework.ws.transport.TransportOutputStream.write(TransportOutputStream.java:64)
	at com.sun.xml.internal.messaging.saaj.soap.MessageImpl.writeTo(MessageImpl.java:1314)
	at org.springframework.ws.soap.saaj.SaajSoapMessage.writeTo(SaajSoapMessage.java:277)
	at org.springframework.ws.transport.AbstractWebServiceConnection.send(AbstractWebServiceConnection.java:46)
	at org.springframework.ws.client.core.WebServiceTemplate.sendRequest(WebServiceTemplate.java:658)
	at org.springframework.ws.client.core.WebServiceTemplate.doSendAndReceive(WebServiceTemplate.java:606)
	at org.springframework.ws.client.core.WebServiceTemplate.sendAndReceive(WebServiceTemplate.java:555)
	... 9 common frames omitted
14-05-2020 11:09:05.040 ERROR [main]  c.a.v.n.c.handler.NPCProcessHandler.sendPendingMessages - [NPC_GENERAL_ERROR]: [NPC_WEB_SERVICE_ERROR_01]: Error in sending npc message
com.asset.vodafone.npc.core.exception.NPCException: [NPC_GENERAL_ERROR]: [NPC_WEB_SERVICE_ERROR_01]: Error in sending npc message
	at com.asset.vodafone.npc.core.handler.NPCProcessHandler.sendPendingMessage(NPCProcessHandler.java:304)
	at com.asset.vodafone.npc.core.handler.NPCProcessHandler.sendPendingMessages(NPCProcessHandler.java:367)
	at com.asset.vodafone.npc.core.handler.NPCProcessHandler.mainMode(NPCProcessHandler.java:602)
	at com.asset.vodafone.npc.core.handler.NPCProcessHandler.main(NPCProcessHandler.java:649)
14-05-2020 11:23:25.028 ERROR [main]  c.a.v.npc.core.service.NPCService.getUnsentMessages - Closed Connection
java.sql.SQLRecoverableException: Closed Connection
	at oracle.jdbc.driver.OracleStatement.ensureOpen(OracleStatement.java:4296)
	at oracle.jdbc.driver.OracleStatement.clearWarnings(OracleStatement.java:3305)
	at oracle.jdbc.driver.OracleStatement.prepareForNewResults(OracleStatement.java:3781)
	at oracle.jdbc.driver.OracleStatement.doScrollExecuteCommon(OracleStatement.java:5064)
	at oracle.jdbc.driver.OracleStatement.doScrollStmtExecuteQuery(OracleStatement.java:5124)
	at oracle.jdbc.driver.OracleStatement.executeQuery(OracleStatement.java:1260)
	at oracle.jdbc.driver.OracleStatementWrapper.executeQuery(OracleStatementWrapper.java:420)
	at com.asset.vodafone.npc.core.dao.PortMessageDAO.getUnsentMessages(PortMessageDAO.java:271)
	at com.asset.vodafone.npc.core.dao.NPCMessageDAO.getUnsentMessages(NPCMessageDAO.java:399)
	at com.asset.vodafone.npc.core.service.NPCService.getUnsentMessages(NPCService.java:272)
	at com.asset.vodafone.npc.core.handler.NPCProcessHandler.sendPendingMessages(NPCProcessHandler.java:356)
	at com.asset.vodafone.npc.core.handler.NPCProcessHandler.mainMode(NPCProcessHandler.java:602)
	at com.asset.vodafone.npc.core.handler.NPCProcessHandler.main(NPCProcessHandler.java:649)
14-05-2020 11:23:25.029 ERROR [main]  c.a.v.npc.core.service.NPCService.getUnsentMessages - Error in Select statement
14-05-2020 11:23:25.033 ERROR [main]  c.a.v.n.c.handler.NPCProcessHandler.sendPendingMessages - [NPC_GENERAL_ERROR]: Unknown Error
	at com.asset.vodafone.npc.core.handler.NPCProcessHandler.sendPendingMessages(NPCProcessHandler.java:360)
	at com.asset.vodafone.npc.core.handler.NPCProcessHandler.mainMode(NPCProcessHandler.java:602)
	at com.asset.vodafone.npc.core.handler.NPCProcessHandler.main(NPCProcessHandler.java:649)
Caused by: [NPC_DATABASE_ERROR_04]: Error in Select statement
	at com.asset.vodafone.npc.core.service.NPCService.getUnsentMessages(NPCService.java:275)
	at com.asset.vodafone.npc.core.handler.NPCProcessHandler.sendPendingMessages(NPCProcessHandler.java:356)
	... 2 more
Caused by: java.sql.SQLRecoverableException: Closed Connection
	at oracle.jdbc.driver.PhysicalConnection.needLine(PhysicalConnection.java:6291)
	at oracle.jdbc.driver.OracleStatement.closeOrCache(OracleStatement.java:1364)
	at oracle.jdbc.driver.OracleStatement.close(OracleStatement.java:1343)
	at oracle.jdbc.driver.OracleStatementWrapper.close(OracleStatementWrapper.java:100)
	at com.asset.vodafone.npc.core.dao.PortMessageDAO.getUnsentMessages(PortMessageDAO.java:405)
	at com.asset.vodafone.npc.core.dao.NPCMessageDAO.getUnsentMessages(NPCMessageDAO.java:399)
	at com.asset.vodafone.npc.core.service.NPCService.getUnsentMessages(NPCService.java:272)
	... 3 more

com.asset.vodafone.npc.core.exception.NPCException: [NPC_DATABASE_ERROR_04]: Error in Select statement
	at com.asset.vodafone.npc.core.service.NPCService.getUnsentMessages(NPCService.java:275)
	at com.asset.vodafone.npc.core.handler.NPCProcessHandler.sendPendingMessages(NPCProcessHandler.java:356)
	at com.asset.vodafone.npc.core.handler.NPCProcessHandler.mainMode(NPCProcessHandler.java:602)
	at com.asset.vodafone.npc.core.handler.NPCProcessHandler.main(NPCProcessHandler.java:649)
Caused by: java.sql.SQLRecoverableException: Closed Connection
	at oracle.jdbc.driver.PhysicalConnection.needLine(PhysicalConnection.java:6291)
	at oracle.jdbc.driver.OracleStatement.closeOrCache(OracleStatement.java:1364)
	at oracle.jdbc.driver.OracleStatement.close(OracleStatement.java:1343)
	at oracle.jdbc.driver.OracleStatementWrapper.close(OracleStatementWrapper.java:100)
	at com.asset.vodafone.npc.core.dao.PortMessageDAO.getUnsentMessages(PortMessageDAO.java:405)
	at com.asset.vodafone.npc.core.dao.NPCMessageDAO.getUnsentMessages(NPCMessageDAO.java:399)
	at com.asset.vodafone.npc.core.service.NPCService.getUnsentMessages(NPCService.java:272)
	... 3 common frames omitted
14-05-2020 12:34:42.201 ERROR [main]  c.a.v.n.c.handler.NPCProcessHandler.sendMessage - I/O error: Permission denied: connect; nested exception is java.net.SocketException: Permission denied: connect
org.springframework.ws.client.WebServiceIOException: I/O error: Permission denied: connect; nested exception is java.net.SocketException: Permission denied: connect
	at org.springframework.ws.client.core.WebServiceTemplate.sendAndReceive(WebServiceTemplate.java:561)
	at org.springframework.ws.client.core.WebServiceTemplate.marshalSendAndReceive(WebServiceTemplate.java:390)
	at org.springframework.ws.client.core.WebServiceTemplate.marshalSendAndReceive(WebServiceTemplate.java:383)
	at org.springframework.ws.client.core.WebServiceTemplate.marshalSendAndReceive(WebServiceTemplate.java:373)
	at com.asset.vodafone.npc.webservice.client.NPCWebserviceProxy.processNPCMsg(NPCWebserviceProxy.java:64)
	at com.asset.vodafone.npc.core.handler.NPCProcessHandler.sendMessage(NPCProcessHandler.java:166)
	at com.asset.vodafone.npc.core.handler.NPCProcessHandler.sendPendingMessage(NPCProcessHandler.java:301)
	at com.asset.vodafone.npc.core.handler.NPCProcessHandler.sendPendingMessages(NPCProcessHandler.java:367)
	at com.asset.vodafone.npc.core.handler.NPCProcessHandler.mainMode(NPCProcessHandler.java:602)
	at com.asset.vodafone.npc.core.handler.NPCProcessHandler.main(NPCProcessHandler.java:649)
Caused by: java.net.SocketException: Permission denied: connect
	at java.net.DualStackPlainSocketImpl.waitForConnect(Native Method)
	at java.net.DualStackPlainSocketImpl.socketConnect(DualStackPlainSocketImpl.java:85)
	at java.net.AbstractPlainSocketImpl.doConnect(AbstractPlainSocketImpl.java:350)
	at java.net.AbstractPlainSocketImpl.connectToAddress(AbstractPlainSocketImpl.java:206)
	at java.net.AbstractPlainSocketImpl.connect(AbstractPlainSocketImpl.java:188)
	at java.net.PlainSocketImpl.connect(PlainSocketImpl.java:172)
	at java.net.SocksSocketImpl.connect(SocksSocketImpl.java:392)
	at java.net.Socket.connect(Socket.java:589)
	at sun.net.NetworkClient.doConnect(NetworkClient.java:175)
	at sun.net.www.http.HttpClient.openServer(HttpClient.java:432)
	at sun.net.www.http.HttpClient.openServer(HttpClient.java:527)
	at sun.net.www.http.HttpClient.<init>(HttpClient.java:211)
	at sun.net.www.http.HttpClient.New(HttpClient.java:308)
	at sun.net.www.http.HttpClient.New(HttpClient.java:326)
	at sun.net.www.protocol.http.HttpURLConnection.getNewHttpClient(HttpURLConnection.java:1168)
	at sun.net.www.protocol.http.HttpURLConnection.plainConnect0(HttpURLConnection.java:1104)
	at sun.net.www.protocol.http.HttpURLConnection.plainConnect(HttpURLConnection.java:998)
	at sun.net.www.protocol.http.HttpURLConnection.connect(HttpURLConnection.java:932)
	at sun.net.www.protocol.http.HttpURLConnection.getOutputStream0(HttpURLConnection.java:1282)
	at sun.net.www.protocol.http.HttpURLConnection.getOutputStream(HttpURLConnection.java:1257)
	at org.springframework.ws.transport.http.HttpUrlConnection.getRequestOutputStream(HttpUrlConnection.java:89)
	at org.springframework.ws.transport.AbstractSenderConnection$RequestTransportOutputStream.createOutputStream(AbstractSenderConnection.java:87)
	at org.springframework.ws.transport.TransportOutputStream.getOutputStream(TransportOutputStream.java:41)
	at org.springframework.ws.transport.TransportOutputStream.write(TransportOutputStream.java:64)
	at com.sun.xml.internal.messaging.saaj.soap.MessageImpl.writeTo(MessageImpl.java:1314)
	at org.springframework.ws.soap.saaj.SaajSoapMessage.writeTo(SaajSoapMessage.java:277)
	at org.springframework.ws.transport.AbstractWebServiceConnection.send(AbstractWebServiceConnection.java:46)
	at org.springframework.ws.client.core.WebServiceTemplate.sendRequest(WebServiceTemplate.java:658)
	at org.springframework.ws.client.core.WebServiceTemplate.doSendAndReceive(WebServiceTemplate.java:606)
	at org.springframework.ws.client.core.WebServiceTemplate.sendAndReceive(WebServiceTemplate.java:555)
	... 9 common frames omitted
14-05-2020 12:34:42.203 ERROR [main]  c.a.v.n.c.handler.NPCProcessHandler.sendPendingMessages - [NPC_GENERAL_ERROR]: [NPC_WEB_SERVICE_ERROR_01]: Error in sending npc message
com.asset.vodafone.npc.core.exception.NPCException: [NPC_GENERAL_ERROR]: [NPC_WEB_SERVICE_ERROR_01]: Error in sending npc message
	at com.asset.vodafone.npc.core.handler.NPCProcessHandler.sendPendingMessage(NPCProcessHandler.java:304)
	at com.asset.vodafone.npc.core.handler.NPCProcessHandler.sendPendingMessages(NPCProcessHandler.java:367)
	at com.asset.vodafone.npc.core.handler.NPCProcessHandler.mainMode(NPCProcessHandler.java:602)
	at com.asset.vodafone.npc.core.handler.NPCProcessHandler.main(NPCProcessHandler.java:649)
14-05-2020 12:59:35.597 ERROR [main]  c.a.v.npc.core.service.NPCService.getUnsentMessages - Closed Connection
java.sql.SQLRecoverableException: Closed Connection
	at oracle.jdbc.driver.OracleStatement.ensureOpen(OracleStatement.java:4296)
	at oracle.jdbc.driver.OracleStatement.clearWarnings(OracleStatement.java:3305)
	at oracle.jdbc.driver.OracleStatement.prepareForNewResults(OracleStatement.java:3781)
	at oracle.jdbc.driver.OracleStatement.doScrollExecuteCommon(OracleStatement.java:5064)
	at oracle.jdbc.driver.OracleStatement.doScrollStmtExecuteQuery(OracleStatement.java:5124)
	at oracle.jdbc.driver.OracleStatement.executeQuery(OracleStatement.java:1260)
	at oracle.jdbc.driver.OracleStatementWrapper.executeQuery(OracleStatementWrapper.java:420)
	at com.asset.vodafone.npc.core.dao.PortMessageDAO.getUnsentMessages(PortMessageDAO.java:271)
	at com.asset.vodafone.npc.core.dao.NPCMessageDAO.getUnsentMessages(NPCMessageDAO.java:399)
	at com.asset.vodafone.npc.core.service.NPCService.getUnsentMessages(NPCService.java:272)
	at com.asset.vodafone.npc.core.handler.NPCProcessHandler.sendPendingMessages(NPCProcessHandler.java:356)
	at com.asset.vodafone.npc.core.handler.NPCProcessHandler.mainMode(NPCProcessHandler.java:602)
	at com.asset.vodafone.npc.core.handler.NPCProcessHandler.main(NPCProcessHandler.java:649)
14-05-2020 12:59:35.598 ERROR [main]  c.a.v.npc.core.service.NPCService.getUnsentMessages - Error in Select statement
14-05-2020 12:59:35.603 ERROR [main]  c.a.v.n.c.handler.NPCProcessHandler.sendPendingMessages - [NPC_GENERAL_ERROR]: Unknown Error
	at com.asset.vodafone.npc.core.handler.NPCProcessHandler.sendPendingMessages(NPCProcessHandler.java:360)
	at com.asset.vodafone.npc.core.handler.NPCProcessHandler.mainMode(NPCProcessHandler.java:602)
	at com.asset.vodafone.npc.core.handler.NPCProcessHandler.main(NPCProcessHandler.java:649)
Caused by: [NPC_DATABASE_ERROR_04]: Error in Select statement
	at com.asset.vodafone.npc.core.service.NPCService.getUnsentMessages(NPCService.java:275)
	at com.asset.vodafone.npc.core.handler.NPCProcessHandler.sendPendingMessages(NPCProcessHandler.java:356)
	... 2 more
Caused by: java.sql.SQLRecoverableException: Closed Connection
	at oracle.jdbc.driver.PhysicalConnection.needLine(PhysicalConnection.java:6291)
	at oracle.jdbc.driver.OracleStatement.closeOrCache(OracleStatement.java:1364)
	at oracle.jdbc.driver.OracleStatement.close(OracleStatement.java:1343)
	at oracle.jdbc.driver.OracleStatementWrapper.close(OracleStatementWrapper.java:100)
	at com.asset.vodafone.npc.core.dao.PortMessageDAO.getUnsentMessages(PortMessageDAO.java:405)
	at com.asset.vodafone.npc.core.dao.NPCMessageDAO.getUnsentMessages(NPCMessageDAO.java:399)
	at com.asset.vodafone.npc.core.service.NPCService.getUnsentMessages(NPCService.java:272)
	... 3 more

com.asset.vodafone.npc.core.exception.NPCException: [NPC_DATABASE_ERROR_04]: Error in Select statement
	at com.asset.vodafone.npc.core.service.NPCService.getUnsentMessages(NPCService.java:275)
	at com.asset.vodafone.npc.core.handler.NPCProcessHandler.sendPendingMessages(NPCProcessHandler.java:356)
	at com.asset.vodafone.npc.core.handler.NPCProcessHandler.mainMode(NPCProcessHandler.java:602)
	at com.asset.vodafone.npc.core.handler.NPCProcessHandler.main(NPCProcessHandler.java:649)
Caused by: java.sql.SQLRecoverableException: Closed Connection
	at oracle.jdbc.driver.PhysicalConnection.needLine(PhysicalConnection.java:6291)
	at oracle.jdbc.driver.OracleStatement.closeOrCache(OracleStatement.java:1364)
	at oracle.jdbc.driver.OracleStatement.close(OracleStatement.java:1343)
	at oracle.jdbc.driver.OracleStatementWrapper.close(OracleStatementWrapper.java:100)
	at com.asset.vodafone.npc.core.dao.PortMessageDAO.getUnsentMessages(PortMessageDAO.java:405)
	at com.asset.vodafone.npc.core.dao.NPCMessageDAO.getUnsentMessages(NPCMessageDAO.java:399)
	at com.asset.vodafone.npc.core.service.NPCService.getUnsentMessages(NPCService.java:272)
	... 3 common frames omitted
14-05-2020 16:10:49.829 ERROR [main]  c.a.v.n.c.handler.NPCProcessHandler.sendMessage - I/O error: Permission denied: connect; nested exception is java.net.SocketException: Permission denied: connect
org.springframework.ws.client.WebServiceIOException: I/O error: Permission denied: connect; nested exception is java.net.SocketException: Permission denied: connect
	at org.springframework.ws.client.core.WebServiceTemplate.sendAndReceive(WebServiceTemplate.java:561)
	at org.springframework.ws.client.core.WebServiceTemplate.marshalSendAndReceive(WebServiceTemplate.java:390)
	at org.springframework.ws.client.core.WebServiceTemplate.marshalSendAndReceive(WebServiceTemplate.java:383)
	at org.springframework.ws.client.core.WebServiceTemplate.marshalSendAndReceive(WebServiceTemplate.java:373)
	at com.asset.vodafone.npc.webservice.client.NPCWebserviceProxy.processNPCMsg(NPCWebserviceProxy.java:64)
	at com.asset.vodafone.npc.core.handler.NPCProcessHandler.sendMessage(NPCProcessHandler.java:165)
	at com.asset.vodafone.npc.core.handler.NPCProcessHandler.sendPendingMessage(NPCProcessHandler.java:299)
	at com.asset.vodafone.npc.core.handler.NPCProcessHandler.sendPendingMessages(NPCProcessHandler.java:365)
	at com.asset.vodafone.npc.core.handler.NPCProcessHandler.mainMode(NPCProcessHandler.java:601)
	at com.asset.vodafone.npc.core.handler.NPCProcessHandler.main(NPCProcessHandler.java:647)
Caused by: java.net.SocketException: Permission denied: connect
	at java.net.DualStackPlainSocketImpl.waitForConnect(Native Method)
	at java.net.DualStackPlainSocketImpl.socketConnect(DualStackPlainSocketImpl.java:85)
	at java.net.AbstractPlainSocketImpl.doConnect(AbstractPlainSocketImpl.java:350)
	at java.net.AbstractPlainSocketImpl.connectToAddress(AbstractPlainSocketImpl.java:206)
	at java.net.AbstractPlainSocketImpl.connect(AbstractPlainSocketImpl.java:188)
	at java.net.PlainSocketImpl.connect(PlainSocketImpl.java:172)
	at java.net.SocksSocketImpl.connect(SocksSocketImpl.java:392)
	at java.net.Socket.connect(Socket.java:589)
	at sun.net.NetworkClient.doConnect(NetworkClient.java:175)
	at sun.net.www.http.HttpClient.openServer(HttpClient.java:432)
	at sun.net.www.http.HttpClient.openServer(HttpClient.java:527)
	at sun.net.www.http.HttpClient.<init>(HttpClient.java:211)
	at sun.net.www.http.HttpClient.New(HttpClient.java:308)
	at sun.net.www.http.HttpClient.New(HttpClient.java:326)
	at sun.net.www.protocol.http.HttpURLConnection.getNewHttpClient(HttpURLConnection.java:1168)
	at sun.net.www.protocol.http.HttpURLConnection.plainConnect0(HttpURLConnection.java:1104)
	at sun.net.www.protocol.http.HttpURLConnection.plainConnect(HttpURLConnection.java:998)
	at sun.net.www.protocol.http.HttpURLConnection.connect(HttpURLConnection.java:932)
	at sun.net.www.protocol.http.HttpURLConnection.getOutputStream0(HttpURLConnection.java:1282)
	at sun.net.www.protocol.http.HttpURLConnection.getOutputStream(HttpURLConnection.java:1257)
	at org.springframework.ws.transport.http.HttpUrlConnection.getRequestOutputStream(HttpUrlConnection.java:89)
	at org.springframework.ws.transport.AbstractSenderConnection$RequestTransportOutputStream.createOutputStream(AbstractSenderConnection.java:87)
	at org.springframework.ws.transport.TransportOutputStream.getOutputStream(TransportOutputStream.java:41)
	at org.springframework.ws.transport.TransportOutputStream.write(TransportOutputStream.java:64)
	at com.sun.xml.internal.messaging.saaj.soap.MessageImpl.writeTo(MessageImpl.java:1314)
	at org.springframework.ws.soap.saaj.SaajSoapMessage.writeTo(SaajSoapMessage.java:277)
	at org.springframework.ws.transport.AbstractWebServiceConnection.send(AbstractWebServiceConnection.java:46)
	at org.springframework.ws.client.core.WebServiceTemplate.sendRequest(WebServiceTemplate.java:658)
	at org.springframework.ws.client.core.WebServiceTemplate.doSendAndReceive(WebServiceTemplate.java:606)
	at org.springframework.ws.client.core.WebServiceTemplate.sendAndReceive(WebServiceTemplate.java:555)
	... 9 common frames omitted
14-05-2020 16:10:49.834 ERROR [main]  c.a.v.n.c.handler.NPCProcessHandler.sendPendingMessages - [NPC_GENERAL_ERROR]: [NPC_WEB_SERVICE_ERROR_01]: Error in sending npc message
com.asset.vodafone.npc.core.exception.NPCException: [NPC_GENERAL_ERROR]: [NPC_WEB_SERVICE_ERROR_01]: Error in sending npc message
	at com.asset.vodafone.npc.core.handler.NPCProcessHandler.sendPendingMessage(NPCProcessHandler.java:302)
	at com.asset.vodafone.npc.core.handler.NPCProcessHandler.sendPendingMessages(NPCProcessHandler.java:365)
	at com.asset.vodafone.npc.core.handler.NPCProcessHandler.mainMode(NPCProcessHandler.java:601)
	at com.asset.vodafone.npc.core.handler.NPCProcessHandler.main(NPCProcessHandler.java:647)
14-05-2020 16:11:54.076 ERROR [main]  c.a.v.n.c.handler.NPCProcessHandler.sendMessage - I/O error: Permission denied: connect; nested exception is java.net.SocketException: Permission denied: connect
org.springframework.ws.client.WebServiceIOException: I/O error: Permission denied: connect; nested exception is java.net.SocketException: Permission denied: connect
	at org.springframework.ws.client.core.WebServiceTemplate.sendAndReceive(WebServiceTemplate.java:561)
	at org.springframework.ws.client.core.WebServiceTemplate.marshalSendAndReceive(WebServiceTemplate.java:390)
	at org.springframework.ws.client.core.WebServiceTemplate.marshalSendAndReceive(WebServiceTemplate.java:383)
	at org.springframework.ws.client.core.WebServiceTemplate.marshalSendAndReceive(WebServiceTemplate.java:373)
	at com.asset.vodafone.npc.webservice.client.NPCWebserviceProxy.processNPCMsg(NPCWebserviceProxy.java:64)
	at com.asset.vodafone.npc.core.handler.NPCProcessHandler.sendMessage(NPCProcessHandler.java:165)
	at com.asset.vodafone.npc.core.handler.NPCProcessHandler.sendPendingMessage(NPCProcessHandler.java:299)
	at com.asset.vodafone.npc.core.handler.NPCProcessHandler.sendPendingMessages(NPCProcessHandler.java:365)
	at com.asset.vodafone.npc.core.handler.NPCProcessHandler.mainMode(NPCProcessHandler.java:601)
	at com.asset.vodafone.npc.core.handler.NPCProcessHandler.main(NPCProcessHandler.java:647)
Caused by: java.net.SocketException: Permission denied: connect
	at java.net.DualStackPlainSocketImpl.waitForConnect(Native Method)
	at java.net.DualStackPlainSocketImpl.socketConnect(DualStackPlainSocketImpl.java:85)
	at java.net.AbstractPlainSocketImpl.doConnect(AbstractPlainSocketImpl.java:350)
	at java.net.AbstractPlainSocketImpl.connectToAddress(AbstractPlainSocketImpl.java:206)
	at java.net.AbstractPlainSocketImpl.connect(AbstractPlainSocketImpl.java:188)
	at java.net.PlainSocketImpl.connect(PlainSocketImpl.java:172)
	at java.net.SocksSocketImpl.connect(SocksSocketImpl.java:392)
	at java.net.Socket.connect(Socket.java:589)
	at sun.net.NetworkClient.doConnect(NetworkClient.java:175)
	at sun.net.www.http.HttpClient.openServer(HttpClient.java:432)
	at sun.net.www.http.HttpClient.openServer(HttpClient.java:527)
	at sun.net.www.http.HttpClient.<init>(HttpClient.java:211)
	at sun.net.www.http.HttpClient.New(HttpClient.java:308)
	at sun.net.www.http.HttpClient.New(HttpClient.java:326)
	at sun.net.www.protocol.http.HttpURLConnection.getNewHttpClient(HttpURLConnection.java:1168)
	at sun.net.www.protocol.http.HttpURLConnection.plainConnect0(HttpURLConnection.java:1104)
	at sun.net.www.protocol.http.HttpURLConnection.plainConnect(HttpURLConnection.java:998)
	at sun.net.www.protocol.http.HttpURLConnection.connect(HttpURLConnection.java:932)
	at sun.net.www.protocol.http.HttpURLConnection.getOutputStream0(HttpURLConnection.java:1282)
	at sun.net.www.protocol.http.HttpURLConnection.getOutputStream(HttpURLConnection.java:1257)
	at org.springframework.ws.transport.http.HttpUrlConnection.getRequestOutputStream(HttpUrlConnection.java:89)
	at org.springframework.ws.transport.AbstractSenderConnection$RequestTransportOutputStream.createOutputStream(AbstractSenderConnection.java:87)
	at org.springframework.ws.transport.TransportOutputStream.getOutputStream(TransportOutputStream.java:41)
	at org.springframework.ws.transport.TransportOutputStream.write(TransportOutputStream.java:64)
	at com.sun.xml.internal.messaging.saaj.soap.MessageImpl.writeTo(MessageImpl.java:1314)
	at org.springframework.ws.soap.saaj.SaajSoapMessage.writeTo(SaajSoapMessage.java:277)
	at org.springframework.ws.transport.AbstractWebServiceConnection.send(AbstractWebServiceConnection.java:46)
	at org.springframework.ws.client.core.WebServiceTemplate.sendRequest(WebServiceTemplate.java:658)
	at org.springframework.ws.client.core.WebServiceTemplate.doSendAndReceive(WebServiceTemplate.java:606)
	at org.springframework.ws.client.core.WebServiceTemplate.sendAndReceive(WebServiceTemplate.java:555)
	... 9 common frames omitted
14-05-2020 16:11:54.077 ERROR [main]  c.a.v.n.c.handler.NPCProcessHandler.sendPendingMessages - [NPC_GENERAL_ERROR]: [NPC_WEB_SERVICE_ERROR_01]: Error in sending npc message
com.asset.vodafone.npc.core.exception.NPCException: [NPC_GENERAL_ERROR]: [NPC_WEB_SERVICE_ERROR_01]: Error in sending npc message
	at com.asset.vodafone.npc.core.handler.NPCProcessHandler.sendPendingMessage(NPCProcessHandler.java:302)
	at com.asset.vodafone.npc.core.handler.NPCProcessHandler.sendPendingMessages(NPCProcessHandler.java:365)
	at com.asset.vodafone.npc.core.handler.NPCProcessHandler.mainMode(NPCProcessHandler.java:601)
	at com.asset.vodafone.npc.core.handler.NPCProcessHandler.main(NPCProcessHandler.java:647)
