03-06-2020 23:28:40.529 INFO  [main]  c.a.v.n.c.handler.NPCProcessHandler.sendPendingMessages - Start sending NPC message... 
03-06-2020 23:28:40.645 INFO  [main]  c.a.v.n.c.handler.NPCProcessHandler.sendPendingMessage - Sending Message to NTRA : <?xml version="1.0" encoding="UTF-8" standalone="yes"?>
<NPCData>
    <NPCMessages>
        <PortMessage>
            <MessageID>4374599</MessageID>
            <MessageCode>NPR Reject</MessageCode>
            <ServiceType>MOBILE</ServiceType>
            <PortID>P201304251047445032</PortID>
            <RejectCode>SP08</RejectCode>
        </PortMessage>
    </NPCMessages>
</NPCData>

03-06-2020 23:28:40.791 INFO  [main]  o.s.c.a.AnnotationConfigApplicationContext.prepareRefresh - Refreshing org.springframework.context.annotation.AnnotationConfigApplicationContext@4470f8a6: startup date [Wed Jun 03 23:28:40 EET 2020]; root of context hierarchy
03-06-2020 23:28:40.997 INFO  [main]  o.s.oxm.jaxb.Jaxb2Marshaller.createJaxbContextFromContextPath - Creating JAXBContext with context path [com.asset.vodafone.npc.webservice.wsdl]
03-06-2020 23:28:41.050 INFO  [main]  c.a.v.n.w.client.NPCWebserviceProxy.<clinit> - Verifying SSL certificate
03-06-2020 23:28:41.061 INFO  [main]  o.s.w.s.saaj.SaajSoapMessageFactory.afterPropertiesSet - Creating SAAJ 1.3 MessageFactory with SOAP 1.1 Protocol
03-06-2020 23:28:41.087 INFO  [main]  c.a.v.n.c.handler.NPCProcessHandler.sendMessage - Start Sending Request to NTRA for UserName : vodau1 
03-06-2020 23:28:41.087 INFO  [main]  c.a.v.n.c.handler.NPCProcessHandler.sendMessage - Calling NTRA Web Service  EndPoint : http://localhost:8080/NPC-SOAP/NPCWebService 
03-06-2020 23:28:41.431 INFO  [main]  o.s.c.a.AnnotationConfigApplicationContext.doClose - Closing org.springframework.context.annotation.AnnotationConfigApplicationContext@4470f8a6: startup date [Wed Jun 03 23:28:40 EET 2020]; root of context hierarchy
03-06-2020 23:28:41.432 INFO  [main]  c.a.v.n.c.handler.NPCProcessHandler.sendPendingMessage - Returned message from NTRA Web service = " Runner Done Successfully " 
03-06-2020 23:28:41.457 INFO  [main]  c.a.v.n.c.handler.NPCProcessHandler.sendPendingMessages - Start updating Fields after sending message...
03-06-2020 23:28:44.190 INFO  [main]  c.a.v.n.c.handler.NPCProcessHandler.sendPendingMessages - Updating Fields after sending message has done successfully...
03-06-2020 23:28:45.670 INFO  [main]  c.a.v.n.c.handler.NPCProcessHandler.sendPendingMessages - Start Updating Port Data... 
03-06-2020 23:28:49.709 INFO  [main]  c.a.v.n.c.handler.NPCProcessHandler.sendPendingMessages - Updating Port Data has done successfully with Internal Port ID: 1281929 and updated Port Status with Status: " 20-Reject-S " 
03-06-2020 23:28:55.968 INFO  [main]  c.a.v.n.c.handler.NPCProcessHandler.sendPendingMessages - Start sending NPC message... 
03-06-2020 23:28:56.044 INFO  [main]  c.a.v.n.c.handler.NPCProcessHandler.sendPendingMessage - Sending Message to NTRA : <?xml version="1.0" encoding="UTF-8" standalone="yes"?>
<NPCData>
    <NPCMessages>
        <PortMessage>
            <MessageID>AD1202</MessageID>
            <MessageCode>NPR Accept</MessageCode>
            <ServiceType>MOBILE</ServiceType>
            <PortID>P201704230921270130</PortID>
            <NumbersToPort>
                <NumberFrom>01011234575</NumberFrom>
                <NumberTo>01011234575</NumberTo>
                <DataNumber>0552280126</DataNumber>
                <FaxNumber>0704123456</FaxNumber>
            </NumbersToPort>
            <SubscriberData>
                <CompanyFlag>false</CompanyFlag>
                <CorporationName>Giza Systems</CorporationName>
                <Name>Ali Sami</Name>
                <AccountNum>33345</AccountNum>
                <SIMCardNum>89310410106543789301</SIMCardNum>
                <NIC>52404193527</NIC>
                <CNIC>6110123456789</CNIC>
                <PassportNum>C12345678</PassportNum>
                <OtherId>Senator</OtherId>
                <DateOfBirth>19930515</DateOfBirth>
                <ContactPhone>0552280126</ContactPhone>
                <Fax>0704123456</Fax>
                <City>Cairo</City>
                <Street>Farouk St</Street>
                <Locality>Al Tahrir</Locality>
                <PostCode>123123</PostCode>
                <GroupID>My GroupID</GroupID>
                <AuthorizedPersonName>Rami Sad</AuthorizedPersonName>
                <CorporationAddress>Giza Systems</CorporationAddress>
                <CommercialRegistrationNum>002345</CommercialRegistrationNum>
                <TaxRegistrationNum>132544</TaxRegistrationNum>
            </SubscriberData>
        </PortMessage>
    </NPCMessages>
</NPCData>

03-06-2020 23:28:56.045 INFO  [main]  o.s.c.a.AnnotationConfigApplicationContext.prepareRefresh - Refreshing org.springframework.context.annotation.AnnotationConfigApplicationContext@6a55299e: startup date [Wed Jun 03 23:28:56 EET 2020]; root of context hierarchy
03-06-2020 23:28:56.055 INFO  [main]  o.s.oxm.jaxb.Jaxb2Marshaller.createJaxbContextFromContextPath - Creating JAXBContext with context path [com.asset.vodafone.npc.webservice.wsdl]
03-06-2020 23:28:56.063 INFO  [main]  o.s.w.s.saaj.SaajSoapMessageFactory.afterPropertiesSet - Creating SAAJ 1.3 MessageFactory with SOAP 1.1 Protocol
03-06-2020 23:28:56.069 INFO  [main]  c.a.v.n.c.handler.NPCProcessHandler.sendMessage - Start Sending Request to NTRA for UserName : vodau1 
03-06-2020 23:28:56.069 INFO  [main]  c.a.v.n.c.handler.NPCProcessHandler.sendMessage - Calling NTRA Web Service  EndPoint : http://localhost:8080/NPC-SOAP/NPCWebService 
03-06-2020 23:28:56.096 INFO  [main]  o.s.c.a.AnnotationConfigApplicationContext.doClose - Closing org.springframework.context.annotation.AnnotationConfigApplicationContext@6a55299e: startup date [Wed Jun 03 23:28:56 EET 2020]; root of context hierarchy
03-06-2020 23:28:56.096 INFO  [main]  c.a.v.n.c.handler.NPCProcessHandler.sendPendingMessage - Returned message from NTRA Web service = " Runner Done Successfully " 
03-06-2020 23:28:56.097 INFO  [main]  c.a.v.n.c.handler.NPCProcessHandler.sendPendingMessages - Start updating Fields after sending message...
03-06-2020 23:30:48.610 INFO  [main]  c.a.v.n.c.handler.NPCProcessHandler.sendPendingMessages - Start sending NPC message... 
03-06-2020 23:30:48.720 INFO  [main]  c.a.v.n.c.handler.NPCProcessHandler.sendPendingMessage - Sending Message to NTRA : <?xml version="1.0" encoding="UTF-8" standalone="yes"?>
<NPCData>
    <NPCMessages>
        <PortMessage>
            <MessageID>AD1202</MessageID>
            <MessageCode>NPR Accept</MessageCode>
            <ServiceType>MOBILE</ServiceType>
            <PortID>P201704230921270130</PortID>
            <NumbersToPort>
                <NumberFrom>01011234575</NumberFrom>
                <NumberTo>01011234575</NumberTo>
                <DataNumber>0552280126</DataNumber>
                <FaxNumber>0704123456</FaxNumber>
            </NumbersToPort>
            <SubscriberData>
                <CompanyFlag>false</CompanyFlag>
                <CorporationName>Giza Systems</CorporationName>
                <Name>Ali Sami</Name>
                <AccountNum>33345</AccountNum>
                <SIMCardNum>89310410106543789301</SIMCardNum>
                <NIC>52404193527</NIC>
                <CNIC>6110123456789</CNIC>
                <PassportNum>C12345678</PassportNum>
                <OtherId>Senator</OtherId>
                <DateOfBirth>19930515</DateOfBirth>
                <ContactPhone>0552280126</ContactPhone>
                <Fax>0704123456</Fax>
                <City>Cairo</City>
                <Street>Farouk St</Street>
                <Locality>Al Tahrir</Locality>
                <PostCode>123123</PostCode>
                <GroupID>My GroupID</GroupID>
                <AuthorizedPersonName>Rami Sad</AuthorizedPersonName>
                <CorporationAddress>Giza Systems</CorporationAddress>
                <CommercialRegistrationNum>002345</CommercialRegistrationNum>
                <TaxRegistrationNum>132544</TaxRegistrationNum>
            </SubscriberData>
        </PortMessage>
    </NPCMessages>
</NPCData>

03-06-2020 23:30:48.866 INFO  [main]  o.s.c.a.AnnotationConfigApplicationContext.prepareRefresh - Refreshing org.springframework.context.annotation.AnnotationConfigApplicationContext@fa36558: startup date [Wed Jun 03 23:30:48 EET 2020]; root of context hierarchy
03-06-2020 23:30:49.079 INFO  [main]  o.s.oxm.jaxb.Jaxb2Marshaller.createJaxbContextFromContextPath - Creating JAXBContext with context path [com.asset.vodafone.npc.webservice.wsdl]
03-06-2020 23:30:49.135 INFO  [main]  c.a.v.n.w.client.NPCWebserviceProxy.<clinit> - Verifying SSL certificate
03-06-2020 23:30:49.147 INFO  [main]  o.s.w.s.saaj.SaajSoapMessageFactory.afterPropertiesSet - Creating SAAJ 1.3 MessageFactory with SOAP 1.1 Protocol
03-06-2020 23:30:49.174 INFO  [main]  c.a.v.n.c.handler.NPCProcessHandler.sendMessage - Start Sending Request to NTRA for UserName : vodau1 
03-06-2020 23:30:49.174 INFO  [main]  c.a.v.n.c.handler.NPCProcessHandler.sendMessage - Calling NTRA Web Service  EndPoint : http://localhost:8080/NPC-SOAP/NPCWebService 
03-06-2020 23:30:49.273 INFO  [main]  o.s.c.a.AnnotationConfigApplicationContext.doClose - Closing org.springframework.context.annotation.AnnotationConfigApplicationContext@fa36558: startup date [Wed Jun 03 23:30:48 EET 2020]; root of context hierarchy
03-06-2020 23:30:49.273 INFO  [main]  c.a.v.n.c.handler.NPCProcessHandler.sendPendingMessage - Returned message from NTRA Web service = " Runner Done Successfully " 
03-06-2020 23:30:49.274 INFO  [main]  c.a.v.n.c.handler.NPCProcessHandler.sendPendingMessages - Start updating Fields after sending message...
03-06-2020 23:30:52.342 INFO  [main]  c.a.v.n.c.handler.NPCProcessHandler.sendPendingMessages - Updating Fields after sending message has done successfully...
03-06-2020 23:30:59.512 INFO  [main]  c.a.v.n.c.handler.NPCProcessHandler.sendPendingMessages - Start Updating Port Data... 
03-06-2020 23:31:03.589 INFO  [main]  c.a.v.n.c.handler.NPCProcessHandler.sendPendingMessages - Updating Port Data has done successfully with Internal Port ID: 4498330 and updated Port Status with Status: " 20-Accept-R " 
03-06-2020 23:44:37.533 INFO  [main]  c.a.v.n.c.handler.NPCProcessHandler.sendPendingMessages - Start sending NPC message... 
03-06-2020 23:44:37.606 INFO  [main]  c.a.v.n.c.handler.NPCProcessHandler.sendPendingMessage - Sending Message to NTRA : <?xml version="1.0" encoding="UTF-8" standalone="yes"?>
<NPCData>
    <NPCMessages>
        <PortMessage>
            <MessageID>4374306</MessageID>
            <MessageCode>NPR Reject</MessageCode>
            <ServiceType>MOBILE</ServiceType>
            <PortID>P201304251010424727</PortID>
            <RejectCode>SP08</RejectCode>
        </PortMessage>
    </NPCMessages>
</NPCData>

03-06-2020 23:44:37.608 INFO  [main]  o.s.c.a.AnnotationConfigApplicationContext.prepareRefresh - Refreshing org.springframework.context.annotation.AnnotationConfigApplicationContext@460ebd80: startup date [Wed Jun 03 23:44:37 EET 2020]; root of context hierarchy
03-06-2020 23:44:37.618 INFO  [main]  o.s.oxm.jaxb.Jaxb2Marshaller.createJaxbContextFromContextPath - Creating JAXBContext with context path [com.asset.vodafone.npc.webservice.wsdl]
03-06-2020 23:44:37.626 INFO  [main]  o.s.w.s.saaj.SaajSoapMessageFactory.afterPropertiesSet - Creating SAAJ 1.3 MessageFactory with SOAP 1.1 Protocol
03-06-2020 23:44:37.633 INFO  [main]  c.a.v.n.c.handler.NPCProcessHandler.sendMessage - Start Sending Request to NTRA for UserName : vodau1 
03-06-2020 23:44:37.633 INFO  [main]  c.a.v.n.c.handler.NPCProcessHandler.sendMessage - Calling NTRA Web Service  EndPoint : http://localhost:8080/NPC-SOAP/NPCWebService 
03-06-2020 23:44:37.665 INFO  [main]  o.s.c.a.AnnotationConfigApplicationContext.doClose - Closing org.springframework.context.annotation.AnnotationConfigApplicationContext@460ebd80: startup date [Wed Jun 03 23:44:37 EET 2020]; root of context hierarchy
03-06-2020 23:44:37.666 INFO  [main]  c.a.v.n.c.handler.NPCProcessHandler.sendPendingMessage - Returned message from NTRA Web service = " Runner Done Successfully " 
03-06-2020 23:44:37.666 INFO  [main]  c.a.v.n.c.handler.NPCProcessHandler.sendPendingMessages - Start updating Fields after sending message...
03-06-2020 23:44:43.808 INFO  [main]  c.a.v.n.c.handler.NPCProcessHandler.sendPendingMessages - Updating Fields after sending message has done successfully...
03-06-2020 23:44:48.111 INFO  [main]  c.a.v.n.c.handler.NPCProcessHandler.sendPendingMessages - Start Updating Port Data... 
03-06-2020 23:44:51.807 INFO  [main]  c.a.v.n.c.handler.NPCProcessHandler.sendPendingMessages - Updating Port Data has done successfully with Internal Port ID: 1281762 and updated Port Status with Status: " 20-Reject-S " 
03-06-2020 23:44:55.030 INFO  [main]  c.a.v.n.c.handler.NPCProcessHandler.sendPendingMessages - Start sending NPC message... 
03-06-2020 23:44:55.098 INFO  [main]  c.a.v.n.c.handler.NPCProcessHandler.sendPendingMessage - Sending Message to NTRA : <?xml version="1.0" encoding="UTF-8" standalone="yes"?>
<NPCData>
    <NPCMessages>
        <PortMessage>
            <MessageID>4374389</MessageID>
            <MessageCode>NPR Reject</MessageCode>
            <ServiceType>MOBILE</ServiceType>
            <PortID>P201304251152555629</PortID>
            <RejectCode>SP01</RejectCode>
        </PortMessage>
    </NPCMessages>
</NPCData>

03-06-2020 23:44:55.099 INFO  [main]  o.s.c.a.AnnotationConfigApplicationContext.prepareRefresh - Refreshing org.springframework.context.annotation.AnnotationConfigApplicationContext@222eb8aa: startup date [Wed Jun 03 23:44:55 EET 2020]; root of context hierarchy
03-06-2020 23:44:55.108 INFO  [main]  o.s.oxm.jaxb.Jaxb2Marshaller.createJaxbContextFromContextPath - Creating JAXBContext with context path [com.asset.vodafone.npc.webservice.wsdl]
03-06-2020 23:44:55.115 INFO  [main]  o.s.w.s.saaj.SaajSoapMessageFactory.afterPropertiesSet - Creating SAAJ 1.3 MessageFactory with SOAP 1.1 Protocol
03-06-2020 23:44:55.123 INFO  [main]  c.a.v.n.c.handler.NPCProcessHandler.sendMessage - Start Sending Request to NTRA for UserName : vodau1 
03-06-2020 23:44:55.124 INFO  [main]  c.a.v.n.c.handler.NPCProcessHandler.sendMessage - Calling NTRA Web Service  EndPoint : http://localhost:8080/NPC-SOAP/NPCWebService 
03-06-2020 23:44:55.150 INFO  [main]  o.s.c.a.AnnotationConfigApplicationContext.doClose - Closing org.springframework.context.annotation.AnnotationConfigApplicationContext@222eb8aa: startup date [Wed Jun 03 23:44:55 EET 2020]; root of context hierarchy
03-06-2020 23:44:55.150 INFO  [main]  c.a.v.n.c.handler.NPCProcessHandler.sendPendingMessage - Returned message from NTRA Web service = " Runner Done Successfully " 
03-06-2020 23:44:55.151 INFO  [main]  c.a.v.n.c.handler.NPCProcessHandler.sendPendingMessages - Start updating Fields after sending message...
03-06-2020 23:44:57.207 INFO  [main]  c.a.v.n.c.handler.NPCProcessHandler.sendPendingMessages - Updating Fields after sending message has done successfully...
03-06-2020 23:44:58.263 INFO  [main]  c.a.v.n.c.handler.NPCProcessHandler.sendPendingMessages - Start Updating Port Data... 
03-06-2020 23:45:01.464 INFO  [main]  c.a.v.n.c.handler.NPCProcessHandler.sendPendingMessages - Updating Port Data has done successfully with Internal Port ID: 1282221 and updated Port Status with Status: " 20-Reject-S " 
03-06-2020 23:45:04.945 INFO  [main]  c.a.v.n.c.handler.NPCProcessHandler.sendPendingMessages - Start sending NPC message... 
03-06-2020 23:45:05.017 INFO  [main]  c.a.v.n.c.handler.NPCProcessHandler.sendPendingMessage - Sending Message to NTRA : <?xml version="1.0" encoding="UTF-8" standalone="yes"?>
<NPCData>
    <NPCMessages>
        <PortMessage>
            <MessageID>4374600</MessageID>
            <MessageCode>NPR Reject</MessageCode>
            <ServiceType>MOBILE</ServiceType>
            <PortID>P201304261237479061</PortID>
            <RejectCode>SP01</RejectCode>
        </PortMessage>
    </NPCMessages>
</NPCData>

03-06-2020 23:45:05.018 INFO  [main]  o.s.c.a.AnnotationConfigApplicationContext.prepareRefresh - Refreshing org.springframework.context.annotation.AnnotationConfigApplicationContext@3700ec9c: startup date [Wed Jun 03 23:45:05 EET 2020]; root of context hierarchy
03-06-2020 23:45:05.027 INFO  [main]  o.s.oxm.jaxb.Jaxb2Marshaller.createJaxbContextFromContextPath - Creating JAXBContext with context path [com.asset.vodafone.npc.webservice.wsdl]
03-06-2020 23:45:05.034 INFO  [main]  o.s.w.s.saaj.SaajSoapMessageFactory.afterPropertiesSet - Creating SAAJ 1.3 MessageFactory with SOAP 1.1 Protocol
03-06-2020 23:45:05.042 INFO  [main]  c.a.v.n.c.handler.NPCProcessHandler.sendMessage - Start Sending Request to NTRA for UserName : vodau1 
03-06-2020 23:45:05.043 INFO  [main]  c.a.v.n.c.handler.NPCProcessHandler.sendMessage - Calling NTRA Web Service  EndPoint : http://localhost:8080/NPC-SOAP/NPCWebService 
03-06-2020 23:45:05.071 INFO  [main]  o.s.c.a.AnnotationConfigApplicationContext.doClose - Closing org.springframework.context.annotation.AnnotationConfigApplicationContext@3700ec9c: startup date [Wed Jun 03 23:45:05 EET 2020]; root of context hierarchy
03-06-2020 23:45:05.072 INFO  [main]  c.a.v.n.c.handler.NPCProcessHandler.sendPendingMessage - Returned message from NTRA Web service = " Runner Done Successfully " 
03-06-2020 23:45:05.072 INFO  [main]  c.a.v.n.c.handler.NPCProcessHandler.sendPendingMessages - Start updating Fields after sending message...
03-06-2020 23:45:07.362 INFO  [main]  c.a.v.n.c.handler.NPCProcessHandler.sendPendingMessages - Updating Fields after sending message has done successfully...
03-06-2020 23:45:08.743 INFO  [main]  c.a.v.n.c.handler.NPCProcessHandler.sendPendingMessages - Start Updating Port Data... 
03-06-2020 23:45:12.552 INFO  [main]  c.a.v.n.c.handler.NPCProcessHandler.sendPendingMessages - Updating Port Data has done successfully with Internal Port ID: 1282868 and updated Port Status with Status: " 20-Reject-S " 
03-06-2020 23:45:16.663 INFO  [main]  c.a.v.n.c.handler.NPCProcessHandler.sendPendingMessages - Start sending NPC message... 
03-06-2020 23:45:16.753 INFO  [main]  c.a.v.n.c.handler.NPCProcessHandler.sendPendingMessage - Sending Message to NTRA : <?xml version="1.0" encoding="UTF-8" standalone="yes"?>
<NPCData>
    <NPCMessages>
        <PortMessage>
            <MessageID>4374601</MessageID>
            <MessageCode>NPR Reject</MessageCode>
            <ServiceType>MOBILE</ServiceType>
            <PortID>P201304251049095088</PortID>
            <RejectCode>SP03</RejectCode>
        </PortMessage>
    </NPCMessages>
</NPCData>

03-06-2020 23:45:16.754 INFO  [main]  o.s.c.a.AnnotationConfigApplicationContext.prepareRefresh - Refreshing org.springframework.context.annotation.AnnotationConfigApplicationContext@56aaaecd: startup date [Wed Jun 03 23:45:16 EET 2020]; root of context hierarchy
03-06-2020 23:45:16.765 INFO  [main]  o.s.oxm.jaxb.Jaxb2Marshaller.createJaxbContextFromContextPath - Creating JAXBContext with context path [com.asset.vodafone.npc.webservice.wsdl]
03-06-2020 23:45:16.773 INFO  [main]  o.s.w.s.saaj.SaajSoapMessageFactory.afterPropertiesSet - Creating SAAJ 1.3 MessageFactory with SOAP 1.1 Protocol
03-06-2020 23:45:16.785 INFO  [main]  c.a.v.n.c.handler.NPCProcessHandler.sendMessage - Start Sending Request to NTRA for UserName : vodau1 
03-06-2020 23:45:16.786 INFO  [main]  c.a.v.n.c.handler.NPCProcessHandler.sendMessage - Calling NTRA Web Service  EndPoint : http://localhost:8080/NPC-SOAP/NPCWebService 
03-06-2020 23:45:16.805 INFO  [main]  o.s.c.a.AnnotationConfigApplicationContext.doClose - Closing org.springframework.context.annotation.AnnotationConfigApplicationContext@56aaaecd: startup date [Wed Jun 03 23:45:16 EET 2020]; root of context hierarchy
03-06-2020 23:45:16.805 INFO  [main]  c.a.v.n.c.handler.NPCProcessHandler.sendPendingMessage - Returned message from NTRA Web service = " Runner Done Successfully " 
03-06-2020 23:45:16.805 INFO  [main]  c.a.v.n.c.handler.NPCProcessHandler.sendPendingMessages - Start updating Fields after sending message...
03-06-2020 23:45:19.422 INFO  [main]  c.a.v.n.c.handler.NPCProcessHandler.sendPendingMessages - Updating Fields after sending message has done successfully...
03-06-2020 23:45:20.840 INFO  [main]  c.a.v.n.c.handler.NPCProcessHandler.sendPendingMessages - Start Updating Port Data... 
03-06-2020 23:45:24.948 INFO  [main]  c.a.v.n.c.handler.NPCProcessHandler.sendPendingMessages - Updating Port Data has done successfully with Internal Port ID: 1281937 and updated Port Status with Status: " 20-Reject-S " 
03-06-2020 23:45:29.455 INFO  [main]  c.a.v.n.c.handler.NPCProcessHandler.sendPendingMessages - Start sending NPC message... 
03-06-2020 23:45:29.520 INFO  [main]  c.a.v.n.c.handler.NPCProcessHandler.sendPendingMessage - Sending Message to NTRA : <?xml version="1.0" encoding="UTF-8" standalone="yes"?>
<NPCData>
    <NPCMessages>
        <PortMessage>
            <MessageID>4374602</MessageID>
            <MessageCode>NPR Reject</MessageCode>
            <ServiceType>MOBILE</ServiceType>
            <PortID>P201304251051145048</PortID>
            <RejectCode>SP08</RejectCode>
        </PortMessage>
    </NPCMessages>
</NPCData>

03-06-2020 23:45:29.521 INFO  [main]  o.s.c.a.AnnotationConfigApplicationContext.prepareRefresh - Refreshing org.springframework.context.annotation.AnnotationConfigApplicationContext@3eeb318f: startup date [Wed Jun 03 23:45:29 EET 2020]; root of context hierarchy
03-06-2020 23:45:29.530 INFO  [main]  o.s.oxm.jaxb.Jaxb2Marshaller.createJaxbContextFromContextPath - Creating JAXBContext with context path [com.asset.vodafone.npc.webservice.wsdl]
03-06-2020 23:45:29.536 INFO  [main]  o.s.w.s.saaj.SaajSoapMessageFactory.afterPropertiesSet - Creating SAAJ 1.3 MessageFactory with SOAP 1.1 Protocol
03-06-2020 23:45:29.543 INFO  [main]  c.a.v.n.c.handler.NPCProcessHandler.sendMessage - Start Sending Request to NTRA for UserName : vodau1 
03-06-2020 23:45:29.544 INFO  [main]  c.a.v.n.c.handler.NPCProcessHandler.sendMessage - Calling NTRA Web Service  EndPoint : http://localhost:8080/NPC-SOAP/NPCWebService 
03-06-2020 23:45:29.559 INFO  [main]  o.s.c.a.AnnotationConfigApplicationContext.doClose - Closing org.springframework.context.annotation.AnnotationConfigApplicationContext@3eeb318f: startup date [Wed Jun 03 23:45:29 EET 2020]; root of context hierarchy
03-06-2020 23:45:29.560 INFO  [main]  c.a.v.n.c.handler.NPCProcessHandler.sendPendingMessage - Returned message from NTRA Web service = " Runner Done Successfully " 
03-06-2020 23:45:29.560 INFO  [main]  c.a.v.n.c.handler.NPCProcessHandler.sendPendingMessages - Start updating Fields after sending message...
03-06-2020 23:45:34.221 INFO  [main]  c.a.v.n.c.handler.NPCProcessHandler.sendPendingMessages - Updating Fields after sending message has done successfully...
03-06-2020 23:45:37.052 INFO  [main]  c.a.v.n.c.handler.NPCProcessHandler.sendPendingMessages - Start Updating Port Data... 
03-06-2020 23:45:48.614 INFO  [main]  c.a.v.n.c.handler.NPCProcessHandler.sendPendingMessages - Updating Port Data has done successfully with Internal Port ID: 1281945 and updated Port Status with Status: " 20-Reject-S " 
03-06-2020 23:45:55.204 INFO  [main]  c.a.v.n.c.handler.NPCProcessHandler.sendPendingMessages - Start sending NPC message... 
03-06-2020 23:45:55.273 INFO  [main]  c.a.v.n.c.handler.NPCProcessHandler.sendPendingMessage - Sending Message to NTRA : <?xml version="1.0" encoding="UTF-8" standalone="yes"?>
<NPCData>
    <NPCMessages>
        <PortMessage>
            <MessageID>4374610</MessageID>
            <MessageCode>NPR Reject</MessageCode>
            <ServiceType>MOBILE</ServiceType>
            <PortID>P201304251153055630</PortID>
            <RejectCode>SP01</RejectCode>
        </PortMessage>
    </NPCMessages>
</NPCData>

03-06-2020 23:45:55.274 INFO  [main]  o.s.c.a.AnnotationConfigApplicationContext.prepareRefresh - Refreshing org.springframework.context.annotation.AnnotationConfigApplicationContext@502f1f4c: startup date [Wed Jun 03 23:45:55 EET 2020]; root of context hierarchy
03-06-2020 23:45:55.282 INFO  [main]  o.s.oxm.jaxb.Jaxb2Marshaller.createJaxbContextFromContextPath - Creating JAXBContext with context path [com.asset.vodafone.npc.webservice.wsdl]
03-06-2020 23:45:55.289 INFO  [main]  o.s.w.s.saaj.SaajSoapMessageFactory.afterPropertiesSet - Creating SAAJ 1.3 MessageFactory with SOAP 1.1 Protocol
03-06-2020 23:45:55.292 INFO  [main]  c.a.v.n.c.handler.NPCProcessHandler.sendMessage - Start Sending Request to NTRA for UserName : vodau1 
03-06-2020 23:45:55.292 INFO  [main]  c.a.v.n.c.handler.NPCProcessHandler.sendMessage - Calling NTRA Web Service  EndPoint : http://localhost:8080/NPC-SOAP/NPCWebService 
03-06-2020 23:45:55.307 INFO  [main]  o.s.c.a.AnnotationConfigApplicationContext.doClose - Closing org.springframework.context.annotation.AnnotationConfigApplicationContext@502f1f4c: startup date [Wed Jun 03 23:45:55 EET 2020]; root of context hierarchy
03-06-2020 23:45:55.307 INFO  [main]  c.a.v.n.c.handler.NPCProcessHandler.sendPendingMessage - Returned message from NTRA Web service = " Runner Done Successfully " 
03-06-2020 23:45:55.307 INFO  [main]  c.a.v.n.c.handler.NPCProcessHandler.sendPendingMessages - Start updating Fields after sending message...
03-06-2020 23:45:58.457 INFO  [main]  c.a.v.n.c.handler.NPCProcessHandler.sendPendingMessages - Updating Fields after sending message has done successfully...
03-06-2020 23:46:00.060 INFO  [main]  c.a.v.n.c.handler.NPCProcessHandler.sendPendingMessages - Start Updating Port Data... 
03-06-2020 23:46:04.013 INFO  [main]  c.a.v.n.c.handler.NPCProcessHandler.sendPendingMessages - Updating Port Data has done successfully with Internal Port ID: 1282222 and updated Port Status with Status: " 20-Reject-S " 
03-06-2020 23:46:08.527 INFO  [main]  c.a.v.n.c.handler.NPCProcessHandler.sendPendingMessages - Start sending NPC message... 
03-06-2020 23:46:08.603 INFO  [main]  c.a.v.n.c.handler.NPCProcessHandler.sendPendingMessage - Sending Message to NTRA : <?xml version="1.0" encoding="UTF-8" standalone="yes"?>
<NPCData>
    <NPCMessages>
        <PortMessage>
            <MessageID>4374611</MessageID>
            <MessageCode>NPR Reject</MessageCode>
            <ServiceType>MOBILE</ServiceType>
            <PortID>P201304261345389832</PortID>
            <RejectCode>SP09</RejectCode>
        </PortMessage>
    </NPCMessages>
</NPCData>

03-06-2020 23:46:08.604 INFO  [main]  o.s.c.a.AnnotationConfigApplicationContext.prepareRefresh - Refreshing org.springframework.context.annotation.AnnotationConfigApplicationContext@165b2f7f: startup date [Wed Jun 03 23:46:08 EET 2020]; root of context hierarchy
03-06-2020 23:46:08.612 INFO  [main]  o.s.oxm.jaxb.Jaxb2Marshaller.createJaxbContextFromContextPath - Creating JAXBContext with context path [com.asset.vodafone.npc.webservice.wsdl]
03-06-2020 23:46:08.620 INFO  [main]  o.s.w.s.saaj.SaajSoapMessageFactory.afterPropertiesSet - Creating SAAJ 1.3 MessageFactory with SOAP 1.1 Protocol
03-06-2020 23:46:08.624 INFO  [main]  c.a.v.n.c.handler.NPCProcessHandler.sendMessage - Start Sending Request to NTRA for UserName : vodau1 
03-06-2020 23:46:08.624 INFO  [main]  c.a.v.n.c.handler.NPCProcessHandler.sendMessage - Calling NTRA Web Service  EndPoint : http://localhost:8080/NPC-SOAP/NPCWebService 
03-06-2020 23:46:08.646 INFO  [main]  o.s.c.a.AnnotationConfigApplicationContext.doClose - Closing org.springframework.context.annotation.AnnotationConfigApplicationContext@165b2f7f: startup date [Wed Jun 03 23:46:08 EET 2020]; root of context hierarchy
03-06-2020 23:46:08.646 INFO  [main]  c.a.v.n.c.handler.NPCProcessHandler.sendPendingMessage - Returned message from NTRA Web service = " Runner Done Successfully " 
03-06-2020 23:46:08.647 INFO  [main]  c.a.v.n.c.handler.NPCProcessHandler.sendPendingMessages - Start updating Fields after sending message...
03-06-2020 23:46:11.383 INFO  [main]  c.a.v.n.c.handler.NPCProcessHandler.sendPendingMessages - Updating Fields after sending message has done successfully...
03-06-2020 23:46:13.004 INFO  [main]  c.a.v.n.c.handler.NPCProcessHandler.sendPendingMessages - Start Updating Port Data... 
03-06-2020 23:46:16.506 INFO  [main]  c.a.v.n.c.handler.NPCProcessHandler.sendPendingMessages - Updating Port Data has done successfully with Internal Port ID: 1282908 and updated Port Status with Status: " 20-Reject-S " 
03-06-2020 23:46:20.402 INFO  [main]  c.a.v.n.c.handler.NPCProcessHandler.sendPendingMessages - Start sending NPC message... 
03-06-2020 23:46:20.476 INFO  [main]  c.a.v.n.c.handler.NPCProcessHandler.sendPendingMessage - Sending Message to NTRA : <?xml version="1.0" encoding="UTF-8" standalone="yes"?>
<NPCData>
    <NPCMessages>
        <PortMessage>
            <MessageID>4374612</MessageID>
            <MessageCode>NPR Reject</MessageCode>
            <ServiceType>MOBILE</ServiceType>
            <PortID>P201304251116175363</PortID>
            <RejectCode>SP03</RejectCode>
        </PortMessage>
    </NPCMessages>
</NPCData>

03-06-2020 23:46:20.477 INFO  [main]  o.s.c.a.AnnotationConfigApplicationContext.prepareRefresh - Refreshing org.springframework.context.annotation.AnnotationConfigApplicationContext@716a7124: startup date [Wed Jun 03 23:46:20 EET 2020]; root of context hierarchy
03-06-2020 23:46:20.485 INFO  [main]  o.s.oxm.jaxb.Jaxb2Marshaller.createJaxbContextFromContextPath - Creating JAXBContext with context path [com.asset.vodafone.npc.webservice.wsdl]
03-06-2020 23:46:20.491 INFO  [main]  o.s.w.s.saaj.SaajSoapMessageFactory.afterPropertiesSet - Creating SAAJ 1.3 MessageFactory with SOAP 1.1 Protocol
03-06-2020 23:46:20.495 INFO  [main]  c.a.v.n.c.handler.NPCProcessHandler.sendMessage - Start Sending Request to NTRA for UserName : vodau1 
03-06-2020 23:46:20.495 INFO  [main]  c.a.v.n.c.handler.NPCProcessHandler.sendMessage - Calling NTRA Web Service  EndPoint : http://localhost:8080/NPC-SOAP/NPCWebService 
03-06-2020 23:46:20.508 INFO  [main]  o.s.c.a.AnnotationConfigApplicationContext.doClose - Closing org.springframework.context.annotation.AnnotationConfigApplicationContext@716a7124: startup date [Wed Jun 03 23:46:20 EET 2020]; root of context hierarchy
03-06-2020 23:46:20.508 INFO  [main]  c.a.v.n.c.handler.NPCProcessHandler.sendPendingMessage - Returned message from NTRA Web service = " Runner Done Successfully " 
03-06-2020 23:46:20.509 INFO  [main]  c.a.v.n.c.handler.NPCProcessHandler.sendPendingMessages - Start updating Fields after sending message...
03-06-2020 23:46:22.882 INFO  [main]  c.a.v.n.c.handler.NPCProcessHandler.sendPendingMessages - Updating Fields after sending message has done successfully...
03-06-2020 23:46:24.094 INFO  [main]  c.a.v.n.c.handler.NPCProcessHandler.sendPendingMessages - Start Updating Port Data... 
03-06-2020 23:46:27.330 INFO  [main]  c.a.v.n.c.handler.NPCProcessHandler.sendPendingMessages - Updating Port Data has done successfully with Internal Port ID: 1282037 and updated Port Status with Status: " 20-Reject-S " 
16-06-2020 15:03:33.617 INFO  [main]  o.s.c.a.AnnotationConfigApplicationContext.prepareRefresh - Refreshing org.springframework.context.annotation.AnnotationConfigApplicationContext@1ddf84b8: startup date [Tue Jun 16 15:03:33 EET 2020]; root of context hierarchy
16-06-2020 15:03:34.194 INFO  [main]  o.s.oxm.jaxb.Jaxb2Marshaller.createJaxbContextFromContextPath - Creating JAXBContext with context path [com.asset.vodafone.npc.webservice.wsdl]
16-06-2020 15:03:34.400 INFO  [main]  c.a.v.n.w.client.NPCWebserviceProxy.<clinit> - Verifying SSL certificate
16-06-2020 15:03:34.431 INFO  [main]  o.s.w.s.saaj.SaajSoapMessageFactory.afterPropertiesSet - Creating SAAJ 1.3 MessageFactory with SOAP 1.1 Protocol
16-06-2020 15:03:34.526 INFO  [main]  c.a.v.n.c.handler.NPCProcessHandler.sendMessage - Start Sending Request to NTRA for UserName : vodau1 
16-06-2020 15:03:34.527 INFO  [main]  c.a.v.n.c.handler.NPCProcessHandler.sendMessage - Calling NTRA Web Service  EndPoint : http://localhost:8080/NPC-SOAP/NPCWebService 
16-06-2020 15:03:36.794 INFO  [main]  o.s.c.a.AnnotationConfigApplicationContext.doClose - Closing org.springframework.context.annotation.AnnotationConfigApplicationContext@1ddf84b8: startup date [Tue Jun 16 15:03:33 EET 2020]; root of context hierarchy
16-06-2020 15:04:01.295 INFO  [main]  o.s.c.a.AnnotationConfigApplicationContext.prepareRefresh - Refreshing org.springframework.context.annotation.AnnotationConfigApplicationContext@a9cd3b1: startup date [Tue Jun 16 15:04:01 EET 2020]; root of context hierarchy
16-06-2020 15:04:01.833 INFO  [main]  o.s.oxm.jaxb.Jaxb2Marshaller.createJaxbContextFromContextPath - Creating JAXBContext with context path [com.asset.vodafone.npc.webservice.wsdl]
16-06-2020 15:04:02.046 INFO  [main]  c.a.v.n.w.client.NPCWebserviceProxy.<clinit> - Verifying SSL certificate
16-06-2020 15:04:02.070 INFO  [main]  o.s.w.s.saaj.SaajSoapMessageFactory.afterPropertiesSet - Creating SAAJ 1.3 MessageFactory with SOAP 1.1 Protocol
16-06-2020 15:04:02.144 INFO  [main]  c.a.v.n.c.handler.NPCProcessHandler.sendMessage - Start Sending Request to NTRA for UserName : vodau1 
16-06-2020 15:04:02.148 INFO  [main]  c.a.v.n.c.handler.NPCProcessHandler.sendMessage - Calling NTRA Web Service  EndPoint : http://localhost:8080/NPC-SOAP/NPCWebService 
16-06-2020 15:04:04.383 INFO  [main]  o.s.c.a.AnnotationConfigApplicationContext.doClose - Closing org.springframework.context.annotation.AnnotationConfigApplicationContext@a9cd3b1: startup date [Tue Jun 16 15:04:01 EET 2020]; root of context hierarchy
16-06-2020 15:51:29.406 INFO  [main]  o.s.c.a.AnnotationConfigApplicationContext.prepareRefresh - Refreshing org.springframework.context.annotation.AnnotationConfigApplicationContext@a9cd3b1: startup date [Tue Jun 16 15:51:29 EET 2020]; root of context hierarchy
16-06-2020 15:51:29.873 INFO  [main]  o.s.oxm.jaxb.Jaxb2Marshaller.createJaxbContextFromContextPath - Creating JAXBContext with context path [com.asset.vodafone.npc.webservice.wsdl]
16-06-2020 15:51:30.073 INFO  [main]  o.s.w.s.saaj.SaajSoapMessageFactory.afterPropertiesSet - Creating SAAJ 1.3 MessageFactory with SOAP 1.1 Protocol
16-06-2020 15:51:32.374 INFO  [main]  o.s.c.a.AnnotationConfigApplicationContext.doClose - Closing org.springframework.context.annotation.AnnotationConfigApplicationContext@a9cd3b1: startup date [Tue Jun 16 15:51:29 EET 2020]; root of context hierarchy
16-06-2020 15:52:10.335 INFO  [main]  o.s.c.a.AnnotationConfigApplicationContext.prepareRefresh - Refreshing org.springframework.context.annotation.AnnotationConfigApplicationContext@a9cd3b1: startup date [Tue Jun 16 15:52:10 EET 2020]; root of context hierarchy
16-06-2020 15:52:10.805 INFO  [main]  o.s.oxm.jaxb.Jaxb2Marshaller.createJaxbContextFromContextPath - Creating JAXBContext with context path [com.asset.vodafone.npc.webservice.wsdl]
16-06-2020 15:52:11.026 INFO  [main]  o.s.w.s.saaj.SaajSoapMessageFactory.afterPropertiesSet - Creating SAAJ 1.3 MessageFactory with SOAP 1.1 Protocol
16-06-2020 15:52:13.321 INFO  [main]  o.s.c.a.AnnotationConfigApplicationContext.doClose - Closing org.springframework.context.annotation.AnnotationConfigApplicationContext@a9cd3b1: startup date [Tue Jun 16 15:52:10 EET 2020]; root of context hierarchy
16-06-2020 15:55:23.842 INFO  [main]  o.s.c.a.AnnotationConfigApplicationContext.prepareRefresh - Refreshing org.springframework.context.annotation.AnnotationConfigApplicationContext@a9cd3b1: startup date [Tue Jun 16 15:55:23 EET 2020]; root of context hierarchy
16-06-2020 15:55:24.388 INFO  [main]  o.s.oxm.jaxb.Jaxb2Marshaller.createJaxbContextFromContextPath - Creating JAXBContext with context path [com.asset.vodafone.npc.webservice.wsdl]
16-06-2020 15:55:24.658 INFO  [main]  o.s.w.s.saaj.SaajSoapMessageFactory.afterPropertiesSet - Creating SAAJ 1.3 MessageFactory with SOAP 1.1 Protocol
16-06-2020 15:55:26.973 INFO  [main]  o.s.c.a.AnnotationConfigApplicationContext.doClose - Closing org.springframework.context.annotation.AnnotationConfigApplicationContext@a9cd3b1: startup date [Tue Jun 16 15:55:23 EET 2020]; root of context hierarchy
16-06-2020 16:46:02.915 INFO  [main]  o.s.c.a.AnnotationConfigApplicationContext.prepareRefresh - Refreshing org.springframework.context.annotation.AnnotationConfigApplicationContext@353d0772: startup date [Tue Jun 16 16:46:02 EET 2020]; root of context hierarchy
16-06-2020 16:46:03.410 INFO  [main]  o.s.oxm.jaxb.Jaxb2Marshaller.createJaxbContextFromContextPath - Creating JAXBContext with context path [com.asset.vodafone.npc.webservice.wsdl]
16-06-2020 16:46:03.628 INFO  [main]  o.s.w.s.saaj.SaajSoapMessageFactory.afterPropertiesSet - Creating SAAJ 1.3 MessageFactory with SOAP 1.1 Protocol
16-06-2020 16:46:05.960 INFO  [main]  o.s.c.a.AnnotationConfigApplicationContext.doClose - Closing org.springframework.context.annotation.AnnotationConfigApplicationContext@353d0772: startup date [Tue Jun 16 16:46:02 EET 2020]; root of context hierarchy
16-06-2020 16:46:40.748 INFO  [main]  o.s.c.a.AnnotationConfigApplicationContext.prepareRefresh - Refreshing org.springframework.context.annotation.AnnotationConfigApplicationContext@a9cd3b1: startup date [Tue Jun 16 16:46:40 EET 2020]; root of context hierarchy
16-06-2020 16:46:41.291 INFO  [main]  o.s.oxm.jaxb.Jaxb2Marshaller.createJaxbContextFromContextPath - Creating JAXBContext with context path [com.asset.vodafone.npc.webservice.wsdl]
16-06-2020 16:46:41.525 INFO  [main]  o.s.w.s.saaj.SaajSoapMessageFactory.afterPropertiesSet - Creating SAAJ 1.3 MessageFactory with SOAP 1.1 Protocol
16-06-2020 16:46:43.843 INFO  [main]  o.s.c.a.AnnotationConfigApplicationContext.doClose - Closing org.springframework.context.annotation.AnnotationConfigApplicationContext@a9cd3b1: startup date [Tue Jun 16 16:46:40 EET 2020]; root of context hierarchy
