05-07-2020 10:14:44.299 DEBUG [main]  c.a.v.npc.core.service.NPCService.getDBConnection - Start Initializing Database Connection..
05-07-2020 10:14:47.361 DEBUG [main]  c.a.v.npc.core.service.NPCService.getDBConnection - Initializing Database Connection has been done Successfully...
05-07-2020 10:14:47.369 DEBUG [main]  c.a.v.n.c.handler.NPCProcessHandler.sendPendingMessages - Start retrieving unsent NPC messages
05-07-2020 10:14:47.375 DEBUG [main]  c.a.v.npc.core.dao.NPCMessageDAO.getUnsentMessages - Start retrieving unsent messages of type port message
05-07-2020 10:15:50.731 DEBUG [main]  c.a.v.npc.core.service.NPCService.getDBConnection - Start Initializing Database Connection..
05-07-2020 10:15:53.436 DEBUG [main]  c.a.v.npc.core.service.NPCService.getDBConnection - Initializing Database Connection has been done Successfully...
05-07-2020 10:15:53.448 DEBUG [main]  c.a.v.n.c.handler.NPCProcessHandler.sendPendingMessages - Start retrieving unsent NPC messages
05-07-2020 10:15:53.453 DEBUG [main]  c.a.v.npc.core.dao.NPCMessageDAO.getUnsentMessages - Start retrieving unsent messages of type port message
05-07-2020 10:15:54.000 DEBUG [main]  c.a.v.npc.core.dao.PortMessageDAO.getUnsentMessages - Start select unsent messages from NPC_Message and PORT_MESSAGE 
05-07-2020 10:15:54.882 DEBUG [main]  c.a.v.npc.core.dao.PortMessageDAO.getUnsentMessages - Retrieving unsent messages of type port message has been done successfully and number of unsent messages =0
05-07-2020 10:15:54.884 DEBUG [main]  c.a.v.npc.core.dao.NPCMessageDAO.getUnsentMessages - Start retrieving unsent messages of type bulk sync message
05-07-2020 10:15:55.173 DEBUG [main]  c.a.v.n.core.dao.BulkSyncMessageDAO.getUnsentMessages - Start select unsent messages from NPC_Message and BULK_SYNC_MESSAGE 
05-07-2020 10:15:55.976 DEBUG [main]  c.a.v.n.core.dao.BulkSyncMessageDAO.getUnsentMessages - Retrieving unsent messages of type bulk sync message has been done successfully and number of unsent messages =0
05-07-2020 10:15:55.976 DEBUG [main]  c.a.v.n.c.handler.NPCProcessHandler.sendPendingMessages - Retrieving unsent NPC messges has been done Successfully...
05-07-2020 10:15:55.977 DEBUG [main]  c.a.v.n.c.handler.NPCProcessHandler.sendPendingMessages - Total number of unsent NPC messsages = 0 
05-07-2020 10:16:55.985 DEBUG [main]  c.a.v.n.c.handler.NPCProcessHandler.sendPendingMessages - Start retrieving unsent NPC messages
05-07-2020 10:16:55.987 DEBUG [main]  c.a.v.npc.core.dao.NPCMessageDAO.getUnsentMessages - Start retrieving unsent messages of type port message
05-07-2020 10:17:56.006 DEBUG [main]  c.a.v.npc.core.service.NPCService.getDBConnection - Start Initializing Database Connection..
05-07-2020 10:18:17.119 DEBUG [main]  c.a.v.npc.core.service.NPCService.getDBConnection - Start Initializing Database Connection..
05-07-2020 10:18:38.127 DEBUG [main]  c.a.v.npc.core.service.NPCService.getDBConnection - Start Initializing Database Connection..
05-07-2020 10:19:59.132 DEBUG [main]  c.a.v.npc.core.service.NPCService.getDBConnection - Start Initializing Database Connection..
05-07-2020 10:20:20.151 DEBUG [main]  c.a.v.npc.core.service.NPCService.getDBConnection - Start Initializing Database Connection..
05-07-2020 10:20:41.169 DEBUG [main]  c.a.v.npc.core.service.NPCService.getDBConnection - Start Initializing Database Connection..
05-07-2020 10:20:43.524 DEBUG [main]  c.a.v.npc.core.service.NPCService.getDBConnection - Initializing Database Connection has been done Successfully...
05-07-2020 10:20:43.529 DEBUG [main]  c.a.v.n.c.handler.NPCProcessHandler.sendPendingMessages - Start retrieving unsent NPC messages
05-07-2020 10:20:43.529 DEBUG [main]  c.a.v.npc.core.dao.NPCMessageDAO.getUnsentMessages - Start retrieving unsent messages of type port message
05-07-2020 10:20:44.036 DEBUG [main]  c.a.v.npc.core.dao.PortMessageDAO.getUnsentMessages - Start select unsent messages from NPC_Message and PORT_MESSAGE 
05-07-2020 10:20:44.651 DEBUG [main]  c.a.v.npc.core.dao.PortMessageDAO.getUnsentMessages - Retrieving unsent messages of type port message has been done successfully and number of unsent messages =0
05-07-2020 10:20:44.653 DEBUG [main]  c.a.v.npc.core.dao.NPCMessageDAO.getUnsentMessages - Start retrieving unsent messages of type bulk sync message
05-07-2020 10:20:44.992 DEBUG [main]  c.a.v.n.core.dao.BulkSyncMessageDAO.getUnsentMessages - Start select unsent messages from NPC_Message and BULK_SYNC_MESSAGE 
05-07-2020 10:20:49.970 DEBUG [main]  c.a.v.npc.core.service.NPCService.getDBConnection - Start Initializing Database Connection..
05-07-2020 10:20:52.845 DEBUG [main]  c.a.v.npc.core.service.NPCService.getDBConnection - Initializing Database Connection has been done Successfully...
05-07-2020 10:20:52.857 DEBUG [main]  c.a.v.n.c.handler.NPCProcessHandler.sendPendingMessages - Start retrieving unsent NPC messages
05-07-2020 10:20:52.862 DEBUG [main]  c.a.v.npc.core.dao.NPCMessageDAO.getUnsentMessages - Start retrieving unsent messages of type port message
05-07-2020 10:20:53.968 DEBUG [main]  c.a.v.npc.core.dao.PortMessageDAO.getUnsentMessages - Start select unsent messages from NPC_Message and PORT_MESSAGE 
05-07-2020 10:20:54.591 DEBUG [main]  c.a.v.npc.core.dao.PortMessageDAO.getUnsentMessages - Retrieving unsent messages of type port message has been done successfully and number of unsent messages =0
05-07-2020 10:20:54.594 DEBUG [main]  c.a.v.npc.core.dao.NPCMessageDAO.getUnsentMessages - Start retrieving unsent messages of type bulk sync message
05-07-2020 10:20:54.928 DEBUG [main]  c.a.v.n.core.dao.BulkSyncMessageDAO.getUnsentMessages - Start select unsent messages from NPC_Message and BULK_SYNC_MESSAGE 
05-07-2020 10:22:46.702 DEBUG [main]  c.a.v.npc.core.service.NPCService.getDBConnection - Start Initializing Database Connection..
05-07-2020 10:23:07.715 DEBUG [main]  c.a.v.npc.core.service.NPCService.getDBConnection - Start Initializing Database Connection..
05-07-2020 10:23:28.733 DEBUG [main]  c.a.v.npc.core.service.NPCService.getDBConnection - Start Initializing Database Connection..
05-07-2020 10:24:49.741 DEBUG [main]  c.a.v.npc.core.service.NPCService.getDBConnection - Start Initializing Database Connection..
05-07-2020 10:25:01.838 DEBUG [main]  c.a.v.npc.core.service.NPCService.getDBConnection - Start Initializing Database Connection..
05-07-2020 10:25:22.843 DEBUG [main]  c.a.v.npc.core.service.NPCService.getDBConnection - Start Initializing Database Connection..
05-07-2020 10:26:43.848 DEBUG [main]  c.a.v.npc.core.service.NPCService.getDBConnection - Start Initializing Database Connection..
05-07-2020 10:27:04.865 DEBUG [main]  c.a.v.npc.core.service.NPCService.getDBConnection - Start Initializing Database Connection..
05-07-2020 10:27:06.558 DEBUG [main]  c.a.v.npc.core.service.NPCService.getDBConnection - Initializing Database Connection has been done Successfully...
05-07-2020 10:27:06.563 DEBUG [main]  c.a.v.n.c.handler.NPCProcessHandler.sendPendingMessages - Start retrieving unsent NPC messages
05-07-2020 10:27:06.564 DEBUG [main]  c.a.v.npc.core.dao.NPCMessageDAO.getUnsentMessages - Start retrieving unsent messages of type port message
05-07-2020 10:27:06.942 DEBUG [main]  c.a.v.npc.core.dao.PortMessageDAO.getUnsentMessages - Start select unsent messages from NPC_Message and PORT_MESSAGE 
05-07-2020 10:27:07.651 DEBUG [main]  c.a.v.npc.core.dao.PortMessageDAO.getUnsentMessages - Retrieving unsent messages of type port message has been done successfully and number of unsent messages =0
05-07-2020 10:27:07.652 DEBUG [main]  c.a.v.npc.core.dao.NPCMessageDAO.getUnsentMessages - Start retrieving unsent messages of type bulk sync message
05-07-2020 10:27:08.014 DEBUG [main]  c.a.v.n.core.dao.BulkSyncMessageDAO.getUnsentMessages - Start select unsent messages from NPC_Message and BULK_SYNC_MESSAGE 
05-07-2020 10:27:08.542 DEBUG [main]  c.a.v.n.core.dao.BulkSyncMessageDAO.getUnsentMessages - Retrieving unsent messages of type bulk sync message has been done successfully and number of unsent messages =0
05-07-2020 10:27:08.543 DEBUG [main]  c.a.v.n.c.handler.NPCProcessHandler.sendPendingMessages - Retrieving unsent NPC messges has been done Successfully...
05-07-2020 10:27:08.544 DEBUG [main]  c.a.v.n.c.handler.NPCProcessHandler.sendPendingMessages - Total number of unsent NPC messsages = 0 
05-07-2020 10:28:08.554 DEBUG [main]  c.a.v.n.c.handler.NPCProcessHandler.sendPendingMessages - Start retrieving unsent NPC messages
05-07-2020 10:28:08.556 DEBUG [main]  c.a.v.npc.core.dao.NPCMessageDAO.getUnsentMessages - Start retrieving unsent messages of type port message
05-07-2020 10:29:08.567 DEBUG [main]  c.a.v.npc.core.service.NPCService.getDBConnection - Start Initializing Database Connection..
05-07-2020 10:29:29.585 DEBUG [main]  c.a.v.npc.core.service.NPCService.getDBConnection - Start Initializing Database Connection..
05-07-2020 10:29:50.594 DEBUG [main]  c.a.v.npc.core.service.NPCService.getDBConnection - Start Initializing Database Connection..
05-07-2020 10:31:11.619 DEBUG [main]  c.a.v.npc.core.service.NPCService.getDBConnection - Start Initializing Database Connection..
05-07-2020 10:31:13.381 DEBUG [main]  c.a.v.npc.core.service.NPCService.getDBConnection - Initializing Database Connection has been done Successfully...
05-07-2020 10:31:13.383 DEBUG [main]  c.a.v.n.c.handler.NPCProcessHandler.sendPendingMessages - Start retrieving unsent NPC messages
05-07-2020 10:31:13.383 DEBUG [main]  c.a.v.npc.core.dao.NPCMessageDAO.getUnsentMessages - Start retrieving unsent messages of type port message
05-07-2020 10:31:13.790 DEBUG [main]  c.a.v.npc.core.dao.PortMessageDAO.getUnsentMessages - Start select unsent messages from NPC_Message and PORT_MESSAGE 
05-07-2020 10:34:04.409 DEBUG [main]  c.a.v.npc.core.service.NPCService.getDBConnection - Start Initializing Database Connection..
05-07-2020 10:34:20.177 DEBUG [main]  c.a.v.npc.core.service.NPCService.getDBConnection - Start Initializing Database Connection..
05-07-2020 10:34:41.183 DEBUG [main]  c.a.v.npc.core.service.NPCService.getDBConnection - Start Initializing Database Connection..
05-07-2020 10:34:42.895 DEBUG [main]  c.a.v.npc.core.service.NPCService.getDBConnection - Initializing Database Connection has been done Successfully...
05-07-2020 10:34:42.897 DEBUG [main]  c.a.v.n.c.handler.NPCProcessHandler.sendPendingMessages - Start retrieving unsent NPC messages
05-07-2020 10:34:42.897 DEBUG [main]  c.a.v.npc.core.dao.NPCMessageDAO.getUnsentMessages - Start retrieving unsent messages of type port message
05-07-2020 10:34:43.254 DEBUG [main]  c.a.v.npc.core.dao.PortMessageDAO.getUnsentMessages - Start select unsent messages from NPC_Message and PORT_MESSAGE 
05-07-2020 10:34:44.271 DEBUG [main]  c.a.v.npc.core.dao.PortMessageDAO.getUnsentMessages - Retrieving unsent messages of type port message has been done successfully and number of unsent messages =1
05-07-2020 10:34:44.272 DEBUG [main]  c.a.v.npc.core.dao.NPCMessageDAO.getUnsentMessages - Start retrieving unsent messages of type bulk sync message
05-07-2020 10:34:44.632 DEBUG [main]  c.a.v.n.core.dao.BulkSyncMessageDAO.getUnsentMessages - Start select unsent messages from NPC_Message and BULK_SYNC_MESSAGE 
05-07-2020 10:34:45.245 DEBUG [main]  c.a.v.n.core.dao.BulkSyncMessageDAO.getUnsentMessages - Retrieving unsent messages of type bulk sync message has been done successfully and number of unsent messages =0
05-07-2020 10:34:45.246 DEBUG [main]  c.a.v.n.c.handler.NPCProcessHandler.sendPendingMessages - Retrieving unsent NPC messges has been done Successfully...
05-07-2020 10:34:45.247 DEBUG [main]  c.a.v.n.c.handler.NPCProcessHandler.sendPendingMessages - Total number of unsent NPC messsages = 1 
05-07-2020 10:34:45.614 DEBUG [main]  c.a.v.n.c.handler.NPCProcessHandler.getNPCMessageXML - Loading XSD schema files to validate NPC message
05-07-2020 10:34:45.810 DEBUG [main]  c.a.v.n.c.handler.NPCProcessHandler.getNPCMessageXML - Start validating NPC message against xsd schema
05-07-2020 10:34:45.861 DEBUG [main]  c.a.v.npc.core.service.NPCService.insertFailedMessage - Start Inserting Failed Message into FAILED_MESSAGES_QUEUE table
05-07-2020 10:35:46.383 DEBUG [main]  c.a.v.n.c.handler.NPCProcessHandler.sendPendingMessages - Start retrieving unsent NPC messages
05-07-2020 10:35:46.384 DEBUG [main]  c.a.v.npc.core.dao.NPCMessageDAO.getUnsentMessages - Start retrieving unsent messages of type port message
05-07-2020 10:36:48.601 DEBUG [main]  c.a.v.npc.core.service.NPCService.getDBConnection - Start Initializing Database Connection..
05-07-2020 10:36:50.119 DEBUG [main]  c.a.v.npc.core.service.NPCService.getDBConnection - Initializing Database Connection has been done Successfully...
05-07-2020 10:36:50.123 DEBUG [main]  c.a.v.n.c.handler.NPCProcessHandler.sendPendingMessages - Start retrieving unsent NPC messages
05-07-2020 10:36:50.124 DEBUG [main]  c.a.v.npc.core.dao.NPCMessageDAO.getUnsentMessages - Start retrieving unsent messages of type port message
05-07-2020 10:39:48.291 DEBUG [main]  c.a.v.npc.core.service.NPCService.getDBConnection - Start Initializing Database Connection..
05-07-2020 10:40:09.299 DEBUG [main]  c.a.v.npc.core.service.NPCService.getDBConnection - Start Initializing Database Connection..
05-07-2020 10:40:30.317 DEBUG [main]  c.a.v.npc.core.service.NPCService.getDBConnection - Start Initializing Database Connection..
05-07-2020 10:41:51.338 DEBUG [main]  c.a.v.npc.core.service.NPCService.getDBConnection - Start Initializing Database Connection..
05-07-2020 10:42:48.272 DEBUG [main]  c.a.v.npc.core.service.NPCService.getDBConnection - Start Initializing Database Connection..
05-07-2020 10:43:09.272 DEBUG [main]  c.a.v.npc.core.service.NPCService.getDBConnection - Start Initializing Database Connection..
05-07-2020 10:55:53.991 DEBUG [main]  c.a.v.npc.core.service.NPCService.getDBConnection - Start Initializing Database Connection..
05-07-2020 10:56:15.477 DEBUG [main]  c.a.v.npc.core.service.NPCService.getDBConnection - Start Initializing Database Connection..
05-07-2020 10:56:18.002 DEBUG [main]  c.a.v.npc.core.service.NPCService.getDBConnection - Initializing Database Connection has been done Successfully...
05-07-2020 10:56:18.007 DEBUG [main]  c.a.v.n.c.handler.NPCProcessHandler.sendPendingMessages - Start retrieving unsent NPC messages
05-07-2020 10:56:18.011 DEBUG [main]  c.a.v.npc.core.dao.NPCMessageDAO.getUnsentMessages - Start retrieving unsent messages of type port message
05-07-2020 10:57:33.670 DEBUG [main]  c.a.v.npc.core.service.NPCService.getDBConnection - Start Initializing Database Connection..
05-07-2020 10:57:37.175 DEBUG [main]  c.a.v.npc.core.service.NPCService.getDBConnection - Start Initializing Database Connection..
05-07-2020 10:57:58.187 DEBUG [main]  c.a.v.npc.core.service.NPCService.getDBConnection - Start Initializing Database Connection..
05-07-2020 10:59:19.206 DEBUG [main]  c.a.v.npc.core.service.NPCService.getDBConnection - Start Initializing Database Connection..
05-07-2020 10:59:39.861 DEBUG [main]  c.a.v.npc.core.service.NPCService.getDBConnection - Start Initializing Database Connection..
05-07-2020 11:00:00.865 DEBUG [main]  c.a.v.npc.core.service.NPCService.getDBConnection - Start Initializing Database Connection..
05-07-2020 11:01:21.891 DEBUG [main]  c.a.v.npc.core.service.NPCService.getDBConnection - Start Initializing Database Connection..
05-07-2020 11:01:42.907 DEBUG [main]  c.a.v.npc.core.service.NPCService.getDBConnection - Start Initializing Database Connection..
05-07-2020 11:02:03.917 DEBUG [main]  c.a.v.npc.core.service.NPCService.getDBConnection - Start Initializing Database Connection..
05-07-2020 11:03:24.929 DEBUG [main]  c.a.v.npc.core.service.NPCService.getDBConnection - Start Initializing Database Connection..
05-07-2020 11:03:45.933 DEBUG [main]  c.a.v.npc.core.service.NPCService.getDBConnection - Start Initializing Database Connection..
05-07-2020 11:04:06.941 DEBUG [main]  c.a.v.npc.core.service.NPCService.getDBConnection - Start Initializing Database Connection..
05-07-2020 11:05:27.954 DEBUG [main]  c.a.v.npc.core.service.NPCService.getDBConnection - Start Initializing Database Connection..
05-07-2020 11:05:48.966 DEBUG [main]  c.a.v.npc.core.service.NPCService.getDBConnection - Start Initializing Database Connection..
05-07-2020 11:06:09.974 DEBUG [main]  c.a.v.npc.core.service.NPCService.getDBConnection - Start Initializing Database Connection..
05-07-2020 11:07:30.994 DEBUG [main]  c.a.v.npc.core.service.NPCService.getDBConnection - Start Initializing Database Connection..
05-07-2020 11:07:52.002 DEBUG [main]  c.a.v.npc.core.service.NPCService.getDBConnection - Start Initializing Database Connection..
05-07-2020 11:08:13.007 DEBUG [main]  c.a.v.npc.core.service.NPCService.getDBConnection - Start Initializing Database Connection..
05-07-2020 11:09:34.011 DEBUG [main]  c.a.v.npc.core.service.NPCService.getDBConnection - Start Initializing Database Connection..
05-07-2020 11:09:55.016 DEBUG [main]  c.a.v.npc.core.service.NPCService.getDBConnection - Start Initializing Database Connection..
05-07-2020 11:10:16.021 DEBUG [main]  c.a.v.npc.core.service.NPCService.getDBConnection - Start Initializing Database Connection..
05-07-2020 11:11:37.039 DEBUG [main]  c.a.v.npc.core.service.NPCService.getDBConnection - Start Initializing Database Connection..
05-07-2020 11:11:58.057 DEBUG [main]  c.a.v.npc.core.service.NPCService.getDBConnection - Start Initializing Database Connection..
05-07-2020 11:12:19.073 DEBUG [main]  c.a.v.npc.core.service.NPCService.getDBConnection - Start Initializing Database Connection..
05-07-2020 11:13:40.093 DEBUG [main]  c.a.v.npc.core.service.NPCService.getDBConnection - Start Initializing Database Connection..
05-07-2020 11:14:01.103 DEBUG [main]  c.a.v.npc.core.service.NPCService.getDBConnection - Start Initializing Database Connection..
05-07-2020 11:14:22.120 DEBUG [main]  c.a.v.npc.core.service.NPCService.getDBConnection - Start Initializing Database Connection..
05-07-2020 11:15:43.138 DEBUG [main]  c.a.v.npc.core.service.NPCService.getDBConnection - Start Initializing Database Connection..
05-07-2020 11:16:04.158 DEBUG [main]  c.a.v.npc.core.service.NPCService.getDBConnection - Start Initializing Database Connection..
05-07-2020 11:16:25.190 DEBUG [main]  c.a.v.npc.core.service.NPCService.getDBConnection - Start Initializing Database Connection..
05-07-2020 11:20:45.777 DEBUG [main]  c.a.v.npc.core.service.NPCService.getDBConnection - Start Initializing Database Connection..
05-07-2020 11:20:47.660 DEBUG [main]  c.a.v.npc.core.service.NPCService.getDBConnection - Initializing Database Connection has been done Successfully...
05-07-2020 11:20:47.664 DEBUG [main]  c.a.v.n.c.handler.NPCProcessHandler.sendPendingMessages - Start retrieving unsent NPC messages
05-07-2020 11:20:47.666 DEBUG [main]  c.a.v.npc.core.dao.NPCMessageDAO.getUnsentMessages - Start retrieving unsent messages of type port message
05-07-2020 11:20:49.001 DEBUG [main]  c.a.v.npc.core.dao.PortMessageDAO.getUnsentMessages - Start select unsent messages from NPC_Message and PORT_MESSAGE 
05-07-2020 11:20:49.730 DEBUG [main]  c.a.v.npc.core.dao.PortMessageDAO.getUnsentMessages - Retrieving unsent messages of type port message has been done successfully and number of unsent messages =1
05-07-2020 11:20:49.732 DEBUG [main]  c.a.v.npc.core.dao.NPCMessageDAO.getUnsentMessages - Start retrieving unsent messages of type bulk sync message
05-07-2020 11:20:50.022 DEBUG [main]  c.a.v.n.core.dao.BulkSyncMessageDAO.getUnsentMessages - Start select unsent messages from NPC_Message and BULK_SYNC_MESSAGE 
05-07-2020 11:20:50.800 DEBUG [main]  c.a.v.n.core.dao.BulkSyncMessageDAO.getUnsentMessages - Retrieving unsent messages of type bulk sync message has been done successfully and number of unsent messages =0
05-07-2020 11:20:50.800 DEBUG [main]  c.a.v.n.c.handler.NPCProcessHandler.sendPendingMessages - Retrieving unsent NPC messges has been done Successfully...
05-07-2020 11:20:50.801 DEBUG [main]  c.a.v.n.c.handler.NPCProcessHandler.sendPendingMessages - Total number of unsent NPC messsages = 1 
05-07-2020 11:20:50.964 DEBUG [main]  c.a.v.n.c.handler.NPCProcessHandler.getNPCMessageXML - Loading XSD schema files to validate NPC message
05-07-2020 11:20:51.055 DEBUG [main]  c.a.v.n.c.handler.NPCProcessHandler.getNPCMessageXML - Start validating NPC message against xsd schema
05-07-2020 11:20:51.083 DEBUG [main]  c.a.v.npc.core.service.NPCService.insertFailedMessage - Start Inserting Failed Message into FAILED_MESSAGES_QUEUE table
05-07-2020 11:21:51.787 DEBUG [main]  c.a.v.n.c.handler.NPCProcessHandler.sendPendingMessages - Start retrieving unsent NPC messages
05-07-2020 11:21:51.787 DEBUG [main]  c.a.v.npc.core.dao.NPCMessageDAO.getUnsentMessages - Start retrieving unsent messages of type port message
05-07-2020 11:22:51.788 DEBUG [main]  c.a.v.npc.core.service.NPCService.getDBConnection - Start Initializing Database Connection..
05-07-2020 11:23:12.812 DEBUG [main]  c.a.v.npc.core.service.NPCService.getDBConnection - Start Initializing Database Connection..
05-07-2020 11:23:33.826 DEBUG [main]  c.a.v.npc.core.service.NPCService.getDBConnection - Start Initializing Database Connection..
05-07-2020 11:23:35.162 DEBUG [main]  c.a.v.npc.core.service.NPCService.getDBConnection - Initializing Database Connection has been done Successfully...
05-07-2020 11:23:35.165 DEBUG [main]  c.a.v.n.c.handler.NPCProcessHandler.sendPendingMessages - Start retrieving unsent NPC messages
05-07-2020 11:23:35.165 DEBUG [main]  c.a.v.npc.core.dao.NPCMessageDAO.getUnsentMessages - Start retrieving unsent messages of type port message
05-07-2020 11:23:35.449 DEBUG [main]  c.a.v.npc.core.dao.PortMessageDAO.getUnsentMessages - Start select unsent messages from NPC_Message and PORT_MESSAGE 
05-07-2020 11:23:36.078 DEBUG [main]  c.a.v.npc.core.dao.PortMessageDAO.getUnsentMessages - Retrieving unsent messages of type port message has been done successfully and number of unsent messages =1
05-07-2020 11:23:36.079 DEBUG [main]  c.a.v.npc.core.dao.NPCMessageDAO.getUnsentMessages - Start retrieving unsent messages of type bulk sync message
05-07-2020 11:23:36.289 DEBUG [main]  c.a.v.n.core.dao.BulkSyncMessageDAO.getUnsentMessages - Start select unsent messages from NPC_Message and BULK_SYNC_MESSAGE 
05-07-2020 11:23:36.640 DEBUG [main]  c.a.v.n.core.dao.BulkSyncMessageDAO.getUnsentMessages - Retrieving unsent messages of type bulk sync message has been done successfully and number of unsent messages =0
05-07-2020 11:23:36.641 DEBUG [main]  c.a.v.n.c.handler.NPCProcessHandler.sendPendingMessages - Retrieving unsent NPC messges has been done Successfully...
05-07-2020 11:23:36.641 DEBUG [main]  c.a.v.n.c.handler.NPCProcessHandler.sendPendingMessages - Total number of unsent NPC messsages = 1 
05-07-2020 11:23:36.686 DEBUG [main]  c.a.v.n.c.handler.NPCProcessHandler.getNPCMessageXML - Loading XSD schema files to validate NPC message
05-07-2020 11:23:36.696 DEBUG [main]  c.a.v.n.c.handler.NPCProcessHandler.getNPCMessageXML - Start validating NPC message against xsd schema
05-07-2020 11:23:36.699 DEBUG [main]  c.a.v.npc.core.service.NPCService.insertFailedMessage - Start Inserting Failed Message into FAILED_MESSAGES_QUEUE table
05-07-2020 11:24:37.052 DEBUG [main]  c.a.v.n.c.handler.NPCProcessHandler.sendPendingMessages - Start retrieving unsent NPC messages
05-07-2020 11:24:37.053 DEBUG [main]  c.a.v.npc.core.dao.NPCMessageDAO.getUnsentMessages - Start retrieving unsent messages of type port message
05-07-2020 11:25:37.059 DEBUG [main]  c.a.v.npc.core.service.NPCService.getDBConnection - Start Initializing Database Connection..
05-07-2020 11:25:38.388 DEBUG [main]  c.a.v.npc.core.service.NPCService.getDBConnection - Initializing Database Connection has been done Successfully...
05-07-2020 11:25:38.391 DEBUG [main]  c.a.v.n.c.handler.NPCProcessHandler.sendPendingMessages - Start retrieving unsent NPC messages
05-07-2020 11:25:38.392 DEBUG [main]  c.a.v.npc.core.dao.NPCMessageDAO.getUnsentMessages - Start retrieving unsent messages of type port message
05-07-2020 11:25:38.684 DEBUG [main]  c.a.v.npc.core.dao.PortMessageDAO.getUnsentMessages - Start select unsent messages from NPC_Message and PORT_MESSAGE 
05-07-2020 11:25:39.201 DEBUG [main]  c.a.v.npc.core.dao.PortMessageDAO.getUnsentMessages - Retrieving unsent messages of type port message has been done successfully and number of unsent messages =0
05-07-2020 11:25:39.203 DEBUG [main]  c.a.v.npc.core.dao.NPCMessageDAO.getUnsentMessages - Start retrieving unsent messages of type bulk sync message
05-07-2020 11:25:39.487 DEBUG [main]  c.a.v.n.core.dao.BulkSyncMessageDAO.getUnsentMessages - Start select unsent messages from NPC_Message and BULK_SYNC_MESSAGE 
05-07-2020 11:25:39.917 DEBUG [main]  c.a.v.n.core.dao.BulkSyncMessageDAO.getUnsentMessages - Retrieving unsent messages of type bulk sync message has been done successfully and number of unsent messages =0
05-07-2020 11:25:39.917 DEBUG [main]  c.a.v.n.c.handler.NPCProcessHandler.sendPendingMessages - Retrieving unsent NPC messges has been done Successfully...
05-07-2020 11:25:39.918 DEBUG [main]  c.a.v.n.c.handler.NPCProcessHandler.sendPendingMessages - Total number of unsent NPC messsages = 0 
05-07-2020 13:58:10.872 DEBUG [main]  c.a.v.npc.core.service.NPCService.getDBConnection - Start Initializing Database Connection..
05-07-2020 13:58:13.364 DEBUG [main]  c.a.v.npc.core.service.NPCService.getDBConnection - Initializing Database Connection has been done Successfully...
05-07-2020 13:58:13.370 DEBUG [main]  c.a.v.n.c.handler.NPCProcessHandler.sendPendingMessages - Start retrieving unsent NPC messages
05-07-2020 13:58:13.372 DEBUG [main]  c.a.v.npc.core.dao.NPCMessageDAO.getUnsentMessages - Start retrieving unsent messages of type port message
05-07-2020 13:58:14.803 DEBUG [main]  c.a.v.npc.core.dao.PortMessageDAO.getUnsentMessages - Start select unsent messages from NPC_Message and PORT_MESSAGE 
05-07-2020 13:58:15.225 DEBUG [main]  c.a.v.npc.core.dao.PortMessageDAO.getUnsentMessages - Retrieving unsent messages of type port message has been done successfully and number of unsent messages =0
05-07-2020 13:58:15.226 DEBUG [main]  c.a.v.npc.core.dao.NPCMessageDAO.getUnsentMessages - Start retrieving unsent messages of type bulk sync message
05-07-2020 13:58:15.546 DEBUG [main]  c.a.v.n.core.dao.BulkSyncMessageDAO.getUnsentMessages - Start select unsent messages from NPC_Message and BULK_SYNC_MESSAGE 
05-07-2020 13:58:16.012 DEBUG [main]  c.a.v.n.core.dao.BulkSyncMessageDAO.getUnsentMessages - Retrieving unsent messages of type bulk sync message has been done successfully and number of unsent messages =1
05-07-2020 13:58:16.012 DEBUG [main]  c.a.v.n.c.handler.NPCProcessHandler.sendPendingMessages - Retrieving unsent NPC messges has been done Successfully...
05-07-2020 13:58:16.012 DEBUG [main]  c.a.v.n.c.handler.NPCProcessHandler.sendPendingMessages - Total number of unsent NPC messsages = 1 
05-07-2020 13:58:16.130 DEBUG [main]  c.a.v.n.c.handler.NPCProcessHandler.getNPCMessageXML - Loading XSD schema files to validate NPC message
05-07-2020 13:58:16.181 DEBUG [main]  c.a.v.n.c.handler.NPCProcessHandler.getNPCMessageXML - Start validating NPC message against xsd schema
05-07-2020 13:58:16.189 DEBUG [main]  c.a.v.n.c.handler.NPCProcessHandler.getNPCMessageXML - validating NPC message against XSD schema has been done successfully
05-07-2020 13:58:16.190 DEBUG [main]  c.a.v.n.c.handler.NPCProcessHandler.sendPendingMessage - Creating Message XML has done successfully..
05-07-2020 13:58:16.194 DEBUG [main]  c.a.v.n.c.handler.NPCProcessHandler.sendPendingMessage - Start sending NPC message...
05-07-2020 13:58:16.900 DEBUG [main]  c.a.v.n.c.handler.NPCProcessHandler.sendMessage - Sending NPC Message to NTRA for UserName : vodau1 
05-07-2020 13:58:16.901 DEBUG [main]  c.a.v.n.c.handler.NPCProcessHandler.sendMessage - Calling NTRA Web Service EndPoint : https://localhost:8443/NPC-SOAP/NPCWebService 
05-07-2020 13:58:16.901 DEBUG [main]  c.a.v.n.w.client.NPCWebserviceProxy.processNPCMsg - Start Connecting to NTRA Web Service 
05-07-2020 13:58:17.700 DEBUG [main]  c.a.v.n.c.handler.NPCProcessHandler.sendPendingMessages - Sending NPC message of type Bulk Sync Message with NPC Message ID: 4498751  has been done successfully...
05-07-2020 13:58:17.700 DEBUG [main]  c.a.v.n.c.handler.NPCProcessHandler.sendPendingMessages - MessageID: B1401 | MessageCode: NP Bulk Sync | StartDate: 20200601000000 | EndDate: 20200701000000 | Comments1: NPC Example | Comments2: file: /bulk/Mobi/BulkSyncS201704180207010010.xml is ready. 
05-07-2020 13:58:17.860 DEBUG [main]  c.a.v.npc.core.service.NPCService.updateFieldsAfterSending - Start updating Fields after sending message...
05-07-2020 13:58:18.015 DEBUG [main]  c.a.v.npc.core.service.NPCService.updateFieldsAfterSending - Updated Fields:  Sent = " 1 "  | Transaction Date = " 05/07/2020 13:57:07 " | Machine IP address(Picked_By) = " 5.5.5.7 "  | Returned Message = " success " | Message Xml = " <?xml version="1.0" encoding="UTF-8" standalone="yes"?>
<NPCData>
    <NPCMessages>
        <BulkSyncMessage>
            <MessageID>B1401</MessageID>
            <MessageCode>NP Bulk Sync</MessageCode>
            <SyncID>S202002500333333333</SyncID>
            <StartDate>20200601000000</StartDate>
            <EndDate>20200701000000</EndDate>
            <Comments1>NPC Example</Comments1>
            <Comments2>file: /bulk/Mobi/BulkSyncS201704180207010010.xml is ready.</Comments2>
        </BulkSyncMessage>
    </NPCMessages>
</NPCData>
 " 
05-07-2020 13:58:18.015 DEBUG [main]  c.a.v.npc.core.service.NPCService.updateFieldsAfterSending - Updating Fields after sending message has been done successfully...
05-07-2020 14:05:54.434 DEBUG [main]  c.a.v.npc.core.service.NPCService.getDBConnection - Start Initializing Database Connection..
05-07-2020 14:05:56.478 DEBUG [main]  c.a.v.npc.core.service.NPCService.getDBConnection - Initializing Database Connection has been done Successfully...
05-07-2020 14:05:56.482 DEBUG [main]  c.a.v.n.c.handler.NPCProcessHandler.sendPendingMessages - Start retrieving unsent NPC messages
05-07-2020 14:05:56.484 DEBUG [main]  c.a.v.npc.core.dao.NPCMessageDAO.getUnsentMessages - Start retrieving unsent messages of type port message
05-07-2020 14:05:56.897 DEBUG [main]  c.a.v.npc.core.dao.PortMessageDAO.getUnsentMessages - Start select unsent messages from NPC_Message and PORT_MESSAGE 
05-07-2020 14:05:57.377 DEBUG [main]  c.a.v.npc.core.dao.PortMessageDAO.getUnsentMessages - Retrieving unsent messages of type port message has been done successfully and number of unsent messages =0
05-07-2020 14:05:57.379 DEBUG [main]  c.a.v.npc.core.dao.NPCMessageDAO.getUnsentMessages - Start retrieving unsent messages of type bulk sync message
05-07-2020 14:05:57.676 DEBUG [main]  c.a.v.n.core.dao.BulkSyncMessageDAO.getUnsentMessages - Start select unsent messages from NPC_Message and BULK_SYNC_MESSAGE 
05-07-2020 14:05:58.137 DEBUG [main]  c.a.v.n.core.dao.BulkSyncMessageDAO.getUnsentMessages - Retrieving unsent messages of type bulk sync message has been done successfully and number of unsent messages =0
05-07-2020 14:05:58.138 DEBUG [main]  c.a.v.n.c.handler.NPCProcessHandler.sendPendingMessages - Retrieving unsent NPC messges has been done Successfully...
05-07-2020 14:05:58.138 DEBUG [main]  c.a.v.n.c.handler.NPCProcessHandler.sendPendingMessages - Total number of unsent NPC messsages = 0 
05-07-2020 14:06:58.140 DEBUG [main]  c.a.v.n.c.handler.NPCProcessHandler.sendPendingMessages - Start retrieving unsent NPC messages
05-07-2020 14:06:58.141 DEBUG [main]  c.a.v.npc.core.dao.NPCMessageDAO.getUnsentMessages - Start retrieving unsent messages of type port message
05-07-2020 14:07:00.682 DEBUG [main]  c.a.v.npc.core.dao.PortMessageDAO.getUnsentMessages - Start select unsent messages from NPC_Message and PORT_MESSAGE 
05-07-2020 14:07:01.116 DEBUG [main]  c.a.v.npc.core.dao.PortMessageDAO.getUnsentMessages - Retrieving unsent messages of type port message has been done successfully and number of unsent messages =0
05-07-2020 14:07:01.116 DEBUG [main]  c.a.v.npc.core.dao.NPCMessageDAO.getUnsentMessages - Start retrieving unsent messages of type bulk sync message
05-07-2020 14:07:01.404 DEBUG [main]  c.a.v.n.core.dao.BulkSyncMessageDAO.getUnsentMessages - Start select unsent messages from NPC_Message and BULK_SYNC_MESSAGE 
05-07-2020 14:07:01.845 DEBUG [main]  c.a.v.n.core.dao.BulkSyncMessageDAO.getUnsentMessages - Retrieving unsent messages of type bulk sync message has been done successfully and number of unsent messages =1
05-07-2020 14:07:01.845 DEBUG [main]  c.a.v.n.c.handler.NPCProcessHandler.sendPendingMessages - Retrieving unsent NPC messges has been done Successfully...
05-07-2020 14:07:01.845 DEBUG [main]  c.a.v.n.c.handler.NPCProcessHandler.sendPendingMessages - Total number of unsent NPC messsages = 1 
05-07-2020 14:07:01.960 DEBUG [main]  c.a.v.n.c.handler.NPCProcessHandler.getNPCMessageXML - Loading XSD schema files to validate NPC message
05-07-2020 14:07:02.011 DEBUG [main]  c.a.v.n.c.handler.NPCProcessHandler.getNPCMessageXML - Start validating NPC message against xsd schema
05-07-2020 14:07:02.018 DEBUG [main]  c.a.v.n.c.handler.NPCProcessHandler.getNPCMessageXML - validating NPC message against XSD schema has been done successfully
05-07-2020 14:07:02.018 DEBUG [main]  c.a.v.n.c.handler.NPCProcessHandler.sendPendingMessage - Creating Message XML has done successfully..
05-07-2020 14:07:02.025 DEBUG [main]  c.a.v.n.c.handler.NPCProcessHandler.sendPendingMessage - Start sending NPC message...
05-07-2020 14:07:02.582 DEBUG [main]  c.a.v.n.c.handler.NPCProcessHandler.sendMessage - Sending NPC Message to NTRA for UserName : vodau1 
05-07-2020 14:07:02.582 DEBUG [main]  c.a.v.n.c.handler.NPCProcessHandler.sendMessage - Calling NTRA Web Service EndPoint : https://localhost:8443/NPC-SOAP/NPCWebService 
05-07-2020 14:07:02.583 DEBUG [main]  c.a.v.n.w.client.NPCWebserviceProxy.processNPCMsg - Start Connecting to NTRA Web Service 
05-07-2020 14:07:02.873 DEBUG [main]  c.a.v.npc.core.service.NPCService.insertFailedMessage - Start Inserting Failed Message into FAILED_MESSAGES_QUEUE table
05-07-2020 14:08:03.294 DEBUG [main]  c.a.v.n.c.handler.NPCProcessHandler.sendPendingMessages - Start retrieving unsent NPC messages
05-07-2020 14:08:03.294 DEBUG [main]  c.a.v.npc.core.dao.NPCMessageDAO.getUnsentMessages - Start retrieving unsent messages of type port message
05-07-2020 14:08:03.581 DEBUG [main]  c.a.v.npc.core.dao.PortMessageDAO.getUnsentMessages - Start select unsent messages from NPC_Message and PORT_MESSAGE 
05-07-2020 14:08:04.037 DEBUG [main]  c.a.v.npc.core.dao.PortMessageDAO.getUnsentMessages - Retrieving unsent messages of type port message has been done successfully and number of unsent messages =0
05-07-2020 14:08:04.038 DEBUG [main]  c.a.v.npc.core.dao.NPCMessageDAO.getUnsentMessages - Start retrieving unsent messages of type bulk sync message
05-07-2020 14:08:04.315 DEBUG [main]  c.a.v.n.core.dao.BulkSyncMessageDAO.getUnsentMessages - Start select unsent messages from NPC_Message and BULK_SYNC_MESSAGE 
05-07-2020 14:08:04.753 DEBUG [main]  c.a.v.n.core.dao.BulkSyncMessageDAO.getUnsentMessages - Retrieving unsent messages of type bulk sync message has been done successfully and number of unsent messages =1
05-07-2020 14:08:04.753 DEBUG [main]  c.a.v.n.c.handler.NPCProcessHandler.sendPendingMessages - Retrieving unsent NPC messges has been done Successfully...
05-07-2020 14:08:04.754 DEBUG [main]  c.a.v.n.c.handler.NPCProcessHandler.sendPendingMessages - Total number of unsent NPC messsages = 1 
05-07-2020 14:08:04.833 DEBUG [main]  c.a.v.n.c.handler.NPCProcessHandler.getNPCMessageXML - Loading XSD schema files to validate NPC message
05-07-2020 14:08:04.844 DEBUG [main]  c.a.v.n.c.handler.NPCProcessHandler.getNPCMessageXML - Start validating NPC message against xsd schema
05-07-2020 14:08:04.846 DEBUG [main]  c.a.v.n.c.handler.NPCProcessHandler.getNPCMessageXML - validating NPC message against XSD schema has been done successfully
05-07-2020 14:08:04.846 DEBUG [main]  c.a.v.n.c.handler.NPCProcessHandler.sendPendingMessage - Creating Message XML has done successfully..
05-07-2020 14:08:04.846 DEBUG [main]  c.a.v.n.c.handler.NPCProcessHandler.sendPendingMessage - Start sending NPC message...
05-07-2020 14:08:04.886 DEBUG [main]  c.a.v.n.c.handler.NPCProcessHandler.sendMessage - Sending NPC Message to NTRA for UserName : vodau1 
05-07-2020 14:08:04.886 DEBUG [main]  c.a.v.n.c.handler.NPCProcessHandler.sendMessage - Calling NTRA Web Service EndPoint : https://localhost:8443/NPC-SOAP/NPCWebService 
05-07-2020 14:08:04.886 DEBUG [main]  c.a.v.n.w.client.NPCWebserviceProxy.processNPCMsg - Start Connecting to NTRA Web Service 
05-07-2020 14:08:04.952 DEBUG [main]  c.a.v.npc.core.service.NPCService.insertFailedMessage - Start Inserting Failed Message into FAILED_MESSAGES_QUEUE table
05-07-2020 14:09:05.251 DEBUG [main]  c.a.v.n.c.handler.NPCProcessHandler.sendPendingMessages - Start retrieving unsent NPC messages
05-07-2020 14:09:05.251 DEBUG [main]  c.a.v.npc.core.dao.NPCMessageDAO.getUnsentMessages - Start retrieving unsent messages of type port message
05-07-2020 14:09:05.570 DEBUG [main]  c.a.v.npc.core.dao.PortMessageDAO.getUnsentMessages - Start select unsent messages from NPC_Message and PORT_MESSAGE 
05-07-2020 14:09:06.124 DEBUG [main]  c.a.v.npc.core.dao.PortMessageDAO.getUnsentMessages - Retrieving unsent messages of type port message has been done successfully and number of unsent messages =0
05-07-2020 14:09:06.124 DEBUG [main]  c.a.v.npc.core.dao.NPCMessageDAO.getUnsentMessages - Start retrieving unsent messages of type bulk sync message
05-07-2020 14:09:07.059 DEBUG [main]  c.a.v.n.core.dao.BulkSyncMessageDAO.getUnsentMessages - Start select unsent messages from NPC_Message and BULK_SYNC_MESSAGE 
05-07-2020 14:09:07.659 DEBUG [main]  c.a.v.n.core.dao.BulkSyncMessageDAO.getUnsentMessages - Retrieving unsent messages of type bulk sync message has been done successfully and number of unsent messages =1
05-07-2020 14:09:07.659 DEBUG [main]  c.a.v.n.c.handler.NPCProcessHandler.sendPendingMessages - Retrieving unsent NPC messges has been done Successfully...
05-07-2020 14:09:07.659 DEBUG [main]  c.a.v.n.c.handler.NPCProcessHandler.sendPendingMessages - Total number of unsent NPC messsages = 1 
05-07-2020 14:09:07.732 DEBUG [main]  c.a.v.n.c.handler.NPCProcessHandler.getNPCMessageXML - Loading XSD schema files to validate NPC message
05-07-2020 14:09:07.743 DEBUG [main]  c.a.v.n.c.handler.NPCProcessHandler.getNPCMessageXML - Start validating NPC message against xsd schema
05-07-2020 14:09:07.745 DEBUG [main]  c.a.v.n.c.handler.NPCProcessHandler.getNPCMessageXML - validating NPC message against XSD schema has been done successfully
05-07-2020 14:09:07.745 DEBUG [main]  c.a.v.n.c.handler.NPCProcessHandler.sendPendingMessage - Creating Message XML has done successfully..
05-07-2020 14:09:07.746 DEBUG [main]  c.a.v.n.c.handler.NPCProcessHandler.sendPendingMessage - Start sending NPC message...
05-07-2020 14:09:07.780 DEBUG [main]  c.a.v.n.c.handler.NPCProcessHandler.sendMessage - Sending NPC Message to NTRA for UserName : vodau1 
05-07-2020 14:09:07.781 DEBUG [main]  c.a.v.n.c.handler.NPCProcessHandler.sendMessage - Calling NTRA Web Service EndPoint : https://localhost:8443/NPC-SOAP/NPCWebService 
05-07-2020 14:09:07.781 DEBUG [main]  c.a.v.n.w.client.NPCWebserviceProxy.processNPCMsg - Start Connecting to NTRA Web Service 
05-07-2020 14:09:07.827 DEBUG [main]  c.a.v.npc.core.service.NPCService.insertFailedMessage - Start Inserting Failed Message into FAILED_MESSAGES_QUEUE table
05-07-2020 14:11:23.014 DEBUG [main]  c.a.v.npc.core.service.NPCService.getDBConnection - Start Initializing Database Connection..
05-07-2020 14:11:25.157 DEBUG [main]  c.a.v.npc.core.service.NPCService.getDBConnection - Initializing Database Connection has been done Successfully...
05-07-2020 14:11:25.162 DEBUG [main]  c.a.v.n.c.handler.NPCProcessHandler.sendPendingMessages - Start retrieving unsent NPC messages
05-07-2020 14:11:25.164 DEBUG [main]  c.a.v.npc.core.dao.NPCMessageDAO.getUnsentMessages - Start retrieving unsent messages of type port message
05-07-2020 14:11:26.608 DEBUG [main]  c.a.v.npc.core.dao.PortMessageDAO.getUnsentMessages - Start select unsent messages from NPC_Message and PORT_MESSAGE 
05-07-2020 14:11:27.049 DEBUG [main]  c.a.v.npc.core.dao.PortMessageDAO.getUnsentMessages - Retrieving unsent messages of type port message has been done successfully and number of unsent messages =0
05-07-2020 14:11:27.051 DEBUG [main]  c.a.v.npc.core.dao.NPCMessageDAO.getUnsentMessages - Start retrieving unsent messages of type bulk sync message
05-07-2020 14:11:27.339 DEBUG [main]  c.a.v.n.core.dao.BulkSyncMessageDAO.getUnsentMessages - Start select unsent messages from NPC_Message and BULK_SYNC_MESSAGE 
05-07-2020 14:11:28.437 DEBUG [main]  c.a.v.n.core.dao.BulkSyncMessageDAO.getUnsentMessages - Retrieving unsent messages of type bulk sync message has been done successfully and number of unsent messages =1
05-07-2020 14:11:28.437 DEBUG [main]  c.a.v.n.c.handler.NPCProcessHandler.sendPendingMessages - Retrieving unsent NPC messges has been done Successfully...
05-07-2020 14:11:28.437 DEBUG [main]  c.a.v.n.c.handler.NPCProcessHandler.sendPendingMessages - Total number of unsent NPC messsages = 1 
05-07-2020 14:11:28.555 DEBUG [main]  c.a.v.n.c.handler.NPCProcessHandler.getNPCMessageXML - Loading XSD schema files to validate NPC message
05-07-2020 14:11:28.609 DEBUG [main]  c.a.v.n.c.handler.NPCProcessHandler.getNPCMessageXML - Start validating NPC message against xsd schema
05-07-2020 14:11:28.615 DEBUG [main]  c.a.v.n.c.handler.NPCProcessHandler.getNPCMessageXML - validating NPC message against XSD schema has been done successfully
05-07-2020 14:11:28.615 DEBUG [main]  c.a.v.n.c.handler.NPCProcessHandler.sendPendingMessage - Creating Message XML has done successfully..
05-07-2020 14:11:28.619 DEBUG [main]  c.a.v.n.c.handler.NPCProcessHandler.sendPendingMessage - Start sending NPC message...
05-07-2020 14:11:29.109 DEBUG [main]  c.a.v.n.c.handler.NPCProcessHandler.sendMessage - Sending NPC Message to NTRA for UserName : vodau1 
05-07-2020 14:11:29.109 DEBUG [main]  c.a.v.n.c.handler.NPCProcessHandler.sendMessage - Calling NTRA Web Service EndPoint : https://localhost:8443/NPC-SOAP/NPCWebService 
05-07-2020 14:11:29.109 DEBUG [main]  c.a.v.n.w.client.NPCWebserviceProxy.processNPCMsg - Start Connecting to NTRA Web Service 
05-07-2020 14:11:29.817 DEBUG [main]  c.a.v.n.c.handler.NPCProcessHandler.sendPendingMessages - Sending NPC message of type Bulk Sync Message with NPC Message ID: 4498751  has been done successfully...
05-07-2020 14:11:29.818 DEBUG [main]  c.a.v.n.c.handler.NPCProcessHandler.sendPendingMessages - MessageID: B1401 | MessageCode: NP Bulk Sync | StartDate: 20200601000000 | EndDate: 20200701000000 | Comments1: NPC Example | Comments2: file: /bulk/Mobi/BulkSyncS201704180207010010.xml is ready. 
05-07-2020 14:11:29.981 DEBUG [main]  c.a.v.npc.core.service.NPCService.updateFieldsAfterSending - Start updating Fields after sending message...
05-07-2020 14:11:30.234 DEBUG [main]  c.a.v.npc.core.service.NPCService.updateFieldsAfterSending - Updated Fields:  Sent = " 1 "  | Transaction Date = " 05/07/2020 14:10:19 " | Machine IP address(Picked_By) = " 5.5.5.7 "  | Returned Message = " success " | Message Xml = " <?xml version="1.0" encoding="UTF-8" standalone="yes"?>
<NPCData>
    <NPCMessages>
        <BulkSyncMessage>
            <MessageID>B1401</MessageID>
            <MessageCode>NP Bulk Sync</MessageCode>
            <SyncID>S202002500333333333</SyncID>
            <StartDate>20200601000000</StartDate>
            <EndDate>20200701000000</EndDate>
            <Comments1>NPC Example</Comments1>
            <Comments2>file: /bulk/Mobi/BulkSyncS201704180207010010.xml is ready.</Comments2>
        </BulkSyncMessage>
    </NPCMessages>
</NPCData>
 " 
05-07-2020 14:11:30.235 DEBUG [main]  c.a.v.npc.core.service.NPCService.updateFieldsAfterSending - Updating Fields after sending message has been done successfully...
05-07-2020 14:21:33.191 DEBUG [main]  c.a.v.npc.core.service.NPCService.getDBConnection - Start Initializing Database Connection..
05-07-2020 14:21:35.417 DEBUG [main]  c.a.v.npc.core.service.NPCService.getDBConnection - Initializing Database Connection has been done Successfully...
05-07-2020 14:21:35.424 DEBUG [main]  c.a.v.n.c.handler.NPCProcessHandler.sendPendingMessages - Start retrieving unsent NPC messages
05-07-2020 14:21:35.428 DEBUG [main]  c.a.v.npc.core.dao.NPCMessageDAO.getUnsentMessages - Start retrieving unsent messages of type port message
05-07-2020 14:21:36.839 DEBUG [main]  c.a.v.npc.core.dao.PortMessageDAO.getUnsentMessages - Start select unsent messages from NPC_Message and PORT_MESSAGE 
05-07-2020 14:21:37.555 DEBUG [main]  c.a.v.npc.core.dao.PortMessageDAO.getUnsentMessages - Retrieving unsent messages of type port message has been done successfully and number of unsent messages =1
05-07-2020 14:21:37.557 DEBUG [main]  c.a.v.npc.core.dao.NPCMessageDAO.getUnsentMessages - Start retrieving unsent messages of type bulk sync message
05-07-2020 14:21:37.858 DEBUG [main]  c.a.v.n.core.dao.BulkSyncMessageDAO.getUnsentMessages - Start select unsent messages from NPC_Message and BULK_SYNC_MESSAGE 
05-07-2020 14:21:38.276 DEBUG [main]  c.a.v.n.core.dao.BulkSyncMessageDAO.getUnsentMessages - Retrieving unsent messages of type bulk sync message has been done successfully and number of unsent messages =0
05-07-2020 14:21:38.276 DEBUG [main]  c.a.v.n.c.handler.NPCProcessHandler.sendPendingMessages - Retrieving unsent NPC messges has been done Successfully...
05-07-2020 14:21:38.276 DEBUG [main]  c.a.v.n.c.handler.NPCProcessHandler.sendPendingMessages - Total number of unsent NPC messsages = 1 
05-07-2020 14:21:38.390 DEBUG [main]  c.a.v.n.c.handler.NPCProcessHandler.getNPCMessageXML - Loading XSD schema files to validate NPC message
05-07-2020 14:21:38.440 DEBUG [main]  c.a.v.n.c.handler.NPCProcessHandler.getNPCMessageXML - Start validating NPC message against xsd schema
05-07-2020 14:21:38.449 DEBUG [main]  c.a.v.n.c.handler.NPCProcessHandler.getNPCMessageXML - validating NPC message against XSD schema has been done successfully
05-07-2020 14:21:38.449 DEBUG [main]  c.a.v.n.c.handler.NPCProcessHandler.sendPendingMessage - Creating Message XML has done successfully..
05-07-2020 14:21:38.453 DEBUG [main]  c.a.v.n.c.handler.NPCProcessHandler.sendPendingMessage - Start sending NPC message...
05-07-2020 14:21:39.054 DEBUG [main]  c.a.v.n.c.handler.NPCProcessHandler.sendMessage - Sending NPC Message to NTRA for UserName : vodau1 
05-07-2020 14:21:39.055 DEBUG [main]  c.a.v.n.c.handler.NPCProcessHandler.sendMessage - Calling NTRA Web Service EndPoint : https://localhost:8443/NPC-SOAP/NPCWebService 
05-07-2020 14:21:39.055 DEBUG [main]  c.a.v.n.w.client.NPCWebserviceProxy.processNPCMsg - Start Connecting to NTRA Web Service 
05-07-2020 14:21:39.345 DEBUG [main]  c.a.v.n.c.handler.NPCProcessHandler.sendPendingMessages - Sending NPC message of type Port Message  with ID: 4498756  and Internal Port ID: 4498342 has been done successfully...
05-07-2020 14:21:39.346 DEBUG [main]  c.a.v.n.c.handler.NPCProcessHandler.sendPendingMessages - MessageID: OUT1301 | MessageCode: NPR Accept | PortID: P202006250777777777  | Message TimeStamp: Sun Jul 05 14:21:39 EET 2020 | Message Type: Sent | DonerID: null | RecipientID: null 
05-07-2020 14:21:39.490 DEBUG [main]  c.a.v.npc.core.service.NPCService.updateFieldsAfterSending - Start updating Fields after sending message...
05-07-2020 14:21:39.717 DEBUG [main]  c.a.v.npc.core.service.NPCService.updateFieldsAfterSending - Updated Fields:  Sent = " 1 "  | Transaction Date = " 05/07/2020 14:20:29 " | Machine IP address(Picked_By) = " 5.5.5.7 "  | Returned Message = " success " | Message Xml = " <?xml version="1.0" encoding="UTF-8" standalone="yes"?>
<NPCData>
    <NPCMessages>
        <PortMessage>
            <MessageID>OUT1301</MessageID>
            <MessageCode>NPR Accept</MessageCode>
            <ServiceType>MOBILE</ServiceType>
            <PortID>P202006250777777777</PortID>
            <NumbersToPort>
                <NumberFrom>01055555555</NumberFrom>
            </NumbersToPort>
            <SubscriberData>
                <CompanyFlag>false</CompanyFlag>
                <CorporationName>Asset</CorporationName>
                <Name>Hossam Hamdy</Name>
                <AccountNum>666666</AccountNum>
                <SIMCardNum>22222333334444455555</SIMCardNum>
                <NIC>11229966887744</NIC>
                <CNIC>3217896541256</CNIC>
                <PassportNum>C12345678</PassportNum>
                <OtherId>Senator</OtherId>
                <DateOfBirth>19910721</DateOfBirth>
                <ContactPhone>01119164784</ContactPhone>
                <Fax>0704123456</Fax>
                <City>Cairo</City>
                <Street>Farouk St</Street>
                <Locality>Al Tahrir</Locality>
                <PostCode>123123</PostCode>
                <GroupID>Asset Group</GroupID>
                <AuthorizedPersonName>Hossam Hamdy</AuthorizedPersonName>
                <CorporationAddress>Asset</CorporationAddress>
                <CommercialRegistrationNum>002345</CommercialRegistrationNum>
                <TaxRegistrationNum>132544</TaxRegistrationNum>
            </SubscriberData>
        </PortMessage>
    </NPCMessages>
</NPCData>
 " 
05-07-2020 14:21:39.718 DEBUG [main]  c.a.v.npc.core.service.NPCService.updateFieldsAfterSending - Updating Fields after sending message has been done successfully...
05-07-2020 14:21:40.182 DEBUG [main]  c.a.v.npc.core.service.NPCService.updateNPCMessageCurrentDate - Start updating message current max date with date 29/06/2020 16:37:28 
05-07-2020 14:21:40.319 DEBUG [main]  c.a.v.npc.core.service.NPCService.updateNPCMessageCurrentDate - Updating message current max date has been done successfully
05-07-2020 14:21:40.473 DEBUG [main]  c.a.v.npc.core.service.NPCService.updatePortData - Start Update PORT_DATA table 
05-07-2020 14:21:40.761 DEBUG [main]  c.a.v.npc.core.service.NPCService.updatePortData - Updating PORT_DATA table for NPC Message ID: 4498756  and Internal Port ID: 4498342 has been done successfully and the port Status updated with Status " 20-Accept-S "
05-07-2020 14:24:42.679 DEBUG [main]  c.a.v.npc.core.service.NPCService.getDBConnection - Start Initializing Database Connection..
05-07-2020 14:24:44.781 DEBUG [main]  c.a.v.npc.core.service.NPCService.getDBConnection - Initializing Database Connection has been done Successfully...
05-07-2020 14:24:44.785 DEBUG [main]  c.a.v.n.c.handler.NPCProcessHandler.sendPendingMessages - Start retrieving unsent NPC messages
05-07-2020 14:24:44.789 DEBUG [main]  c.a.v.npc.core.dao.NPCMessageDAO.getUnsentMessages - Start retrieving unsent messages of type port message
05-07-2020 14:24:45.253 DEBUG [main]  c.a.v.npc.core.dao.PortMessageDAO.getUnsentMessages - Start select unsent messages from NPC_Message and PORT_MESSAGE 
05-07-2020 14:24:45.710 DEBUG [main]  c.a.v.npc.core.dao.PortMessageDAO.getUnsentMessages - Retrieving unsent messages of type port message has been done successfully and number of unsent messages =0
05-07-2020 14:24:45.712 DEBUG [main]  c.a.v.npc.core.dao.NPCMessageDAO.getUnsentMessages - Start retrieving unsent messages of type bulk sync message
05-07-2020 14:24:46.000 DEBUG [main]  c.a.v.n.core.dao.BulkSyncMessageDAO.getUnsentMessages - Start select unsent messages from NPC_Message and BULK_SYNC_MESSAGE 
05-07-2020 14:24:46.447 DEBUG [main]  c.a.v.n.core.dao.BulkSyncMessageDAO.getUnsentMessages - Retrieving unsent messages of type bulk sync message has been done successfully and number of unsent messages =0
05-07-2020 14:24:46.447 DEBUG [main]  c.a.v.n.c.handler.NPCProcessHandler.sendPendingMessages - Retrieving unsent NPC messges has been done Successfully...
05-07-2020 14:24:46.447 DEBUG [main]  c.a.v.n.c.handler.NPCProcessHandler.sendPendingMessages - Total number of unsent NPC messsages = 0 
05-07-2020 14:25:46.449 DEBUG [main]  c.a.v.n.c.handler.NPCProcessHandler.sendPendingMessages - Start retrieving unsent NPC messages
05-07-2020 14:25:46.449 DEBUG [main]  c.a.v.npc.core.dao.NPCMessageDAO.getUnsentMessages - Start retrieving unsent messages of type port message
05-07-2020 14:25:47.701 DEBUG [main]  c.a.v.npc.core.dao.PortMessageDAO.getUnsentMessages - Start select unsent messages from NPC_Message and PORT_MESSAGE 
05-07-2020 14:25:48.800 DEBUG [main]  c.a.v.npc.core.dao.PortMessageDAO.getUnsentMessages - Retrieving unsent messages of type port message has been done successfully and number of unsent messages =1
05-07-2020 14:25:48.800 DEBUG [main]  c.a.v.npc.core.dao.NPCMessageDAO.getUnsentMessages - Start retrieving unsent messages of type bulk sync message
05-07-2020 14:25:49.085 DEBUG [main]  c.a.v.n.core.dao.BulkSyncMessageDAO.getUnsentMessages - Start select unsent messages from NPC_Message and BULK_SYNC_MESSAGE 
05-07-2020 14:25:49.535 DEBUG [main]  c.a.v.n.core.dao.BulkSyncMessageDAO.getUnsentMessages - Retrieving unsent messages of type bulk sync message has been done successfully and number of unsent messages =0
05-07-2020 14:25:49.535 DEBUG [main]  c.a.v.n.c.handler.NPCProcessHandler.sendPendingMessages - Retrieving unsent NPC messges has been done Successfully...
05-07-2020 14:25:49.535 DEBUG [main]  c.a.v.n.c.handler.NPCProcessHandler.sendPendingMessages - Total number of unsent NPC messsages = 1 
05-07-2020 14:25:49.668 DEBUG [main]  c.a.v.n.c.handler.NPCProcessHandler.getNPCMessageXML - Loading XSD schema files to validate NPC message
05-07-2020 14:25:49.715 DEBUG [main]  c.a.v.n.c.handler.NPCProcessHandler.getNPCMessageXML - Start validating NPC message against xsd schema
05-07-2020 14:25:49.722 DEBUG [main]  c.a.v.n.c.handler.NPCProcessHandler.getNPCMessageXML - validating NPC message against XSD schema has been done successfully
05-07-2020 14:25:49.722 DEBUG [main]  c.a.v.n.c.handler.NPCProcessHandler.sendPendingMessage - Creating Message XML has done successfully..
05-07-2020 14:25:49.727 DEBUG [main]  c.a.v.n.c.handler.NPCProcessHandler.sendPendingMessage - Start sending NPC message...
05-07-2020 14:25:50.252 DEBUG [main]  c.a.v.n.c.handler.NPCProcessHandler.sendMessage - Sending NPC Message to NTRA for UserName : vodau1 
05-07-2020 14:25:50.253 DEBUG [main]  c.a.v.n.c.handler.NPCProcessHandler.sendMessage - Calling NTRA Web Service EndPoint : https://localhost:8443/NPC-SOAP/NPCWebService 
05-07-2020 14:25:50.253 DEBUG [main]  c.a.v.n.w.client.NPCWebserviceProxy.processNPCMsg - Start Connecting to NTRA Web Service 
05-07-2020 14:25:50.510 DEBUG [main]  c.a.v.npc.core.service.NPCService.insertFailedMessage - Start Inserting Failed Message into FAILED_MESSAGES_QUEUE table
05-07-2020 14:25:50.685 DEBUG [main]  c.a.v.npc.core.service.NPCService.insertFailedMessage - Inserting Failed Message into FAILED_MESSAGES_QUEUE table has been done successfully with NPC Message ID 4498756
05-07-2020 14:28:49.324 DEBUG [main]  c.a.v.npc.core.service.NPCService.getDBConnection - Start Initializing Database Connection..
05-07-2020 14:28:52.407 DEBUG [main]  c.a.v.npc.core.service.NPCService.getDBConnection - Initializing Database Connection has been done Successfully...
05-07-2020 14:29:00.821 DEBUG [main]  c.a.v.n.c.handler.NPCProcessHandler.sendPendingMessages - Start retrieving unsent NPC messages
05-07-2020 14:29:00.825 DEBUG [main]  c.a.v.npc.core.dao.NPCMessageDAO.getUnsentMessages - Start retrieving unsent messages of type port message
05-07-2020 14:29:02.818 DEBUG [main]  c.a.v.npc.core.dao.PortMessageDAO.getUnsentMessages - Start select unsent messages from NPC_Message and PORT_MESSAGE 
05-07-2020 14:29:03.293 DEBUG [main]  c.a.v.npc.core.dao.PortMessageDAO.getUnsentMessages - Retrieving unsent messages of type port message has been done successfully and number of unsent messages =0
05-07-2020 14:29:03.295 DEBUG [main]  c.a.v.npc.core.dao.NPCMessageDAO.getUnsentMessages - Start retrieving unsent messages of type bulk sync message
05-07-2020 14:29:03.587 DEBUG [main]  c.a.v.n.core.dao.BulkSyncMessageDAO.getUnsentMessages - Start select unsent messages from NPC_Message and BULK_SYNC_MESSAGE 
05-07-2020 14:29:04.044 DEBUG [main]  c.a.v.n.core.dao.BulkSyncMessageDAO.getUnsentMessages - Retrieving unsent messages of type bulk sync message has been done successfully and number of unsent messages =1
05-07-2020 14:29:04.044 DEBUG [main]  c.a.v.n.c.handler.NPCProcessHandler.sendPendingMessages - Retrieving unsent NPC messges has been done Successfully...
05-07-2020 14:29:04.044 DEBUG [main]  c.a.v.n.c.handler.NPCProcessHandler.sendPendingMessages - Total number of unsent NPC messsages = 1 
05-07-2020 14:29:07.400 DEBUG [main]  c.a.v.n.c.handler.NPCProcessHandler.getNPCMessageXML - Loading XSD schema files to validate NPC message
05-07-2020 14:29:07.449 DEBUG [main]  c.a.v.n.c.handler.NPCProcessHandler.getNPCMessageXML - Start validating NPC message against xsd schema
05-07-2020 14:29:07.458 DEBUG [main]  c.a.v.n.c.handler.NPCProcessHandler.getNPCMessageXML - validating NPC message against XSD schema has been done successfully
05-07-2020 14:29:07.459 DEBUG [main]  c.a.v.n.c.handler.NPCProcessHandler.sendPendingMessage - Creating Message XML has done successfully..
05-07-2020 14:29:07.463 DEBUG [main]  c.a.v.n.c.handler.NPCProcessHandler.sendPendingMessage - Start sending NPC message...
05-07-2020 14:29:10.281 DEBUG [main]  c.a.v.n.c.handler.NPCProcessHandler.sendMessage - Sending NPC Message to NTRA for UserName : vodau1 
05-07-2020 14:29:10.281 DEBUG [main]  c.a.v.n.c.handler.NPCProcessHandler.sendMessage - Calling NTRA Web Service EndPoint : https://localhost:8443/NPC-SOAP/NPCWebService 
05-07-2020 14:29:10.282 DEBUG [main]  c.a.v.n.w.client.NPCWebserviceProxy.processNPCMsg - Start Connecting to NTRA Web Service 
05-07-2020 14:31:18.113 DEBUG [main]  c.a.v.npc.core.service.NPCService.insertFailedMessage - Start Inserting Failed Message into FAILED_MESSAGES_QUEUE table
