01-07-2020 14:40:30.012 INFO  [main]  c.a.v.n.c.handler.NPCProcessHandler.sendPendingMessage - Sending NPC Message to NTRA : <?xml version="1.0" encoding="UTF-8" standalone="yes"?>
<NPCData>
    <NPCMessages>
        <PortMessage>
            <MessageID>OUT1301</MessageID>
            <MessageCode>NPR Accept</MessageCode>
            <ServiceType>MOBILE</ServiceType>
            <PortID>P202006250777777777</PortID>
            <NumbersToPort>
                <NumberFrom>01055555555</NumberFrom>
            </NumbersToPort>
            <SubscriberData>
                <CompanyFlag>false</CompanyFlag>
                <CorporationName>Asset</CorporationName>
                <Name>Hossam Hamdy</Name>
                <AccountNum>666666</AccountNum>
                <SIMCardNum>22222333334444455555</SIMCardNum>
                <NIC>11229966887744</NIC>
                <CNIC>3217896541256</CNIC>
                <PassportNum>C12345678</PassportNum>
                <OtherId>Senator</OtherId>
                <DateOfBirth>19910721</DateOfBirth>
                <ContactPhone>01119164784</ContactPhone>
                <Fax>0704123456</Fax>
                <City>Cairo</City>
                <Street>Farouk St</Street>
                <Locality>Al Tahrir</Locality>
                <PostCode>123123</PostCode>
                <GroupID>Asset Group</GroupID>
                <AuthorizedPersonName>Hossam Hamdy</AuthorizedPersonName>
                <CorporationAddress>Asset</CorporationAddress>
                <CommercialRegistrationNum>002345</CommercialRegistrationNum>
                <TaxRegistrationNum>132544</TaxRegistrationNum>
            </SubscriberData>
        </PortMessage>
    </NPCMessages>
</NPCData>

01-07-2020 14:40:30.216 INFO  [main]  o.s.c.a.AnnotationConfigApplicationContext.prepareRefresh - Refreshing org.springframework.context.annotation.AnnotationConfigApplicationContext@60015ef5: startup date [Wed Jul 01 14:40:30 EET 2020]; root of context hierarchy
01-07-2020 14:40:30.427 INFO  [main]  o.s.oxm.jaxb.Jaxb2Marshaller.createJaxbContextFromContextPath - Creating JAXBContext with context path [com.asset.vodafone.npc.webservice.wsdl]
01-07-2020 14:40:30.522 INFO  [main]  o.s.w.s.saaj.SaajSoapMessageFactory.afterPropertiesSet - Creating SAAJ 1.3 MessageFactory with SOAP 1.1 Protocol
01-07-2020 14:40:30.774 INFO  [main]  o.s.c.a.AnnotationConfigApplicationContext.doClose - Closing org.springframework.context.annotation.AnnotationConfigApplicationContext@60015ef5: startup date [Wed Jul 01 14:40:30 EET 2020]; root of context hierarchy
01-07-2020 14:41:51.760 INFO  [main]  c.a.v.n.c.handler.NPCProcessHandler.sendPendingMessage - Sending NPC Message to NTRA : <?xml version="1.0" encoding="UTF-8" standalone="yes"?>
<NPCData>
    <NPCMessages>
        <PortMessage>
            <MessageID>OUT1301</MessageID>
            <MessageCode>NPR Accept</MessageCode>
            <ServiceType>MOBILE</ServiceType>
            <PortID>P202006250777777777</PortID>
            <NumbersToPort>
                <NumberFrom>01055555555</NumberFrom>
            </NumbersToPort>
            <SubscriberData>
                <CompanyFlag>false</CompanyFlag>
                <CorporationName>Asset</CorporationName>
                <Name>Hossam Hamdy</Name>
                <AccountNum>666666</AccountNum>
                <SIMCardNum>22222333334444455555</SIMCardNum>
                <NIC>11229966887744</NIC>
                <CNIC>3217896541256</CNIC>
                <PassportNum>C12345678</PassportNum>
                <OtherId>Senator</OtherId>
                <DateOfBirth>19910721</DateOfBirth>
                <ContactPhone>01119164784</ContactPhone>
                <Fax>0704123456</Fax>
                <City>Cairo</City>
                <Street>Farouk St</Street>
                <Locality>Al Tahrir</Locality>
                <PostCode>123123</PostCode>
                <GroupID>Asset Group</GroupID>
                <AuthorizedPersonName>Hossam Hamdy</AuthorizedPersonName>
                <CorporationAddress>Asset</CorporationAddress>
                <CommercialRegistrationNum>002345</CommercialRegistrationNum>
                <TaxRegistrationNum>132544</TaxRegistrationNum>
            </SubscriberData>
        </PortMessage>
    </NPCMessages>
</NPCData>

01-07-2020 14:41:51.912 INFO  [main]  o.s.c.a.AnnotationConfigApplicationContext.prepareRefresh - Refreshing org.springframework.context.annotation.AnnotationConfigApplicationContext@3e96bacf: startup date [Wed Jul 01 14:41:51 EET 2020]; root of context hierarchy
01-07-2020 14:41:52.104 INFO  [main]  o.s.oxm.jaxb.Jaxb2Marshaller.createJaxbContextFromContextPath - Creating JAXBContext with context path [com.asset.vodafone.npc.webservice.wsdl]
01-07-2020 14:41:52.174 INFO  [main]  o.s.w.s.saaj.SaajSoapMessageFactory.afterPropertiesSet - Creating SAAJ 1.3 MessageFactory with SOAP 1.1 Protocol
01-07-2020 14:41:52.417 INFO  [main]  o.s.c.a.AnnotationConfigApplicationContext.doClose - Closing org.springframework.context.annotation.AnnotationConfigApplicationContext@3e96bacf: startup date [Wed Jul 01 14:41:51 EET 2020]; root of context hierarchy
01-07-2020 14:41:52.418 INFO  [main]  c.a.v.n.c.handler.NPCProcessHandler.sendPendingMessage - Returned message from NTRA Web service = " success " 
