31-05-2020 17:42:20.195 ERROR [main]  c.a.v.npc.core.service.NPCService.initiateDBConnection - Cannot Establish Database Connection
31-05-2020 17:42:20.201 ERROR [main]  c.a.v.n.c.handler.NPCProcessHandler.initializeNPCService - [NPC_DATABASE_ERROR_01]: Cannot Establish Database Connection
com.asset.vodafone.npc.core.exception.NPCException: [NPC_DATABASE_ERROR_01]: Cannot Establish Database Connection
	at com.asset.vodafone.npc.core.service.NPCService.initiateDBConnection(NPCService.java:86)
	at com.asset.vodafone.npc.core.handler.NPCProcessHandler.initializeNPCService(NPCProcessHandler.java:442)
	at com.asset.vodafone.npc.core.handler.Test.TestNPCProcessHandler.init(TestNPCProcessHandler.java:43)
	at sun.reflect.NativeMethodAccessorImpl.invoke0(Native Method)
	at sun.reflect.NativeMethodAccessorImpl.invoke(NativeMethodAccessorImpl.java:62)
	at sun.reflect.DelegatingMethodAccessorImpl.invoke(DelegatingMethodAccessorImpl.java:43)
	at java.lang.reflect.Method.invoke(Method.java:497)
	at org.junit.runners.model.FrameworkMethod$1.runReflectiveCall(FrameworkMethod.java:50)
	at org.junit.internal.runners.model.ReflectiveCallable.run(ReflectiveCallable.java:12)
	at org.junit.runners.model.FrameworkMethod.invokeExplosively(FrameworkMethod.java:47)
	at org.junit.internal.runners.statements.RunBefores.evaluate(RunBefores.java:24)
	at org.junit.runners.ParentRunner.runLeaf(ParentRunner.java:325)
	at org.junit.runners.BlockJUnit4ClassRunner.runChild(BlockJUnit4ClassRunner.java:78)
	at org.junit.runners.BlockJUnit4ClassRunner.runChild(BlockJUnit4ClassRunner.java:57)
	at org.junit.runners.ParentRunner$3.run(ParentRunner.java:290)
	at org.junit.runners.ParentRunner$1.schedule(ParentRunner.java:71)
	at org.junit.runners.ParentRunner.runChildren(ParentRunner.java:288)
	at org.junit.runners.ParentRunner.access$000(ParentRunner.java:58)
	at org.junit.runners.ParentRunner$2.evaluate(ParentRunner.java:268)
	at org.junit.runners.ParentRunner.run(ParentRunner.java:363)
	at org.eclipse.jdt.internal.junit4.runner.JUnit4TestReference.run(JUnit4TestReference.java:89)
	at org.eclipse.jdt.internal.junit.runner.TestExecution.run(TestExecution.java:41)
	at org.eclipse.jdt.internal.junit.runner.RemoteTestRunner.runTests(RemoteTestRunner.java:542)
	at org.eclipse.jdt.internal.junit.runner.RemoteTestRunner.runTests(RemoteTestRunner.java:770)
	at org.eclipse.jdt.internal.junit.runner.RemoteTestRunner.run(RemoteTestRunner.java:464)
	at org.eclipse.jdt.internal.junit.runner.RemoteTestRunner.main(RemoteTestRunner.java:210)
Caused by: java.sql.SQLRecoverableException: IO Error: The Network Adapter could not establish the connection
	at oracle.jdbc.driver.T4CConnection.logon(T4CConnection.java:673)
	at oracle.jdbc.driver.PhysicalConnection.<init>(PhysicalConnection.java:711)
	at oracle.jdbc.driver.T4CConnection.<init>(T4CConnection.java:385)
	at oracle.jdbc.driver.T4CDriverExtension.getConnection(T4CDriverExtension.java:30)
	at oracle.jdbc.driver.OracleDriver.connect(OracleDriver.java:558)
	at java.sql.DriverManager.getConnection(DriverManager.java:664)
	at java.sql.DriverManager.getConnection(DriverManager.java:247)
	at com.asset.vodafone.npc.core.service.NPCService.getDBConnection(NPCService.java:114)
	at com.asset.vodafone.npc.core.service.NPCService.initiateDBConnection(NPCService.java:78)
	... 25 common frames omitted
Caused by: oracle.net.ns.NetException: The Network Adapter could not establish the connection
	at oracle.net.nt.ConnStrategy.execute(ConnStrategy.java:445)
	at oracle.net.resolver.AddrResolution.resolveAndExecute(AddrResolution.java:464)
	at oracle.net.ns.NSProtocol.establishConnection(NSProtocol.java:594)
	at oracle.net.ns.NSProtocol.connect(NSProtocol.java:229)
	at oracle.jdbc.driver.T4CConnection.connect(T4CConnection.java:1360)
	at oracle.jdbc.driver.T4CConnection.logon(T4CConnection.java:486)
	... 33 common frames omitted
Caused by: java.net.ConnectException: Connection timed out: connect
	at java.net.DualStackPlainSocketImpl.waitForConnect(Native Method)
	at java.net.DualStackPlainSocketImpl.socketConnect(DualStackPlainSocketImpl.java:85)
	at java.net.AbstractPlainSocketImpl.doConnect(AbstractPlainSocketImpl.java:350)
	at java.net.AbstractPlainSocketImpl.connectToAddress(AbstractPlainSocketImpl.java:206)
	at java.net.AbstractPlainSocketImpl.connect(AbstractPlainSocketImpl.java:188)
	at java.net.PlainSocketImpl.connect(PlainSocketImpl.java:172)
	at java.net.SocksSocketImpl.connect(SocksSocketImpl.java:392)
	at java.net.Socket.connect(Socket.java:589)
	at oracle.net.nt.TcpNTAdapter.connect(TcpNTAdapter.java:162)
	at oracle.net.nt.ConnOption.connect(ConnOption.java:133)
	at oracle.net.nt.ConnStrategy.execute(ConnStrategy.java:411)
	... 38 common frames omitted
31-05-2020 17:42:41.215 ERROR [main]  c.a.v.npc.core.service.NPCService.initiateDBConnection - Cannot Establish Database Connection
31-05-2020 17:42:41.216 ERROR [main]  c.a.v.n.c.handler.NPCProcessHandler.initializeNPCService - [NPC_DATABASE_ERROR_01]: Cannot Establish Database Connection
com.asset.vodafone.npc.core.exception.NPCException: [NPC_DATABASE_ERROR_01]: Cannot Establish Database Connection
	at com.asset.vodafone.npc.core.service.NPCService.initiateDBConnection(NPCService.java:86)
	at com.asset.vodafone.npc.core.handler.NPCProcessHandler.initializeNPCService(NPCProcessHandler.java:442)
	at com.asset.vodafone.npc.core.handler.Test.TestNPCProcessHandler.init(TestNPCProcessHandler.java:43)
	at sun.reflect.NativeMethodAccessorImpl.invoke0(Native Method)
	at sun.reflect.NativeMethodAccessorImpl.invoke(NativeMethodAccessorImpl.java:62)
	at sun.reflect.DelegatingMethodAccessorImpl.invoke(DelegatingMethodAccessorImpl.java:43)
	at java.lang.reflect.Method.invoke(Method.java:497)
	at org.junit.runners.model.FrameworkMethod$1.runReflectiveCall(FrameworkMethod.java:50)
	at org.junit.internal.runners.model.ReflectiveCallable.run(ReflectiveCallable.java:12)
	at org.junit.runners.model.FrameworkMethod.invokeExplosively(FrameworkMethod.java:47)
	at org.junit.internal.runners.statements.RunBefores.evaluate(RunBefores.java:24)
	at org.junit.runners.ParentRunner.runLeaf(ParentRunner.java:325)
	at org.junit.runners.BlockJUnit4ClassRunner.runChild(BlockJUnit4ClassRunner.java:78)
	at org.junit.runners.BlockJUnit4ClassRunner.runChild(BlockJUnit4ClassRunner.java:57)
	at org.junit.runners.ParentRunner$3.run(ParentRunner.java:290)
	at org.junit.runners.ParentRunner$1.schedule(ParentRunner.java:71)
	at org.junit.runners.ParentRunner.runChildren(ParentRunner.java:288)
	at org.junit.runners.ParentRunner.access$000(ParentRunner.java:58)
	at org.junit.runners.ParentRunner$2.evaluate(ParentRunner.java:268)
	at org.junit.runners.ParentRunner.run(ParentRunner.java:363)
	at org.eclipse.jdt.internal.junit4.runner.JUnit4TestReference.run(JUnit4TestReference.java:89)
	at org.eclipse.jdt.internal.junit.runner.TestExecution.run(TestExecution.java:41)
	at org.eclipse.jdt.internal.junit.runner.RemoteTestRunner.runTests(RemoteTestRunner.java:542)
	at org.eclipse.jdt.internal.junit.runner.RemoteTestRunner.runTests(RemoteTestRunner.java:770)
	at org.eclipse.jdt.internal.junit.runner.RemoteTestRunner.run(RemoteTestRunner.java:464)
	at org.eclipse.jdt.internal.junit.runner.RemoteTestRunner.main(RemoteTestRunner.java:210)
Caused by: java.sql.SQLRecoverableException: IO Error: The Network Adapter could not establish the connection
	at oracle.jdbc.driver.T4CConnection.logon(T4CConnection.java:673)
	at oracle.jdbc.driver.PhysicalConnection.<init>(PhysicalConnection.java:711)
	at oracle.jdbc.driver.T4CConnection.<init>(T4CConnection.java:385)
	at oracle.jdbc.driver.T4CDriverExtension.getConnection(T4CDriverExtension.java:30)
	at oracle.jdbc.driver.OracleDriver.connect(OracleDriver.java:558)
	at java.sql.DriverManager.getConnection(DriverManager.java:664)
	at java.sql.DriverManager.getConnection(DriverManager.java:247)
	at com.asset.vodafone.npc.core.service.NPCService.getDBConnection(NPCService.java:114)
	at com.asset.vodafone.npc.core.service.NPCService.initiateDBConnection(NPCService.java:78)
	... 25 common frames omitted
Caused by: oracle.net.ns.NetException: The Network Adapter could not establish the connection
	at oracle.net.nt.ConnStrategy.execute(ConnStrategy.java:445)
	at oracle.net.resolver.AddrResolution.resolveAndExecute(AddrResolution.java:464)
	at oracle.net.ns.NSProtocol.establishConnection(NSProtocol.java:594)
	at oracle.net.ns.NSProtocol.connect(NSProtocol.java:229)
	at oracle.jdbc.driver.T4CConnection.connect(T4CConnection.java:1360)
	at oracle.jdbc.driver.T4CConnection.logon(T4CConnection.java:486)
	... 33 common frames omitted
Caused by: java.net.ConnectException: Connection timed out: connect
	at java.net.DualStackPlainSocketImpl.waitForConnect(Native Method)
	at java.net.DualStackPlainSocketImpl.socketConnect(DualStackPlainSocketImpl.java:85)
	at java.net.AbstractPlainSocketImpl.doConnect(AbstractPlainSocketImpl.java:350)
	at java.net.AbstractPlainSocketImpl.connectToAddress(AbstractPlainSocketImpl.java:206)
	at java.net.AbstractPlainSocketImpl.connect(AbstractPlainSocketImpl.java:188)
	at java.net.PlainSocketImpl.connect(PlainSocketImpl.java:172)
	at java.net.SocksSocketImpl.connect(SocksSocketImpl.java:392)
	at java.net.Socket.connect(Socket.java:589)
	at oracle.net.nt.TcpNTAdapter.connect(TcpNTAdapter.java:162)
	at oracle.net.nt.ConnOption.connect(ConnOption.java:133)
	at oracle.net.nt.ConnStrategy.execute(ConnStrategy.java:411)
	... 38 common frames omitted
31-05-2020 17:43:02.230 ERROR [main]  c.a.v.npc.core.service.NPCService.initiateDBConnection - Cannot Establish Database Connection
31-05-2020 17:43:02.231 ERROR [main]  c.a.v.n.c.handler.NPCProcessHandler.initializeNPCService - [NPC_DATABASE_ERROR_01]: Cannot Establish Database Connection
com.asset.vodafone.npc.core.exception.NPCException: [NPC_DATABASE_ERROR_01]: Cannot Establish Database Connection
	at com.asset.vodafone.npc.core.service.NPCService.initiateDBConnection(NPCService.java:86)
	at com.asset.vodafone.npc.core.handler.NPCProcessHandler.initializeNPCService(NPCProcessHandler.java:442)
	at com.asset.vodafone.npc.core.handler.Test.TestNPCProcessHandler.init(TestNPCProcessHandler.java:43)
	at sun.reflect.NativeMethodAccessorImpl.invoke0(Native Method)
	at sun.reflect.NativeMethodAccessorImpl.invoke(NativeMethodAccessorImpl.java:62)
	at sun.reflect.DelegatingMethodAccessorImpl.invoke(DelegatingMethodAccessorImpl.java:43)
	at java.lang.reflect.Method.invoke(Method.java:497)
	at org.junit.runners.model.FrameworkMethod$1.runReflectiveCall(FrameworkMethod.java:50)
	at org.junit.internal.runners.model.ReflectiveCallable.run(ReflectiveCallable.java:12)
	at org.junit.runners.model.FrameworkMethod.invokeExplosively(FrameworkMethod.java:47)
	at org.junit.internal.runners.statements.RunBefores.evaluate(RunBefores.java:24)
	at org.junit.runners.ParentRunner.runLeaf(ParentRunner.java:325)
	at org.junit.runners.BlockJUnit4ClassRunner.runChild(BlockJUnit4ClassRunner.java:78)
	at org.junit.runners.BlockJUnit4ClassRunner.runChild(BlockJUnit4ClassRunner.java:57)
	at org.junit.runners.ParentRunner$3.run(ParentRunner.java:290)
	at org.junit.runners.ParentRunner$1.schedule(ParentRunner.java:71)
	at org.junit.runners.ParentRunner.runChildren(ParentRunner.java:288)
	at org.junit.runners.ParentRunner.access$000(ParentRunner.java:58)
	at org.junit.runners.ParentRunner$2.evaluate(ParentRunner.java:268)
	at org.junit.runners.ParentRunner.run(ParentRunner.java:363)
	at org.eclipse.jdt.internal.junit4.runner.JUnit4TestReference.run(JUnit4TestReference.java:89)
	at org.eclipse.jdt.internal.junit.runner.TestExecution.run(TestExecution.java:41)
	at org.eclipse.jdt.internal.junit.runner.RemoteTestRunner.runTests(RemoteTestRunner.java:542)
	at org.eclipse.jdt.internal.junit.runner.RemoteTestRunner.runTests(RemoteTestRunner.java:770)
	at org.eclipse.jdt.internal.junit.runner.RemoteTestRunner.run(RemoteTestRunner.java:464)
	at org.eclipse.jdt.internal.junit.runner.RemoteTestRunner.main(RemoteTestRunner.java:210)
Caused by: java.sql.SQLRecoverableException: IO Error: The Network Adapter could not establish the connection
	at oracle.jdbc.driver.T4CConnection.logon(T4CConnection.java:673)
	at oracle.jdbc.driver.PhysicalConnection.<init>(PhysicalConnection.java:711)
	at oracle.jdbc.driver.T4CConnection.<init>(T4CConnection.java:385)
	at oracle.jdbc.driver.T4CDriverExtension.getConnection(T4CDriverExtension.java:30)
	at oracle.jdbc.driver.OracleDriver.connect(OracleDriver.java:558)
	at java.sql.DriverManager.getConnection(DriverManager.java:664)
	at java.sql.DriverManager.getConnection(DriverManager.java:247)
	at com.asset.vodafone.npc.core.service.NPCService.getDBConnection(NPCService.java:114)
	at com.asset.vodafone.npc.core.service.NPCService.initiateDBConnection(NPCService.java:78)
	... 25 common frames omitted
Caused by: oracle.net.ns.NetException: The Network Adapter could not establish the connection
	at oracle.net.nt.ConnStrategy.execute(ConnStrategy.java:445)
	at oracle.net.resolver.AddrResolution.resolveAndExecute(AddrResolution.java:464)
	at oracle.net.ns.NSProtocol.establishConnection(NSProtocol.java:594)
	at oracle.net.ns.NSProtocol.connect(NSProtocol.java:229)
	at oracle.jdbc.driver.T4CConnection.connect(T4CConnection.java:1360)
	at oracle.jdbc.driver.T4CConnection.logon(T4CConnection.java:486)
	... 33 common frames omitted
Caused by: java.net.ConnectException: Connection timed out: connect
	at java.net.DualStackPlainSocketImpl.waitForConnect(Native Method)
	at java.net.DualStackPlainSocketImpl.socketConnect(DualStackPlainSocketImpl.java:85)
	at java.net.AbstractPlainSocketImpl.doConnect(AbstractPlainSocketImpl.java:350)
	at java.net.AbstractPlainSocketImpl.connectToAddress(AbstractPlainSocketImpl.java:206)
	at java.net.AbstractPlainSocketImpl.connect(AbstractPlainSocketImpl.java:188)
	at java.net.PlainSocketImpl.connect(PlainSocketImpl.java:172)
	at java.net.SocksSocketImpl.connect(SocksSocketImpl.java:392)
	at java.net.Socket.connect(Socket.java:589)
	at oracle.net.nt.TcpNTAdapter.connect(TcpNTAdapter.java:162)
	at oracle.net.nt.ConnOption.connect(ConnOption.java:133)
	at oracle.net.nt.ConnStrategy.execute(ConnStrategy.java:411)
	... 38 common frames omitted
31-05-2020 17:43:23.253 ERROR [main]  c.a.v.npc.core.service.NPCService.initiateDBConnection - Cannot Establish Database Connection
31-05-2020 17:43:23.254 ERROR [main]  c.a.v.n.c.handler.NPCProcessHandler.initializeNPCService - [NPC_DATABASE_ERROR_01]: Cannot Establish Database Connection
com.asset.vodafone.npc.core.exception.NPCException: [NPC_DATABASE_ERROR_01]: Cannot Establish Database Connection
	at com.asset.vodafone.npc.core.service.NPCService.initiateDBConnection(NPCService.java:86)
	at com.asset.vodafone.npc.core.handler.NPCProcessHandler.initializeNPCService(NPCProcessHandler.java:442)
	at com.asset.vodafone.npc.core.handler.Test.TestNPCProcessHandler.init(TestNPCProcessHandler.java:43)
	at sun.reflect.NativeMethodAccessorImpl.invoke0(Native Method)
	at sun.reflect.NativeMethodAccessorImpl.invoke(NativeMethodAccessorImpl.java:62)
	at sun.reflect.DelegatingMethodAccessorImpl.invoke(DelegatingMethodAccessorImpl.java:43)
	at java.lang.reflect.Method.invoke(Method.java:497)
	at org.junit.runners.model.FrameworkMethod$1.runReflectiveCall(FrameworkMethod.java:50)
	at org.junit.internal.runners.model.ReflectiveCallable.run(ReflectiveCallable.java:12)
	at org.junit.runners.model.FrameworkMethod.invokeExplosively(FrameworkMethod.java:47)
	at org.junit.internal.runners.statements.RunBefores.evaluate(RunBefores.java:24)
	at org.junit.runners.ParentRunner.runLeaf(ParentRunner.java:325)
	at org.junit.runners.BlockJUnit4ClassRunner.runChild(BlockJUnit4ClassRunner.java:78)
	at org.junit.runners.BlockJUnit4ClassRunner.runChild(BlockJUnit4ClassRunner.java:57)
	at org.junit.runners.ParentRunner$3.run(ParentRunner.java:290)
	at org.junit.runners.ParentRunner$1.schedule(ParentRunner.java:71)
	at org.junit.runners.ParentRunner.runChildren(ParentRunner.java:288)
	at org.junit.runners.ParentRunner.access$000(ParentRunner.java:58)
	at org.junit.runners.ParentRunner$2.evaluate(ParentRunner.java:268)
	at org.junit.runners.ParentRunner.run(ParentRunner.java:363)
	at org.eclipse.jdt.internal.junit4.runner.JUnit4TestReference.run(JUnit4TestReference.java:89)
	at org.eclipse.jdt.internal.junit.runner.TestExecution.run(TestExecution.java:41)
	at org.eclipse.jdt.internal.junit.runner.RemoteTestRunner.runTests(RemoteTestRunner.java:542)
	at org.eclipse.jdt.internal.junit.runner.RemoteTestRunner.runTests(RemoteTestRunner.java:770)
	at org.eclipse.jdt.internal.junit.runner.RemoteTestRunner.run(RemoteTestRunner.java:464)
	at org.eclipse.jdt.internal.junit.runner.RemoteTestRunner.main(RemoteTestRunner.java:210)
Caused by: java.sql.SQLRecoverableException: IO Error: The Network Adapter could not establish the connection
	at oracle.jdbc.driver.T4CConnection.logon(T4CConnection.java:673)
	at oracle.jdbc.driver.PhysicalConnection.<init>(PhysicalConnection.java:711)
	at oracle.jdbc.driver.T4CConnection.<init>(T4CConnection.java:385)
	at oracle.jdbc.driver.T4CDriverExtension.getConnection(T4CDriverExtension.java:30)
	at oracle.jdbc.driver.OracleDriver.connect(OracleDriver.java:558)
	at java.sql.DriverManager.getConnection(DriverManager.java:664)
	at java.sql.DriverManager.getConnection(DriverManager.java:247)
	at com.asset.vodafone.npc.core.service.NPCService.getDBConnection(NPCService.java:114)
	at com.asset.vodafone.npc.core.service.NPCService.initiateDBConnection(NPCService.java:78)
	... 25 common frames omitted
Caused by: oracle.net.ns.NetException: The Network Adapter could not establish the connection
	at oracle.net.nt.ConnStrategy.execute(ConnStrategy.java:445)
	at oracle.net.resolver.AddrResolution.resolveAndExecute(AddrResolution.java:464)
	at oracle.net.ns.NSProtocol.establishConnection(NSProtocol.java:594)
	at oracle.net.ns.NSProtocol.connect(NSProtocol.java:229)
	at oracle.jdbc.driver.T4CConnection.connect(T4CConnection.java:1360)
	at oracle.jdbc.driver.T4CConnection.logon(T4CConnection.java:486)
	... 33 common frames omitted
Caused by: java.net.ConnectException: Connection timed out: connect
	at java.net.DualStackPlainSocketImpl.waitForConnect(Native Method)
	at java.net.DualStackPlainSocketImpl.socketConnect(DualStackPlainSocketImpl.java:85)
	at java.net.AbstractPlainSocketImpl.doConnect(AbstractPlainSocketImpl.java:350)
	at java.net.AbstractPlainSocketImpl.connectToAddress(AbstractPlainSocketImpl.java:206)
	at java.net.AbstractPlainSocketImpl.connect(AbstractPlainSocketImpl.java:188)
	at java.net.PlainSocketImpl.connect(PlainSocketImpl.java:172)
	at java.net.SocksSocketImpl.connect(SocksSocketImpl.java:392)
	at java.net.Socket.connect(Socket.java:589)
	at oracle.net.nt.TcpNTAdapter.connect(TcpNTAdapter.java:162)
	at oracle.net.nt.ConnOption.connect(ConnOption.java:133)
	at oracle.net.nt.ConnStrategy.execute(ConnStrategy.java:411)
	... 38 common frames omitted
31-05-2020 17:43:44.257 ERROR [main]  c.a.v.npc.core.service.NPCService.initiateDBConnection - Cannot Establish Database Connection
31-05-2020 17:43:44.258 ERROR [main]  c.a.v.n.c.handler.NPCProcessHandler.initializeNPCService - [NPC_DATABASE_ERROR_01]: Cannot Establish Database Connection
com.asset.vodafone.npc.core.exception.NPCException: [NPC_DATABASE_ERROR_01]: Cannot Establish Database Connection
	at com.asset.vodafone.npc.core.service.NPCService.initiateDBConnection(NPCService.java:86)
	at com.asset.vodafone.npc.core.handler.NPCProcessHandler.initializeNPCService(NPCProcessHandler.java:442)
	at com.asset.vodafone.npc.core.handler.Test.TestNPCProcessHandler.init(TestNPCProcessHandler.java:43)
	at sun.reflect.NativeMethodAccessorImpl.invoke0(Native Method)
	at sun.reflect.NativeMethodAccessorImpl.invoke(NativeMethodAccessorImpl.java:62)
	at sun.reflect.DelegatingMethodAccessorImpl.invoke(DelegatingMethodAccessorImpl.java:43)
	at java.lang.reflect.Method.invoke(Method.java:497)
	at org.junit.runners.model.FrameworkMethod$1.runReflectiveCall(FrameworkMethod.java:50)
	at org.junit.internal.runners.model.ReflectiveCallable.run(ReflectiveCallable.java:12)
	at org.junit.runners.model.FrameworkMethod.invokeExplosively(FrameworkMethod.java:47)
	at org.junit.internal.runners.statements.RunBefores.evaluate(RunBefores.java:24)
	at org.junit.runners.ParentRunner.runLeaf(ParentRunner.java:325)
	at org.junit.runners.BlockJUnit4ClassRunner.runChild(BlockJUnit4ClassRunner.java:78)
	at org.junit.runners.BlockJUnit4ClassRunner.runChild(BlockJUnit4ClassRunner.java:57)
	at org.junit.runners.ParentRunner$3.run(ParentRunner.java:290)
	at org.junit.runners.ParentRunner$1.schedule(ParentRunner.java:71)
	at org.junit.runners.ParentRunner.runChildren(ParentRunner.java:288)
	at org.junit.runners.ParentRunner.access$000(ParentRunner.java:58)
	at org.junit.runners.ParentRunner$2.evaluate(ParentRunner.java:268)
	at org.junit.runners.ParentRunner.run(ParentRunner.java:363)
	at org.eclipse.jdt.internal.junit4.runner.JUnit4TestReference.run(JUnit4TestReference.java:89)
	at org.eclipse.jdt.internal.junit.runner.TestExecution.run(TestExecution.java:41)
	at org.eclipse.jdt.internal.junit.runner.RemoteTestRunner.runTests(RemoteTestRunner.java:542)
	at org.eclipse.jdt.internal.junit.runner.RemoteTestRunner.runTests(RemoteTestRunner.java:770)
	at org.eclipse.jdt.internal.junit.runner.RemoteTestRunner.run(RemoteTestRunner.java:464)
	at org.eclipse.jdt.internal.junit.runner.RemoteTestRunner.main(RemoteTestRunner.java:210)
Caused by: java.sql.SQLRecoverableException: IO Error: The Network Adapter could not establish the connection
	at oracle.jdbc.driver.T4CConnection.logon(T4CConnection.java:673)
	at oracle.jdbc.driver.PhysicalConnection.<init>(PhysicalConnection.java:711)
	at oracle.jdbc.driver.T4CConnection.<init>(T4CConnection.java:385)
	at oracle.jdbc.driver.T4CDriverExtension.getConnection(T4CDriverExtension.java:30)
	at oracle.jdbc.driver.OracleDriver.connect(OracleDriver.java:558)
	at java.sql.DriverManager.getConnection(DriverManager.java:664)
	at java.sql.DriverManager.getConnection(DriverManager.java:247)
	at com.asset.vodafone.npc.core.service.NPCService.getDBConnection(NPCService.java:114)
	at com.asset.vodafone.npc.core.service.NPCService.initiateDBConnection(NPCService.java:78)
	... 25 common frames omitted
Caused by: oracle.net.ns.NetException: The Network Adapter could not establish the connection
	at oracle.net.nt.ConnStrategy.execute(ConnStrategy.java:445)
	at oracle.net.resolver.AddrResolution.resolveAndExecute(AddrResolution.java:464)
	at oracle.net.ns.NSProtocol.establishConnection(NSProtocol.java:594)
	at oracle.net.ns.NSProtocol.connect(NSProtocol.java:229)
	at oracle.jdbc.driver.T4CConnection.connect(T4CConnection.java:1360)
	at oracle.jdbc.driver.T4CConnection.logon(T4CConnection.java:486)
	... 33 common frames omitted
Caused by: java.net.ConnectException: Connection timed out: connect
	at java.net.DualStackPlainSocketImpl.waitForConnect(Native Method)
	at java.net.DualStackPlainSocketImpl.socketConnect(DualStackPlainSocketImpl.java:85)
	at java.net.AbstractPlainSocketImpl.doConnect(AbstractPlainSocketImpl.java:350)
	at java.net.AbstractPlainSocketImpl.connectToAddress(AbstractPlainSocketImpl.java:206)
	at java.net.AbstractPlainSocketImpl.connect(AbstractPlainSocketImpl.java:188)
	at java.net.PlainSocketImpl.connect(PlainSocketImpl.java:172)
	at java.net.SocksSocketImpl.connect(SocksSocketImpl.java:392)
	at java.net.Socket.connect(Socket.java:589)
	at oracle.net.nt.TcpNTAdapter.connect(TcpNTAdapter.java:162)
	at oracle.net.nt.ConnOption.connect(ConnOption.java:133)
	at oracle.net.nt.ConnStrategy.execute(ConnStrategy.java:411)
	... 38 common frames omitted
31-05-2020 17:45:38.595 ERROR [main]  c.a.v.npc.core.service.NPCService.getUnsentMessages - Closed Connection
java.sql.SQLRecoverableException: Closed Connection
	at oracle.jdbc.driver.OracleStatement.ensureOpen(OracleStatement.java:4296)
	at oracle.jdbc.driver.OracleStatement.clearWarnings(OracleStatement.java:3305)
	at oracle.jdbc.driver.OracleStatement.prepareForNewResults(OracleStatement.java:3781)
	at oracle.jdbc.driver.OracleStatement.doScrollExecuteCommon(OracleStatement.java:5064)
	at oracle.jdbc.driver.OracleStatement.doScrollStmtExecuteQuery(OracleStatement.java:5124)
	at oracle.jdbc.driver.OracleStatement.executeQuery(OracleStatement.java:1260)
	at oracle.jdbc.driver.OracleStatementWrapper.executeQuery(OracleStatementWrapper.java:420)
	at com.asset.vodafone.npc.core.dao.PortMessageDAO.getUnsentMessages(PortMessageDAO.java:276)
	at com.asset.vodafone.npc.core.dao.NPCMessageDAO.getUnsentMessages(NPCMessageDAO.java:398)
	at com.asset.vodafone.npc.core.service.NPCService.getUnsentMessages(NPCService.java:273)
	at com.asset.vodafone.npc.core.handler.Test.TestNPCProcessHandler.testgetUnsentMessages(TestNPCProcessHandler.java:96)
	at sun.reflect.NativeMethodAccessorImpl.invoke0(Native Method)
	at sun.reflect.NativeMethodAccessorImpl.invoke(NativeMethodAccessorImpl.java:62)
	at sun.reflect.DelegatingMethodAccessorImpl.invoke(DelegatingMethodAccessorImpl.java:43)
	at java.lang.reflect.Method.invoke(Method.java:497)
	at org.junit.runners.model.FrameworkMethod$1.runReflectiveCall(FrameworkMethod.java:50)
	at org.junit.internal.runners.model.ReflectiveCallable.run(ReflectiveCallable.java:12)
	at org.junit.runners.model.FrameworkMethod.invokeExplosively(FrameworkMethod.java:47)
	at org.junit.internal.runners.statements.InvokeMethod.evaluate(InvokeMethod.java:17)
	at org.junit.internal.runners.statements.RunBefores.evaluate(RunBefores.java:26)
	at org.junit.runners.ParentRunner.runLeaf(ParentRunner.java:325)
	at org.junit.runners.BlockJUnit4ClassRunner.runChild(BlockJUnit4ClassRunner.java:78)
	at org.junit.runners.BlockJUnit4ClassRunner.runChild(BlockJUnit4ClassRunner.java:57)
	at org.junit.runners.ParentRunner$3.run(ParentRunner.java:290)
	at org.junit.runners.ParentRunner$1.schedule(ParentRunner.java:71)
	at org.junit.runners.ParentRunner.runChildren(ParentRunner.java:288)
	at org.junit.runners.ParentRunner.access$000(ParentRunner.java:58)
	at org.junit.runners.ParentRunner$2.evaluate(ParentRunner.java:268)
	at org.junit.runners.ParentRunner.run(ParentRunner.java:363)
	at org.eclipse.jdt.internal.junit4.runner.JUnit4TestReference.run(JUnit4TestReference.java:89)
	at org.eclipse.jdt.internal.junit.runner.TestExecution.run(TestExecution.java:41)
	at org.eclipse.jdt.internal.junit.runner.RemoteTestRunner.runTests(RemoteTestRunner.java:542)
	at org.eclipse.jdt.internal.junit.runner.RemoteTestRunner.runTests(RemoteTestRunner.java:770)
	at org.eclipse.jdt.internal.junit.runner.RemoteTestRunner.run(RemoteTestRunner.java:464)
	at org.eclipse.jdt.internal.junit.runner.RemoteTestRunner.main(RemoteTestRunner.java:210)
31-05-2020 17:45:38.596 ERROR [main]  c.a.v.npc.core.service.NPCService.getUnsentMessages - Error in Select statement
