22-06-2020 20:11:33.342 ERROR [main]  c.a.v.n.c.handler.NPCProcessHandler.loadNPCPropertiesFile - npc_web_service.properties (The system cannot find the file specified)
java.io.FileNotFoundException: npc_web_service.properties (The system cannot find the file specified)
	at java.io.FileInputStream.open0(Native Method)
	at java.io.FileInputStream.open(FileInputStream.java:195)
	at java.io.FileInputStream.<init>(FileInputStream.java:138)
	at java.io.FileInputStream.<init>(FileInputStream.java:93)
	at com.asset.vodafone.npc.core.handler.NPCProcessHandler.loadNPCPropertiesFile(NPCProcessHandler.java:117)
	at com.asset.vodafone.npc.core.handler.NPCProcessHandler.<init>(NPCProcessHandler.java:67)
	at com.asset.vodafone.npc.core.handler.NPCProcessHandler.getInstance(NPCProcessHandler.java:85)
	at com.asset.vodafone.npc.core.handler.NPCProcessHandler.main(NPCProcessHandler.java:710)
22-06-2020 20:11:33.374 ERROR [main]  c.a.v.n.c.handler.NPCProcessHandler.<init> - Error While Loading Properties File
com.asset.vodafone.npc.core.exception.NPCException: [null]: Cannot load NPC properties file
	at com.asset.vodafone.npc.core.handler.NPCProcessHandler.loadNPCPropertiesFile(NPCProcessHandler.java:121)
	at com.asset.vodafone.npc.core.handler.NPCProcessHandler.<init>(NPCProcessHandler.java:67)
	at com.asset.vodafone.npc.core.handler.NPCProcessHandler.getInstance(NPCProcessHandler.java:85)
	at com.asset.vodafone.npc.core.handler.NPCProcessHandler.main(NPCProcessHandler.java:710)
22-06-2020 20:11:33.375 ERROR [main]  c.a.v.n.c.handler.NPCProcessHandler.main - [NPC_FATAL_ERROR]: [null]: Cannot load NPC properties file
com.asset.vodafone.npc.core.exception.NPCException: [NPC_FATAL_ERROR]: [null]: Cannot load NPC properties file
	at com.asset.vodafone.npc.core.handler.NPCProcessHandler.main(NPCProcessHandler.java:719)
22-06-2020 20:15:43.622 ERROR [main]  c.a.v.n.c.handler.NPCProcessHandler.getNPCMessageXML - null
javax.xml.bind.MarshalException: null
	at com.sun.xml.internal.bind.v2.runtime.MarshallerImpl.write(MarshallerImpl.java:311)
	at com.sun.xml.internal.bind.v2.runtime.MarshallerImpl.marshal(MarshallerImpl.java:236)
	at javax.xml.bind.helpers.AbstractMarshallerImpl.marshal(AbstractMarshallerImpl.java:95)
	at com.asset.vodafone.npc.core.handler.NPCProcessHandler.getNPCMessageXML(NPCProcessHandler.java:220)
	at com.asset.vodafone.npc.core.handler.NPCProcessHandler.sendPendingMessage(NPCProcessHandler.java:320)
	at com.asset.vodafone.npc.core.handler.NPCProcessHandler.sendPendingMessages(NPCProcessHandler.java:400)
	at com.asset.vodafone.npc.core.handler.NPCProcessHandler.mainMode(NPCProcessHandler.java:666)
	at com.asset.vodafone.npc.core.handler.NPCProcessHandler.main(NPCProcessHandler.java:716)
Caused by: org.xml.sax.SAXParseException: cvc-complex-type.2.4.a: Invalid content was found starting with element 'RejectCode'. One of '{NumbersToPort}' is expected.
	at com.sun.org.apache.xerces.internal.util.ErrorHandlerWrapper.createSAXParseException(ErrorHandlerWrapper.java:203)
	at com.sun.org.apache.xerces.internal.util.ErrorHandlerWrapper.error(ErrorHandlerWrapper.java:134)
	at com.sun.org.apache.xerces.internal.impl.XMLErrorReporter.reportError(XMLErrorReporter.java:437)
	at com.sun.org.apache.xerces.internal.impl.XMLErrorReporter.reportError(XMLErrorReporter.java:368)
	at com.sun.org.apache.xerces.internal.impl.XMLErrorReporter.reportError(XMLErrorReporter.java:325)
	at com.sun.org.apache.xerces.internal.impl.xs.XMLSchemaValidator$XSIErrorReporter.reportError(XMLSchemaValidator.java:458)
	at com.sun.org.apache.xerces.internal.impl.xs.XMLSchemaValidator.reportSchemaError(XMLSchemaValidator.java:3237)
	at com.sun.org.apache.xerces.internal.impl.xs.XMLSchemaValidator.handleStartElement(XMLSchemaValidator.java:1796)
	at com.sun.org.apache.xerces.internal.impl.xs.XMLSchemaValidator.startElement(XMLSchemaValidator.java:746)
	at com.sun.org.apache.xerces.internal.jaxp.validation.ValidatorHandlerImpl.startElement(ValidatorHandlerImpl.java:570)
	at org.xml.sax.helpers.XMLFilterImpl.startElement(XMLFilterImpl.java:551)
	at com.sun.xml.internal.bind.v2.runtime.output.SAXOutput.endStartTag(SAXOutput.java:113)
	at com.sun.xml.internal.bind.v2.runtime.output.ForkXmlOutput.endStartTag(ForkXmlOutput.java:91)
	at com.sun.xml.internal.bind.v2.runtime.XMLSerializer.leafElement(XMLSerializer.java:310)
	at com.sun.xml.internal.bind.v2.model.impl.RuntimeBuiltinLeafInfoImpl$StringImplImpl.writeLeafElement(RuntimeBuiltinLeafInfoImpl.java:1036)
	at com.sun.xml.internal.bind.v2.model.impl.RuntimeBuiltinLeafInfoImpl$StringImplImpl.writeLeafElement(RuntimeBuiltinLeafInfoImpl.java:1015)
	at com.sun.xml.internal.bind.v2.runtime.reflect.TransducedAccessor$CompositeTransducedAccessorImpl.writeLeafElement(TransducedAccessor.java:239)
	at com.sun.xml.internal.bind.v2.runtime.property.SingleElementLeafProperty.serializeBody(SingleElementLeafProperty.java:115)
	at com.sun.xml.internal.bind.v2.runtime.ClassBeanInfoImpl.serializeBody(ClassBeanInfoImpl.java:345)
	at com.sun.xml.internal.bind.v2.runtime.XMLSerializer.childAsXsiType(XMLSerializer.java:681)
	at com.sun.xml.internal.bind.v2.runtime.property.ArrayElementNodeProperty.serializeItem(ArrayElementNodeProperty.java:54)
	at com.sun.xml.internal.bind.v2.runtime.property.ArrayElementProperty.serializeListBody(ArrayElementProperty.java:157)
	at com.sun.xml.internal.bind.v2.runtime.property.ArrayERProperty.serializeBody(ArrayERProperty.java:144)
	at com.sun.xml.internal.bind.v2.runtime.ClassBeanInfoImpl.serializeBody(ClassBeanInfoImpl.java:345)
	at com.sun.xml.internal.bind.v2.runtime.XMLSerializer.childAsXsiType(XMLSerializer.java:681)
	at com.sun.xml.internal.bind.v2.runtime.property.SingleElementNodeProperty.serializeBody(SingleElementNodeProperty.java:143)
	at com.sun.xml.internal.bind.v2.runtime.ClassBeanInfoImpl.serializeBody(ClassBeanInfoImpl.java:345)
	at com.sun.xml.internal.bind.v2.runtime.XMLSerializer.childAsSoleContent(XMLSerializer.java:578)
	at com.sun.xml.internal.bind.v2.runtime.ClassBeanInfoImpl.serializeRoot(ClassBeanInfoImpl.java:326)
	at com.sun.xml.internal.bind.v2.runtime.XMLSerializer.childAsRoot(XMLSerializer.java:479)
	at com.sun.xml.internal.bind.v2.runtime.MarshallerImpl.write(MarshallerImpl.java:308)
	... 7 common frames omitted
22-06-2020 20:15:43.623 ERROR [main]  c.a.v.n.c.handler.NPCProcessHandler.sendPendingMessages - [NPC_JAXB_ERROR_01]: Cannot Create JAXB Object
com.asset.vodafone.npc.core.exception.NPCException: [NPC_JAXB_ERROR_01]: Cannot Create JAXB Object
	at com.asset.vodafone.npc.core.handler.NPCProcessHandler.getNPCMessageXML(NPCProcessHandler.java:239)
	at com.asset.vodafone.npc.core.handler.NPCProcessHandler.sendPendingMessage(NPCProcessHandler.java:320)
	at com.asset.vodafone.npc.core.handler.NPCProcessHandler.sendPendingMessages(NPCProcessHandler.java:400)
	at com.asset.vodafone.npc.core.handler.NPCProcessHandler.mainMode(NPCProcessHandler.java:666)
	at com.asset.vodafone.npc.core.handler.NPCProcessHandler.main(NPCProcessHandler.java:716)
Caused by: javax.xml.bind.MarshalException: null
	at com.sun.xml.internal.bind.v2.runtime.MarshallerImpl.write(MarshallerImpl.java:311)
	at com.sun.xml.internal.bind.v2.runtime.MarshallerImpl.marshal(MarshallerImpl.java:236)
	at javax.xml.bind.helpers.AbstractMarshallerImpl.marshal(AbstractMarshallerImpl.java:95)
	at com.asset.vodafone.npc.core.handler.NPCProcessHandler.getNPCMessageXML(NPCProcessHandler.java:220)
	... 4 common frames omitted
Caused by: org.xml.sax.SAXParseException: cvc-complex-type.2.4.a: Invalid content was found starting with element 'RejectCode'. One of '{NumbersToPort}' is expected.
	at com.sun.org.apache.xerces.internal.util.ErrorHandlerWrapper.createSAXParseException(ErrorHandlerWrapper.java:203)
	at com.sun.org.apache.xerces.internal.util.ErrorHandlerWrapper.error(ErrorHandlerWrapper.java:134)
	at com.sun.org.apache.xerces.internal.impl.XMLErrorReporter.reportError(XMLErrorReporter.java:437)
	at com.sun.org.apache.xerces.internal.impl.XMLErrorReporter.reportError(XMLErrorReporter.java:368)
	at com.sun.org.apache.xerces.internal.impl.XMLErrorReporter.reportError(XMLErrorReporter.java:325)
	at com.sun.org.apache.xerces.internal.impl.xs.XMLSchemaValidator$XSIErrorReporter.reportError(XMLSchemaValidator.java:458)
	at com.sun.org.apache.xerces.internal.impl.xs.XMLSchemaValidator.reportSchemaError(XMLSchemaValidator.java:3237)
	at com.sun.org.apache.xerces.internal.impl.xs.XMLSchemaValidator.handleStartElement(XMLSchemaValidator.java:1796)
	at com.sun.org.apache.xerces.internal.impl.xs.XMLSchemaValidator.startElement(XMLSchemaValidator.java:746)
	at com.sun.org.apache.xerces.internal.jaxp.validation.ValidatorHandlerImpl.startElement(ValidatorHandlerImpl.java:570)
	at org.xml.sax.helpers.XMLFilterImpl.startElement(XMLFilterImpl.java:551)
	at com.sun.xml.internal.bind.v2.runtime.output.SAXOutput.endStartTag(SAXOutput.java:113)
	at com.sun.xml.internal.bind.v2.runtime.output.ForkXmlOutput.endStartTag(ForkXmlOutput.java:91)
	at com.sun.xml.internal.bind.v2.runtime.XMLSerializer.leafElement(XMLSerializer.java:310)
	at com.sun.xml.internal.bind.v2.model.impl.RuntimeBuiltinLeafInfoImpl$StringImplImpl.writeLeafElement(RuntimeBuiltinLeafInfoImpl.java:1036)
	at com.sun.xml.internal.bind.v2.model.impl.RuntimeBuiltinLeafInfoImpl$StringImplImpl.writeLeafElement(RuntimeBuiltinLeafInfoImpl.java:1015)
	at com.sun.xml.internal.bind.v2.runtime.reflect.TransducedAccessor$CompositeTransducedAccessorImpl.writeLeafElement(TransducedAccessor.java:239)
	at com.sun.xml.internal.bind.v2.runtime.property.SingleElementLeafProperty.serializeBody(SingleElementLeafProperty.java:115)
	at com.sun.xml.internal.bind.v2.runtime.ClassBeanInfoImpl.serializeBody(ClassBeanInfoImpl.java:345)
	at com.sun.xml.internal.bind.v2.runtime.XMLSerializer.childAsXsiType(XMLSerializer.java:681)
	at com.sun.xml.internal.bind.v2.runtime.property.ArrayElementNodeProperty.serializeItem(ArrayElementNodeProperty.java:54)
	at com.sun.xml.internal.bind.v2.runtime.property.ArrayElementProperty.serializeListBody(ArrayElementProperty.java:157)
	at com.sun.xml.internal.bind.v2.runtime.property.ArrayERProperty.serializeBody(ArrayERProperty.java:144)
	at com.sun.xml.internal.bind.v2.runtime.ClassBeanInfoImpl.serializeBody(ClassBeanInfoImpl.java:345)
	at com.sun.xml.internal.bind.v2.runtime.XMLSerializer.childAsXsiType(XMLSerializer.java:681)
	at com.sun.xml.internal.bind.v2.runtime.property.SingleElementNodeProperty.serializeBody(SingleElementNodeProperty.java:143)
	at com.sun.xml.internal.bind.v2.runtime.ClassBeanInfoImpl.serializeBody(ClassBeanInfoImpl.java:345)
	at com.sun.xml.internal.bind.v2.runtime.XMLSerializer.childAsSoleContent(XMLSerializer.java:578)
	at com.sun.xml.internal.bind.v2.runtime.ClassBeanInfoImpl.serializeRoot(ClassBeanInfoImpl.java:326)
	at com.sun.xml.internal.bind.v2.runtime.XMLSerializer.childAsRoot(XMLSerializer.java:479)
	at com.sun.xml.internal.bind.v2.runtime.MarshallerImpl.write(MarshallerImpl.java:308)
	... 7 common frames omitted
22-06-2020 20:15:44.750 ERROR [main]  c.a.v.npc.core.dao.FailedMessagesDAO.insertFailedMessage - ORA-01704: string literal too long

java.sql.SQLSyntaxErrorException: ORA-01704: string literal too long

	at oracle.jdbc.driver.T4CTTIoer.processError(T4CTTIoer.java:450)
	at oracle.jdbc.driver.T4CTTIoer.processError(T4CTTIoer.java:399)
	at oracle.jdbc.driver.T4C8Oall.processError(T4C8Oall.java:1017)
	at oracle.jdbc.driver.T4CTTIfun.receive(T4CTTIfun.java:655)
	at oracle.jdbc.driver.T4CTTIfun.doRPC(T4CTTIfun.java:249)
	at oracle.jdbc.driver.T4C8Oall.doOALL(T4C8Oall.java:566)
	at oracle.jdbc.driver.T4CStatement.doOall8(T4CStatement.java:202)
	at oracle.jdbc.driver.T4CStatement.doOall8(T4CStatement.java:45)
	at oracle.jdbc.driver.T4CStatement.executeForRows(T4CStatement.java:933)
	at oracle.jdbc.driver.OracleStatement.doExecuteWithTimeout(OracleStatement.java:1075)
	at oracle.jdbc.driver.OracleStatement.executeInternal(OracleStatement.java:1718)
	at oracle.jdbc.driver.OracleStatement.execute(OracleStatement.java:1678)
	at oracle.jdbc.driver.OracleStatementWrapper.execute(OracleStatementWrapper.java:332)
	at com.asset.vodafone.npc.core.dao.FailedMessagesDAO.insertFailedMessage(FailedMessagesDAO.java:36)
	at com.asset.vodafone.npc.core.service.NPCService.insertFailedMessage(NPCService.java:237)
	at com.asset.vodafone.npc.core.handler.NPCProcessHandler.sendPendingMessages(NPCProcessHandler.java:447)
	at com.asset.vodafone.npc.core.handler.NPCProcessHandler.mainMode(NPCProcessHandler.java:666)
	at com.asset.vodafone.npc.core.handler.NPCProcessHandler.main(NPCProcessHandler.java:716)
22-06-2020 20:15:44.751 ERROR [main]  c.a.v.npc.core.service.NPCService.insertFailedMessage - Error in Insert statement 
22-06-2020 20:15:44.752 ERROR [main]  c.a.v.n.c.handler.NPCProcessHandler.sendPendingMessages - [NPC_JAXB_ERROR_01]: Cannot Create JAXB Object
com.asset.vodafone.npc.core.exception.NPCException: [NPC_JAXB_ERROR_01]: Cannot Create JAXB Object
	at com.asset.vodafone.npc.core.handler.NPCProcessHandler.getNPCMessageXML(NPCProcessHandler.java:239)
	at com.asset.vodafone.npc.core.handler.NPCProcessHandler.sendPendingMessage(NPCProcessHandler.java:320)
	at com.asset.vodafone.npc.core.handler.NPCProcessHandler.sendPendingMessages(NPCProcessHandler.java:400)
	at com.asset.vodafone.npc.core.handler.NPCProcessHandler.mainMode(NPCProcessHandler.java:666)
	at com.asset.vodafone.npc.core.handler.NPCProcessHandler.main(NPCProcessHandler.java:716)
Caused by: javax.xml.bind.MarshalException: null
	at com.sun.xml.internal.bind.v2.runtime.MarshallerImpl.write(MarshallerImpl.java:311)
	at com.sun.xml.internal.bind.v2.runtime.MarshallerImpl.marshal(MarshallerImpl.java:236)
	at javax.xml.bind.helpers.AbstractMarshallerImpl.marshal(AbstractMarshallerImpl.java:95)
	at com.asset.vodafone.npc.core.handler.NPCProcessHandler.getNPCMessageXML(NPCProcessHandler.java:220)
	... 4 common frames omitted
Caused by: org.xml.sax.SAXParseException: cvc-complex-type.2.4.a: Invalid content was found starting with element 'RejectCode'. One of '{NumbersToPort}' is expected.
	at com.sun.org.apache.xerces.internal.util.ErrorHandlerWrapper.createSAXParseException(ErrorHandlerWrapper.java:203)
	at com.sun.org.apache.xerces.internal.util.ErrorHandlerWrapper.error(ErrorHandlerWrapper.java:134)
	at com.sun.org.apache.xerces.internal.impl.XMLErrorReporter.reportError(XMLErrorReporter.java:437)
	at com.sun.org.apache.xerces.internal.impl.XMLErrorReporter.reportError(XMLErrorReporter.java:368)
	at com.sun.org.apache.xerces.internal.impl.XMLErrorReporter.reportError(XMLErrorReporter.java:325)
	at com.sun.org.apache.xerces.internal.impl.xs.XMLSchemaValidator$XSIErrorReporter.reportError(XMLSchemaValidator.java:458)
	at com.sun.org.apache.xerces.internal.impl.xs.XMLSchemaValidator.reportSchemaError(XMLSchemaValidator.java:3237)
	at com.sun.org.apache.xerces.internal.impl.xs.XMLSchemaValidator.handleStartElement(XMLSchemaValidator.java:1796)
	at com.sun.org.apache.xerces.internal.impl.xs.XMLSchemaValidator.startElement(XMLSchemaValidator.java:746)
	at com.sun.org.apache.xerces.internal.jaxp.validation.ValidatorHandlerImpl.startElement(ValidatorHandlerImpl.java:570)
	at org.xml.sax.helpers.XMLFilterImpl.startElement(XMLFilterImpl.java:551)
	at com.sun.xml.internal.bind.v2.runtime.output.SAXOutput.endStartTag(SAXOutput.java:113)
	at com.sun.xml.internal.bind.v2.runtime.output.ForkXmlOutput.endStartTag(ForkXmlOutput.java:91)
	at com.sun.xml.internal.bind.v2.runtime.XMLSerializer.leafElement(XMLSerializer.java:310)
	at com.sun.xml.internal.bind.v2.model.impl.RuntimeBuiltinLeafInfoImpl$StringImplImpl.writeLeafElement(RuntimeBuiltinLeafInfoImpl.java:1036)
	at com.sun.xml.internal.bind.v2.model.impl.RuntimeBuiltinLeafInfoImpl$StringImplImpl.writeLeafElement(RuntimeBuiltinLeafInfoImpl.java:1015)
	at com.sun.xml.internal.bind.v2.runtime.reflect.TransducedAccessor$CompositeTransducedAccessorImpl.writeLeafElement(TransducedAccessor.java:239)
	at com.sun.xml.internal.bind.v2.runtime.property.SingleElementLeafProperty.serializeBody(SingleElementLeafProperty.java:115)
	at com.sun.xml.internal.bind.v2.runtime.ClassBeanInfoImpl.serializeBody(ClassBeanInfoImpl.java:345)
	at com.sun.xml.internal.bind.v2.runtime.XMLSerializer.childAsXsiType(XMLSerializer.java:681)
	at com.sun.xml.internal.bind.v2.runtime.property.ArrayElementNodeProperty.serializeItem(ArrayElementNodeProperty.java:54)
	at com.sun.xml.internal.bind.v2.runtime.property.ArrayElementProperty.serializeListBody(ArrayElementProperty.java:157)
	at com.sun.xml.internal.bind.v2.runtime.property.ArrayERProperty.serializeBody(ArrayERProperty.java:144)
	at com.sun.xml.internal.bind.v2.runtime.ClassBeanInfoImpl.serializeBody(ClassBeanInfoImpl.java:345)
	at com.sun.xml.internal.bind.v2.runtime.XMLSerializer.childAsXsiType(XMLSerializer.java:681)
	at com.sun.xml.internal.bind.v2.runtime.property.SingleElementNodeProperty.serializeBody(SingleElementNodeProperty.java:143)
	at com.sun.xml.internal.bind.v2.runtime.ClassBeanInfoImpl.serializeBody(ClassBeanInfoImpl.java:345)
	at com.sun.xml.internal.bind.v2.runtime.XMLSerializer.childAsSoleContent(XMLSerializer.java:578)
	at com.sun.xml.internal.bind.v2.runtime.ClassBeanInfoImpl.serializeRoot(ClassBeanInfoImpl.java:326)
	at com.sun.xml.internal.bind.v2.runtime.XMLSerializer.childAsRoot(XMLSerializer.java:479)
	at com.sun.xml.internal.bind.v2.runtime.MarshallerImpl.write(MarshallerImpl.java:308)
	... 7 common frames omitted
22-06-2020 20:29:07.210 ERROR [main]  c.a.v.n.c.handler.NPCProcessHandler.getNPCMessageXML - null
javax.xml.bind.MarshalException: null
	at com.sun.xml.internal.bind.v2.runtime.MarshallerImpl.write(MarshallerImpl.java:311)
	at com.sun.xml.internal.bind.v2.runtime.MarshallerImpl.marshal(MarshallerImpl.java:236)
	at javax.xml.bind.helpers.AbstractMarshallerImpl.marshal(AbstractMarshallerImpl.java:95)
	at com.asset.vodafone.npc.core.handler.NPCProcessHandler.getNPCMessageXML(NPCProcessHandler.java:220)
	at com.asset.vodafone.npc.core.handler.NPCProcessHandler.sendPendingMessage(NPCProcessHandler.java:320)
	at com.asset.vodafone.npc.core.handler.NPCProcessHandler.sendPendingMessages(NPCProcessHandler.java:400)
	at com.asset.vodafone.npc.core.handler.NPCProcessHandler.mainMode(NPCProcessHandler.java:666)
	at com.asset.vodafone.npc.core.handler.NPCProcessHandler.main(NPCProcessHandler.java:716)
Caused by: org.xml.sax.SAXParseException: cvc-complex-type.2.4.a: Invalid content was found starting with element 'RejectCode'. One of '{NumbersToPort}' is expected.
	at com.sun.org.apache.xerces.internal.util.ErrorHandlerWrapper.createSAXParseException(ErrorHandlerWrapper.java:203)
	at com.sun.org.apache.xerces.internal.util.ErrorHandlerWrapper.error(ErrorHandlerWrapper.java:134)
	at com.sun.org.apache.xerces.internal.impl.XMLErrorReporter.reportError(XMLErrorReporter.java:437)
	at com.sun.org.apache.xerces.internal.impl.XMLErrorReporter.reportError(XMLErrorReporter.java:368)
	at com.sun.org.apache.xerces.internal.impl.XMLErrorReporter.reportError(XMLErrorReporter.java:325)
	at com.sun.org.apache.xerces.internal.impl.xs.XMLSchemaValidator$XSIErrorReporter.reportError(XMLSchemaValidator.java:458)
	at com.sun.org.apache.xerces.internal.impl.xs.XMLSchemaValidator.reportSchemaError(XMLSchemaValidator.java:3237)
	at com.sun.org.apache.xerces.internal.impl.xs.XMLSchemaValidator.handleStartElement(XMLSchemaValidator.java:1796)
	at com.sun.org.apache.xerces.internal.impl.xs.XMLSchemaValidator.startElement(XMLSchemaValidator.java:746)
	at com.sun.org.apache.xerces.internal.jaxp.validation.ValidatorHandlerImpl.startElement(ValidatorHandlerImpl.java:570)
	at org.xml.sax.helpers.XMLFilterImpl.startElement(XMLFilterImpl.java:551)
	at com.sun.xml.internal.bind.v2.runtime.output.SAXOutput.endStartTag(SAXOutput.java:113)
	at com.sun.xml.internal.bind.v2.runtime.output.ForkXmlOutput.endStartTag(ForkXmlOutput.java:91)
	at com.sun.xml.internal.bind.v2.runtime.XMLSerializer.leafElement(XMLSerializer.java:310)
	at com.sun.xml.internal.bind.v2.model.impl.RuntimeBuiltinLeafInfoImpl$StringImplImpl.writeLeafElement(RuntimeBuiltinLeafInfoImpl.java:1036)
	at com.sun.xml.internal.bind.v2.model.impl.RuntimeBuiltinLeafInfoImpl$StringImplImpl.writeLeafElement(RuntimeBuiltinLeafInfoImpl.java:1015)
	at com.sun.xml.internal.bind.v2.runtime.reflect.TransducedAccessor$CompositeTransducedAccessorImpl.writeLeafElement(TransducedAccessor.java:239)
	at com.sun.xml.internal.bind.v2.runtime.property.SingleElementLeafProperty.serializeBody(SingleElementLeafProperty.java:115)
	at com.sun.xml.internal.bind.v2.runtime.ClassBeanInfoImpl.serializeBody(ClassBeanInfoImpl.java:345)
	at com.sun.xml.internal.bind.v2.runtime.XMLSerializer.childAsXsiType(XMLSerializer.java:681)
	at com.sun.xml.internal.bind.v2.runtime.property.ArrayElementNodeProperty.serializeItem(ArrayElementNodeProperty.java:54)
	at com.sun.xml.internal.bind.v2.runtime.property.ArrayElementProperty.serializeListBody(ArrayElementProperty.java:157)
	at com.sun.xml.internal.bind.v2.runtime.property.ArrayERProperty.serializeBody(ArrayERProperty.java:144)
	at com.sun.xml.internal.bind.v2.runtime.ClassBeanInfoImpl.serializeBody(ClassBeanInfoImpl.java:345)
	at com.sun.xml.internal.bind.v2.runtime.XMLSerializer.childAsXsiType(XMLSerializer.java:681)
	at com.sun.xml.internal.bind.v2.runtime.property.SingleElementNodeProperty.serializeBody(SingleElementNodeProperty.java:143)
	at com.sun.xml.internal.bind.v2.runtime.ClassBeanInfoImpl.serializeBody(ClassBeanInfoImpl.java:345)
	at com.sun.xml.internal.bind.v2.runtime.XMLSerializer.childAsSoleContent(XMLSerializer.java:578)
	at com.sun.xml.internal.bind.v2.runtime.ClassBeanInfoImpl.serializeRoot(ClassBeanInfoImpl.java:326)
	at com.sun.xml.internal.bind.v2.runtime.XMLSerializer.childAsRoot(XMLSerializer.java:479)
	at com.sun.xml.internal.bind.v2.runtime.MarshallerImpl.write(MarshallerImpl.java:308)
	... 7 common frames omitted
22-06-2020 20:29:07.219 ERROR [main]  c.a.v.n.c.handler.NPCProcessHandler.sendPendingMessages - [NPC_JAXB_ERROR_01]: Cannot Create JAXB Object
com.asset.vodafone.npc.core.exception.NPCException: [NPC_JAXB_ERROR_01]: Cannot Create JAXB Object
	at com.asset.vodafone.npc.core.handler.NPCProcessHandler.getNPCMessageXML(NPCProcessHandler.java:239)
	at com.asset.vodafone.npc.core.handler.NPCProcessHandler.sendPendingMessage(NPCProcessHandler.java:320)
	at com.asset.vodafone.npc.core.handler.NPCProcessHandler.sendPendingMessages(NPCProcessHandler.java:400)
	at com.asset.vodafone.npc.core.handler.NPCProcessHandler.mainMode(NPCProcessHandler.java:666)
	at com.asset.vodafone.npc.core.handler.NPCProcessHandler.main(NPCProcessHandler.java:716)
Caused by: javax.xml.bind.MarshalException: null
	at com.sun.xml.internal.bind.v2.runtime.MarshallerImpl.write(MarshallerImpl.java:311)
	at com.sun.xml.internal.bind.v2.runtime.MarshallerImpl.marshal(MarshallerImpl.java:236)
	at javax.xml.bind.helpers.AbstractMarshallerImpl.marshal(AbstractMarshallerImpl.java:95)
	at com.asset.vodafone.npc.core.handler.NPCProcessHandler.getNPCMessageXML(NPCProcessHandler.java:220)
	... 4 common frames omitted
Caused by: org.xml.sax.SAXParseException: cvc-complex-type.2.4.a: Invalid content was found starting with element 'RejectCode'. One of '{NumbersToPort}' is expected.
	at com.sun.org.apache.xerces.internal.util.ErrorHandlerWrapper.createSAXParseException(ErrorHandlerWrapper.java:203)
	at com.sun.org.apache.xerces.internal.util.ErrorHandlerWrapper.error(ErrorHandlerWrapper.java:134)
	at com.sun.org.apache.xerces.internal.impl.XMLErrorReporter.reportError(XMLErrorReporter.java:437)
	at com.sun.org.apache.xerces.internal.impl.XMLErrorReporter.reportError(XMLErrorReporter.java:368)
	at com.sun.org.apache.xerces.internal.impl.XMLErrorReporter.reportError(XMLErrorReporter.java:325)
	at com.sun.org.apache.xerces.internal.impl.xs.XMLSchemaValidator$XSIErrorReporter.reportError(XMLSchemaValidator.java:458)
	at com.sun.org.apache.xerces.internal.impl.xs.XMLSchemaValidator.reportSchemaError(XMLSchemaValidator.java:3237)
	at com.sun.org.apache.xerces.internal.impl.xs.XMLSchemaValidator.handleStartElement(XMLSchemaValidator.java:1796)
	at com.sun.org.apache.xerces.internal.impl.xs.XMLSchemaValidator.startElement(XMLSchemaValidator.java:746)
	at com.sun.org.apache.xerces.internal.jaxp.validation.ValidatorHandlerImpl.startElement(ValidatorHandlerImpl.java:570)
	at org.xml.sax.helpers.XMLFilterImpl.startElement(XMLFilterImpl.java:551)
	at com.sun.xml.internal.bind.v2.runtime.output.SAXOutput.endStartTag(SAXOutput.java:113)
	at com.sun.xml.internal.bind.v2.runtime.output.ForkXmlOutput.endStartTag(ForkXmlOutput.java:91)
	at com.sun.xml.internal.bind.v2.runtime.XMLSerializer.leafElement(XMLSerializer.java:310)
	at com.sun.xml.internal.bind.v2.model.impl.RuntimeBuiltinLeafInfoImpl$StringImplImpl.writeLeafElement(RuntimeBuiltinLeafInfoImpl.java:1036)
	at com.sun.xml.internal.bind.v2.model.impl.RuntimeBuiltinLeafInfoImpl$StringImplImpl.writeLeafElement(RuntimeBuiltinLeafInfoImpl.java:1015)
	at com.sun.xml.internal.bind.v2.runtime.reflect.TransducedAccessor$CompositeTransducedAccessorImpl.writeLeafElement(TransducedAccessor.java:239)
	at com.sun.xml.internal.bind.v2.runtime.property.SingleElementLeafProperty.serializeBody(SingleElementLeafProperty.java:115)
	at com.sun.xml.internal.bind.v2.runtime.ClassBeanInfoImpl.serializeBody(ClassBeanInfoImpl.java:345)
	at com.sun.xml.internal.bind.v2.runtime.XMLSerializer.childAsXsiType(XMLSerializer.java:681)
	at com.sun.xml.internal.bind.v2.runtime.property.ArrayElementNodeProperty.serializeItem(ArrayElementNodeProperty.java:54)
	at com.sun.xml.internal.bind.v2.runtime.property.ArrayElementProperty.serializeListBody(ArrayElementProperty.java:157)
	at com.sun.xml.internal.bind.v2.runtime.property.ArrayERProperty.serializeBody(ArrayERProperty.java:144)
	at com.sun.xml.internal.bind.v2.runtime.ClassBeanInfoImpl.serializeBody(ClassBeanInfoImpl.java:345)
	at com.sun.xml.internal.bind.v2.runtime.XMLSerializer.childAsXsiType(XMLSerializer.java:681)
	at com.sun.xml.internal.bind.v2.runtime.property.SingleElementNodeProperty.serializeBody(SingleElementNodeProperty.java:143)
	at com.sun.xml.internal.bind.v2.runtime.ClassBeanInfoImpl.serializeBody(ClassBeanInfoImpl.java:345)
	at com.sun.xml.internal.bind.v2.runtime.XMLSerializer.childAsSoleContent(XMLSerializer.java:578)
	at com.sun.xml.internal.bind.v2.runtime.ClassBeanInfoImpl.serializeRoot(ClassBeanInfoImpl.java:326)
	at com.sun.xml.internal.bind.v2.runtime.XMLSerializer.childAsRoot(XMLSerializer.java:479)
	at com.sun.xml.internal.bind.v2.runtime.MarshallerImpl.write(MarshallerImpl.java:308)
	... 7 common frames omitted
22-06-2020 20:29:07.571 ERROR [main]  c.a.v.npc.core.dao.FailedMessagesDAO.insertFailedMessage - ORA-01704: string literal too long

java.sql.SQLSyntaxErrorException: ORA-01704: string literal too long

	at oracle.jdbc.driver.T4CTTIoer.processError(T4CTTIoer.java:450)
	at oracle.jdbc.driver.T4CTTIoer.processError(T4CTTIoer.java:399)
	at oracle.jdbc.driver.T4C8Oall.processError(T4C8Oall.java:1017)
	at oracle.jdbc.driver.T4CTTIfun.receive(T4CTTIfun.java:655)
	at oracle.jdbc.driver.T4CTTIfun.doRPC(T4CTTIfun.java:249)
	at oracle.jdbc.driver.T4C8Oall.doOALL(T4C8Oall.java:566)
	at oracle.jdbc.driver.T4CStatement.doOall8(T4CStatement.java:202)
	at oracle.jdbc.driver.T4CStatement.doOall8(T4CStatement.java:45)
	at oracle.jdbc.driver.T4CStatement.executeForRows(T4CStatement.java:933)
	at oracle.jdbc.driver.OracleStatement.doExecuteWithTimeout(OracleStatement.java:1075)
	at oracle.jdbc.driver.OracleStatement.executeInternal(OracleStatement.java:1718)
	at oracle.jdbc.driver.OracleStatement.execute(OracleStatement.java:1678)
	at oracle.jdbc.driver.OracleStatementWrapper.execute(OracleStatementWrapper.java:332)
	at com.asset.vodafone.npc.core.dao.FailedMessagesDAO.insertFailedMessage(FailedMessagesDAO.java:36)
	at com.asset.vodafone.npc.core.service.NPCService.insertFailedMessage(NPCService.java:237)
	at com.asset.vodafone.npc.core.handler.NPCProcessHandler.sendPendingMessages(NPCProcessHandler.java:447)
	at com.asset.vodafone.npc.core.handler.NPCProcessHandler.mainMode(NPCProcessHandler.java:666)
	at com.asset.vodafone.npc.core.handler.NPCProcessHandler.main(NPCProcessHandler.java:716)
22-06-2020 20:29:07.571 ERROR [main]  c.a.v.npc.core.service.NPCService.insertFailedMessage - Error in Insert statement 
22-06-2020 20:29:07.572 ERROR [main]  c.a.v.n.c.handler.NPCProcessHandler.sendPendingMessages - [NPC_JAXB_ERROR_01]: Cannot Create JAXB Object
com.asset.vodafone.npc.core.exception.NPCException: [NPC_JAXB_ERROR_01]: Cannot Create JAXB Object
	at com.asset.vodafone.npc.core.handler.NPCProcessHandler.getNPCMessageXML(NPCProcessHandler.java:239)
	at com.asset.vodafone.npc.core.handler.NPCProcessHandler.sendPendingMessage(NPCProcessHandler.java:320)
	at com.asset.vodafone.npc.core.handler.NPCProcessHandler.sendPendingMessages(NPCProcessHandler.java:400)
	at com.asset.vodafone.npc.core.handler.NPCProcessHandler.mainMode(NPCProcessHandler.java:666)
	at com.asset.vodafone.npc.core.handler.NPCProcessHandler.main(NPCProcessHandler.java:716)
Caused by: javax.xml.bind.MarshalException: null
	at com.sun.xml.internal.bind.v2.runtime.MarshallerImpl.write(MarshallerImpl.java:311)
	at com.sun.xml.internal.bind.v2.runtime.MarshallerImpl.marshal(MarshallerImpl.java:236)
	at javax.xml.bind.helpers.AbstractMarshallerImpl.marshal(AbstractMarshallerImpl.java:95)
	at com.asset.vodafone.npc.core.handler.NPCProcessHandler.getNPCMessageXML(NPCProcessHandler.java:220)
	... 4 common frames omitted
Caused by: org.xml.sax.SAXParseException: cvc-complex-type.2.4.a: Invalid content was found starting with element 'RejectCode'. One of '{NumbersToPort}' is expected.
	at com.sun.org.apache.xerces.internal.util.ErrorHandlerWrapper.createSAXParseException(ErrorHandlerWrapper.java:203)
	at com.sun.org.apache.xerces.internal.util.ErrorHandlerWrapper.error(ErrorHandlerWrapper.java:134)
	at com.sun.org.apache.xerces.internal.impl.XMLErrorReporter.reportError(XMLErrorReporter.java:437)
	at com.sun.org.apache.xerces.internal.impl.XMLErrorReporter.reportError(XMLErrorReporter.java:368)
	at com.sun.org.apache.xerces.internal.impl.XMLErrorReporter.reportError(XMLErrorReporter.java:325)
	at com.sun.org.apache.xerces.internal.impl.xs.XMLSchemaValidator$XSIErrorReporter.reportError(XMLSchemaValidator.java:458)
	at com.sun.org.apache.xerces.internal.impl.xs.XMLSchemaValidator.reportSchemaError(XMLSchemaValidator.java:3237)
	at com.sun.org.apache.xerces.internal.impl.xs.XMLSchemaValidator.handleStartElement(XMLSchemaValidator.java:1796)
	at com.sun.org.apache.xerces.internal.impl.xs.XMLSchemaValidator.startElement(XMLSchemaValidator.java:746)
	at com.sun.org.apache.xerces.internal.jaxp.validation.ValidatorHandlerImpl.startElement(ValidatorHandlerImpl.java:570)
	at org.xml.sax.helpers.XMLFilterImpl.startElement(XMLFilterImpl.java:551)
	at com.sun.xml.internal.bind.v2.runtime.output.SAXOutput.endStartTag(SAXOutput.java:113)
	at com.sun.xml.internal.bind.v2.runtime.output.ForkXmlOutput.endStartTag(ForkXmlOutput.java:91)
	at com.sun.xml.internal.bind.v2.runtime.XMLSerializer.leafElement(XMLSerializer.java:310)
	at com.sun.xml.internal.bind.v2.model.impl.RuntimeBuiltinLeafInfoImpl$StringImplImpl.writeLeafElement(RuntimeBuiltinLeafInfoImpl.java:1036)
	at com.sun.xml.internal.bind.v2.model.impl.RuntimeBuiltinLeafInfoImpl$StringImplImpl.writeLeafElement(RuntimeBuiltinLeafInfoImpl.java:1015)
	at com.sun.xml.internal.bind.v2.runtime.reflect.TransducedAccessor$CompositeTransducedAccessorImpl.writeLeafElement(TransducedAccessor.java:239)
	at com.sun.xml.internal.bind.v2.runtime.property.SingleElementLeafProperty.serializeBody(SingleElementLeafProperty.java:115)
	at com.sun.xml.internal.bind.v2.runtime.ClassBeanInfoImpl.serializeBody(ClassBeanInfoImpl.java:345)
	at com.sun.xml.internal.bind.v2.runtime.XMLSerializer.childAsXsiType(XMLSerializer.java:681)
	at com.sun.xml.internal.bind.v2.runtime.property.ArrayElementNodeProperty.serializeItem(ArrayElementNodeProperty.java:54)
	at com.sun.xml.internal.bind.v2.runtime.property.ArrayElementProperty.serializeListBody(ArrayElementProperty.java:157)
	at com.sun.xml.internal.bind.v2.runtime.property.ArrayERProperty.serializeBody(ArrayERProperty.java:144)
	at com.sun.xml.internal.bind.v2.runtime.ClassBeanInfoImpl.serializeBody(ClassBeanInfoImpl.java:345)
	at com.sun.xml.internal.bind.v2.runtime.XMLSerializer.childAsXsiType(XMLSerializer.java:681)
	at com.sun.xml.internal.bind.v2.runtime.property.SingleElementNodeProperty.serializeBody(SingleElementNodeProperty.java:143)
	at com.sun.xml.internal.bind.v2.runtime.ClassBeanInfoImpl.serializeBody(ClassBeanInfoImpl.java:345)
	at com.sun.xml.internal.bind.v2.runtime.XMLSerializer.childAsSoleContent(XMLSerializer.java:578)
	at com.sun.xml.internal.bind.v2.runtime.ClassBeanInfoImpl.serializeRoot(ClassBeanInfoImpl.java:326)
	at com.sun.xml.internal.bind.v2.runtime.XMLSerializer.childAsRoot(XMLSerializer.java:479)
	at com.sun.xml.internal.bind.v2.runtime.MarshallerImpl.write(MarshallerImpl.java:308)
	... 7 common frames omitted
22-06-2020 20:33:13.800 ERROR [main]  c.a.v.n.c.handler.NPCProcessHandler.getNPCMessageXML - null
javax.xml.bind.MarshalException: null
	at com.sun.xml.internal.bind.v2.runtime.MarshallerImpl.write(MarshallerImpl.java:311)
	at com.sun.xml.internal.bind.v2.runtime.MarshallerImpl.marshal(MarshallerImpl.java:236)
	at javax.xml.bind.helpers.AbstractMarshallerImpl.marshal(AbstractMarshallerImpl.java:95)
	at com.asset.vodafone.npc.core.handler.NPCProcessHandler.getNPCMessageXML(NPCProcessHandler.java:220)
	at com.asset.vodafone.npc.core.handler.NPCProcessHandler.sendPendingMessage(NPCProcessHandler.java:320)
	at com.asset.vodafone.npc.core.handler.NPCProcessHandler.sendPendingMessages(NPCProcessHandler.java:400)
	at com.asset.vodafone.npc.core.handler.NPCProcessHandler.mainMode(NPCProcessHandler.java:666)
	at com.asset.vodafone.npc.core.handler.NPCProcessHandler.main(NPCProcessHandler.java:716)
Caused by: org.xml.sax.SAXParseException: cvc-complex-type.2.4.a: Invalid content was found starting with element 'RejectCode'. One of '{NumbersToPort}' is expected.
	at com.sun.org.apache.xerces.internal.util.ErrorHandlerWrapper.createSAXParseException(ErrorHandlerWrapper.java:203)
	at com.sun.org.apache.xerces.internal.util.ErrorHandlerWrapper.error(ErrorHandlerWrapper.java:134)
	at com.sun.org.apache.xerces.internal.impl.XMLErrorReporter.reportError(XMLErrorReporter.java:437)
	at com.sun.org.apache.xerces.internal.impl.XMLErrorReporter.reportError(XMLErrorReporter.java:368)
	at com.sun.org.apache.xerces.internal.impl.XMLErrorReporter.reportError(XMLErrorReporter.java:325)
	at com.sun.org.apache.xerces.internal.impl.xs.XMLSchemaValidator$XSIErrorReporter.reportError(XMLSchemaValidator.java:458)
	at com.sun.org.apache.xerces.internal.impl.xs.XMLSchemaValidator.reportSchemaError(XMLSchemaValidator.java:3237)
	at com.sun.org.apache.xerces.internal.impl.xs.XMLSchemaValidator.handleStartElement(XMLSchemaValidator.java:1796)
	at com.sun.org.apache.xerces.internal.impl.xs.XMLSchemaValidator.startElement(XMLSchemaValidator.java:746)
	at com.sun.org.apache.xerces.internal.jaxp.validation.ValidatorHandlerImpl.startElement(ValidatorHandlerImpl.java:570)
	at org.xml.sax.helpers.XMLFilterImpl.startElement(XMLFilterImpl.java:551)
	at com.sun.xml.internal.bind.v2.runtime.output.SAXOutput.endStartTag(SAXOutput.java:113)
	at com.sun.xml.internal.bind.v2.runtime.output.ForkXmlOutput.endStartTag(ForkXmlOutput.java:91)
	at com.sun.xml.internal.bind.v2.runtime.XMLSerializer.leafElement(XMLSerializer.java:310)
	at com.sun.xml.internal.bind.v2.model.impl.RuntimeBuiltinLeafInfoImpl$StringImplImpl.writeLeafElement(RuntimeBuiltinLeafInfoImpl.java:1036)
	at com.sun.xml.internal.bind.v2.model.impl.RuntimeBuiltinLeafInfoImpl$StringImplImpl.writeLeafElement(RuntimeBuiltinLeafInfoImpl.java:1015)
	at com.sun.xml.internal.bind.v2.runtime.reflect.TransducedAccessor$CompositeTransducedAccessorImpl.writeLeafElement(TransducedAccessor.java:239)
	at com.sun.xml.internal.bind.v2.runtime.property.SingleElementLeafProperty.serializeBody(SingleElementLeafProperty.java:115)
	at com.sun.xml.internal.bind.v2.runtime.ClassBeanInfoImpl.serializeBody(ClassBeanInfoImpl.java:345)
	at com.sun.xml.internal.bind.v2.runtime.XMLSerializer.childAsXsiType(XMLSerializer.java:681)
	at com.sun.xml.internal.bind.v2.runtime.property.ArrayElementNodeProperty.serializeItem(ArrayElementNodeProperty.java:54)
	at com.sun.xml.internal.bind.v2.runtime.property.ArrayElementProperty.serializeListBody(ArrayElementProperty.java:157)
	at com.sun.xml.internal.bind.v2.runtime.property.ArrayERProperty.serializeBody(ArrayERProperty.java:144)
	at com.sun.xml.internal.bind.v2.runtime.ClassBeanInfoImpl.serializeBody(ClassBeanInfoImpl.java:345)
	at com.sun.xml.internal.bind.v2.runtime.XMLSerializer.childAsXsiType(XMLSerializer.java:681)
	at com.sun.xml.internal.bind.v2.runtime.property.SingleElementNodeProperty.serializeBody(SingleElementNodeProperty.java:143)
	at com.sun.xml.internal.bind.v2.runtime.ClassBeanInfoImpl.serializeBody(ClassBeanInfoImpl.java:345)
	at com.sun.xml.internal.bind.v2.runtime.XMLSerializer.childAsSoleContent(XMLSerializer.java:578)
	at com.sun.xml.internal.bind.v2.runtime.ClassBeanInfoImpl.serializeRoot(ClassBeanInfoImpl.java:326)
	at com.sun.xml.internal.bind.v2.runtime.XMLSerializer.childAsRoot(XMLSerializer.java:479)
	at com.sun.xml.internal.bind.v2.runtime.MarshallerImpl.write(MarshallerImpl.java:308)
	... 7 common frames omitted
22-06-2020 20:33:13.802 ERROR [main]  c.a.v.n.c.handler.NPCProcessHandler.sendPendingMessages - [NPC_JAXB_ERROR_01]: Cannot Create JAXB Object
com.asset.vodafone.npc.core.exception.NPCException: [NPC_JAXB_ERROR_01]: Cannot Create JAXB Object
	at com.asset.vodafone.npc.core.handler.NPCProcessHandler.getNPCMessageXML(NPCProcessHandler.java:239)
	at com.asset.vodafone.npc.core.handler.NPCProcessHandler.sendPendingMessage(NPCProcessHandler.java:320)
	at com.asset.vodafone.npc.core.handler.NPCProcessHandler.sendPendingMessages(NPCProcessHandler.java:400)
	at com.asset.vodafone.npc.core.handler.NPCProcessHandler.mainMode(NPCProcessHandler.java:666)
	at com.asset.vodafone.npc.core.handler.NPCProcessHandler.main(NPCProcessHandler.java:716)
Caused by: javax.xml.bind.MarshalException: null
	at com.sun.xml.internal.bind.v2.runtime.MarshallerImpl.write(MarshallerImpl.java:311)
	at com.sun.xml.internal.bind.v2.runtime.MarshallerImpl.marshal(MarshallerImpl.java:236)
	at javax.xml.bind.helpers.AbstractMarshallerImpl.marshal(AbstractMarshallerImpl.java:95)
	at com.asset.vodafone.npc.core.handler.NPCProcessHandler.getNPCMessageXML(NPCProcessHandler.java:220)
	... 4 common frames omitted
Caused by: org.xml.sax.SAXParseException: cvc-complex-type.2.4.a: Invalid content was found starting with element 'RejectCode'. One of '{NumbersToPort}' is expected.
	at com.sun.org.apache.xerces.internal.util.ErrorHandlerWrapper.createSAXParseException(ErrorHandlerWrapper.java:203)
	at com.sun.org.apache.xerces.internal.util.ErrorHandlerWrapper.error(ErrorHandlerWrapper.java:134)
	at com.sun.org.apache.xerces.internal.impl.XMLErrorReporter.reportError(XMLErrorReporter.java:437)
	at com.sun.org.apache.xerces.internal.impl.XMLErrorReporter.reportError(XMLErrorReporter.java:368)
	at com.sun.org.apache.xerces.internal.impl.XMLErrorReporter.reportError(XMLErrorReporter.java:325)
	at com.sun.org.apache.xerces.internal.impl.xs.XMLSchemaValidator$XSIErrorReporter.reportError(XMLSchemaValidator.java:458)
	at com.sun.org.apache.xerces.internal.impl.xs.XMLSchemaValidator.reportSchemaError(XMLSchemaValidator.java:3237)
	at com.sun.org.apache.xerces.internal.impl.xs.XMLSchemaValidator.handleStartElement(XMLSchemaValidator.java:1796)
	at com.sun.org.apache.xerces.internal.impl.xs.XMLSchemaValidator.startElement(XMLSchemaValidator.java:746)
	at com.sun.org.apache.xerces.internal.jaxp.validation.ValidatorHandlerImpl.startElement(ValidatorHandlerImpl.java:570)
	at org.xml.sax.helpers.XMLFilterImpl.startElement(XMLFilterImpl.java:551)
	at com.sun.xml.internal.bind.v2.runtime.output.SAXOutput.endStartTag(SAXOutput.java:113)
	at com.sun.xml.internal.bind.v2.runtime.output.ForkXmlOutput.endStartTag(ForkXmlOutput.java:91)
	at com.sun.xml.internal.bind.v2.runtime.XMLSerializer.leafElement(XMLSerializer.java:310)
	at com.sun.xml.internal.bind.v2.model.impl.RuntimeBuiltinLeafInfoImpl$StringImplImpl.writeLeafElement(RuntimeBuiltinLeafInfoImpl.java:1036)
	at com.sun.xml.internal.bind.v2.model.impl.RuntimeBuiltinLeafInfoImpl$StringImplImpl.writeLeafElement(RuntimeBuiltinLeafInfoImpl.java:1015)
	at com.sun.xml.internal.bind.v2.runtime.reflect.TransducedAccessor$CompositeTransducedAccessorImpl.writeLeafElement(TransducedAccessor.java:239)
	at com.sun.xml.internal.bind.v2.runtime.property.SingleElementLeafProperty.serializeBody(SingleElementLeafProperty.java:115)
	at com.sun.xml.internal.bind.v2.runtime.ClassBeanInfoImpl.serializeBody(ClassBeanInfoImpl.java:345)
	at com.sun.xml.internal.bind.v2.runtime.XMLSerializer.childAsXsiType(XMLSerializer.java:681)
	at com.sun.xml.internal.bind.v2.runtime.property.ArrayElementNodeProperty.serializeItem(ArrayElementNodeProperty.java:54)
	at com.sun.xml.internal.bind.v2.runtime.property.ArrayElementProperty.serializeListBody(ArrayElementProperty.java:157)
	at com.sun.xml.internal.bind.v2.runtime.property.ArrayERProperty.serializeBody(ArrayERProperty.java:144)
	at com.sun.xml.internal.bind.v2.runtime.ClassBeanInfoImpl.serializeBody(ClassBeanInfoImpl.java:345)
	at com.sun.xml.internal.bind.v2.runtime.XMLSerializer.childAsXsiType(XMLSerializer.java:681)
	at com.sun.xml.internal.bind.v2.runtime.property.SingleElementNodeProperty.serializeBody(SingleElementNodeProperty.java:143)
	at com.sun.xml.internal.bind.v2.runtime.ClassBeanInfoImpl.serializeBody(ClassBeanInfoImpl.java:345)
	at com.sun.xml.internal.bind.v2.runtime.XMLSerializer.childAsSoleContent(XMLSerializer.java:578)
	at com.sun.xml.internal.bind.v2.runtime.ClassBeanInfoImpl.serializeRoot(ClassBeanInfoImpl.java:326)
	at com.sun.xml.internal.bind.v2.runtime.XMLSerializer.childAsRoot(XMLSerializer.java:479)
	at com.sun.xml.internal.bind.v2.runtime.MarshallerImpl.write(MarshallerImpl.java:308)
	... 7 common frames omitted
22-06-2020 20:33:14.479 ERROR [main]  c.a.v.npc.core.dao.FailedMessagesDAO.insertFailedMessage - ORA-01704: string literal too long

java.sql.SQLSyntaxErrorException: ORA-01704: string literal too long

	at oracle.jdbc.driver.T4CTTIoer.processError(T4CTTIoer.java:450)
	at oracle.jdbc.driver.T4CTTIoer.processError(T4CTTIoer.java:399)
	at oracle.jdbc.driver.T4C8Oall.processError(T4C8Oall.java:1017)
	at oracle.jdbc.driver.T4CTTIfun.receive(T4CTTIfun.java:655)
	at oracle.jdbc.driver.T4CTTIfun.doRPC(T4CTTIfun.java:249)
	at oracle.jdbc.driver.T4C8Oall.doOALL(T4C8Oall.java:566)
	at oracle.jdbc.driver.T4CStatement.doOall8(T4CStatement.java:202)
	at oracle.jdbc.driver.T4CStatement.doOall8(T4CStatement.java:45)
	at oracle.jdbc.driver.T4CStatement.executeForRows(T4CStatement.java:933)
	at oracle.jdbc.driver.OracleStatement.doExecuteWithTimeout(OracleStatement.java:1075)
	at oracle.jdbc.driver.OracleStatement.executeInternal(OracleStatement.java:1718)
	at oracle.jdbc.driver.OracleStatement.execute(OracleStatement.java:1678)
	at oracle.jdbc.driver.OracleStatementWrapper.execute(OracleStatementWrapper.java:332)
	at com.asset.vodafone.npc.core.dao.FailedMessagesDAO.insertFailedMessage(FailedMessagesDAO.java:36)
	at com.asset.vodafone.npc.core.service.NPCService.insertFailedMessage(NPCService.java:237)
	at com.asset.vodafone.npc.core.handler.NPCProcessHandler.sendPendingMessages(NPCProcessHandler.java:447)
	at com.asset.vodafone.npc.core.handler.NPCProcessHandler.mainMode(NPCProcessHandler.java:666)
	at com.asset.vodafone.npc.core.handler.NPCProcessHandler.main(NPCProcessHandler.java:716)
22-06-2020 20:33:14.480 ERROR [main]  c.a.v.npc.core.service.NPCService.insertFailedMessage - Error in Insert statement 
22-06-2020 20:33:14.482 ERROR [main]  c.a.v.n.c.handler.NPCProcessHandler.sendPendingMessages - [NPC_JAXB_ERROR_01]: Cannot Create JAXB Object
com.asset.vodafone.npc.core.exception.NPCException: [NPC_JAXB_ERROR_01]: Cannot Create JAXB Object
	at com.asset.vodafone.npc.core.handler.NPCProcessHandler.getNPCMessageXML(NPCProcessHandler.java:239)
	at com.asset.vodafone.npc.core.handler.NPCProcessHandler.sendPendingMessage(NPCProcessHandler.java:320)
	at com.asset.vodafone.npc.core.handler.NPCProcessHandler.sendPendingMessages(NPCProcessHandler.java:400)
	at com.asset.vodafone.npc.core.handler.NPCProcessHandler.mainMode(NPCProcessHandler.java:666)
	at com.asset.vodafone.npc.core.handler.NPCProcessHandler.main(NPCProcessHandler.java:716)
Caused by: javax.xml.bind.MarshalException: null
	at com.sun.xml.internal.bind.v2.runtime.MarshallerImpl.write(MarshallerImpl.java:311)
	at com.sun.xml.internal.bind.v2.runtime.MarshallerImpl.marshal(MarshallerImpl.java:236)
	at javax.xml.bind.helpers.AbstractMarshallerImpl.marshal(AbstractMarshallerImpl.java:95)
	at com.asset.vodafone.npc.core.handler.NPCProcessHandler.getNPCMessageXML(NPCProcessHandler.java:220)
	... 4 common frames omitted
Caused by: org.xml.sax.SAXParseException: cvc-complex-type.2.4.a: Invalid content was found starting with element 'RejectCode'. One of '{NumbersToPort}' is expected.
	at com.sun.org.apache.xerces.internal.util.ErrorHandlerWrapper.createSAXParseException(ErrorHandlerWrapper.java:203)
	at com.sun.org.apache.xerces.internal.util.ErrorHandlerWrapper.error(ErrorHandlerWrapper.java:134)
	at com.sun.org.apache.xerces.internal.impl.XMLErrorReporter.reportError(XMLErrorReporter.java:437)
	at com.sun.org.apache.xerces.internal.impl.XMLErrorReporter.reportError(XMLErrorReporter.java:368)
	at com.sun.org.apache.xerces.internal.impl.XMLErrorReporter.reportError(XMLErrorReporter.java:325)
	at com.sun.org.apache.xerces.internal.impl.xs.XMLSchemaValidator$XSIErrorReporter.reportError(XMLSchemaValidator.java:458)
	at com.sun.org.apache.xerces.internal.impl.xs.XMLSchemaValidator.reportSchemaError(XMLSchemaValidator.java:3237)
	at com.sun.org.apache.xerces.internal.impl.xs.XMLSchemaValidator.handleStartElement(XMLSchemaValidator.java:1796)
	at com.sun.org.apache.xerces.internal.impl.xs.XMLSchemaValidator.startElement(XMLSchemaValidator.java:746)
	at com.sun.org.apache.xerces.internal.jaxp.validation.ValidatorHandlerImpl.startElement(ValidatorHandlerImpl.java:570)
	at org.xml.sax.helpers.XMLFilterImpl.startElement(XMLFilterImpl.java:551)
	at com.sun.xml.internal.bind.v2.runtime.output.SAXOutput.endStartTag(SAXOutput.java:113)
	at com.sun.xml.internal.bind.v2.runtime.output.ForkXmlOutput.endStartTag(ForkXmlOutput.java:91)
	at com.sun.xml.internal.bind.v2.runtime.XMLSerializer.leafElement(XMLSerializer.java:310)
	at com.sun.xml.internal.bind.v2.model.impl.RuntimeBuiltinLeafInfoImpl$StringImplImpl.writeLeafElement(RuntimeBuiltinLeafInfoImpl.java:1036)
	at com.sun.xml.internal.bind.v2.model.impl.RuntimeBuiltinLeafInfoImpl$StringImplImpl.writeLeafElement(RuntimeBuiltinLeafInfoImpl.java:1015)
	at com.sun.xml.internal.bind.v2.runtime.reflect.TransducedAccessor$CompositeTransducedAccessorImpl.writeLeafElement(TransducedAccessor.java:239)
	at com.sun.xml.internal.bind.v2.runtime.property.SingleElementLeafProperty.serializeBody(SingleElementLeafProperty.java:115)
	at com.sun.xml.internal.bind.v2.runtime.ClassBeanInfoImpl.serializeBody(ClassBeanInfoImpl.java:345)
	at com.sun.xml.internal.bind.v2.runtime.XMLSerializer.childAsXsiType(XMLSerializer.java:681)
	at com.sun.xml.internal.bind.v2.runtime.property.ArrayElementNodeProperty.serializeItem(ArrayElementNodeProperty.java:54)
	at com.sun.xml.internal.bind.v2.runtime.property.ArrayElementProperty.serializeListBody(ArrayElementProperty.java:157)
	at com.sun.xml.internal.bind.v2.runtime.property.ArrayERProperty.serializeBody(ArrayERProperty.java:144)
	at com.sun.xml.internal.bind.v2.runtime.ClassBeanInfoImpl.serializeBody(ClassBeanInfoImpl.java:345)
	at com.sun.xml.internal.bind.v2.runtime.XMLSerializer.childAsXsiType(XMLSerializer.java:681)
	at com.sun.xml.internal.bind.v2.runtime.property.SingleElementNodeProperty.serializeBody(SingleElementNodeProperty.java:143)
	at com.sun.xml.internal.bind.v2.runtime.ClassBeanInfoImpl.serializeBody(ClassBeanInfoImpl.java:345)
	at com.sun.xml.internal.bind.v2.runtime.XMLSerializer.childAsSoleContent(XMLSerializer.java:578)
	at com.sun.xml.internal.bind.v2.runtime.ClassBeanInfoImpl.serializeRoot(ClassBeanInfoImpl.java:326)
	at com.sun.xml.internal.bind.v2.runtime.XMLSerializer.childAsRoot(XMLSerializer.java:479)
	at com.sun.xml.internal.bind.v2.runtime.MarshallerImpl.write(MarshallerImpl.java:308)
	... 7 common frames omitted
22-06-2020 20:43:07.140 ERROR [main]  c.a.v.npc.core.dao.PortMessageDAO.getUnsentMessages - Closed Connection
java.sql.SQLRecoverableException: Closed Connection
	at oracle.jdbc.driver.OracleStatement.ensureOpen(OracleStatement.java:4296)
	at oracle.jdbc.driver.OracleStatement.clearWarnings(OracleStatement.java:3305)
	at oracle.jdbc.driver.OracleStatement.prepareForNewResults(OracleStatement.java:3781)
	at oracle.jdbc.driver.OracleStatement.doScrollExecuteCommon(OracleStatement.java:5064)
	at oracle.jdbc.driver.OracleStatement.doScrollStmtExecuteQuery(OracleStatement.java:5124)
	at oracle.jdbc.driver.OracleStatement.executeQuery(OracleStatement.java:1260)
	at oracle.jdbc.driver.OracleStatementWrapper.executeQuery(OracleStatementWrapper.java:420)
	at com.asset.vodafone.npc.core.dao.PortMessageDAO.getUnsentMessages(PortMessageDAO.java:282)
	at com.asset.vodafone.npc.core.dao.NPCMessageDAO.getUnsentMessages(NPCMessageDAO.java:401)
	at com.asset.vodafone.npc.core.service.NPCService.getUnsentMessages(NPCService.java:329)
	at com.asset.vodafone.npc.core.handler.NPCProcessHandler.sendPendingMessages(NPCProcessHandler.java:389)
	at com.asset.vodafone.npc.core.handler.NPCProcessHandler.mainMode(NPCProcessHandler.java:666)
	at com.asset.vodafone.npc.core.handler.NPCProcessHandler.main(NPCProcessHandler.java:716)
22-06-2020 20:43:07.143 ERROR [main]  c.a.v.n.c.handler.NPCProcessHandler.sendPendingMessages - [NPC_DATABASE_ERROR_04]: Error in Select statement Closed Connection
	at com.asset.vodafone.npc.core.service.NPCService.getUnsentMessages(NPCService.java:331)
	at com.asset.vodafone.npc.core.handler.NPCProcessHandler.sendPendingMessages(NPCProcessHandler.java:389)
	at com.asset.vodafone.npc.core.handler.NPCProcessHandler.mainMode(NPCProcessHandler.java:666)
	at com.asset.vodafone.npc.core.handler.NPCProcessHandler.main(NPCProcessHandler.java:716)
Caused by: java.sql.SQLRecoverableException: Closed Connection
	at oracle.jdbc.driver.PhysicalConnection.needLine(PhysicalConnection.java:6291)
	at oracle.jdbc.driver.OracleStatement.closeOrCache(OracleStatement.java:1364)
	at oracle.jdbc.driver.OracleStatement.close(OracleStatement.java:1343)
	at oracle.jdbc.driver.OracleStatementWrapper.close(OracleStatementWrapper.java:100)
	at com.asset.vodafone.npc.core.dao.PortMessageDAO.getUnsentMessages(PortMessageDAO.java:425)
	at com.asset.vodafone.npc.core.dao.NPCMessageDAO.getUnsentMessages(NPCMessageDAO.java:401)
	at com.asset.vodafone.npc.core.service.NPCService.getUnsentMessages(NPCService.java:329)
	... 3 more

com.asset.vodafone.npc.core.exception.NPCException: [NPC_DATABASE_ERROR_04]: Error in Select statement Closed Connection
	at com.asset.vodafone.npc.core.service.NPCService.getUnsentMessages(NPCService.java:331)
	at com.asset.vodafone.npc.core.handler.NPCProcessHandler.sendPendingMessages(NPCProcessHandler.java:389)
	at com.asset.vodafone.npc.core.handler.NPCProcessHandler.mainMode(NPCProcessHandler.java:666)
	at com.asset.vodafone.npc.core.handler.NPCProcessHandler.main(NPCProcessHandler.java:716)
Caused by: java.sql.SQLRecoverableException: Closed Connection
	at oracle.jdbc.driver.PhysicalConnection.needLine(PhysicalConnection.java:6291)
	at oracle.jdbc.driver.OracleStatement.closeOrCache(OracleStatement.java:1364)
	at oracle.jdbc.driver.OracleStatement.close(OracleStatement.java:1343)
	at oracle.jdbc.driver.OracleStatementWrapper.close(OracleStatementWrapper.java:100)
	at com.asset.vodafone.npc.core.dao.PortMessageDAO.getUnsentMessages(PortMessageDAO.java:425)
	at com.asset.vodafone.npc.core.dao.NPCMessageDAO.getUnsentMessages(NPCMessageDAO.java:401)
	at com.asset.vodafone.npc.core.service.NPCService.getUnsentMessages(NPCService.java:329)
	... 3 common frames omitted
