30-06-2020 00:31:02.946 INFO  [main]  c.a.v.n.c.handler.NPCProcessHandler.sendPendingMessage - Sending NPC Message to NTRA : <?xml version="1.0" encoding="UTF-8" standalone="yes"?>
<NPCData>
    <NPCMessages>
        <PortMessage>
            <MessageID>OUT1301</MessageID>
            <MessageCode>NPR Accept</MessageCode>
            <ServiceType>MOBILE</ServiceType>
            <PortID>P202006250777777777</PortID>
            <NumbersToPort>
                <NumberFrom>01055555555</NumberFrom>
            </NumbersToPort>
            <SubscriberData>
                <CompanyFlag>false</CompanyFlag>
                <CorporationName>Asset</CorporationName>
                <Name>Hossam Hamdy</Name>
                <AccountNum>666666</AccountNum>
                <SIMCardNum>22222333334444455555</SIMCardNum>
                <NIC>11229966887744</NIC>
                <CNIC>3217896541256</CNIC>
                <PassportNum>C12345678</PassportNum>
                <OtherId>Senator</OtherId>
                <DateOfBirth>19910721</DateOfBirth>
                <ContactPhone>01119164784</ContactPhone>
                <Fax>0704123456</Fax>
                <City>Cairo</City>
                <Street>Farouk St</Street>
                <Locality>Al Tahrir</Locality>
                <PostCode>123123</PostCode>
                <GroupID>Asset Group</GroupID>
                <AuthorizedPersonName>Hossam Hamdy</AuthorizedPersonName>
                <CorporationAddress>Asset</CorporationAddress>
                <CommercialRegistrationNum>002345</CommercialRegistrationNum>
                <TaxRegistrationNum>132544</TaxRegistrationNum>
            </SubscriberData>
        </PortMessage>
    </NPCMessages>
</NPCData>

30-06-2020 00:31:03.579 INFO  [main]  o.s.c.a.AnnotationConfigApplicationContext.prepareRefresh - Refreshing org.springframework.context.annotation.AnnotationConfigApplicationContext@7e094740: startup date [Tue Jun 30 00:31:03 EET 2020]; root of context hierarchy
30-06-2020 00:31:04.202 INFO  [main]  o.s.oxm.jaxb.Jaxb2Marshaller.createJaxbContextFromContextPath - Creating JAXBContext with context path [com.asset.vodafone.npc.webservice.wsdl]
30-06-2020 00:32:53.485 INFO  [main]  o.s.w.s.saaj.SaajSoapMessageFactory.afterPropertiesSet - Creating SAAJ 1.3 MessageFactory with SOAP 1.1 Protocol
30-06-2020 00:34:12.705 INFO  [main]  o.s.c.a.AnnotationConfigApplicationContext.doClose - Closing org.springframework.context.annotation.AnnotationConfigApplicationContext@7e094740: startup date [Tue Jun 30 00:31:03 EET 2020]; root of context hierarchy
30-06-2020 00:42:47.346 INFO  [main]  c.a.v.n.c.handler.NPCProcessHandler.sendPendingMessage - Sending NPC Message to NTRA : <?xml version="1.0" encoding="UTF-8" standalone="yes"?>
<NPCData>
    <NPCMessages>
        <PortMessage>
            <MessageID>OUT1301</MessageID>
            <MessageCode>NPR Accept</MessageCode>
            <ServiceType>MOBILE</ServiceType>
            <PortID>P202006250777777777</PortID>
            <NumbersToPort>
                <NumberFrom>01055555555</NumberFrom>
            </NumbersToPort>
            <SubscriberData>
                <CompanyFlag>false</CompanyFlag>
                <CorporationName>Asset</CorporationName>
                <Name>Hossam Hamdy</Name>
                <AccountNum>666666</AccountNum>
                <SIMCardNum>22222333334444455555</SIMCardNum>
                <NIC>11229966887744</NIC>
                <CNIC>3217896541256</CNIC>
                <PassportNum>C12345678</PassportNum>
                <OtherId>Senator</OtherId>
                <DateOfBirth>19910721</DateOfBirth>
                <ContactPhone>01119164784</ContactPhone>
                <Fax>0704123456</Fax>
                <City>Cairo</City>
                <Street>Farouk St</Street>
                <Locality>Al Tahrir</Locality>
                <PostCode>123123</PostCode>
                <GroupID>Asset Group</GroupID>
                <AuthorizedPersonName>Hossam Hamdy</AuthorizedPersonName>
                <CorporationAddress>Asset</CorporationAddress>
                <CommercialRegistrationNum>002345</CommercialRegistrationNum>
                <TaxRegistrationNum>132544</TaxRegistrationNum>
            </SubscriberData>
        </PortMessage>
    </NPCMessages>
</NPCData>

30-06-2020 00:42:47.350 INFO  [main]  o.s.c.a.AnnotationConfigApplicationContext.prepareRefresh - Refreshing org.springframework.context.annotation.AnnotationConfigApplicationContext@26d96e5: startup date [Tue Jun 30 00:42:47 EET 2020]; root of context hierarchy
30-06-2020 00:42:47.384 INFO  [main]  o.s.oxm.jaxb.Jaxb2Marshaller.createJaxbContextFromContextPath - Creating JAXBContext with context path [com.asset.vodafone.npc.webservice.wsdl]
30-06-2020 00:42:47.406 INFO  [main]  o.s.w.s.saaj.SaajSoapMessageFactory.afterPropertiesSet - Creating SAAJ 1.3 MessageFactory with SOAP 1.1 Protocol
30-06-2020 00:42:53.830 INFO  [main]  o.s.c.a.AnnotationConfigApplicationContext.doClose - Closing org.springframework.context.annotation.AnnotationConfigApplicationContext@26d96e5: startup date [Tue Jun 30 00:42:47 EET 2020]; root of context hierarchy
30-06-2020 00:50:45.807 INFO  [main]  c.a.v.n.c.handler.NPCProcessHandler.sendPendingMessage - Sending NPC Message to NTRA : <?xml version="1.0" encoding="UTF-8" standalone="yes"?>
<NPCData>
    <NPCMessages>
        <PortMessage>
            <MessageID>OUT1301</MessageID>
            <MessageCode>NPR Accept</MessageCode>
            <ServiceType>MOBILE</ServiceType>
            <PortID>P202006250777777777</PortID>
            <NumbersToPort>
                <NumberFrom>01055555555</NumberFrom>
            </NumbersToPort>
            <SubscriberData>
                <CompanyFlag>false</CompanyFlag>
                <CorporationName>Asset</CorporationName>
                <Name>Hossam Hamdy</Name>
                <AccountNum>666666</AccountNum>
                <SIMCardNum>22222333334444455555</SIMCardNum>
                <NIC>11229966887744</NIC>
                <CNIC>3217896541256</CNIC>
                <PassportNum>C12345678</PassportNum>
                <OtherId>Senator</OtherId>
                <DateOfBirth>19910721</DateOfBirth>
                <ContactPhone>01119164784</ContactPhone>
                <Fax>0704123456</Fax>
                <City>Cairo</City>
                <Street>Farouk St</Street>
                <Locality>Al Tahrir</Locality>
                <PostCode>123123</PostCode>
                <GroupID>Asset Group</GroupID>
                <AuthorizedPersonName>Hossam Hamdy</AuthorizedPersonName>
                <CorporationAddress>Asset</CorporationAddress>
                <CommercialRegistrationNum>002345</CommercialRegistrationNum>
                <TaxRegistrationNum>132544</TaxRegistrationNum>
            </SubscriberData>
        </PortMessage>
    </NPCMessages>
</NPCData>

30-06-2020 00:50:46.248 INFO  [main]  o.s.c.a.AnnotationConfigApplicationContext.prepareRefresh - Refreshing org.springframework.context.annotation.AnnotationConfigApplicationContext@9f46d94: startup date [Tue Jun 30 00:50:46 EET 2020]; root of context hierarchy
30-06-2020 00:50:46.802 INFO  [main]  o.s.oxm.jaxb.Jaxb2Marshaller.createJaxbContextFromContextPath - Creating JAXBContext with context path [com.asset.vodafone.npc.webservice.wsdl]
30-06-2020 00:53:15.759 INFO  [main]  o.s.w.s.saaj.SaajSoapMessageFactory.afterPropertiesSet - Creating SAAJ 1.3 MessageFactory with SOAP 1.1 Protocol
30-06-2020 00:55:13.564 INFO  [main]  o.s.c.a.AnnotationConfigApplicationContext.doClose - Closing org.springframework.context.annotation.AnnotationConfigApplicationContext@9f46d94: startup date [Tue Jun 30 00:50:46 EET 2020]; root of context hierarchy
30-06-2020 01:11:43.938 INFO  [main]  c.a.v.n.c.handler.NPCProcessHandler.sendPendingMessage - Sending NPC Message to NTRA : <?xml version="1.0" encoding="UTF-8" standalone="yes"?>
<NPCData>
    <NPCMessages>
        <PortMessage>
            <MessageID>OUT1301</MessageID>
            <MessageCode>NPR Accept</MessageCode>
            <ServiceType>MOBILE</ServiceType>
            <PortID>P202006250777777777</PortID>
            <NumbersToPort>
                <NumberFrom>01055555555</NumberFrom>
            </NumbersToPort>
            <SubscriberData>
                <CompanyFlag>false</CompanyFlag>
                <CorporationName>Asset</CorporationName>
                <Name>Hossam Hamdy</Name>
                <AccountNum>666666</AccountNum>
                <SIMCardNum>22222333334444455555</SIMCardNum>
                <NIC>11229966887744</NIC>
                <CNIC>3217896541256</CNIC>
                <PassportNum>C12345678</PassportNum>
                <OtherId>Senator</OtherId>
                <DateOfBirth>19910721</DateOfBirth>
                <ContactPhone>01119164784</ContactPhone>
                <Fax>0704123456</Fax>
                <City>Cairo</City>
                <Street>Farouk St</Street>
                <Locality>Al Tahrir</Locality>
                <PostCode>123123</PostCode>
                <GroupID>Asset Group</GroupID>
                <AuthorizedPersonName>Hossam Hamdy</AuthorizedPersonName>
                <CorporationAddress>Asset</CorporationAddress>
                <CommercialRegistrationNum>002345</CommercialRegistrationNum>
                <TaxRegistrationNum>132544</TaxRegistrationNum>
            </SubscriberData>
        </PortMessage>
    </NPCMessages>
</NPCData>

30-06-2020 01:11:44.419 INFO  [main]  o.s.c.a.AnnotationConfigApplicationContext.prepareRefresh - Refreshing org.springframework.context.annotation.AnnotationConfigApplicationContext@9f46d94: startup date [Tue Jun 30 01:11:44 EET 2020]; root of context hierarchy
30-06-2020 01:11:45.048 INFO  [main]  o.s.oxm.jaxb.Jaxb2Marshaller.createJaxbContextFromContextPath - Creating JAXBContext with context path [com.asset.vodafone.npc.webservice.wsdl]
30-06-2020 01:12:05.041 INFO  [main]  o.s.w.s.saaj.SaajSoapMessageFactory.afterPropertiesSet - Creating SAAJ 1.3 MessageFactory with SOAP 1.1 Protocol
30-06-2020 01:15:19.012 INFO  [main]  o.s.c.a.AnnotationConfigApplicationContext.doClose - Closing org.springframework.context.annotation.AnnotationConfigApplicationContext@9f46d94: startup date [Tue Jun 30 01:11:44 EET 2020]; root of context hierarchy
30-06-2020 13:20:54.400 INFO  [main]  c.a.v.n.c.handler.NPCProcessHandler.sendPendingMessage - Sending NPC Message to NTRA : <?xml version="1.0" encoding="UTF-8" standalone="yes"?>
<NPCData>
    <NPCMessages>
        <PortMessage>
            <MessageID>OUT1301</MessageID>
            <MessageCode>NPR Accept</MessageCode>
            <ServiceType>MOBILE</ServiceType>
            <PortID>P202006250777777777</PortID>
            <NumbersToPort>
                <NumberFrom>01055555555</NumberFrom>
            </NumbersToPort>
            <SubscriberData>
                <CompanyFlag>false</CompanyFlag>
                <CorporationName>Asset</CorporationName>
                <Name>Hossam Hamdy</Name>
                <AccountNum>666666</AccountNum>
                <SIMCardNum>22222333334444455555</SIMCardNum>
                <NIC>11229966887744</NIC>
                <CNIC>3217896541256</CNIC>
                <PassportNum>C12345678</PassportNum>
                <OtherId>Senator</OtherId>
                <DateOfBirth>19910721</DateOfBirth>
                <ContactPhone>01119164784</ContactPhone>
                <Fax>0704123456</Fax>
                <City>Cairo</City>
                <Street>Farouk St</Street>
                <Locality>Al Tahrir</Locality>
                <PostCode>123123</PostCode>
                <GroupID>Asset Group</GroupID>
                <AuthorizedPersonName>Hossam Hamdy</AuthorizedPersonName>
                <CorporationAddress>Asset</CorporationAddress>
                <CommercialRegistrationNum>002345</CommercialRegistrationNum>
                <TaxRegistrationNum>132544</TaxRegistrationNum>
            </SubscriberData>
        </PortMessage>
    </NPCMessages>
</NPCData>

30-06-2020 13:20:54.837 INFO  [main]  o.s.c.a.AnnotationConfigApplicationContext.prepareRefresh - Refreshing org.springframework.context.annotation.AnnotationConfigApplicationContext@1133ec6e: startup date [Tue Jun 30 13:20:54 EET 2020]; root of context hierarchy
30-06-2020 13:20:55.282 INFO  [main]  o.s.oxm.jaxb.Jaxb2Marshaller.createJaxbContextFromContextPath - Creating JAXBContext with context path [com.asset.vodafone.npc.webservice.wsdl]
30-06-2020 13:22:02.938 INFO  [main]  o.s.w.s.saaj.SaajSoapMessageFactory.afterPropertiesSet - Creating SAAJ 1.3 MessageFactory with SOAP 1.1 Protocol
30-06-2020 13:22:21.162 INFO  [main]  o.s.c.a.AnnotationConfigApplicationContext.doClose - Closing org.springframework.context.annotation.AnnotationConfigApplicationContext@1133ec6e: startup date [Tue Jun 30 13:20:54 EET 2020]; root of context hierarchy
30-06-2020 13:28:08.201 INFO  [main]  c.a.v.n.c.handler.NPCProcessHandler.sendPendingMessage - Sending NPC Message to NTRA : <?xml version="1.0" encoding="UTF-8" standalone="yes"?>
<NPCData>
    <NPCMessages>
        <PortMessage>
            <MessageID>OUT1301</MessageID>
            <MessageCode>NPR Accept</MessageCode>
            <ServiceType>MOBILE</ServiceType>
            <PortID>P202006250777777777</PortID>
            <NumbersToPort>
                <NumberFrom>01055555555</NumberFrom>
            </NumbersToPort>
            <SubscriberData>
                <CompanyFlag>false</CompanyFlag>
                <CorporationName>Asset</CorporationName>
                <Name>Hossam Hamdy</Name>
                <AccountNum>666666</AccountNum>
                <SIMCardNum>22222333334444455555</SIMCardNum>
                <NIC>11229966887744</NIC>
                <CNIC>3217896541256</CNIC>
                <PassportNum>C12345678</PassportNum>
                <OtherId>Senator</OtherId>
                <DateOfBirth>19910721</DateOfBirth>
                <ContactPhone>01119164784</ContactPhone>
                <Fax>0704123456</Fax>
                <City>Cairo</City>
                <Street>Farouk St</Street>
                <Locality>Al Tahrir</Locality>
                <PostCode>123123</PostCode>
                <GroupID>Asset Group</GroupID>
                <AuthorizedPersonName>Hossam Hamdy</AuthorizedPersonName>
                <CorporationAddress>Asset</CorporationAddress>
                <CommercialRegistrationNum>002345</CommercialRegistrationNum>
                <TaxRegistrationNum>132544</TaxRegistrationNum>
            </SubscriberData>
        </PortMessage>
    </NPCMessages>
</NPCData>

30-06-2020 13:28:08.203 INFO  [main]  o.s.c.a.AnnotationConfigApplicationContext.prepareRefresh - Refreshing org.springframework.context.annotation.AnnotationConfigApplicationContext@3fbcfe81: startup date [Tue Jun 30 13:28:08 EET 2020]; root of context hierarchy
30-06-2020 13:28:08.217 INFO  [main]  o.s.oxm.jaxb.Jaxb2Marshaller.createJaxbContextFromContextPath - Creating JAXBContext with context path [com.asset.vodafone.npc.webservice.wsdl]
30-06-2020 13:28:08.226 INFO  [main]  o.s.w.s.saaj.SaajSoapMessageFactory.afterPropertiesSet - Creating SAAJ 1.3 MessageFactory with SOAP 1.1 Protocol
30-06-2020 13:28:17.991 INFO  [main]  o.s.c.a.AnnotationConfigApplicationContext.doClose - Closing org.springframework.context.annotation.AnnotationConfigApplicationContext@3fbcfe81: startup date [Tue Jun 30 13:28:08 EET 2020]; root of context hierarchy
30-06-2020 13:28:57.028 INFO  [main]  c.a.v.n.c.handler.NPCProcessHandler.sendPendingMessage - Sending NPC Message to NTRA : <?xml version="1.0" encoding="UTF-8" standalone="yes"?>
<NPCData>
    <NPCMessages>
        <PortMessage>
            <MessageID>OUT1301</MessageID>
            <MessageCode>NPR Accept</MessageCode>
            <ServiceType>MOBILE</ServiceType>
            <PortID>P202006250777777777</PortID>
            <NumbersToPort>
                <NumberFrom>01055555555</NumberFrom>
            </NumbersToPort>
            <SubscriberData>
                <CompanyFlag>false</CompanyFlag>
                <CorporationName>Asset</CorporationName>
                <Name>Hossam Hamdy</Name>
                <AccountNum>666666</AccountNum>
                <SIMCardNum>22222333334444455555</SIMCardNum>
                <NIC>11229966887744</NIC>
                <CNIC>3217896541256</CNIC>
                <PassportNum>C12345678</PassportNum>
                <OtherId>Senator</OtherId>
                <DateOfBirth>19910721</DateOfBirth>
                <ContactPhone>01119164784</ContactPhone>
                <Fax>0704123456</Fax>
                <City>Cairo</City>
                <Street>Farouk St</Street>
                <Locality>Al Tahrir</Locality>
                <PostCode>123123</PostCode>
                <GroupID>Asset Group</GroupID>
                <AuthorizedPersonName>Hossam Hamdy</AuthorizedPersonName>
                <CorporationAddress>Asset</CorporationAddress>
                <CommercialRegistrationNum>002345</CommercialRegistrationNum>
                <TaxRegistrationNum>132544</TaxRegistrationNum>
            </SubscriberData>
        </PortMessage>
    </NPCMessages>
</NPCData>

30-06-2020 13:28:57.341 INFO  [main]  o.s.c.a.AnnotationConfigApplicationContext.prepareRefresh - Refreshing org.springframework.context.annotation.AnnotationConfigApplicationContext@2c4ca0f9: startup date [Tue Jun 30 13:28:57 EET 2020]; root of context hierarchy
30-06-2020 13:28:57.716 INFO  [main]  o.s.oxm.jaxb.Jaxb2Marshaller.createJaxbContextFromContextPath - Creating JAXBContext with context path [com.asset.vodafone.npc.webservice.wsdl]
30-06-2020 13:29:35.106 INFO  [main]  o.s.w.s.saaj.SaajSoapMessageFactory.afterPropertiesSet - Creating SAAJ 1.3 MessageFactory with SOAP 1.1 Protocol
30-06-2020 13:29:45.029 INFO  [main]  o.s.c.a.AnnotationConfigApplicationContext.doClose - Closing org.springframework.context.annotation.AnnotationConfigApplicationContext@2c4ca0f9: startup date [Tue Jun 30 13:28:57 EET 2020]; root of context hierarchy
30-06-2020 13:31:08.066 INFO  [main]  c.a.v.n.c.handler.NPCProcessHandler.sendPendingMessage - Sending NPC Message to NTRA : <?xml version="1.0" encoding="UTF-8" standalone="yes"?>
<NPCData>
    <NPCMessages>
        <PortMessage>
            <MessageID>OUT1301</MessageID>
            <MessageCode>NPR Accept</MessageCode>
            <ServiceType>MOBILE</ServiceType>
            <PortID>P202006250777777777</PortID>
            <NumbersToPort>
                <NumberFrom>01055555555</NumberFrom>
            </NumbersToPort>
            <SubscriberData>
                <CompanyFlag>false</CompanyFlag>
                <CorporationName>Asset</CorporationName>
                <Name>Hossam Hamdy</Name>
                <AccountNum>666666</AccountNum>
                <SIMCardNum>22222333334444455555</SIMCardNum>
                <NIC>11229966887744</NIC>
                <CNIC>3217896541256</CNIC>
                <PassportNum>C12345678</PassportNum>
                <OtherId>Senator</OtherId>
                <DateOfBirth>19910721</DateOfBirth>
                <ContactPhone>01119164784</ContactPhone>
                <Fax>0704123456</Fax>
                <City>Cairo</City>
                <Street>Farouk St</Street>
                <Locality>Al Tahrir</Locality>
                <PostCode>123123</PostCode>
                <GroupID>Asset Group</GroupID>
                <AuthorizedPersonName>Hossam Hamdy</AuthorizedPersonName>
                <CorporationAddress>Asset</CorporationAddress>
                <CommercialRegistrationNum>002345</CommercialRegistrationNum>
                <TaxRegistrationNum>132544</TaxRegistrationNum>
            </SubscriberData>
        </PortMessage>
    </NPCMessages>
</NPCData>

30-06-2020 13:31:08.069 INFO  [main]  o.s.c.a.AnnotationConfigApplicationContext.prepareRefresh - Refreshing org.springframework.context.annotation.AnnotationConfigApplicationContext@3c35c345: startup date [Tue Jun 30 13:31:08 EET 2020]; root of context hierarchy
30-06-2020 13:31:08.088 INFO  [main]  o.s.oxm.jaxb.Jaxb2Marshaller.createJaxbContextFromContextPath - Creating JAXBContext with context path [com.asset.vodafone.npc.webservice.wsdl]
30-06-2020 13:31:08.102 INFO  [main]  o.s.w.s.saaj.SaajSoapMessageFactory.afterPropertiesSet - Creating SAAJ 1.3 MessageFactory with SOAP 1.1 Protocol
30-06-2020 13:40:12.063 INFO  [main]  o.s.c.a.AnnotationConfigApplicationContext.doClose - Closing org.springframework.context.annotation.AnnotationConfigApplicationContext@3c35c345: startup date [Tue Jun 30 13:31:08 EET 2020]; root of context hierarchy
30-06-2020 13:41:36.409 INFO  [main]  c.a.v.n.c.handler.NPCProcessHandler.sendPendingMessage - Sending NPC Message to NTRA : <?xml version="1.0" encoding="UTF-8" standalone="yes"?>
<NPCData>
    <NPCMessages>
        <PortMessage>
            <MessageID>OUT1301</MessageID>
            <MessageCode>NPR Accept</MessageCode>
            <ServiceType>MOBILE</ServiceType>
            <PortID>P202006250777777777</PortID>
            <NumbersToPort>
                <NumberFrom>01055555555</NumberFrom>
            </NumbersToPort>
            <SubscriberData>
                <CompanyFlag>false</CompanyFlag>
                <CorporationName>Asset</CorporationName>
                <Name>Hossam Hamdy</Name>
                <AccountNum>666666</AccountNum>
                <SIMCardNum>22222333334444455555</SIMCardNum>
                <NIC>11229966887744</NIC>
                <CNIC>3217896541256</CNIC>
                <PassportNum>C12345678</PassportNum>
                <OtherId>Senator</OtherId>
                <DateOfBirth>19910721</DateOfBirth>
                <ContactPhone>01119164784</ContactPhone>
                <Fax>0704123456</Fax>
                <City>Cairo</City>
                <Street>Farouk St</Street>
                <Locality>Al Tahrir</Locality>
                <PostCode>123123</PostCode>
                <GroupID>Asset Group</GroupID>
                <AuthorizedPersonName>Hossam Hamdy</AuthorizedPersonName>
                <CorporationAddress>Asset</CorporationAddress>
                <CommercialRegistrationNum>002345</CommercialRegistrationNum>
                <TaxRegistrationNum>132544</TaxRegistrationNum>
            </SubscriberData>
        </PortMessage>
    </NPCMessages>
</NPCData>

30-06-2020 13:41:36.412 INFO  [main]  o.s.c.a.AnnotationConfigApplicationContext.prepareRefresh - Refreshing org.springframework.context.annotation.AnnotationConfigApplicationContext@2caa5d7c: startup date [Tue Jun 30 13:41:36 EET 2020]; root of context hierarchy
30-06-2020 13:41:36.425 INFO  [main]  o.s.oxm.jaxb.Jaxb2Marshaller.createJaxbContextFromContextPath - Creating JAXBContext with context path [com.asset.vodafone.npc.webservice.wsdl]
30-06-2020 13:41:36.433 INFO  [main]  o.s.w.s.saaj.SaajSoapMessageFactory.afterPropertiesSet - Creating SAAJ 1.3 MessageFactory with SOAP 1.1 Protocol
30-06-2020 14:06:59.400 INFO  [main]  c.a.v.n.c.handler.NPCProcessHandler.sendPendingMessage - Sending NPC Message to NTRA : <?xml version="1.0" encoding="UTF-8" standalone="yes"?>
<NPCData>
    <NPCMessages>
        <PortMessage>
            <MessageID>OUT1301</MessageID>
            <MessageCode>NPR Accept</MessageCode>
            <ServiceType>MOBILE</ServiceType>
            <PortID>P202006250777777777</PortID>
            <NumbersToPort>
                <NumberFrom>01055555555</NumberFrom>
            </NumbersToPort>
            <SubscriberData>
                <CompanyFlag>false</CompanyFlag>
                <CorporationName>Asset</CorporationName>
                <Name>Hossam Hamdy</Name>
                <AccountNum>666666</AccountNum>
                <SIMCardNum>22222333334444455555</SIMCardNum>
                <NIC>11229966887744</NIC>
                <CNIC>3217896541256</CNIC>
                <PassportNum>C12345678</PassportNum>
                <OtherId>Senator</OtherId>
                <DateOfBirth>19910721</DateOfBirth>
                <ContactPhone>01119164784</ContactPhone>
                <Fax>0704123456</Fax>
                <City>Cairo</City>
                <Street>Farouk St</Street>
                <Locality>Al Tahrir</Locality>
                <PostCode>123123</PostCode>
                <GroupID>Asset Group</GroupID>
                <AuthorizedPersonName>Hossam Hamdy</AuthorizedPersonName>
                <CorporationAddress>Asset</CorporationAddress>
                <CommercialRegistrationNum>002345</CommercialRegistrationNum>
                <TaxRegistrationNum>132544</TaxRegistrationNum>
            </SubscriberData>
        </PortMessage>
    </NPCMessages>
</NPCData>

30-06-2020 14:06:59.616 INFO  [main]  o.s.c.a.AnnotationConfigApplicationContext.prepareRefresh - Refreshing org.springframework.context.annotation.AnnotationConfigApplicationContext@28276e50: startup date [Tue Jun 30 14:06:59 EET 2020]; root of context hierarchy
30-06-2020 14:06:59.947 INFO  [main]  o.s.oxm.jaxb.Jaxb2Marshaller.createJaxbContextFromContextPath - Creating JAXBContext with context path [com.asset.vodafone.npc.webservice.wsdl]
30-06-2020 14:07:06.714 INFO  [main]  o.s.w.s.saaj.SaajSoapMessageFactory.afterPropertiesSet - Creating SAAJ 1.3 MessageFactory with SOAP 1.1 Protocol
30-06-2020 14:09:19.987 INFO  [main]  o.s.c.a.AnnotationConfigApplicationContext.doClose - Closing org.springframework.context.annotation.AnnotationConfigApplicationContext@28276e50: startup date [Tue Jun 30 14:06:59 EET 2020]; root of context hierarchy
30-06-2020 14:37:24.006 INFO  [main]  c.a.v.n.c.handler.NPCProcessHandler.sendPendingMessage - Sending NPC Message to NTRA : <?xml version="1.0" encoding="UTF-8" standalone="yes"?>
<NPCData>
    <NPCMessages>
        <PortMessage>
            <MessageID>OUT1301</MessageID>
            <MessageCode>NPR Accept</MessageCode>
            <ServiceType>MOBILE</ServiceType>
            <PortID>P202006250777777777</PortID>
            <NumbersToPort>
                <NumberFrom>01055555555</NumberFrom>
            </NumbersToPort>
            <SubscriberData>
                <CompanyFlag>false</CompanyFlag>
                <CorporationName>Asset</CorporationName>
                <Name>Hossam Hamdy</Name>
                <AccountNum>666666</AccountNum>
                <SIMCardNum>22222333334444455555</SIMCardNum>
                <NIC>11229966887744</NIC>
                <CNIC>3217896541256</CNIC>
                <PassportNum>C12345678</PassportNum>
                <OtherId>Senator</OtherId>
                <DateOfBirth>19910721</DateOfBirth>
                <ContactPhone>01119164784</ContactPhone>
                <Fax>0704123456</Fax>
                <City>Cairo</City>
                <Street>Farouk St</Street>
                <Locality>Al Tahrir</Locality>
                <PostCode>123123</PostCode>
                <GroupID>Asset Group</GroupID>
                <AuthorizedPersonName>Hossam Hamdy</AuthorizedPersonName>
                <CorporationAddress>Asset</CorporationAddress>
                <CommercialRegistrationNum>002345</CommercialRegistrationNum>
                <TaxRegistrationNum>132544</TaxRegistrationNum>
            </SubscriberData>
        </PortMessage>
    </NPCMessages>
</NPCData>

30-06-2020 14:37:24.159 INFO  [main]  o.s.c.a.AnnotationConfigApplicationContext.prepareRefresh - Refreshing org.springframework.context.annotation.AnnotationConfigApplicationContext@3e96bacf: startup date [Tue Jun 30 14:37:24 EET 2020]; root of context hierarchy
30-06-2020 14:37:24.357 INFO  [main]  o.s.oxm.jaxb.Jaxb2Marshaller.createJaxbContextFromContextPath - Creating JAXBContext with context path [com.asset.vodafone.npc.webservice.wsdl]
30-06-2020 14:37:24.419 INFO  [main]  o.s.w.s.saaj.SaajSoapMessageFactory.afterPropertiesSet - Creating SAAJ 1.3 MessageFactory with SOAP 1.1 Protocol
30-06-2020 14:37:24.621 INFO  [main]  o.s.c.a.AnnotationConfigApplicationContext.doClose - Closing org.springframework.context.annotation.AnnotationConfigApplicationContext@3e96bacf: startup date [Tue Jun 30 14:37:24 EET 2020]; root of context hierarchy
30-06-2020 14:38:31.503 INFO  [main]  c.a.v.n.c.handler.NPCProcessHandler.sendPendingMessage - Sending NPC Message to NTRA : <?xml version="1.0" encoding="UTF-8" standalone="yes"?>
<NPCData>
    <NPCMessages>
        <PortMessage>
            <MessageID>OUT1301</MessageID>
            <MessageCode>NPR Accept</MessageCode>
            <ServiceType>MOBILE</ServiceType>
            <PortID>P202006250777777777</PortID>
            <NumbersToPort>
                <NumberFrom>01055555555</NumberFrom>
            </NumbersToPort>
            <SubscriberData>
                <CompanyFlag>false</CompanyFlag>
                <CorporationName>Asset</CorporationName>
                <Name>Hossam Hamdy</Name>
                <AccountNum>666666</AccountNum>
                <SIMCardNum>22222333334444455555</SIMCardNum>
                <NIC>11229966887744</NIC>
                <CNIC>3217896541256</CNIC>
                <PassportNum>C12345678</PassportNum>
                <OtherId>Senator</OtherId>
                <DateOfBirth>19910721</DateOfBirth>
                <ContactPhone>01119164784</ContactPhone>
                <Fax>0704123456</Fax>
                <City>Cairo</City>
                <Street>Farouk St</Street>
                <Locality>Al Tahrir</Locality>
                <PostCode>123123</PostCode>
                <GroupID>Asset Group</GroupID>
                <AuthorizedPersonName>Hossam Hamdy</AuthorizedPersonName>
                <CorporationAddress>Asset</CorporationAddress>
                <CommercialRegistrationNum>002345</CommercialRegistrationNum>
                <TaxRegistrationNum>132544</TaxRegistrationNum>
            </SubscriberData>
        </PortMessage>
    </NPCMessages>
</NPCData>

30-06-2020 14:38:31.505 INFO  [main]  o.s.c.a.AnnotationConfigApplicationContext.prepareRefresh - Refreshing org.springframework.context.annotation.AnnotationConfigApplicationContext@3a0d172f: startup date [Tue Jun 30 14:38:31 EET 2020]; root of context hierarchy
30-06-2020 14:38:31.515 INFO  [main]  o.s.oxm.jaxb.Jaxb2Marshaller.createJaxbContextFromContextPath - Creating JAXBContext with context path [com.asset.vodafone.npc.webservice.wsdl]
30-06-2020 14:38:31.525 INFO  [main]  o.s.w.s.saaj.SaajSoapMessageFactory.afterPropertiesSet - Creating SAAJ 1.3 MessageFactory with SOAP 1.1 Protocol
30-06-2020 14:38:31.566 INFO  [main]  o.s.c.a.AnnotationConfigApplicationContext.doClose - Closing org.springframework.context.annotation.AnnotationConfigApplicationContext@3a0d172f: startup date [Tue Jun 30 14:38:31 EET 2020]; root of context hierarchy
30-06-2020 14:39:36.252 INFO  [main]  c.a.v.n.c.handler.NPCProcessHandler.sendPendingMessage - Sending NPC Message to NTRA : <?xml version="1.0" encoding="UTF-8" standalone="yes"?>
<NPCData>
    <NPCMessages>
        <PortMessage>
            <MessageID>OUT1301</MessageID>
            <MessageCode>NPR Accept</MessageCode>
            <ServiceType>MOBILE</ServiceType>
            <PortID>P202006250777777777</PortID>
            <NumbersToPort>
                <NumberFrom>01055555555</NumberFrom>
            </NumbersToPort>
            <SubscriberData>
                <CompanyFlag>false</CompanyFlag>
                <CorporationName>Asset</CorporationName>
                <Name>Hossam Hamdy</Name>
                <AccountNum>666666</AccountNum>
                <SIMCardNum>22222333334444455555</SIMCardNum>
                <NIC>11229966887744</NIC>
                <CNIC>3217896541256</CNIC>
                <PassportNum>C12345678</PassportNum>
                <OtherId>Senator</OtherId>
                <DateOfBirth>19910721</DateOfBirth>
                <ContactPhone>01119164784</ContactPhone>
                <Fax>0704123456</Fax>
                <City>Cairo</City>
                <Street>Farouk St</Street>
                <Locality>Al Tahrir</Locality>
                <PostCode>123123</PostCode>
                <GroupID>Asset Group</GroupID>
                <AuthorizedPersonName>Hossam Hamdy</AuthorizedPersonName>
                <CorporationAddress>Asset</CorporationAddress>
                <CommercialRegistrationNum>002345</CommercialRegistrationNum>
                <TaxRegistrationNum>132544</TaxRegistrationNum>
            </SubscriberData>
        </PortMessage>
    </NPCMessages>
</NPCData>

30-06-2020 14:39:36.254 INFO  [main]  o.s.c.a.AnnotationConfigApplicationContext.prepareRefresh - Refreshing org.springframework.context.annotation.AnnotationConfigApplicationContext@4b20ca2b: startup date [Tue Jun 30 14:39:36 EET 2020]; root of context hierarchy
30-06-2020 14:39:36.265 INFO  [main]  o.s.oxm.jaxb.Jaxb2Marshaller.createJaxbContextFromContextPath - Creating JAXBContext with context path [com.asset.vodafone.npc.webservice.wsdl]
30-06-2020 14:39:36.275 INFO  [main]  o.s.w.s.saaj.SaajSoapMessageFactory.afterPropertiesSet - Creating SAAJ 1.3 MessageFactory with SOAP 1.1 Protocol
30-06-2020 14:39:36.314 INFO  [main]  o.s.c.a.AnnotationConfigApplicationContext.doClose - Closing org.springframework.context.annotation.AnnotationConfigApplicationContext@4b20ca2b: startup date [Tue Jun 30 14:39:36 EET 2020]; root of context hierarchy
30-06-2020 14:40:34.141 INFO  [main]  c.a.v.n.c.handler.NPCProcessHandler.sendPendingMessage - Sending NPC Message to NTRA : <?xml version="1.0" encoding="UTF-8" standalone="yes"?>
<NPCData>
    <NPCMessages>
        <PortMessage>
            <MessageID>OUT1301</MessageID>
            <MessageCode>NPR Accept</MessageCode>
            <ServiceType>MOBILE</ServiceType>
            <PortID>P202006250777777777</PortID>
            <NumbersToPort>
                <NumberFrom>01055555555</NumberFrom>
            </NumbersToPort>
            <SubscriberData>
                <CompanyFlag>false</CompanyFlag>
                <CorporationName>Asset</CorporationName>
                <Name>Hossam Hamdy</Name>
                <AccountNum>666666</AccountNum>
                <SIMCardNum>22222333334444455555</SIMCardNum>
                <NIC>11229966887744</NIC>
                <CNIC>3217896541256</CNIC>
                <PassportNum>C12345678</PassportNum>
                <OtherId>Senator</OtherId>
                <DateOfBirth>19910721</DateOfBirth>
                <ContactPhone>01119164784</ContactPhone>
                <Fax>0704123456</Fax>
                <City>Cairo</City>
                <Street>Farouk St</Street>
                <Locality>Al Tahrir</Locality>
                <PostCode>123123</PostCode>
                <GroupID>Asset Group</GroupID>
                <AuthorizedPersonName>Hossam Hamdy</AuthorizedPersonName>
                <CorporationAddress>Asset</CorporationAddress>
                <CommercialRegistrationNum>002345</CommercialRegistrationNum>
                <TaxRegistrationNum>132544</TaxRegistrationNum>
            </SubscriberData>
        </PortMessage>
    </NPCMessages>
</NPCData>

30-06-2020 14:40:34.358 INFO  [main]  o.s.c.a.AnnotationConfigApplicationContext.prepareRefresh - Refreshing org.springframework.context.annotation.AnnotationConfigApplicationContext@9f46d94: startup date [Tue Jun 30 14:40:34 EET 2020]; root of context hierarchy
30-06-2020 14:40:34.707 INFO  [main]  o.s.oxm.jaxb.Jaxb2Marshaller.createJaxbContextFromContextPath - Creating JAXBContext with context path [com.asset.vodafone.npc.webservice.wsdl]
30-06-2020 14:41:33.779 INFO  [main]  o.s.w.s.saaj.SaajSoapMessageFactory.afterPropertiesSet - Creating SAAJ 1.3 MessageFactory with SOAP 1.1 Protocol
30-06-2020 15:41:23.046 INFO  [main]  c.a.v.n.c.handler.NPCProcessHandler.sendPendingMessage - Sending NPC Message to NTRA : <?xml version="1.0" encoding="UTF-8" standalone="yes"?>
<NPCData>
    <NPCMessages>
        <PortMessage>
            <MessageID>OUT1301</MessageID>
            <MessageCode>NPR Accept</MessageCode>
            <ServiceType>MOBILE</ServiceType>
            <PortID>P202006250777777777</PortID>
            <NumbersToPort>
                <NumberFrom>01055555555</NumberFrom>
            </NumbersToPort>
            <SubscriberData>
                <CompanyFlag>false</CompanyFlag>
                <CorporationName>Asset</CorporationName>
                <Name>Hossam Hamdy</Name>
                <AccountNum>666666</AccountNum>
                <SIMCardNum>22222333334444455555</SIMCardNum>
                <NIC>11229966887744</NIC>
                <CNIC>3217896541256</CNIC>
                <PassportNum>C12345678</PassportNum>
                <OtherId>Senator</OtherId>
                <DateOfBirth>19910721</DateOfBirth>
                <ContactPhone>01119164784</ContactPhone>
                <Fax>0704123456</Fax>
                <City>Cairo</City>
                <Street>Farouk St</Street>
                <Locality>Al Tahrir</Locality>
                <PostCode>123123</PostCode>
                <GroupID>Asset Group</GroupID>
                <AuthorizedPersonName>Hossam Hamdy</AuthorizedPersonName>
                <CorporationAddress>Asset</CorporationAddress>
                <CommercialRegistrationNum>002345</CommercialRegistrationNum>
                <TaxRegistrationNum>132544</TaxRegistrationNum>
            </SubscriberData>
        </PortMessage>
    </NPCMessages>
</NPCData>

30-06-2020 15:41:23.254 INFO  [main]  o.s.c.a.AnnotationConfigApplicationContext.prepareRefresh - Refreshing org.springframework.context.annotation.AnnotationConfigApplicationContext@41925502: startup date [Tue Jun 30 15:41:23 EET 2020]; root of context hierarchy
30-06-2020 15:41:23.581 INFO  [main]  o.s.oxm.jaxb.Jaxb2Marshaller.createJaxbContextFromContextPath - Creating JAXBContext with context path [com.asset.vodafone.npc.webservice.wsdl]
30-06-2020 15:41:29.455 INFO  [main]  o.s.w.s.saaj.SaajSoapMessageFactory.afterPropertiesSet - Creating SAAJ 1.3 MessageFactory with SOAP 1.1 Protocol
30-06-2020 15:42:21.255 INFO  [main]  o.s.c.a.AnnotationConfigApplicationContext.doClose - Closing org.springframework.context.annotation.AnnotationConfigApplicationContext@41925502: startup date [Tue Jun 30 15:41:23 EET 2020]; root of context hierarchy
30-06-2020 16:27:57.964 INFO  [main]  c.a.v.n.c.handler.NPCProcessHandler.sendPendingMessage - Sending NPC Message to NTRA : <?xml version="1.0" encoding="UTF-8" standalone="yes"?>
<NPCData>
    <NPCMessages>
        <PortMessage>
            <MessageID>OUT1301</MessageID>
            <MessageCode>NPR Accept</MessageCode>
            <ServiceType>MOBILE</ServiceType>
            <PortID>P202006250777777777</PortID>
            <NumbersToPort>
                <NumberFrom>01055555555</NumberFrom>
            </NumbersToPort>
            <SubscriberData>
                <CompanyFlag>false</CompanyFlag>
                <CorporationName>Asset</CorporationName>
                <Name>Hossam Hamdy</Name>
                <AccountNum>666666</AccountNum>
                <SIMCardNum>22222333334444455555</SIMCardNum>
                <NIC>11229966887744</NIC>
                <CNIC>3217896541256</CNIC>
                <PassportNum>C12345678</PassportNum>
                <OtherId>Senator</OtherId>
                <DateOfBirth>19910721</DateOfBirth>
                <ContactPhone>01119164784</ContactPhone>
                <Fax>0704123456</Fax>
                <City>Cairo</City>
                <Street>Farouk St</Street>
                <Locality>Al Tahrir</Locality>
                <PostCode>123123</PostCode>
                <GroupID>Asset Group</GroupID>
                <AuthorizedPersonName>Hossam Hamdy</AuthorizedPersonName>
                <CorporationAddress>Asset</CorporationAddress>
                <CommercialRegistrationNum>002345</CommercialRegistrationNum>
                <TaxRegistrationNum>132544</TaxRegistrationNum>
            </SubscriberData>
        </PortMessage>
    </NPCMessages>
</NPCData>

30-06-2020 16:27:57.967 INFO  [main]  o.s.c.a.AnnotationConfigApplicationContext.prepareRefresh - Refreshing org.springframework.context.annotation.AnnotationConfigApplicationContext@31d6f3fe: startup date [Tue Jun 30 16:27:57 EET 2020]; root of context hierarchy
30-06-2020 16:27:57.981 INFO  [main]  o.s.oxm.jaxb.Jaxb2Marshaller.createJaxbContextFromContextPath - Creating JAXBContext with context path [com.asset.vodafone.npc.webservice.wsdl]
30-06-2020 16:27:58.002 INFO  [main]  o.s.w.s.saaj.SaajSoapMessageFactory.afterPropertiesSet - Creating SAAJ 1.3 MessageFactory with SOAP 1.1 Protocol
30-06-2020 16:31:13.064 INFO  [main]  o.s.c.a.AnnotationConfigApplicationContext.doClose - Closing org.springframework.context.annotation.AnnotationConfigApplicationContext@31d6f3fe: startup date [Tue Jun 30 16:27:57 EET 2020]; root of context hierarchy
30-06-2020 16:34:33.264 INFO  [main]  c.a.v.n.c.handler.NPCProcessHandler.sendPendingMessage - Sending NPC Message to NTRA : <?xml version="1.0" encoding="UTF-8" standalone="yes"?>
<NPCData>
    <NPCMessages>
        <PortMessage>
            <MessageID>OUT1301</MessageID>
            <MessageCode>NPR Accept</MessageCode>
            <ServiceType>MOBILE</ServiceType>
            <PortID>P202006250777777777</PortID>
            <NumbersToPort>
                <NumberFrom>01055555555</NumberFrom>
            </NumbersToPort>
            <SubscriberData>
                <CompanyFlag>false</CompanyFlag>
                <CorporationName>Asset</CorporationName>
                <Name>Hossam Hamdy</Name>
                <AccountNum>666666</AccountNum>
                <SIMCardNum>22222333334444455555</SIMCardNum>
                <NIC>11229966887744</NIC>
                <CNIC>3217896541256</CNIC>
                <PassportNum>C12345678</PassportNum>
                <OtherId>Senator</OtherId>
                <DateOfBirth>19910721</DateOfBirth>
                <ContactPhone>01119164784</ContactPhone>
                <Fax>0704123456</Fax>
                <City>Cairo</City>
                <Street>Farouk St</Street>
                <Locality>Al Tahrir</Locality>
                <PostCode>123123</PostCode>
                <GroupID>Asset Group</GroupID>
                <AuthorizedPersonName>Hossam Hamdy</AuthorizedPersonName>
                <CorporationAddress>Asset</CorporationAddress>
                <CommercialRegistrationNum>002345</CommercialRegistrationNum>
                <TaxRegistrationNum>132544</TaxRegistrationNum>
            </SubscriberData>
        </PortMessage>
    </NPCMessages>
</NPCData>

30-06-2020 16:34:33.416 INFO  [main]  o.s.c.a.AnnotationConfigApplicationContext.prepareRefresh - Refreshing org.springframework.context.annotation.AnnotationConfigApplicationContext@3e96bacf: startup date [Tue Jun 30 16:34:33 EET 2020]; root of context hierarchy
30-06-2020 16:34:33.592 INFO  [main]  o.s.oxm.jaxb.Jaxb2Marshaller.createJaxbContextFromContextPath - Creating JAXBContext with context path [com.asset.vodafone.npc.webservice.wsdl]
30-06-2020 16:34:33.652 INFO  [main]  o.s.w.s.saaj.SaajSoapMessageFactory.afterPropertiesSet - Creating SAAJ 1.3 MessageFactory with SOAP 1.1 Protocol
30-06-2020 16:34:33.881 INFO  [main]  o.s.c.a.AnnotationConfigApplicationContext.doClose - Closing org.springframework.context.annotation.AnnotationConfigApplicationContext@3e96bacf: startup date [Tue Jun 30 16:34:33 EET 2020]; root of context hierarchy
30-06-2020 16:35:36.623 INFO  [main]  c.a.v.n.c.handler.NPCProcessHandler.sendPendingMessage - Sending NPC Message to NTRA : <?xml version="1.0" encoding="UTF-8" standalone="yes"?>
<NPCData>
    <NPCMessages>
        <PortMessage>
            <MessageID>OUT1301</MessageID>
            <MessageCode>NPR Accept</MessageCode>
            <ServiceType>MOBILE</ServiceType>
            <PortID>P202006250777777777</PortID>
            <NumbersToPort>
                <NumberFrom>01055555555</NumberFrom>
            </NumbersToPort>
            <SubscriberData>
                <CompanyFlag>false</CompanyFlag>
                <CorporationName>Asset</CorporationName>
                <Name>Hossam Hamdy</Name>
                <AccountNum>666666</AccountNum>
                <SIMCardNum>22222333334444455555</SIMCardNum>
                <NIC>11229966887744</NIC>
                <CNIC>3217896541256</CNIC>
                <PassportNum>C12345678</PassportNum>
                <OtherId>Senator</OtherId>
                <DateOfBirth>19910721</DateOfBirth>
                <ContactPhone>01119164784</ContactPhone>
                <Fax>0704123456</Fax>
                <City>Cairo</City>
                <Street>Farouk St</Street>
                <Locality>Al Tahrir</Locality>
                <PostCode>123123</PostCode>
                <GroupID>Asset Group</GroupID>
                <AuthorizedPersonName>Hossam Hamdy</AuthorizedPersonName>
                <CorporationAddress>Asset</CorporationAddress>
                <CommercialRegistrationNum>002345</CommercialRegistrationNum>
                <TaxRegistrationNum>132544</TaxRegistrationNum>
            </SubscriberData>
        </PortMessage>
    </NPCMessages>
</NPCData>

30-06-2020 16:35:36.625 INFO  [main]  o.s.c.a.AnnotationConfigApplicationContext.prepareRefresh - Refreshing org.springframework.context.annotation.AnnotationConfigApplicationContext@781f10f2: startup date [Tue Jun 30 16:35:36 EET 2020]; root of context hierarchy
30-06-2020 16:35:36.637 INFO  [main]  o.s.oxm.jaxb.Jaxb2Marshaller.createJaxbContextFromContextPath - Creating JAXBContext with context path [com.asset.vodafone.npc.webservice.wsdl]
30-06-2020 16:35:36.645 INFO  [main]  o.s.w.s.saaj.SaajSoapMessageFactory.afterPropertiesSet - Creating SAAJ 1.3 MessageFactory with SOAP 1.1 Protocol
30-06-2020 16:35:36.683 INFO  [main]  o.s.c.a.AnnotationConfigApplicationContext.doClose - Closing org.springframework.context.annotation.AnnotationConfigApplicationContext@781f10f2: startup date [Tue Jun 30 16:35:36 EET 2020]; root of context hierarchy
30-06-2020 16:36:13.631 INFO  [main]  c.a.v.n.c.handler.NPCProcessHandler.sendPendingMessage - Sending NPC Message to NTRA : <?xml version="1.0" encoding="UTF-8" standalone="yes"?>
<NPCData>
    <NPCMessages>
        <PortMessage>
            <MessageID>OUT1301</MessageID>
            <MessageCode>NPR Accept</MessageCode>
            <ServiceType>MOBILE</ServiceType>
            <PortID>P202006250777777777</PortID>
            <NumbersToPort>
                <NumberFrom>01055555555</NumberFrom>
            </NumbersToPort>
            <SubscriberData>
                <CompanyFlag>false</CompanyFlag>
                <CorporationName>Asset</CorporationName>
                <Name>Hossam Hamdy</Name>
                <AccountNum>666666</AccountNum>
                <SIMCardNum>22222333334444455555</SIMCardNum>
                <NIC>11229966887744</NIC>
                <CNIC>3217896541256</CNIC>
                <PassportNum>C12345678</PassportNum>
                <OtherId>Senator</OtherId>
                <DateOfBirth>19910721</DateOfBirth>
                <ContactPhone>01119164784</ContactPhone>
                <Fax>0704123456</Fax>
                <City>Cairo</City>
                <Street>Farouk St</Street>
                <Locality>Al Tahrir</Locality>
                <PostCode>123123</PostCode>
                <GroupID>Asset Group</GroupID>
                <AuthorizedPersonName>Hossam Hamdy</AuthorizedPersonName>
                <CorporationAddress>Asset</CorporationAddress>
                <CommercialRegistrationNum>002345</CommercialRegistrationNum>
                <TaxRegistrationNum>132544</TaxRegistrationNum>
            </SubscriberData>
        </PortMessage>
    </NPCMessages>
</NPCData>

30-06-2020 16:36:13.780 INFO  [main]  o.s.c.a.AnnotationConfigApplicationContext.prepareRefresh - Refreshing org.springframework.context.annotation.AnnotationConfigApplicationContext@3e96bacf: startup date [Tue Jun 30 16:36:13 EET 2020]; root of context hierarchy
30-06-2020 16:36:13.958 INFO  [main]  o.s.oxm.jaxb.Jaxb2Marshaller.createJaxbContextFromContextPath - Creating JAXBContext with context path [com.asset.vodafone.npc.webservice.wsdl]
30-06-2020 16:36:14.014 INFO  [main]  o.s.w.s.saaj.SaajSoapMessageFactory.afterPropertiesSet - Creating SAAJ 1.3 MessageFactory with SOAP 1.1 Protocol
30-06-2020 16:36:14.197 INFO  [main]  o.s.c.a.AnnotationConfigApplicationContext.doClose - Closing org.springframework.context.annotation.AnnotationConfigApplicationContext@3e96bacf: startup date [Tue Jun 30 16:36:13 EET 2020]; root of context hierarchy
30-06-2020 16:37:16.939 INFO  [main]  c.a.v.n.c.handler.NPCProcessHandler.sendPendingMessage - Sending NPC Message to NTRA : <?xml version="1.0" encoding="UTF-8" standalone="yes"?>
<NPCData>
    <NPCMessages>
        <PortMessage>
            <MessageID>OUT1301</MessageID>
            <MessageCode>NPR Accept</MessageCode>
            <ServiceType>MOBILE</ServiceType>
            <PortID>P202006250777777777</PortID>
            <NumbersToPort>
                <NumberFrom>01055555555</NumberFrom>
            </NumbersToPort>
            <SubscriberData>
                <CompanyFlag>false</CompanyFlag>
                <CorporationName>Asset</CorporationName>
                <Name>Hossam Hamdy</Name>
                <AccountNum>666666</AccountNum>
                <SIMCardNum>22222333334444455555</SIMCardNum>
                <NIC>11229966887744</NIC>
                <CNIC>3217896541256</CNIC>
                <PassportNum>C12345678</PassportNum>
                <OtherId>Senator</OtherId>
                <DateOfBirth>19910721</DateOfBirth>
                <ContactPhone>01119164784</ContactPhone>
                <Fax>0704123456</Fax>
                <City>Cairo</City>
                <Street>Farouk St</Street>
                <Locality>Al Tahrir</Locality>
                <PostCode>123123</PostCode>
                <GroupID>Asset Group</GroupID>
                <AuthorizedPersonName>Hossam Hamdy</AuthorizedPersonName>
                <CorporationAddress>Asset</CorporationAddress>
                <CommercialRegistrationNum>002345</CommercialRegistrationNum>
                <TaxRegistrationNum>132544</TaxRegistrationNum>
            </SubscriberData>
        </PortMessage>
    </NPCMessages>
</NPCData>

30-06-2020 16:37:16.940 INFO  [main]  o.s.c.a.AnnotationConfigApplicationContext.prepareRefresh - Refreshing org.springframework.context.annotation.AnnotationConfigApplicationContext@781f10f2: startup date [Tue Jun 30 16:37:16 EET 2020]; root of context hierarchy
30-06-2020 16:37:16.953 INFO  [main]  o.s.oxm.jaxb.Jaxb2Marshaller.createJaxbContextFromContextPath - Creating JAXBContext with context path [com.asset.vodafone.npc.webservice.wsdl]
30-06-2020 16:37:16.962 INFO  [main]  o.s.w.s.saaj.SaajSoapMessageFactory.afterPropertiesSet - Creating SAAJ 1.3 MessageFactory with SOAP 1.1 Protocol
30-06-2020 16:37:17.002 INFO  [main]  o.s.c.a.AnnotationConfigApplicationContext.doClose - Closing org.springframework.context.annotation.AnnotationConfigApplicationContext@781f10f2: startup date [Tue Jun 30 16:37:16 EET 2020]; root of context hierarchy
30-06-2020 16:38:20.055 INFO  [main]  c.a.v.n.c.handler.NPCProcessHandler.sendPendingMessage - Sending NPC Message to NTRA : <?xml version="1.0" encoding="UTF-8" standalone="yes"?>
<NPCData>
    <NPCMessages>
        <PortMessage>
            <MessageID>OUT1301</MessageID>
            <MessageCode>NPR Accept</MessageCode>
            <ServiceType>MOBILE</ServiceType>
            <PortID>P202006250777777777</PortID>
            <NumbersToPort>
                <NumberFrom>01055555555</NumberFrom>
            </NumbersToPort>
            <SubscriberData>
                <CompanyFlag>false</CompanyFlag>
                <CorporationName>Asset</CorporationName>
                <Name>Hossam Hamdy</Name>
                <AccountNum>666666</AccountNum>
                <SIMCardNum>22222333334444455555</SIMCardNum>
                <NIC>11229966887744</NIC>
                <CNIC>3217896541256</CNIC>
                <PassportNum>C12345678</PassportNum>
                <OtherId>Senator</OtherId>
                <DateOfBirth>19910721</DateOfBirth>
                <ContactPhone>01119164784</ContactPhone>
                <Fax>0704123456</Fax>
                <City>Cairo</City>
                <Street>Farouk St</Street>
                <Locality>Al Tahrir</Locality>
                <PostCode>123123</PostCode>
                <GroupID>Asset Group</GroupID>
                <AuthorizedPersonName>Hossam Hamdy</AuthorizedPersonName>
                <CorporationAddress>Asset</CorporationAddress>
                <CommercialRegistrationNum>002345</CommercialRegistrationNum>
                <TaxRegistrationNum>132544</TaxRegistrationNum>
            </SubscriberData>
        </PortMessage>
    </NPCMessages>
</NPCData>

30-06-2020 16:38:20.057 INFO  [main]  o.s.c.a.AnnotationConfigApplicationContext.prepareRefresh - Refreshing org.springframework.context.annotation.AnnotationConfigApplicationContext@25b2cfcb: startup date [Tue Jun 30 16:38:20 EET 2020]; root of context hierarchy
30-06-2020 16:38:20.070 INFO  [main]  o.s.oxm.jaxb.Jaxb2Marshaller.createJaxbContextFromContextPath - Creating JAXBContext with context path [com.asset.vodafone.npc.webservice.wsdl]
30-06-2020 16:38:20.076 INFO  [main]  o.s.w.s.saaj.SaajSoapMessageFactory.afterPropertiesSet - Creating SAAJ 1.3 MessageFactory with SOAP 1.1 Protocol
30-06-2020 16:38:20.121 INFO  [main]  o.s.c.a.AnnotationConfigApplicationContext.doClose - Closing org.springframework.context.annotation.AnnotationConfigApplicationContext@25b2cfcb: startup date [Tue Jun 30 16:38:20 EET 2020]; root of context hierarchy
30-06-2020 16:39:22.873 INFO  [main]  c.a.v.n.c.handler.NPCProcessHandler.sendPendingMessage - Sending NPC Message to NTRA : <?xml version="1.0" encoding="UTF-8" standalone="yes"?>
<NPCData>
    <NPCMessages>
        <PortMessage>
            <MessageID>OUT1301</MessageID>
            <MessageCode>NPR Accept</MessageCode>
            <ServiceType>MOBILE</ServiceType>
            <PortID>P202006250777777777</PortID>
            <NumbersToPort>
                <NumberFrom>01055555555</NumberFrom>
            </NumbersToPort>
            <SubscriberData>
                <CompanyFlag>false</CompanyFlag>
                <CorporationName>Asset</CorporationName>
                <Name>Hossam Hamdy</Name>
                <AccountNum>666666</AccountNum>
                <SIMCardNum>22222333334444455555</SIMCardNum>
                <NIC>11229966887744</NIC>
                <CNIC>3217896541256</CNIC>
                <PassportNum>C12345678</PassportNum>
                <OtherId>Senator</OtherId>
                <DateOfBirth>19910721</DateOfBirth>
                <ContactPhone>01119164784</ContactPhone>
                <Fax>0704123456</Fax>
                <City>Cairo</City>
                <Street>Farouk St</Street>
                <Locality>Al Tahrir</Locality>
                <PostCode>123123</PostCode>
                <GroupID>Asset Group</GroupID>
                <AuthorizedPersonName>Hossam Hamdy</AuthorizedPersonName>
                <CorporationAddress>Asset</CorporationAddress>
                <CommercialRegistrationNum>002345</CommercialRegistrationNum>
                <TaxRegistrationNum>132544</TaxRegistrationNum>
            </SubscriberData>
        </PortMessage>
    </NPCMessages>
</NPCData>

30-06-2020 16:39:22.874 INFO  [main]  o.s.c.a.AnnotationConfigApplicationContext.prepareRefresh - Refreshing org.springframework.context.annotation.AnnotationConfigApplicationContext@13c3c1e1: startup date [Tue Jun 30 16:39:22 EET 2020]; root of context hierarchy
30-06-2020 16:39:22.884 INFO  [main]  o.s.oxm.jaxb.Jaxb2Marshaller.createJaxbContextFromContextPath - Creating JAXBContext with context path [com.asset.vodafone.npc.webservice.wsdl]
30-06-2020 16:39:22.893 INFO  [main]  o.s.w.s.saaj.SaajSoapMessageFactory.afterPropertiesSet - Creating SAAJ 1.3 MessageFactory with SOAP 1.1 Protocol
30-06-2020 16:39:22.933 INFO  [main]  o.s.c.a.AnnotationConfigApplicationContext.doClose - Closing org.springframework.context.annotation.AnnotationConfigApplicationContext@13c3c1e1: startup date [Tue Jun 30 16:39:22 EET 2020]; root of context hierarchy
30-06-2020 16:40:25.653 INFO  [main]  c.a.v.n.c.handler.NPCProcessHandler.sendPendingMessage - Sending NPC Message to NTRA : <?xml version="1.0" encoding="UTF-8" standalone="yes"?>
<NPCData>
    <NPCMessages>
        <PortMessage>
            <MessageID>OUT1301</MessageID>
            <MessageCode>NPR Accept</MessageCode>
            <ServiceType>MOBILE</ServiceType>
            <PortID>P202006250777777777</PortID>
            <NumbersToPort>
                <NumberFrom>01055555555</NumberFrom>
            </NumbersToPort>
            <SubscriberData>
                <CompanyFlag>false</CompanyFlag>
                <CorporationName>Asset</CorporationName>
                <Name>Hossam Hamdy</Name>
                <AccountNum>666666</AccountNum>
                <SIMCardNum>22222333334444455555</SIMCardNum>
                <NIC>11229966887744</NIC>
                <CNIC>3217896541256</CNIC>
                <PassportNum>C12345678</PassportNum>
                <OtherId>Senator</OtherId>
                <DateOfBirth>19910721</DateOfBirth>
                <ContactPhone>01119164784</ContactPhone>
                <Fax>0704123456</Fax>
                <City>Cairo</City>
                <Street>Farouk St</Street>
                <Locality>Al Tahrir</Locality>
                <PostCode>123123</PostCode>
                <GroupID>Asset Group</GroupID>
                <AuthorizedPersonName>Hossam Hamdy</AuthorizedPersonName>
                <CorporationAddress>Asset</CorporationAddress>
                <CommercialRegistrationNum>002345</CommercialRegistrationNum>
                <TaxRegistrationNum>132544</TaxRegistrationNum>
            </SubscriberData>
        </PortMessage>
    </NPCMessages>
</NPCData>

30-06-2020 16:40:25.654 INFO  [main]  o.s.c.a.AnnotationConfigApplicationContext.prepareRefresh - Refreshing org.springframework.context.annotation.AnnotationConfigApplicationContext@58e6d4b8: startup date [Tue Jun 30 16:40:25 EET 2020]; root of context hierarchy
30-06-2020 16:40:25.663 INFO  [main]  o.s.oxm.jaxb.Jaxb2Marshaller.createJaxbContextFromContextPath - Creating JAXBContext with context path [com.asset.vodafone.npc.webservice.wsdl]
30-06-2020 16:40:25.671 INFO  [main]  o.s.w.s.saaj.SaajSoapMessageFactory.afterPropertiesSet - Creating SAAJ 1.3 MessageFactory with SOAP 1.1 Protocol
30-06-2020 16:40:25.707 INFO  [main]  o.s.c.a.AnnotationConfigApplicationContext.doClose - Closing org.springframework.context.annotation.AnnotationConfigApplicationContext@58e6d4b8: startup date [Tue Jun 30 16:40:25 EET 2020]; root of context hierarchy
30-06-2020 16:41:28.474 INFO  [main]  c.a.v.n.c.handler.NPCProcessHandler.sendPendingMessage - Sending NPC Message to NTRA : <?xml version="1.0" encoding="UTF-8" standalone="yes"?>
<NPCData>
    <NPCMessages>
        <PortMessage>
            <MessageID>OUT1301</MessageID>
            <MessageCode>NPR Accept</MessageCode>
            <ServiceType>MOBILE</ServiceType>
            <PortID>P202006250777777777</PortID>
            <NumbersToPort>
                <NumberFrom>01055555555</NumberFrom>
            </NumbersToPort>
            <SubscriberData>
                <CompanyFlag>false</CompanyFlag>
                <CorporationName>Asset</CorporationName>
                <Name>Hossam Hamdy</Name>
                <AccountNum>666666</AccountNum>
                <SIMCardNum>22222333334444455555</SIMCardNum>
                <NIC>11229966887744</NIC>
                <CNIC>3217896541256</CNIC>
                <PassportNum>C12345678</PassportNum>
                <OtherId>Senator</OtherId>
                <DateOfBirth>19910721</DateOfBirth>
                <ContactPhone>01119164784</ContactPhone>
                <Fax>0704123456</Fax>
                <City>Cairo</City>
                <Street>Farouk St</Street>
                <Locality>Al Tahrir</Locality>
                <PostCode>123123</PostCode>
                <GroupID>Asset Group</GroupID>
                <AuthorizedPersonName>Hossam Hamdy</AuthorizedPersonName>
                <CorporationAddress>Asset</CorporationAddress>
                <CommercialRegistrationNum>002345</CommercialRegistrationNum>
                <TaxRegistrationNum>132544</TaxRegistrationNum>
            </SubscriberData>
        </PortMessage>
    </NPCMessages>
</NPCData>

30-06-2020 16:41:28.476 INFO  [main]  o.s.c.a.AnnotationConfigApplicationContext.prepareRefresh - Refreshing org.springframework.context.annotation.AnnotationConfigApplicationContext@5b970f7: startup date [Tue Jun 30 16:41:28 EET 2020]; root of context hierarchy
30-06-2020 16:41:28.486 INFO  [main]  o.s.oxm.jaxb.Jaxb2Marshaller.createJaxbContextFromContextPath - Creating JAXBContext with context path [com.asset.vodafone.npc.webservice.wsdl]
30-06-2020 16:41:28.494 INFO  [main]  o.s.w.s.saaj.SaajSoapMessageFactory.afterPropertiesSet - Creating SAAJ 1.3 MessageFactory with SOAP 1.1 Protocol
30-06-2020 16:41:28.528 INFO  [main]  o.s.c.a.AnnotationConfigApplicationContext.doClose - Closing org.springframework.context.annotation.AnnotationConfigApplicationContext@5b970f7: startup date [Tue Jun 30 16:41:28 EET 2020]; root of context hierarchy
30-06-2020 16:42:31.260 INFO  [main]  c.a.v.n.c.handler.NPCProcessHandler.sendPendingMessage - Sending NPC Message to NTRA : <?xml version="1.0" encoding="UTF-8" standalone="yes"?>
<NPCData>
    <NPCMessages>
        <PortMessage>
            <MessageID>OUT1301</MessageID>
            <MessageCode>NPR Accept</MessageCode>
            <ServiceType>MOBILE</ServiceType>
            <PortID>P202006250777777777</PortID>
            <NumbersToPort>
                <NumberFrom>01055555555</NumberFrom>
            </NumbersToPort>
            <SubscriberData>
                <CompanyFlag>false</CompanyFlag>
                <CorporationName>Asset</CorporationName>
                <Name>Hossam Hamdy</Name>
                <AccountNum>666666</AccountNum>
                <SIMCardNum>22222333334444455555</SIMCardNum>
                <NIC>11229966887744</NIC>
                <CNIC>3217896541256</CNIC>
                <PassportNum>C12345678</PassportNum>
                <OtherId>Senator</OtherId>
                <DateOfBirth>19910721</DateOfBirth>
                <ContactPhone>01119164784</ContactPhone>
                <Fax>0704123456</Fax>
                <City>Cairo</City>
                <Street>Farouk St</Street>
                <Locality>Al Tahrir</Locality>
                <PostCode>123123</PostCode>
                <GroupID>Asset Group</GroupID>
                <AuthorizedPersonName>Hossam Hamdy</AuthorizedPersonName>
                <CorporationAddress>Asset</CorporationAddress>
                <CommercialRegistrationNum>002345</CommercialRegistrationNum>
                <TaxRegistrationNum>132544</TaxRegistrationNum>
            </SubscriberData>
        </PortMessage>
    </NPCMessages>
</NPCData>

30-06-2020 16:42:31.261 INFO  [main]  o.s.c.a.AnnotationConfigApplicationContext.prepareRefresh - Refreshing org.springframework.context.annotation.AnnotationConfigApplicationContext@389adf1d: startup date [Tue Jun 30 16:42:31 EET 2020]; root of context hierarchy
30-06-2020 16:42:31.272 INFO  [main]  o.s.oxm.jaxb.Jaxb2Marshaller.createJaxbContextFromContextPath - Creating JAXBContext with context path [com.asset.vodafone.npc.webservice.wsdl]
30-06-2020 16:42:31.282 INFO  [main]  o.s.w.s.saaj.SaajSoapMessageFactory.afterPropertiesSet - Creating SAAJ 1.3 MessageFactory with SOAP 1.1 Protocol
30-06-2020 16:42:31.314 INFO  [main]  o.s.c.a.AnnotationConfigApplicationContext.doClose - Closing org.springframework.context.annotation.AnnotationConfigApplicationContext@389adf1d: startup date [Tue Jun 30 16:42:31 EET 2020]; root of context hierarchy
30-06-2020 16:43:34.015 INFO  [main]  c.a.v.n.c.handler.NPCProcessHandler.sendPendingMessage - Sending NPC Message to NTRA : <?xml version="1.0" encoding="UTF-8" standalone="yes"?>
<NPCData>
    <NPCMessages>
        <PortMessage>
            <MessageID>OUT1301</MessageID>
            <MessageCode>NPR Accept</MessageCode>
            <ServiceType>MOBILE</ServiceType>
            <PortID>P202006250777777777</PortID>
            <NumbersToPort>
                <NumberFrom>01055555555</NumberFrom>
            </NumbersToPort>
            <SubscriberData>
                <CompanyFlag>false</CompanyFlag>
                <CorporationName>Asset</CorporationName>
                <Name>Hossam Hamdy</Name>
                <AccountNum>666666</AccountNum>
                <SIMCardNum>22222333334444455555</SIMCardNum>
                <NIC>11229966887744</NIC>
                <CNIC>3217896541256</CNIC>
                <PassportNum>C12345678</PassportNum>
                <OtherId>Senator</OtherId>
                <DateOfBirth>19910721</DateOfBirth>
                <ContactPhone>01119164784</ContactPhone>
                <Fax>0704123456</Fax>
                <City>Cairo</City>
                <Street>Farouk St</Street>
                <Locality>Al Tahrir</Locality>
                <PostCode>123123</PostCode>
                <GroupID>Asset Group</GroupID>
                <AuthorizedPersonName>Hossam Hamdy</AuthorizedPersonName>
                <CorporationAddress>Asset</CorporationAddress>
                <CommercialRegistrationNum>002345</CommercialRegistrationNum>
                <TaxRegistrationNum>132544</TaxRegistrationNum>
            </SubscriberData>
        </PortMessage>
    </NPCMessages>
</NPCData>

30-06-2020 16:43:34.017 INFO  [main]  o.s.c.a.AnnotationConfigApplicationContext.prepareRefresh - Refreshing org.springframework.context.annotation.AnnotationConfigApplicationContext@7927bd9f: startup date [Tue Jun 30 16:43:34 EET 2020]; root of context hierarchy
30-06-2020 16:43:34.026 INFO  [main]  o.s.oxm.jaxb.Jaxb2Marshaller.createJaxbContextFromContextPath - Creating JAXBContext with context path [com.asset.vodafone.npc.webservice.wsdl]
30-06-2020 16:43:34.035 INFO  [main]  o.s.w.s.saaj.SaajSoapMessageFactory.afterPropertiesSet - Creating SAAJ 1.3 MessageFactory with SOAP 1.1 Protocol
30-06-2020 16:43:34.062 INFO  [main]  o.s.c.a.AnnotationConfigApplicationContext.doClose - Closing org.springframework.context.annotation.AnnotationConfigApplicationContext@7927bd9f: startup date [Tue Jun 30 16:43:34 EET 2020]; root of context hierarchy
30-06-2020 16:44:34.192 INFO  [main]  c.a.v.n.c.handler.NPCProcessHandler.sendPendingMessage - Sending NPC Message to NTRA : <?xml version="1.0" encoding="UTF-8" standalone="yes"?>
<NPCData>
    <NPCMessages>
        <PortMessage>
            <MessageID>OUT1301</MessageID>
            <MessageCode>NPR Accept</MessageCode>
            <ServiceType>MOBILE</ServiceType>
            <PortID>P202006250777777777</PortID>
            <NumbersToPort>
                <NumberFrom>01055555555</NumberFrom>
            </NumbersToPort>
            <SubscriberData>
                <CompanyFlag>false</CompanyFlag>
                <CorporationName>Asset</CorporationName>
                <Name>Hossam Hamdy</Name>
                <AccountNum>666666</AccountNum>
                <SIMCardNum>22222333334444455555</SIMCardNum>
                <NIC>11229966887744</NIC>
                <CNIC>3217896541256</CNIC>
                <PassportNum>C12345678</PassportNum>
                <OtherId>Senator</OtherId>
                <DateOfBirth>19910721</DateOfBirth>
                <ContactPhone>01119164784</ContactPhone>
                <Fax>0704123456</Fax>
                <City>Cairo</City>
                <Street>Farouk St</Street>
                <Locality>Al Tahrir</Locality>
                <PostCode>123123</PostCode>
                <GroupID>Asset Group</GroupID>
                <AuthorizedPersonName>Hossam Hamdy</AuthorizedPersonName>
                <CorporationAddress>Asset</CorporationAddress>
                <CommercialRegistrationNum>002345</CommercialRegistrationNum>
                <TaxRegistrationNum>132544</TaxRegistrationNum>
            </SubscriberData>
        </PortMessage>
    </NPCMessages>
</NPCData>

30-06-2020 16:44:34.339 INFO  [main]  o.s.c.a.AnnotationConfigApplicationContext.prepareRefresh - Refreshing org.springframework.context.annotation.AnnotationConfigApplicationContext@3e96bacf: startup date [Tue Jun 30 16:44:34 EET 2020]; root of context hierarchy
30-06-2020 16:44:34.515 INFO  [main]  o.s.oxm.jaxb.Jaxb2Marshaller.createJaxbContextFromContextPath - Creating JAXBContext with context path [com.asset.vodafone.npc.webservice.wsdl]
30-06-2020 16:44:34.572 INFO  [main]  o.s.w.s.saaj.SaajSoapMessageFactory.afterPropertiesSet - Creating SAAJ 1.3 MessageFactory with SOAP 1.1 Protocol
30-06-2020 16:44:34.766 INFO  [main]  o.s.c.a.AnnotationConfigApplicationContext.doClose - Closing org.springframework.context.annotation.AnnotationConfigApplicationContext@3e96bacf: startup date [Tue Jun 30 16:44:34 EET 2020]; root of context hierarchy
30-06-2020 16:45:37.557 INFO  [main]  c.a.v.n.c.handler.NPCProcessHandler.sendPendingMessage - Sending NPC Message to NTRA : <?xml version="1.0" encoding="UTF-8" standalone="yes"?>
<NPCData>
    <NPCMessages>
        <PortMessage>
            <MessageID>OUT1301</MessageID>
            <MessageCode>NPR Accept</MessageCode>
            <ServiceType>MOBILE</ServiceType>
            <PortID>P202006250777777777</PortID>
            <NumbersToPort>
                <NumberFrom>01055555555</NumberFrom>
            </NumbersToPort>
            <SubscriberData>
                <CompanyFlag>false</CompanyFlag>
                <CorporationName>Asset</CorporationName>
                <Name>Hossam Hamdy</Name>
                <AccountNum>666666</AccountNum>
                <SIMCardNum>22222333334444455555</SIMCardNum>
                <NIC>11229966887744</NIC>
                <CNIC>3217896541256</CNIC>
                <PassportNum>C12345678</PassportNum>
                <OtherId>Senator</OtherId>
                <DateOfBirth>19910721</DateOfBirth>
                <ContactPhone>01119164784</ContactPhone>
                <Fax>0704123456</Fax>
                <City>Cairo</City>
                <Street>Farouk St</Street>
                <Locality>Al Tahrir</Locality>
                <PostCode>123123</PostCode>
                <GroupID>Asset Group</GroupID>
                <AuthorizedPersonName>Hossam Hamdy</AuthorizedPersonName>
                <CorporationAddress>Asset</CorporationAddress>
                <CommercialRegistrationNum>002345</CommercialRegistrationNum>
                <TaxRegistrationNum>132544</TaxRegistrationNum>
            </SubscriberData>
        </PortMessage>
    </NPCMessages>
</NPCData>

30-06-2020 16:45:37.559 INFO  [main]  o.s.c.a.AnnotationConfigApplicationContext.prepareRefresh - Refreshing org.springframework.context.annotation.AnnotationConfigApplicationContext@781f10f2: startup date [Tue Jun 30 16:45:37 EET 2020]; root of context hierarchy
30-06-2020 16:45:37.571 INFO  [main]  o.s.oxm.jaxb.Jaxb2Marshaller.createJaxbContextFromContextPath - Creating JAXBContext with context path [com.asset.vodafone.npc.webservice.wsdl]
30-06-2020 16:45:37.579 INFO  [main]  o.s.w.s.saaj.SaajSoapMessageFactory.afterPropertiesSet - Creating SAAJ 1.3 MessageFactory with SOAP 1.1 Protocol
30-06-2020 16:45:37.619 INFO  [main]  o.s.c.a.AnnotationConfigApplicationContext.doClose - Closing org.springframework.context.annotation.AnnotationConfigApplicationContext@781f10f2: startup date [Tue Jun 30 16:45:37 EET 2020]; root of context hierarchy
30-06-2020 16:59:04.519 INFO  [main]  c.a.v.n.c.handler.NPCProcessHandler.sendPendingMessage - Sending NPC Message to NTRA : <?xml version="1.0" encoding="UTF-8" standalone="yes"?>
<NPCData>
    <NPCMessages>
        <PortMessage>
            <MessageID>OUT1301</MessageID>
            <MessageCode>NPR Accept</MessageCode>
            <ServiceType>MOBILE</ServiceType>
            <PortID>P202006250777777777</PortID>
            <NumbersToPort>
                <NumberFrom>01055555555</NumberFrom>
            </NumbersToPort>
            <SubscriberData>
                <CompanyFlag>false</CompanyFlag>
                <CorporationName>Asset</CorporationName>
                <Name>Hossam Hamdy</Name>
                <AccountNum>666666</AccountNum>
                <SIMCardNum>22222333334444455555</SIMCardNum>
                <NIC>11229966887744</NIC>
                <CNIC>3217896541256</CNIC>
                <PassportNum>C12345678</PassportNum>
                <OtherId>Senator</OtherId>
                <DateOfBirth>19910721</DateOfBirth>
                <ContactPhone>01119164784</ContactPhone>
                <Fax>0704123456</Fax>
                <City>Cairo</City>
                <Street>Farouk St</Street>
                <Locality>Al Tahrir</Locality>
                <PostCode>123123</PostCode>
                <GroupID>Asset Group</GroupID>
                <AuthorizedPersonName>Hossam Hamdy</AuthorizedPersonName>
                <CorporationAddress>Asset</CorporationAddress>
                <CommercialRegistrationNum>002345</CommercialRegistrationNum>
                <TaxRegistrationNum>132544</TaxRegistrationNum>
            </SubscriberData>
        </PortMessage>
    </NPCMessages>
</NPCData>

30-06-2020 16:59:04.766 INFO  [main]  o.s.c.a.AnnotationConfigApplicationContext.prepareRefresh - Refreshing org.springframework.context.annotation.AnnotationConfigApplicationContext@9f46d94: startup date [Tue Jun 30 16:59:04 EET 2020]; root of context hierarchy
30-06-2020 16:59:05.090 INFO  [main]  o.s.oxm.jaxb.Jaxb2Marshaller.createJaxbContextFromContextPath - Creating JAXBContext with context path [com.asset.vodafone.npc.webservice.wsdl]
30-06-2020 16:59:36.774 INFO  [main]  o.s.w.s.saaj.SaajSoapMessageFactory.afterPropertiesSet - Creating SAAJ 1.3 MessageFactory with SOAP 1.1 Protocol
30-06-2020 17:09:45.991 INFO  [main]  o.s.c.a.AnnotationConfigApplicationContext.doClose - Closing org.springframework.context.annotation.AnnotationConfigApplicationContext@9f46d94: startup date [Tue Jun 30 16:59:04 EET 2020]; root of context hierarchy
30-06-2020 17:23:00.277 INFO  [main]  c.a.v.n.c.handler.NPCProcessHandler.sendPendingMessage - Sending NPC Message to NTRA : <?xml version="1.0" encoding="UTF-8" standalone="yes"?>
<NPCData>
    <NPCMessages>
        <PortMessage>
            <MessageID>OUT1301</MessageID>
            <MessageCode>NPR Accept</MessageCode>
            <ServiceType>MOBILE</ServiceType>
            <PortID>P202006250777777777</PortID>
            <NumbersToPort>
                <NumberFrom>01055555555</NumberFrom>
            </NumbersToPort>
            <SubscriberData>
                <CompanyFlag>false</CompanyFlag>
                <CorporationName>Asset</CorporationName>
                <Name>Hossam Hamdy</Name>
                <AccountNum>666666</AccountNum>
                <SIMCardNum>22222333334444455555</SIMCardNum>
                <NIC>11229966887744</NIC>
                <CNIC>3217896541256</CNIC>
                <PassportNum>C12345678</PassportNum>
                <OtherId>Senator</OtherId>
                <DateOfBirth>19910721</DateOfBirth>
                <ContactPhone>01119164784</ContactPhone>
                <Fax>0704123456</Fax>
                <City>Cairo</City>
                <Street>Farouk St</Street>
                <Locality>Al Tahrir</Locality>
                <PostCode>123123</PostCode>
                <GroupID>Asset Group</GroupID>
                <AuthorizedPersonName>Hossam Hamdy</AuthorizedPersonName>
                <CorporationAddress>Asset</CorporationAddress>
                <CommercialRegistrationNum>002345</CommercialRegistrationNum>
                <TaxRegistrationNum>132544</TaxRegistrationNum>
            </SubscriberData>
        </PortMessage>
    </NPCMessages>
</NPCData>

30-06-2020 17:23:00.517 INFO  [main]  o.s.c.a.AnnotationConfigApplicationContext.prepareRefresh - Refreshing org.springframework.context.annotation.AnnotationConfigApplicationContext@2c4ca0f9: startup date [Tue Jun 30 17:23:00 EET 2020]; root of context hierarchy
30-06-2020 17:23:00.836 INFO  [main]  o.s.oxm.jaxb.Jaxb2Marshaller.createJaxbContextFromContextPath - Creating JAXBContext with context path [com.asset.vodafone.npc.webservice.wsdl]
30-06-2020 17:23:25.565 INFO  [main]  o.s.w.s.saaj.SaajSoapMessageFactory.afterPropertiesSet - Creating SAAJ 1.3 MessageFactory with SOAP 1.1 Protocol
30-06-2020 17:34:55.249 INFO  [main]  o.s.c.a.AnnotationConfigApplicationContext.doClose - Closing org.springframework.context.annotation.AnnotationConfigApplicationContext@2c4ca0f9: startup date [Tue Jun 30 17:23:00 EET 2020]; root of context hierarchy
30-06-2020 17:39:42.910 INFO  [main]  c.a.v.n.c.handler.NPCProcessHandler.sendPendingMessage - Sending NPC Message to NTRA : <?xml version="1.0" encoding="UTF-8" standalone="yes"?>
<NPCData>
    <NPCMessages>
        <PortMessage>
            <MessageID>OUT1301</MessageID>
            <MessageCode>NPR Accept</MessageCode>
            <ServiceType>MOBILE</ServiceType>
            <PortID>P202006250777777777</PortID>
            <NumbersToPort>
                <NumberFrom>01055555555</NumberFrom>
            </NumbersToPort>
            <SubscriberData>
                <CompanyFlag>false</CompanyFlag>
                <CorporationName>Asset</CorporationName>
                <Name>Hossam Hamdy</Name>
                <AccountNum>666666</AccountNum>
                <SIMCardNum>22222333334444455555</SIMCardNum>
                <NIC>11229966887744</NIC>
                <CNIC>3217896541256</CNIC>
                <PassportNum>C12345678</PassportNum>
                <OtherId>Senator</OtherId>
                <DateOfBirth>19910721</DateOfBirth>
                <ContactPhone>01119164784</ContactPhone>
                <Fax>0704123456</Fax>
                <City>Cairo</City>
                <Street>Farouk St</Street>
                <Locality>Al Tahrir</Locality>
                <PostCode>123123</PostCode>
                <GroupID>Asset Group</GroupID>
                <AuthorizedPersonName>Hossam Hamdy</AuthorizedPersonName>
                <CorporationAddress>Asset</CorporationAddress>
                <CommercialRegistrationNum>002345</CommercialRegistrationNum>
                <TaxRegistrationNum>132544</TaxRegistrationNum>
            </SubscriberData>
        </PortMessage>
    </NPCMessages>
</NPCData>

30-06-2020 17:39:43.147 INFO  [main]  o.s.c.a.AnnotationConfigApplicationContext.prepareRefresh - Refreshing org.springframework.context.annotation.AnnotationConfigApplicationContext@9f46d94: startup date [Tue Jun 30 17:39:43 EET 2020]; root of context hierarchy
30-06-2020 17:39:43.451 INFO  [main]  o.s.oxm.jaxb.Jaxb2Marshaller.createJaxbContextFromContextPath - Creating JAXBContext with context path [com.asset.vodafone.npc.webservice.wsdl]
30-06-2020 17:39:48.348 INFO  [main]  o.s.w.s.saaj.SaajSoapMessageFactory.afterPropertiesSet - Creating SAAJ 1.3 MessageFactory with SOAP 1.1 Protocol
30-06-2020 17:46:44.155 INFO  [main]  o.s.c.a.AnnotationConfigApplicationContext.doClose - Closing org.springframework.context.annotation.AnnotationConfigApplicationContext@9f46d94: startup date [Tue Jun 30 17:39:43 EET 2020]; root of context hierarchy
