18-05-2020 12:55:07.285 INFO  [main]  o.s.c.a.AnnotationConfigApplicationContext.prepareRefresh - Refreshing org.springframework.context.annotation.AnnotationConfigApplicationContext@6236eb5f: startup date [Mon May 18 12:55:07 EET 2020]; root of context hierarchy
18-05-2020 12:55:07.685 INFO  [main]  o.s.oxm.jaxb.Jaxb2Marshaller.createJaxbContextFromContextPath - Creating JAXBContext with context path [com.asset.vodafone.npc.webservice.wsdl]
18-05-2020 12:55:07.792 INFO  [main]  c.a.v.n.w.client.NPCWebserviceProxy.<clinit> - Verifying SSL certificate
18-05-2020 12:55:07.819 INFO  [main]  o.s.w.s.saaj.SaajSoapMessageFactory.afterPropertiesSet - Creating SAAJ 1.3 MessageFactory with SOAP 1.1 Protocol
18-05-2020 12:55:07.879 INFO  [main]  c.a.v.n.c.handler.NPCProcessHandler.sendMessage - Start Sending Request to NTRA for UserName :vodau1
18-05-2020 12:55:07.879 INFO  [main]  c.a.v.n.c.handler.NPCProcessHandler.sendMessage - Calling NTRA Web Service  EndPoint :http://localhost:8080/NPC-SOAP/NPCWebService
18-05-2020 12:55:07.880 INFO  [main]  c.a.v.n.c.handler.NPCProcessHandler.sendMessage - Sent Message to NTRA :<?xml version="1.0" encoding="UTF-8" standalone="yes"?>
<NPCData>
    <NPCMessages>
        <PortMessage>
            <MessageID>4374599</MessageID>
            <MessageCode>NPR Reject</MessageCode>
            <ServiceType>MOBILE</ServiceType>
            <PortID>P201304251047445032</PortID>
            <RejectCode>SP08</RejectCode>
        </PortMessage>
    </NPCMessages>
</NPCData>

18-05-2020 12:55:08.622 INFO  [main]  o.s.c.a.AnnotationConfigApplicationContext.doClose - Closing org.springframework.context.annotation.AnnotationConfigApplicationContext@6236eb5f: startup date [Mon May 18 12:55:07 EET 2020]; root of context hierarchy
18-05-2020 12:55:08.622 INFO  [main]  c.a.v.n.c.handler.NPCProcessHandler.sendPendingMessage - Returned Response from NTRA Web service = Runner Done Successfully
18-05-2020 12:57:43.427 INFO  [main]  o.s.c.a.AnnotationConfigApplicationContext.prepareRefresh - Refreshing org.springframework.context.annotation.AnnotationConfigApplicationContext@57250572: startup date [Mon May 18 12:57:43 EET 2020]; root of context hierarchy
18-05-2020 12:57:43.759 INFO  [main]  o.s.oxm.jaxb.Jaxb2Marshaller.createJaxbContextFromContextPath - Creating JAXBContext with context path [com.asset.vodafone.npc.webservice.wsdl]
18-05-2020 12:57:43.843 INFO  [main]  c.a.v.n.w.client.NPCWebserviceProxy.<clinit> - Verifying SSL certificate
18-05-2020 12:57:43.865 INFO  [main]  o.s.w.s.saaj.SaajSoapMessageFactory.afterPropertiesSet - Creating SAAJ 1.3 MessageFactory with SOAP 1.1 Protocol
18-05-2020 12:57:43.929 INFO  [main]  c.a.v.n.c.handler.NPCProcessHandler.sendMessage - Start Sending Request to NTRA for UserName :vodau1
18-05-2020 12:57:43.930 INFO  [main]  c.a.v.n.c.handler.NPCProcessHandler.sendMessage - Calling NTRA Web Service  EndPoint :http://localhost:8080/NPC-SOAP/NPCWebService
18-05-2020 12:57:43.930 INFO  [main]  c.a.v.n.c.handler.NPCProcessHandler.sendMessage - Sent Message to NTRA :<?xml version="1.0" encoding="UTF-8" standalone="yes"?>
<NPCData>
    <NPCMessages>
        <PortMessage>
            <MessageID>4374599</MessageID>
            <MessageCode>NPR Reject</MessageCode>
            <ServiceType>MOBILE</ServiceType>
            <PortID>P201304251047445032</PortID>
            <RejectCode>SP08</RejectCode>
        </PortMessage>
    </NPCMessages>
</NPCData>

18-05-2020 12:57:44.196 INFO  [main]  o.s.c.a.AnnotationConfigApplicationContext.doClose - Closing org.springframework.context.annotation.AnnotationConfigApplicationContext@57250572: startup date [Mon May 18 12:57:43 EET 2020]; root of context hierarchy
18-05-2020 12:57:44.198 INFO  [main]  c.a.v.n.c.handler.NPCProcessHandler.sendPendingMessage - Returned Response from NTRA Web service = Runner Done Successfully
18-05-2020 13:02:44.602 INFO  [main]  o.s.c.a.AnnotationConfigApplicationContext.prepareRefresh - Refreshing org.springframework.context.annotation.AnnotationConfigApplicationContext@5609159b: startup date [Mon May 18 13:02:44 EET 2020]; root of context hierarchy
18-05-2020 13:02:45.064 INFO  [main]  o.s.oxm.jaxb.Jaxb2Marshaller.createJaxbContextFromContextPath - Creating JAXBContext with context path [com.asset.vodafone.npc.webservice.wsdl]
18-05-2020 13:02:45.148 INFO  [main]  c.a.v.n.w.client.NPCWebserviceProxy.<clinit> - Verifying SSL certificate
18-05-2020 13:02:45.164 INFO  [main]  o.s.w.s.saaj.SaajSoapMessageFactory.afterPropertiesSet - Creating SAAJ 1.3 MessageFactory with SOAP 1.1 Protocol
18-05-2020 13:02:45.220 INFO  [main]  c.a.v.n.c.handler.NPCProcessHandler.sendMessage - Start Sending Request to NTRA for UserName :vodau1
18-05-2020 13:02:45.220 INFO  [main]  c.a.v.n.c.handler.NPCProcessHandler.sendMessage - Calling NTRA Web Service  EndPoint :http://localhost:8080/NPC-SOAP/NPCWebService
18-05-2020 13:02:45.220 INFO  [main]  c.a.v.n.c.handler.NPCProcessHandler.sendMessage - Sent Message to NTRA :<?xml version="1.0" encoding="UTF-8" standalone="yes"?>
<NPCData>
    <NPCMessages>
        <PortMessage>
            <MessageID>4374303</MessageID>
            <MessageCode>NPR</MessageCode>
            <ServiceType>MOBILE</ServiceType>
            <PortReqFormID>0020</PortReqFormID>
            <DonorID>Mobi</DonorID>
            <RecipientID>Voda</RecipientID>
            <TransferFee>25</TransferFee>
            <AverageInvoiceFee>0</AverageInvoiceFee>
            <SubscriberData>
                <CompanyFlag>false</CompanyFlag>
                <CorporationName>طلعت نور الدين سراج الدين</CorporationName>
                <Name>طلعت نور الدين سراج الدين</Name>
                <AccountNum>0</AccountNum>
                <SIMCardNum>8920015508079031374</SIMCardNum>
                <NIC>0</NIC>
                <CNIC>2701239</CNIC>
                <ContactPhone>1</ContactPhone>
            </SubscriberData>
        </PortMessage>
    </NPCMessages>
</NPCData>

18-05-2020 13:02:45.434 INFO  [main]  o.s.c.a.AnnotationConfigApplicationContext.doClose - Closing org.springframework.context.annotation.AnnotationConfigApplicationContext@5609159b: startup date [Mon May 18 13:02:44 EET 2020]; root of context hierarchy
18-05-2020 13:02:45.435 INFO  [main]  c.a.v.n.c.handler.NPCProcessHandler.sendPendingMessage - Returned Response from NTRA Web service = Runner Done Successfully
18-05-2020 13:02:47.567 INFO  [main]  o.s.c.a.AnnotationConfigApplicationContext.prepareRefresh - Refreshing org.springframework.context.annotation.AnnotationConfigApplicationContext@21a21c64: startup date [Mon May 18 13:02:47 EET 2020]; root of context hierarchy
18-05-2020 13:02:47.585 INFO  [main]  o.s.oxm.jaxb.Jaxb2Marshaller.createJaxbContextFromContextPath - Creating JAXBContext with context path [com.asset.vodafone.npc.webservice.wsdl]
18-05-2020 13:02:47.598 INFO  [main]  o.s.w.s.saaj.SaajSoapMessageFactory.afterPropertiesSet - Creating SAAJ 1.3 MessageFactory with SOAP 1.1 Protocol
18-05-2020 13:02:47.610 INFO  [main]  c.a.v.n.c.handler.NPCProcessHandler.sendMessage - Start Sending Request to NTRA for UserName :vodau1
18-05-2020 13:02:47.611 INFO  [main]  c.a.v.n.c.handler.NPCProcessHandler.sendMessage - Calling NTRA Web Service  EndPoint :http://localhost:8080/NPC-SOAP/NPCWebService
18-05-2020 13:02:47.611 INFO  [main]  c.a.v.n.c.handler.NPCProcessHandler.sendMessage - Sent Message to NTRA :<?xml version="1.0" encoding="UTF-8" standalone="yes"?>
<NPCData>
    <NPCMessages>
        <PortMessage>
            <MessageID>14527431</MessageID>
            <MessageCode>NPR</MessageCode>
            <ServiceType>MOBILE</ServiceType>
            <PortReqFormID>28510031300537</PortReqFormID>
            <DonorID>Voda</DonorID>
            <RecipientID>Mobi</RecipientID>
            <TransferFee>25</TransferFee>
            <AverageInvoiceFee>0</AverageInvoiceFee>
            <SubscriberData>
                <CompanyFlag>false</CompanyFlag>
                <Name>احمد حسن  محمد محمد احمد</Name>
                <AccountNum>0.00000</AccountNum>
                <SIMCardNum>8920016012070932858</SIMCardNum>
                <OtherId>27810251501673</OtherId>
                <DateOfBirth>19820705</DateOfBirth>
                <City>رفح-شمال سيناء</City>
            </SubscriberData>
        </PortMessage>
    </NPCMessages>
</NPCData>

18-05-2020 13:02:47.643 INFO  [main]  o.s.c.a.AnnotationConfigApplicationContext.doClose - Closing org.springframework.context.annotation.AnnotationConfigApplicationContext@21a21c64: startup date [Mon May 18 13:02:47 EET 2020]; root of context hierarchy
18-05-2020 13:02:47.644 INFO  [main]  c.a.v.n.c.handler.NPCProcessHandler.sendPendingMessage - Returned Response from NTRA Web service = Runner Done Successfully
18-05-2020 13:06:21.806 INFO  [main]  o.s.c.a.AnnotationConfigApplicationContext.prepareRefresh - Refreshing org.springframework.context.annotation.AnnotationConfigApplicationContext@5609159b: startup date [Mon May 18 13:06:21 EET 2020]; root of context hierarchy
18-05-2020 13:06:22.137 INFO  [main]  o.s.oxm.jaxb.Jaxb2Marshaller.createJaxbContextFromContextPath - Creating JAXBContext with context path [com.asset.vodafone.npc.webservice.wsdl]
18-05-2020 13:06:22.214 INFO  [main]  c.a.v.n.w.client.NPCWebserviceProxy.<clinit> - Verifying SSL certificate
18-05-2020 13:06:22.232 INFO  [main]  o.s.w.s.saaj.SaajSoapMessageFactory.afterPropertiesSet - Creating SAAJ 1.3 MessageFactory with SOAP 1.1 Protocol
18-05-2020 13:06:22.290 INFO  [main]  c.a.v.n.c.handler.NPCProcessHandler.sendMessage - Start Sending Request to NTRA for UserName :vodau1
18-05-2020 13:06:22.291 INFO  [main]  c.a.v.n.c.handler.NPCProcessHandler.sendMessage - Calling NTRA Web Service  EndPoint :http://localhost:8080/NPC-SOAP/NPCWebService
18-05-2020 13:06:22.291 INFO  [main]  c.a.v.n.c.handler.NPCProcessHandler.sendMessage - Sent Message to NTRA :<?xml version="1.0" encoding="UTF-8" standalone="yes"?>
<NPCData>
    <NPCMessages>
        <PortMessage>
            <MessageID>14527431</MessageID>
            <MessageCode>NPR</MessageCode>
            <ServiceType>MOBILE</ServiceType>
            <PortReqFormID>28510031300537</PortReqFormID>
            <DonorID>Voda</DonorID>
            <RecipientID>Mobi</RecipientID>
            <TransferFee>25</TransferFee>
            <AverageInvoiceFee>0</AverageInvoiceFee>
            <SubscriberData>
                <CompanyFlag>false</CompanyFlag>
                <Name>احمد حسن  محمد محمد احمد</Name>
                <AccountNum>0.00000</AccountNum>
                <SIMCardNum>8920016012070932858</SIMCardNum>
                <OtherId>27810251501673</OtherId>
                <DateOfBirth>19820705</DateOfBirth>
                <City>رفح-شمال سيناء</City>
            </SubscriberData>
        </PortMessage>
    </NPCMessages>
</NPCData>

18-05-2020 13:06:22.474 INFO  [main]  o.s.c.a.AnnotationConfigApplicationContext.doClose - Closing org.springframework.context.annotation.AnnotationConfigApplicationContext@5609159b: startup date [Mon May 18 13:06:21 EET 2020]; root of context hierarchy
18-05-2020 13:06:22.476 INFO  [main]  c.a.v.n.c.handler.NPCProcessHandler.sendPendingMessage - Returned Response from NTRA Web service = Runner Done Successfully
18-05-2020 13:09:59.969 INFO  [main]  o.s.c.a.AnnotationConfigApplicationContext.prepareRefresh - Refreshing org.springframework.context.annotation.AnnotationConfigApplicationContext@7fcbe147: startup date [Mon May 18 13:09:59 EET 2020]; root of context hierarchy
18-05-2020 13:10:00.618 INFO  [main]  o.s.oxm.jaxb.Jaxb2Marshaller.createJaxbContextFromContextPath - Creating JAXBContext with context path [com.asset.vodafone.npc.webservice.wsdl]
18-05-2020 13:10:00.788 INFO  [main]  c.a.v.n.w.client.NPCWebserviceProxy.<clinit> - Verifying SSL certificate
18-05-2020 13:10:00.821 INFO  [main]  o.s.w.s.saaj.SaajSoapMessageFactory.afterPropertiesSet - Creating SAAJ 1.3 MessageFactory with SOAP 1.1 Protocol
18-05-2020 13:10:00.900 INFO  [main]  c.a.v.n.c.handler.NPCProcessHandler.sendMessage - Start Sending Request to NTRA for UserName :vodau1
18-05-2020 13:10:00.901 INFO  [main]  c.a.v.n.c.handler.NPCProcessHandler.sendMessage - Calling NTRA Web Service  EndPoint :http://localhost:8080/NPC-SOAP/NPCWebService
18-05-2020 13:10:00.901 INFO  [main]  c.a.v.n.c.handler.NPCProcessHandler.sendMessage - Sent Message to NTRA :<?xml version="1.0" encoding="UTF-8" standalone="yes"?>
<NPCData>
    <NPCMessages>
        <PortMessage>
            <MessageID>14527431</MessageID>
            <MessageCode>NPR</MessageCode>
            <ServiceType>MOBILE</ServiceType>
            <PortReqFormID>28510031300537</PortReqFormID>
            <DonorID>Voda</DonorID>
            <RecipientID>Mobi</RecipientID>
            <TransferFee>25</TransferFee>
            <AverageInvoiceFee>0</AverageInvoiceFee>
            <SubscriberData>
                <CompanyFlag>false</CompanyFlag>
                <Name>احمد حسن  محمد محمد احمد</Name>
                <AccountNum>0.00000</AccountNum>
                <SIMCardNum>8920016012070932858</SIMCardNum>
                <OtherId>27810251501673</OtherId>
                <DateOfBirth>19820705</DateOfBirth>
                <City>رفح-شمال سيناء</City>
            </SubscriberData>
        </PortMessage>
    </NPCMessages>
</NPCData>

18-05-2020 13:16:04.936 INFO  [main]  o.s.c.a.AnnotationConfigApplicationContext.prepareRefresh - Refreshing org.springframework.context.annotation.AnnotationConfigApplicationContext@2ccca26f: startup date [Mon May 18 13:16:04 EET 2020]; root of context hierarchy
18-05-2020 13:16:05.755 INFO  [main]  o.s.oxm.jaxb.Jaxb2Marshaller.createJaxbContextFromContextPath - Creating JAXBContext with context path [com.asset.vodafone.npc.webservice.wsdl]
18-05-2020 13:16:05.883 INFO  [main]  c.a.v.n.w.client.NPCWebserviceProxy.<clinit> - Verifying SSL certificate
18-05-2020 13:16:05.929 INFO  [main]  o.s.w.s.saaj.SaajSoapMessageFactory.afterPropertiesSet - Creating SAAJ 1.3 MessageFactory with SOAP 1.1 Protocol
18-05-2020 13:16:06.061 INFO  [main]  c.a.v.n.c.handler.NPCProcessHandler.sendMessage - Start Sending Request to NTRA for UserName :vodau1
18-05-2020 13:16:06.062 INFO  [main]  c.a.v.n.c.handler.NPCProcessHandler.sendMessage - Calling NTRA Web Service  EndPoint :http://localhost:8080/NPC-SOAP/NPCWebService
18-05-2020 13:16:06.062 INFO  [main]  c.a.v.n.c.handler.NPCProcessHandler.sendMessage - Sent Message to NTRA :<?xml version="1.0" encoding="UTF-8" standalone="yes"?>
<NPCData>
    <NPCMessages>
        <PortMessage>
            <MessageID>14527431</MessageID>
            <MessageCode>NPR</MessageCode>
            <ServiceType>MOBILE</ServiceType>
            <PortReqFormID>28510031300537</PortReqFormID>
            <DonorID>Voda</DonorID>
            <RecipientID>Mobi</RecipientID>
            <TransferFee>25</TransferFee>
            <AverageInvoiceFee>0</AverageInvoiceFee>
            <SubscriberData>
                <CompanyFlag>false</CompanyFlag>
                <Name>احمد حسن  محمد محمد احمد</Name>
                <AccountNum>0.00000</AccountNum>
                <SIMCardNum>8920016012070932858</SIMCardNum>
                <OtherId>27810251501673</OtherId>
                <DateOfBirth>19820705</DateOfBirth>
                <City>رفح-شمال سيناء</City>
            </SubscriberData>
        </PortMessage>
    </NPCMessages>
</NPCData>

18-05-2020 13:20:55.830 INFO  [main]  o.s.c.a.AnnotationConfigApplicationContext.prepareRefresh - Refreshing org.springframework.context.annotation.AnnotationConfigApplicationContext@2ccca26f: startup date [Mon May 18 13:20:55 EET 2020]; root of context hierarchy
18-05-2020 13:20:56.442 INFO  [main]  o.s.oxm.jaxb.Jaxb2Marshaller.createJaxbContextFromContextPath - Creating JAXBContext with context path [com.asset.vodafone.npc.webservice.wsdl]
18-05-2020 13:20:56.540 INFO  [main]  c.a.v.n.w.client.NPCWebserviceProxy.<clinit> - Verifying SSL certificate
18-05-2020 13:20:56.574 INFO  [main]  o.s.w.s.saaj.SaajSoapMessageFactory.afterPropertiesSet - Creating SAAJ 1.3 MessageFactory with SOAP 1.1 Protocol
18-05-2020 13:20:56.676 INFO  [main]  c.a.v.n.c.handler.NPCProcessHandler.sendMessage - Start Sending Request to NTRA for UserName :vodau1
18-05-2020 13:20:56.676 INFO  [main]  c.a.v.n.c.handler.NPCProcessHandler.sendMessage - Calling NTRA Web Service  EndPoint :http://localhost:8080/NPC-SOAP/NPCWebService
18-05-2020 13:20:56.676 INFO  [main]  c.a.v.n.c.handler.NPCProcessHandler.sendMessage - Sent Message to NTRA :<?xml version="1.0" encoding="UTF-8" standalone="yes"?>
<NPCData>
    <NPCMessages>
        <PortMessage>
            <MessageID>14527431</MessageID>
            <MessageCode>NPR</MessageCode>
            <ServiceType>MOBILE</ServiceType>
            <PortReqFormID>28510031300537</PortReqFormID>
            <DonorID>Voda</DonorID>
            <RecipientID>Mobi</RecipientID>
            <TransferFee>25</TransferFee>
            <AverageInvoiceFee>0</AverageInvoiceFee>
            <SubscriberData>
                <CompanyFlag>false</CompanyFlag>
                <Name>احمد حسن  محمد محمد احمد</Name>
                <AccountNum>0.00000</AccountNum>
                <SIMCardNum>8920016012070932858</SIMCardNum>
                <OtherId>27810251501673</OtherId>
                <DateOfBirth>19820705</DateOfBirth>
                <City>رفح-شمال سيناء</City>
            </SubscriberData>
        </PortMessage>
    </NPCMessages>
</NPCData>

18-05-2020 13:21:01.816 INFO  [main]  o.s.c.a.AnnotationConfigApplicationContext.doClose - Closing org.springframework.context.annotation.AnnotationConfigApplicationContext@2ccca26f: startup date [Mon May 18 13:20:55 EET 2020]; root of context hierarchy
18-05-2020 13:21:01.817 INFO  [main]  c.a.v.n.c.handler.NPCProcessHandler.sendPendingMessage - Returned Response from NTRA Web service = Runner Done Successfully
18-05-2020 13:23:09.168 INFO  [main]  o.s.c.a.AnnotationConfigApplicationContext.prepareRefresh - Refreshing org.springframework.context.annotation.AnnotationConfigApplicationContext@5609159b: startup date [Mon May 18 13:23:09 EET 2020]; root of context hierarchy
18-05-2020 13:23:09.512 INFO  [main]  o.s.oxm.jaxb.Jaxb2Marshaller.createJaxbContextFromContextPath - Creating JAXBContext with context path [com.asset.vodafone.npc.webservice.wsdl]
18-05-2020 13:23:09.594 INFO  [main]  c.a.v.n.w.client.NPCWebserviceProxy.<clinit> - Verifying SSL certificate
18-05-2020 13:23:09.612 INFO  [main]  o.s.w.s.saaj.SaajSoapMessageFactory.afterPropertiesSet - Creating SAAJ 1.3 MessageFactory with SOAP 1.1 Protocol
18-05-2020 13:23:09.697 INFO  [main]  c.a.v.n.c.handler.NPCProcessHandler.sendMessage - Start Sending Request to NTRA for UserName :vodau1
18-05-2020 13:23:09.698 INFO  [main]  c.a.v.n.c.handler.NPCProcessHandler.sendMessage - Calling NTRA Web Service  EndPoint :http://localhost:8080/NPC-SOAP/NPCWebService
18-05-2020 13:23:09.698 INFO  [main]  c.a.v.n.c.handler.NPCProcessHandler.sendMessage - Sent Message to NTRA :<?xml version="1.0" encoding="UTF-8" standalone="yes"?>
<NPCData>
    <NPCMessages>
        <PortMessage>
            <MessageID>14527431</MessageID>
            <MessageCode>NPR</MessageCode>
            <ServiceType>MOBILE</ServiceType>
            <PortReqFormID>28510031300537</PortReqFormID>
            <DonorID>Voda</DonorID>
            <RecipientID>Mobi</RecipientID>
            <TransferFee>25</TransferFee>
            <AverageInvoiceFee>0</AverageInvoiceFee>
            <SubscriberData>
                <CompanyFlag>false</CompanyFlag>
                <Name>احمد حسن  محمد محمد احمد</Name>
                <AccountNum>0.00000</AccountNum>
                <SIMCardNum>8920016012070932858</SIMCardNum>
                <OtherId>27810251501673</OtherId>
                <DateOfBirth>19820705</DateOfBirth>
                <City>رفح-شمال سيناء</City>
            </SubscriberData>
        </PortMessage>
    </NPCMessages>
</NPCData>

18-05-2020 13:23:09.860 INFO  [main]  o.s.c.a.AnnotationConfigApplicationContext.doClose - Closing org.springframework.context.annotation.AnnotationConfigApplicationContext@5609159b: startup date [Mon May 18 13:23:09 EET 2020]; root of context hierarchy
18-05-2020 13:23:09.864 INFO  [main]  c.a.v.n.c.handler.NPCProcessHandler.sendPendingMessage - Returned Response from NTRA Web service = Runner Done Successfully
