18-06-2020 12:07:14.218 INFO  [main]  o.s.c.a.AnnotationConfigApplicationContext.prepareRefresh - Refreshing org.springframework.context.annotation.AnnotationConfigApplicationContext@63355449: startup date [Thu Jun 18 12:07:14 EET 2020]; root of context hierarchy
18-06-2020 12:07:14.786 INFO  [main]  o.s.oxm.jaxb.Jaxb2Marshaller.createJaxbContextFromContextPath - Creating JAXBContext with context path [com.asset.vodafone.npc.webservice.wsdl]
18-06-2020 12:07:15.031 INFO  [main]  o.s.w.s.saaj.SaajSoapMessageFactory.afterPropertiesSet - Creating SAAJ 1.3 MessageFactory with SOAP 1.1 Protocol
18-06-2020 12:07:17.370 INFO  [main]  o.s.c.a.AnnotationConfigApplicationContext.doClose - Closing org.springframework.context.annotation.AnnotationConfigApplicationContext@63355449: startup date [Thu Jun 18 12:07:14 EET 2020]; root of context hierarchy
18-06-2020 12:08:55.195 INFO  [main]  o.s.c.a.AnnotationConfigApplicationContext.prepareRefresh - Refreshing org.springframework.context.annotation.AnnotationConfigApplicationContext@a9cd3b1: startup date [Thu Jun 18 12:08:55 EET 2020]; root of context hierarchy
18-06-2020 12:08:55.719 INFO  [main]  o.s.oxm.jaxb.Jaxb2Marshaller.createJaxbContextFromContextPath - Creating JAXBContext with context path [com.asset.vodafone.npc.webservice.wsdl]
18-06-2020 12:08:56.026 INFO  [main]  o.s.w.s.saaj.SaajSoapMessageFactory.afterPropertiesSet - Creating SAAJ 1.3 MessageFactory with SOAP 1.1 Protocol
18-06-2020 12:08:58.456 INFO  [main]  o.s.c.a.AnnotationConfigApplicationContext.doClose - Closing org.springframework.context.annotation.AnnotationConfigApplicationContext@a9cd3b1: startup date [Thu Jun 18 12:08:55 EET 2020]; root of context hierarchy
18-06-2020 12:10:09.135 INFO  [main]  o.s.c.a.AnnotationConfigApplicationContext.prepareRefresh - Refreshing org.springframework.context.annotation.AnnotationConfigApplicationContext@a9cd3b1: startup date [Thu Jun 18 12:10:09 EET 2020]; root of context hierarchy
18-06-2020 12:10:09.558 INFO  [main]  o.s.oxm.jaxb.Jaxb2Marshaller.createJaxbContextFromContextPath - Creating JAXBContext with context path [com.asset.vodafone.npc.webservice.wsdl]
18-06-2020 12:10:09.753 INFO  [main]  o.s.w.s.saaj.SaajSoapMessageFactory.afterPropertiesSet - Creating SAAJ 1.3 MessageFactory with SOAP 1.1 Protocol
18-06-2020 12:10:12.053 INFO  [main]  o.s.c.a.AnnotationConfigApplicationContext.doClose - Closing org.springframework.context.annotation.AnnotationConfigApplicationContext@a9cd3b1: startup date [Thu Jun 18 12:10:09 EET 2020]; root of context hierarchy
18-06-2020 12:18:27.318 INFO  [main]  o.s.c.a.AnnotationConfigApplicationContext.prepareRefresh - Refreshing org.springframework.context.annotation.AnnotationConfigApplicationContext@a9cd3b1: startup date [Thu Jun 18 12:18:27 EET 2020]; root of context hierarchy
18-06-2020 12:18:27.758 INFO  [main]  o.s.oxm.jaxb.Jaxb2Marshaller.createJaxbContextFromContextPath - Creating JAXBContext with context path [com.asset.vodafone.npc.webservice.wsdl]
18-06-2020 12:18:27.967 INFO  [main]  o.s.w.s.saaj.SaajSoapMessageFactory.afterPropertiesSet - Creating SAAJ 1.3 MessageFactory with SOAP 1.1 Protocol
18-06-2020 12:18:28.794 INFO  [main]  o.s.c.a.AnnotationConfigApplicationContext.doClose - Closing org.springframework.context.annotation.AnnotationConfigApplicationContext@a9cd3b1: startup date [Thu Jun 18 12:18:27 EET 2020]; root of context hierarchy
18-06-2020 12:26:39.074 INFO  [main]  o.s.c.a.AnnotationConfigApplicationContext.prepareRefresh - Refreshing org.springframework.context.annotation.AnnotationConfigApplicationContext@a9cd3b1: startup date [Thu Jun 18 12:26:39 EET 2020]; root of context hierarchy
18-06-2020 12:26:39.484 INFO  [main]  o.s.oxm.jaxb.Jaxb2Marshaller.createJaxbContextFromContextPath - Creating JAXBContext with context path [com.asset.vodafone.npc.webservice.wsdl]
18-06-2020 12:26:39.719 INFO  [main]  o.s.w.s.saaj.SaajSoapMessageFactory.afterPropertiesSet - Creating SAAJ 1.3 MessageFactory with SOAP 1.1 Protocol
18-06-2020 12:26:40.076 INFO  [main]  o.s.c.a.AnnotationConfigApplicationContext.doClose - Closing org.springframework.context.annotation.AnnotationConfigApplicationContext@a9cd3b1: startup date [Thu Jun 18 12:26:39 EET 2020]; root of context hierarchy
18-06-2020 13:02:09.341 INFO  [main]  o.s.c.a.AnnotationConfigApplicationContext.prepareRefresh - Refreshing org.springframework.context.annotation.AnnotationConfigApplicationContext@353d0772: startup date [Thu Jun 18 13:02:09 EET 2020]; root of context hierarchy
18-06-2020 13:02:09.774 INFO  [main]  o.s.oxm.jaxb.Jaxb2Marshaller.createJaxbContextFromContextPath - Creating JAXBContext with context path [com.asset.vodafone.npc.webservice.wsdl]
18-06-2020 13:02:09.968 INFO  [main]  o.s.w.s.saaj.SaajSoapMessageFactory.afterPropertiesSet - Creating SAAJ 1.3 MessageFactory with SOAP 1.1 Protocol
18-06-2020 13:02:10.297 INFO  [main]  o.s.c.a.AnnotationConfigApplicationContext.doClose - Closing org.springframework.context.annotation.AnnotationConfigApplicationContext@353d0772: startup date [Thu Jun 18 13:02:09 EET 2020]; root of context hierarchy
18-06-2020 13:04:54.232 INFO  [main]  o.s.c.a.AnnotationConfigApplicationContext.prepareRefresh - Refreshing org.springframework.context.annotation.AnnotationConfigApplicationContext@61544ae6: startup date [Thu Jun 18 13:04:54 EET 2020]; root of context hierarchy
18-06-2020 13:04:54.886 INFO  [main]  o.s.oxm.jaxb.Jaxb2Marshaller.createJaxbContextFromContextPath - Creating JAXBContext with context path [com.asset.vodafone.npc.webservice.wsdl]
18-06-2020 13:04:55.121 INFO  [main]  o.s.w.s.saaj.SaajSoapMessageFactory.afterPropertiesSet - Creating SAAJ 1.3 MessageFactory with SOAP 1.1 Protocol
18-06-2020 13:04:55.476 INFO  [main]  o.s.c.a.AnnotationConfigApplicationContext.doClose - Closing org.springframework.context.annotation.AnnotationConfigApplicationContext@61544ae6: startup date [Thu Jun 18 13:04:54 EET 2020]; root of context hierarchy
18-06-2020 15:00:27.925 INFO  [main]  o.s.c.a.AnnotationConfigApplicationContext.prepareRefresh - Refreshing org.springframework.context.annotation.AnnotationConfigApplicationContext@353d0772: startup date [Thu Jun 18 15:00:27 EET 2020]; root of context hierarchy
18-06-2020 15:00:28.427 INFO  [main]  o.s.oxm.jaxb.Jaxb2Marshaller.createJaxbContextFromContextPath - Creating JAXBContext with context path [com.asset.vodafone.npc.webservice.wsdl]
18-06-2020 15:00:28.644 INFO  [main]  o.s.w.s.saaj.SaajSoapMessageFactory.afterPropertiesSet - Creating SAAJ 1.3 MessageFactory with SOAP 1.1 Protocol
18-06-2020 15:00:29.539 INFO  [main]  o.s.c.a.AnnotationConfigApplicationContext.doClose - Closing org.springframework.context.annotation.AnnotationConfigApplicationContext@353d0772: startup date [Thu Jun 18 15:00:27 EET 2020]; root of context hierarchy
18-06-2020 15:14:39.158 INFO  [main]  o.s.c.a.AnnotationConfigApplicationContext.prepareRefresh - Refreshing org.springframework.context.annotation.AnnotationConfigApplicationContext@353d0772: startup date [Thu Jun 18 15:14:39 EET 2020]; root of context hierarchy
18-06-2020 15:14:39.647 INFO  [main]  o.s.oxm.jaxb.Jaxb2Marshaller.createJaxbContextFromContextPath - Creating JAXBContext with context path [com.asset.vodafone.npc.webservice.wsdl]
18-06-2020 15:14:39.864 INFO  [main]  o.s.w.s.saaj.SaajSoapMessageFactory.afterPropertiesSet - Creating SAAJ 1.3 MessageFactory with SOAP 1.1 Protocol
18-06-2020 15:14:40.250 INFO  [main]  o.s.c.a.AnnotationConfigApplicationContext.doClose - Closing org.springframework.context.annotation.AnnotationConfigApplicationContext@353d0772: startup date [Thu Jun 18 15:14:39 EET 2020]; root of context hierarchy
18-06-2020 15:17:05.008 INFO  [main]  o.s.c.a.AnnotationConfigApplicationContext.prepareRefresh - Refreshing org.springframework.context.annotation.AnnotationConfigApplicationContext@353d0772: startup date [Thu Jun 18 15:17:05 EET 2020]; root of context hierarchy
18-06-2020 15:17:05.499 INFO  [main]  o.s.oxm.jaxb.Jaxb2Marshaller.createJaxbContextFromContextPath - Creating JAXBContext with context path [com.asset.vodafone.npc.webservice.wsdl]
18-06-2020 15:17:05.747 INFO  [main]  o.s.w.s.saaj.SaajSoapMessageFactory.afterPropertiesSet - Creating SAAJ 1.3 MessageFactory with SOAP 1.1 Protocol
18-06-2020 15:17:06.131 INFO  [main]  o.s.c.a.AnnotationConfigApplicationContext.doClose - Closing org.springframework.context.annotation.AnnotationConfigApplicationContext@353d0772: startup date [Thu Jun 18 15:17:05 EET 2020]; root of context hierarchy
18-06-2020 15:33:25.870 INFO  [main]  o.s.c.a.AnnotationConfigApplicationContext.prepareRefresh - Refreshing org.springframework.context.annotation.AnnotationConfigApplicationContext@a9cd3b1: startup date [Thu Jun 18 15:33:25 EET 2020]; root of context hierarchy
18-06-2020 15:33:26.301 INFO  [main]  o.s.oxm.jaxb.Jaxb2Marshaller.createJaxbContextFromContextPath - Creating JAXBContext with context path [com.asset.vodafone.npc.webservice.wsdl]
18-06-2020 15:33:26.515 INFO  [main]  o.s.w.s.saaj.SaajSoapMessageFactory.afterPropertiesSet - Creating SAAJ 1.3 MessageFactory with SOAP 1.1 Protocol
18-06-2020 15:33:26.870 INFO  [main]  o.s.c.a.AnnotationConfigApplicationContext.doClose - Closing org.springframework.context.annotation.AnnotationConfigApplicationContext@a9cd3b1: startup date [Thu Jun 18 15:33:25 EET 2020]; root of context hierarchy
18-06-2020 15:39:25.437 INFO  [main]  o.s.c.a.AnnotationConfigApplicationContext.prepareRefresh - Refreshing org.springframework.context.annotation.AnnotationConfigApplicationContext@a9cd3b1: startup date [Thu Jun 18 15:39:25 EET 2020]; root of context hierarchy
18-06-2020 15:39:25.898 INFO  [main]  o.s.oxm.jaxb.Jaxb2Marshaller.createJaxbContextFromContextPath - Creating JAXBContext with context path [com.asset.vodafone.npc.webservice.wsdl]
18-06-2020 15:39:26.105 INFO  [main]  o.s.w.s.saaj.SaajSoapMessageFactory.afterPropertiesSet - Creating SAAJ 1.3 MessageFactory with SOAP 1.1 Protocol
18-06-2020 15:39:26.472 INFO  [main]  o.s.c.a.AnnotationConfigApplicationContext.doClose - Closing org.springframework.context.annotation.AnnotationConfigApplicationContext@a9cd3b1: startup date [Thu Jun 18 15:39:25 EET 2020]; root of context hierarchy
18-06-2020 15:40:58.608 INFO  [main]  c.a.v.n.c.handler.NPCProcessHandler.sendPendingMessage - Sending Message to NTRA : <?xml version="1.0" encoding="UTF-8" standalone="yes"?>
<NPCData>
    <NPCMessages>
        <PortMessage>
            <MessageID>AD1208</MessageID>
            <MessageCode>NPR Accept</MessageCode>
            <ServiceType>MOBILE</ServiceType>
            <PortID>P201704230921270130</PortID>
            <NumbersToPort>
                <NumberFrom>01011234575</NumberFrom>
                <NumberTo>01011234575</NumberTo>
                <DataNumber>0552280126</DataNumber>
                <FaxNumber>0704123456</FaxNumber>
            </NumbersToPort>
            <SubscriberData>
                <CompanyFlag>false</CompanyFlag>
                <CorporationName>Giza Systems</CorporationName>
                <Name>Ali Sami</Name>
                <AccountNum>33345</AccountNum>
                <SIMCardNum>89310410106543789301</SIMCardNum>
                <NIC>52404193527</NIC>
                <CNIC>6110123456789</CNIC>
                <PassportNum>C12345678</PassportNum>
                <OtherId>Senator</OtherId>
                <DateOfBirth>19930515</DateOfBirth>
                <ContactPhone>0552280126</ContactPhone>
                <Fax>0704123456</Fax>
                <City>Cairo</City>
                <Street>Farouk St</Street>
                <Locality>Al Tahrir</Locality>
                <PostCode>123123</PostCode>
                <GroupID>My GroupID</GroupID>
                <AuthorizedPersonName>Rami Sad</AuthorizedPersonName>
                <CorporationAddress>Giza Systems</CorporationAddress>
                <CommercialRegistrationNum>002345</CommercialRegistrationNum>
                <TaxRegistrationNum>132544</TaxRegistrationNum>
            </SubscriberData>
        </PortMessage>
    </NPCMessages>
</NPCData>

18-06-2020 15:40:58.986 INFO  [main]  o.s.c.a.AnnotationConfigApplicationContext.prepareRefresh - Refreshing org.springframework.context.annotation.AnnotationConfigApplicationContext@236e3f4e: startup date [Thu Jun 18 15:40:58 EET 2020]; root of context hierarchy
18-06-2020 15:40:59.398 INFO  [main]  o.s.oxm.jaxb.Jaxb2Marshaller.createJaxbContextFromContextPath - Creating JAXBContext with context path [com.asset.vodafone.npc.webservice.wsdl]
18-06-2020 15:40:59.536 INFO  [main]  o.s.w.s.saaj.SaajSoapMessageFactory.afterPropertiesSet - Creating SAAJ 1.3 MessageFactory with SOAP 1.1 Protocol
18-06-2020 15:40:59.797 INFO  [main]  o.s.c.a.AnnotationConfigApplicationContext.doClose - Closing org.springframework.context.annotation.AnnotationConfigApplicationContext@236e3f4e: startup date [Thu Jun 18 15:40:58 EET 2020]; root of context hierarchy
18-06-2020 15:40:59.798 INFO  [main]  c.a.v.n.c.handler.NPCProcessHandler.sendPendingMessage - Returned message from NTRA Web service = " success " 
18-06-2020 15:41:02.554 INFO  [main]  c.a.v.n.c.handler.NPCProcessHandler.sendPendingMessage - Sending Message to NTRA : <?xml version="1.0" encoding="UTF-8" standalone="yes"?>
<NPCData>
    <NPCMessages>
        <PortMessage>
            <MessageID>AD1277</MessageID>
            <MessageCode>NPR</MessageCode>
            <ServiceType>MOBILE</ServiceType>
            <NumbersToPort>
                <NumberFrom>01011234575</NumberFrom>
                <NumberTo>01011234575</NumberTo>
                <DataNumber>0552280126</DataNumber>
                <FaxNumber>0704123456</FaxNumber>
            </NumbersToPort>
            <PortReqFormID>P993F0S2641AF</PortReqFormID>
            <DonorID>Voda</DonorID>
            <RecipientID>Mobi</RecipientID>
            <TransferFee>52</TransferFee>
            <AverageInvoiceFee>57</AverageInvoiceFee>
            <SubscriberData>
                <CompanyFlag>false</CompanyFlag>
                <CorporationName>Giza Systems</CorporationName>
                <Name>Ali Sami</Name>
                <AccountNum>3334335</AccountNum>
                <SIMCardNum>89310410106543789301</SIMCardNum>
                <NIC>55522333666541</NIC>
                <CNIC>2261101234789</CNIC>
                <PassportNum>C12345678</PassportNum>
                <OtherId>Senator</OtherId>
                <DateOfBirth>19930515</DateOfBirth>
                <ContactPhone>0552280126</ContactPhone>
                <Fax>0704123456</Fax>
                <City>Cairo</City>
                <Street>Farouk St</Street>
                <Locality>Al Tahrir</Locality>
                <PostCode>123123</PostCode>
                <GroupID>My GroupID</GroupID>
                <AuthorizedPersonName>Rami Sad</AuthorizedPersonName>
                <CorporationAddress>Giza Systems</CorporationAddress>
                <CommercialRegistrationNum>002345</CommercialRegistrationNum>
                <TaxRegistrationNum>132544</TaxRegistrationNum>
            </SubscriberData>
            <Comments1>Comment1 Test</Comments1>
            <Comments2>Comment2 Test</Comments2>
        </PortMessage>
    </NPCMessages>
</NPCData>

18-06-2020 15:41:02.557 INFO  [main]  o.s.c.a.AnnotationConfigApplicationContext.prepareRefresh - Refreshing org.springframework.context.annotation.AnnotationConfigApplicationContext@74bada02: startup date [Thu Jun 18 15:41:02 EET 2020]; root of context hierarchy
18-06-2020 15:41:02.584 INFO  [main]  o.s.oxm.jaxb.Jaxb2Marshaller.createJaxbContextFromContextPath - Creating JAXBContext with context path [com.asset.vodafone.npc.webservice.wsdl]
18-06-2020 15:41:02.603 INFO  [main]  o.s.w.s.saaj.SaajSoapMessageFactory.afterPropertiesSet - Creating SAAJ 1.3 MessageFactory with SOAP 1.1 Protocol
18-06-2020 15:41:02.642 INFO  [main]  o.s.c.a.AnnotationConfigApplicationContext.doClose - Closing org.springframework.context.annotation.AnnotationConfigApplicationContext@74bada02: startup date [Thu Jun 18 15:41:02 EET 2020]; root of context hierarchy
18-06-2020 15:41:02.642 INFO  [main]  c.a.v.n.c.handler.NPCProcessHandler.sendPendingMessage - Returned message from NTRA Web service = " success " 
18-06-2020 19:53:29.075 INFO  [main]  o.s.c.a.AnnotationConfigApplicationContext.prepareRefresh - Refreshing org.springframework.context.annotation.AnnotationConfigApplicationContext@a4102b8: startup date [Thu Jun 18 19:53:29 EET 2020]; root of context hierarchy
18-06-2020 19:53:29.287 INFO  [main]  o.s.oxm.jaxb.Jaxb2Marshaller.createJaxbContextFromContextPath - Creating JAXBContext with context path [com.asset.vodafone.npc.webservice.wsdl]
18-06-2020 19:53:30.036 INFO  [main]  o.s.w.s.saaj.SaajSoapMessageFactory.afterPropertiesSet - Creating SAAJ 1.3 MessageFactory with SOAP 1.1 Protocol
18-06-2020 19:53:30.769 INFO  [main]  o.s.c.a.AnnotationConfigApplicationContext.doClose - Closing org.springframework.context.annotation.AnnotationConfigApplicationContext@a4102b8: startup date [Thu Jun 18 19:53:29 EET 2020]; root of context hierarchy
18-06-2020 19:55:51.327 INFO  [main]  o.s.c.a.AnnotationConfigApplicationContext.prepareRefresh - Refreshing org.springframework.context.annotation.AnnotationConfigApplicationContext@a4102b8: startup date [Thu Jun 18 19:55:51 EET 2020]; root of context hierarchy
18-06-2020 19:55:51.532 INFO  [main]  o.s.oxm.jaxb.Jaxb2Marshaller.createJaxbContextFromContextPath - Creating JAXBContext with context path [com.asset.vodafone.npc.webservice.wsdl]
18-06-2020 19:55:51.886 INFO  [main]  o.s.w.s.saaj.SaajSoapMessageFactory.afterPropertiesSet - Creating SAAJ 1.3 MessageFactory with SOAP 1.1 Protocol
18-06-2020 19:55:52.065 INFO  [main]  o.s.c.a.AnnotationConfigApplicationContext.doClose - Closing org.springframework.context.annotation.AnnotationConfigApplicationContext@a4102b8: startup date [Thu Jun 18 19:55:51 EET 2020]; root of context hierarchy
18-06-2020 20:16:39.930 INFO  [main]  o.s.c.a.AnnotationConfigApplicationContext.prepareRefresh - Refreshing org.springframework.context.annotation.AnnotationConfigApplicationContext@1ddf84b8: startup date [Thu Jun 18 20:16:39 EET 2020]; root of context hierarchy
18-06-2020 20:16:40.121 INFO  [main]  o.s.oxm.jaxb.Jaxb2Marshaller.createJaxbContextFromContextPath - Creating JAXBContext with context path [com.asset.vodafone.npc.webservice.wsdl]
18-06-2020 20:16:40.206 INFO  [main]  o.s.w.s.saaj.SaajSoapMessageFactory.afterPropertiesSet - Creating SAAJ 1.3 MessageFactory with SOAP 1.1 Protocol
18-06-2020 20:16:40.419 INFO  [main]  o.s.c.a.AnnotationConfigApplicationContext.doClose - Closing org.springframework.context.annotation.AnnotationConfigApplicationContext@1ddf84b8: startup date [Thu Jun 18 20:16:39 EET 2020]; root of context hierarchy
18-06-2020 22:53:14.733 INFO  [main]  c.a.v.n.c.handler.NPCProcessHandler.sendPendingMessage - Sending NPC Message to NTRA : <?xml version="1.0" encoding="UTF-8" standalone="yes"?>
<NPCData>
    <NPCMessages>
        <BulkSyncMessage>
            <MessageID>10913</MessageID>
            <MessageCode>NP Bulk Sync</MessageCode>
            <StartDate>20070601000000</StartDate>
            <EndDate>20070721000000</EndDate>
            <Comments1>NPC Example</Comments1>
            <Comments2>NP Bulk Sync</Comments2>
        </BulkSyncMessage>
    </NPCMessages>
</NPCData>

18-06-2020 22:53:14.924 INFO  [main]  o.s.c.a.AnnotationConfigApplicationContext.prepareRefresh - Refreshing org.springframework.context.annotation.AnnotationConfigApplicationContext@3f56875e: startup date [Thu Jun 18 22:53:14 EET 2020]; root of context hierarchy
18-06-2020 22:53:15.142 INFO  [main]  o.s.oxm.jaxb.Jaxb2Marshaller.createJaxbContextFromContextPath - Creating JAXBContext with context path [com.asset.vodafone.npc.webservice.wsdl]
18-06-2020 22:53:15.220 INFO  [main]  o.s.w.s.saaj.SaajSoapMessageFactory.afterPropertiesSet - Creating SAAJ 1.3 MessageFactory with SOAP 1.1 Protocol
18-06-2020 22:53:15.762 INFO  [main]  o.s.c.a.AnnotationConfigApplicationContext.doClose - Closing org.springframework.context.annotation.AnnotationConfigApplicationContext@3f56875e: startup date [Thu Jun 18 22:53:14 EET 2020]; root of context hierarchy
18-06-2020 22:53:15.766 INFO  [main]  c.a.v.n.c.handler.NPCProcessHandler.sendPendingMessage - Returned message from NTRA Web service = " success " 
