17-05-2020 11:14:50.268 ERROR [main]  c.a.v.npc.core.service.NPCService.getInstance - Cannot Establish Database Connection
17-05-2020 11:14:50.274 ERROR [main]  c.a.v.n.c.handler.NPCProcessHandler.initializeNPCService - [NPC_DATABASE_ERROR_01]: Cannot Establish Database Connection
com.asset.vodafone.npc.core.exception.NPCException: [NPC_DATABASE_ERROR_01]: Cannot Establish Database Connection
	at com.asset.vodafone.npc.core.service.NPCService.getInstance(NPCService.java:85)
	at com.asset.vodafone.npc.core.handler.NPCProcessHandler.initializeNPCService(NPCProcessHandler.java:420)
	at com.asset.vodafone.npc.core.handler.NPCProcessHandler.sendPendingMessages(NPCProcessHandler.java:349)
	at com.asset.vodafone.npc.core.handler.NPCProcessHandler.mainMode(NPCProcessHandler.java:602)
	at com.asset.vodafone.npc.core.handler.NPCProcessHandler.main(NPCProcessHandler.java:653)
Caused by: java.sql.SQLRecoverableException: IO Error: The Network Adapter could not establish the connection
	at oracle.jdbc.driver.T4CConnection.logon(T4CConnection.java:673)
	at oracle.jdbc.driver.PhysicalConnection.<init>(PhysicalConnection.java:711)
	at oracle.jdbc.driver.T4CConnection.<init>(T4CConnection.java:385)
	at oracle.jdbc.driver.T4CDriverExtension.getConnection(T4CDriverExtension.java:30)
	at oracle.jdbc.driver.OracleDriver.connect(OracleDriver.java:558)
	at java.sql.DriverManager.getConnection(DriverManager.java:664)
	at java.sql.DriverManager.getConnection(DriverManager.java:247)
	at com.asset.vodafone.npc.core.service.NPCService.getDBConnection(NPCService.java:113)
	at com.asset.vodafone.npc.core.service.NPCService.getInstance(NPCService.java:77)
	... 4 common frames omitted
Caused by: oracle.net.ns.NetException: The Network Adapter could not establish the connection
	at oracle.net.nt.ConnStrategy.execute(ConnStrategy.java:445)
	at oracle.net.resolver.AddrResolution.resolveAndExecute(AddrResolution.java:464)
	at oracle.net.ns.NSProtocol.establishConnection(NSProtocol.java:594)
	at oracle.net.ns.NSProtocol.connect(NSProtocol.java:229)
	at oracle.jdbc.driver.T4CConnection.connect(T4CConnection.java:1360)
	at oracle.jdbc.driver.T4CConnection.logon(T4CConnection.java:486)
	... 12 common frames omitted
Caused by: java.net.ConnectException: Connection timed out: connect
	at java.net.DualStackPlainSocketImpl.waitForConnect(Native Method)
	at java.net.DualStackPlainSocketImpl.socketConnect(DualStackPlainSocketImpl.java:85)
	at java.net.AbstractPlainSocketImpl.doConnect(AbstractPlainSocketImpl.java:350)
	at java.net.AbstractPlainSocketImpl.connectToAddress(AbstractPlainSocketImpl.java:206)
	at java.net.AbstractPlainSocketImpl.connect(AbstractPlainSocketImpl.java:188)
	at java.net.PlainSocketImpl.connect(PlainSocketImpl.java:172)
	at java.net.SocksSocketImpl.connect(SocksSocketImpl.java:392)
	at java.net.Socket.connect(Socket.java:589)
	at oracle.net.nt.TcpNTAdapter.connect(TcpNTAdapter.java:162)
	at oracle.net.nt.ConnOption.connect(ConnOption.java:133)
	at oracle.net.nt.ConnStrategy.execute(ConnStrategy.java:411)
	... 17 common frames omitted
17-05-2020 11:15:11.291 ERROR [main]  c.a.v.npc.core.service.NPCService.getInstance - Cannot Establish Database Connection
17-05-2020 11:15:11.291 ERROR [main]  c.a.v.n.c.handler.NPCProcessHandler.initializeNPCService - [NPC_DATABASE_ERROR_01]: Cannot Establish Database Connection
com.asset.vodafone.npc.core.exception.NPCException: [NPC_DATABASE_ERROR_01]: Cannot Establish Database Connection
	at com.asset.vodafone.npc.core.service.NPCService.getInstance(NPCService.java:85)
	at com.asset.vodafone.npc.core.handler.NPCProcessHandler.initializeNPCService(NPCProcessHandler.java:420)
	at com.asset.vodafone.npc.core.handler.NPCProcessHandler.sendPendingMessages(NPCProcessHandler.java:349)
	at com.asset.vodafone.npc.core.handler.NPCProcessHandler.mainMode(NPCProcessHandler.java:602)
	at com.asset.vodafone.npc.core.handler.NPCProcessHandler.main(NPCProcessHandler.java:653)
Caused by: java.sql.SQLRecoverableException: IO Error: The Network Adapter could not establish the connection
	at oracle.jdbc.driver.T4CConnection.logon(T4CConnection.java:673)
	at oracle.jdbc.driver.PhysicalConnection.<init>(PhysicalConnection.java:711)
	at oracle.jdbc.driver.T4CConnection.<init>(T4CConnection.java:385)
	at oracle.jdbc.driver.T4CDriverExtension.getConnection(T4CDriverExtension.java:30)
	at oracle.jdbc.driver.OracleDriver.connect(OracleDriver.java:558)
	at java.sql.DriverManager.getConnection(DriverManager.java:664)
	at java.sql.DriverManager.getConnection(DriverManager.java:247)
	at com.asset.vodafone.npc.core.service.NPCService.getDBConnection(NPCService.java:113)
	at com.asset.vodafone.npc.core.service.NPCService.getInstance(NPCService.java:77)
	... 4 common frames omitted
Caused by: oracle.net.ns.NetException: The Network Adapter could not establish the connection
	at oracle.net.nt.ConnStrategy.execute(ConnStrategy.java:445)
	at oracle.net.resolver.AddrResolution.resolveAndExecute(AddrResolution.java:464)
	at oracle.net.ns.NSProtocol.establishConnection(NSProtocol.java:594)
	at oracle.net.ns.NSProtocol.connect(NSProtocol.java:229)
	at oracle.jdbc.driver.T4CConnection.connect(T4CConnection.java:1360)
	at oracle.jdbc.driver.T4CConnection.logon(T4CConnection.java:486)
	... 12 common frames omitted
Caused by: java.net.ConnectException: Connection timed out: connect
	at java.net.DualStackPlainSocketImpl.waitForConnect(Native Method)
	at java.net.DualStackPlainSocketImpl.socketConnect(DualStackPlainSocketImpl.java:85)
	at java.net.AbstractPlainSocketImpl.doConnect(AbstractPlainSocketImpl.java:350)
	at java.net.AbstractPlainSocketImpl.connectToAddress(AbstractPlainSocketImpl.java:206)
	at java.net.AbstractPlainSocketImpl.connect(AbstractPlainSocketImpl.java:188)
	at java.net.PlainSocketImpl.connect(PlainSocketImpl.java:172)
	at java.net.SocksSocketImpl.connect(SocksSocketImpl.java:392)
	at java.net.Socket.connect(Socket.java:589)
	at oracle.net.nt.TcpNTAdapter.connect(TcpNTAdapter.java:162)
	at oracle.net.nt.ConnOption.connect(ConnOption.java:133)
	at oracle.net.nt.ConnStrategy.execute(ConnStrategy.java:411)
	... 17 common frames omitted
17-05-2020 11:15:32.295 ERROR [main]  c.a.v.npc.core.service.NPCService.getInstance - Cannot Establish Database Connection
17-05-2020 11:15:32.295 ERROR [main]  c.a.v.n.c.handler.NPCProcessHandler.initializeNPCService - [NPC_DATABASE_ERROR_01]: Cannot Establish Database Connection
com.asset.vodafone.npc.core.exception.NPCException: [NPC_DATABASE_ERROR_01]: Cannot Establish Database Connection
	at com.asset.vodafone.npc.core.service.NPCService.getInstance(NPCService.java:85)
	at com.asset.vodafone.npc.core.handler.NPCProcessHandler.initializeNPCService(NPCProcessHandler.java:420)
	at com.asset.vodafone.npc.core.handler.NPCProcessHandler.sendPendingMessages(NPCProcessHandler.java:349)
	at com.asset.vodafone.npc.core.handler.NPCProcessHandler.mainMode(NPCProcessHandler.java:602)
	at com.asset.vodafone.npc.core.handler.NPCProcessHandler.main(NPCProcessHandler.java:653)
Caused by: java.sql.SQLRecoverableException: IO Error: The Network Adapter could not establish the connection
	at oracle.jdbc.driver.T4CConnection.logon(T4CConnection.java:673)
	at oracle.jdbc.driver.PhysicalConnection.<init>(PhysicalConnection.java:711)
	at oracle.jdbc.driver.T4CConnection.<init>(T4CConnection.java:385)
	at oracle.jdbc.driver.T4CDriverExtension.getConnection(T4CDriverExtension.java:30)
	at oracle.jdbc.driver.OracleDriver.connect(OracleDriver.java:558)
	at java.sql.DriverManager.getConnection(DriverManager.java:664)
	at java.sql.DriverManager.getConnection(DriverManager.java:247)
	at com.asset.vodafone.npc.core.service.NPCService.getDBConnection(NPCService.java:113)
	at com.asset.vodafone.npc.core.service.NPCService.getInstance(NPCService.java:77)
	... 4 common frames omitted
Caused by: oracle.net.ns.NetException: The Network Adapter could not establish the connection
	at oracle.net.nt.ConnStrategy.execute(ConnStrategy.java:445)
	at oracle.net.resolver.AddrResolution.resolveAndExecute(AddrResolution.java:464)
	at oracle.net.ns.NSProtocol.establishConnection(NSProtocol.java:594)
	at oracle.net.ns.NSProtocol.connect(NSProtocol.java:229)
	at oracle.jdbc.driver.T4CConnection.connect(T4CConnection.java:1360)
	at oracle.jdbc.driver.T4CConnection.logon(T4CConnection.java:486)
	... 12 common frames omitted
Caused by: java.net.ConnectException: Connection timed out: connect
	at java.net.DualStackPlainSocketImpl.waitForConnect(Native Method)
	at java.net.DualStackPlainSocketImpl.socketConnect(DualStackPlainSocketImpl.java:85)
	at java.net.AbstractPlainSocketImpl.doConnect(AbstractPlainSocketImpl.java:350)
	at java.net.AbstractPlainSocketImpl.connectToAddress(AbstractPlainSocketImpl.java:206)
	at java.net.AbstractPlainSocketImpl.connect(AbstractPlainSocketImpl.java:188)
	at java.net.PlainSocketImpl.connect(PlainSocketImpl.java:172)
	at java.net.SocksSocketImpl.connect(SocksSocketImpl.java:392)
	at java.net.Socket.connect(Socket.java:589)
	at oracle.net.nt.TcpNTAdapter.connect(TcpNTAdapter.java:162)
	at oracle.net.nt.ConnOption.connect(ConnOption.java:133)
	at oracle.net.nt.ConnStrategy.execute(ConnStrategy.java:411)
	... 17 common frames omitted
