14-05-2020 10:36:46.080 DEBUG [main]  c.a.v.n.c.handler.NPCProcessHandler.finalize - Releasing the Database Connection..
14-05-2020 10:42:18.412 DEBUG [main]  c.a.v.n.c.handler.NPCProcessHandler.finalize - Releasing the Database Connection..
14-05-2020 11:07:47.378 DEBUG [main]  c.a.v.npc.core.service.NPCService.getDBConnection - Initializing a new Database Connection..
14-05-2020 11:07:55.977 DEBUG [main]  c.a.v.n.c.handler.NPCProcessHandler.sendPendingMessages - Retrieving unsent messges has done successfully..
14-05-2020 11:07:55.977 DEBUG [main]  c.a.v.n.c.handler.NPCProcessHandler.sendPendingMessages - Number of unsent messsages:1
14-05-2020 11:07:56.383 DEBUG [main]  c.a.v.n.c.handler.NPCProcessHandler.sendPendingMessage - Creating Message XML has done successfully..
14-05-2020 11:09:02.877 DEBUG [main]  c.a.v.n.c.handler.NPCProcessHandler.sendPendingMessages - Retrieving unsent messges has done successfully..
14-05-2020 11:09:02.878 DEBUG [main]  c.a.v.n.c.handler.NPCProcessHandler.sendPendingMessages - Number of unsent messsages:1
14-05-2020 11:09:02.965 DEBUG [main]  c.a.v.n.c.handler.NPCProcessHandler.sendPendingMessage - Creating Message XML has done successfully..
14-05-2020 11:09:45.830 DEBUG [main]  c.a.v.npc.core.service.NPCService.getDBConnection - Initializing a new Database Connection..
14-05-2020 11:09:53.425 DEBUG [main]  c.a.v.n.c.handler.NPCProcessHandler.sendPendingMessages - Retrieving unsent messges has done successfully..
14-05-2020 11:09:53.426 DEBUG [main]  c.a.v.n.c.handler.NPCProcessHandler.sendPendingMessages - Number of unsent messsages:1
14-05-2020 11:09:53.557 DEBUG [main]  c.a.v.n.c.handler.NPCProcessHandler.sendPendingMessage - Creating Message XML has done successfully..
14-05-2020 11:09:54.381 DEBUG [main]  c.a.v.n.c.handler.NPCProcessHandler.sendPendingMessages - Sending NPC message with ID 4374599 has done successfully...
14-05-2020 11:09:55.400 DEBUG [main]  c.a.v.n.c.handler.NPCProcessHandler.sendPendingMessages - Updating sent flag, returned meassge and message XML fields has done successfully...
14-05-2020 11:09:57.782 DEBUG [main]  c.a.v.n.c.handler.NPCProcessHandler.sendPendingMessages - Updating Port Data has done successfully...
14-05-2020 11:14:23.481 DEBUG [main]  c.a.v.npc.core.service.NPCService.getDBConnection - Initializing a new Database Connection..
14-05-2020 11:14:56.785 DEBUG [main]  c.a.v.n.c.handler.NPCProcessHandler.sendPendingMessages - Retrieving unsent messges has done successfully..
14-05-2020 11:14:56.785 DEBUG [main]  c.a.v.n.c.handler.NPCProcessHandler.sendPendingMessages - Number of unsent messsages:1
14-05-2020 11:14:56.896 DEBUG [main]  c.a.v.n.c.handler.NPCProcessHandler.sendPendingMessage - Creating Message XML has done successfully..
14-05-2020 11:14:57.747 DEBUG [main]  c.a.v.n.c.handler.NPCProcessHandler.sendPendingMessages - Sending NPC message with ID 4374599 has done successfully...
14-05-2020 11:14:58.790 DEBUG [main]  c.a.v.n.c.handler.NPCProcessHandler.sendPendingMessages - Updating sent flag, returned meassge and message XML fields has done successfully...
14-05-2020 11:14:59.811 DEBUG [main]  c.a.v.n.c.handler.NPCProcessHandler.sendPendingMessages - Updating Port Data has done successfully...
14-05-2020 12:27:42.993 DEBUG [main]  c.a.v.n.c.handler.NPCProcessHandler.finalize - Releasing the Database Connection..
14-05-2020 12:34:26.328 DEBUG [main]  c.a.v.npc.core.service.NPCService.getDBConnection - Initializing a new Database Connection..
14-05-2020 12:34:38.609 DEBUG [main]  c.a.v.n.c.handler.NPCProcessHandler.sendPendingMessages - Retrieving unsent messges has done successfully..
14-05-2020 12:34:38.611 DEBUG [main]  c.a.v.n.c.handler.NPCProcessHandler.sendPendingMessages - Number of unsent messsages:1
14-05-2020 12:34:39.099 DEBUG [main]  c.a.v.n.c.handler.NPCProcessHandler.sendPendingMessage - Creating Message XML has done successfully..
14-05-2020 12:36:51.362 DEBUG [main]  c.a.v.npc.core.service.NPCService.getDBConnection - Initializing a new Database Connection..
14-05-2020 12:37:21.672 DEBUG [main]  c.a.v.n.c.handler.NPCProcessHandler.sendPendingMessages - Retrieving unsent messges has done successfully..
14-05-2020 12:37:21.672 DEBUG [main]  c.a.v.n.c.handler.NPCProcessHandler.sendPendingMessages - Number of unsent messsages:1
14-05-2020 12:37:21.793 DEBUG [main]  c.a.v.n.c.handler.NPCProcessHandler.sendPendingMessage - Creating Message XML has done successfully..
14-05-2020 12:37:23.131 DEBUG [main]  c.a.v.n.c.handler.NPCProcessHandler.sendPendingMessages - Sending NPC message with ID 4374600 has done successfully...
14-05-2020 12:37:23.691 DEBUG [main]  c.a.v.n.c.handler.NPCProcessHandler.sendPendingMessages - Updating sent flag, returned meassge and message XML fields has done successfully...
14-05-2020 12:37:24.582 DEBUG [main]  c.a.v.n.c.handler.NPCProcessHandler.sendPendingMessages - Updating Port Data has done successfully...
14-05-2020 12:38:57.694 DEBUG [main]  c.a.v.n.c.handler.NPCProcessHandler.sendPendingMessages - Retrieving unsent messges has done successfully..
14-05-2020 12:38:57.695 DEBUG [main]  c.a.v.n.c.handler.NPCProcessHandler.sendPendingMessages - Number of unsent messsages:0
14-05-2020 16:10:40.250 DEBUG [main]  c.a.v.npc.core.service.NPCService.getDBConnection - Initializing a new Database Connection..
14-05-2020 16:10:47.020 DEBUG [main]  c.a.v.n.c.handler.NPCProcessHandler.sendPendingMessages - Retrieving unsent messges has done successfully..
14-05-2020 16:10:47.020 DEBUG [main]  c.a.v.n.c.handler.NPCProcessHandler.sendPendingMessages - Number of unsent messsages:1
14-05-2020 16:10:47.153 DEBUG [main]  c.a.v.n.c.handler.NPCProcessHandler.sendPendingMessage - Creating Message XML has done successfully..
14-05-2020 16:11:51.776 DEBUG [main]  c.a.v.n.c.handler.NPCProcessHandler.sendPendingMessages - Retrieving unsent messges has done successfully..
14-05-2020 16:11:51.776 DEBUG [main]  c.a.v.n.c.handler.NPCProcessHandler.sendPendingMessages - Number of unsent messsages:1
14-05-2020 16:11:51.933 DEBUG [main]  c.a.v.n.c.handler.NPCProcessHandler.sendPendingMessage - Creating Message XML has done successfully..
14-05-2020 16:12:55.993 DEBUG [main]  c.a.v.n.c.handler.NPCProcessHandler.sendPendingMessages - Retrieving unsent messges has done successfully..
14-05-2020 16:12:55.993 DEBUG [main]  c.a.v.n.c.handler.NPCProcessHandler.sendPendingMessages - Number of unsent messsages:1
14-05-2020 16:12:56.061 DEBUG [main]  c.a.v.n.c.handler.NPCProcessHandler.sendPendingMessage - Creating Message XML has done successfully..
14-05-2020 16:12:56.360 DEBUG [main]  c.a.v.n.c.handler.NPCProcessHandler.sendPendingMessages - Sending NPC message with ID 4374602 has done successfully...
14-05-2020 16:12:56.846 DEBUG [main]  c.a.v.n.c.handler.NPCProcessHandler.sendPendingMessages - Updating sent flag, returned meassge and message XML fields has done successfully...
14-05-2020 16:12:57.380 DEBUG [main]  c.a.v.n.c.handler.NPCProcessHandler.sendPendingMessages - Updating Port Data has done successfully...
14-05-2020 16:14:04.544 DEBUG [main]  c.a.v.n.c.handler.NPCProcessHandler.sendPendingMessages - Retrieving unsent messges has done successfully..
14-05-2020 16:14:04.545 DEBUG [main]  c.a.v.n.c.handler.NPCProcessHandler.sendPendingMessages - Number of unsent messsages:0
