22-06-2020 12:11:43.425 ERROR [main]  c.a.v.npc.core.dao.PortMessageDAO.getUnsentMessages - Closed Connection
java.sql.SQLRecoverableException: Closed Connection
	at oracle.jdbc.driver.OracleStatement.ensureOpen(OracleStatement.java:4296)
	at oracle.jdbc.driver.OracleStatement.clearWarnings(OracleStatement.java:3305)
	at oracle.jdbc.driver.OracleStatement.prepareForNewResults(OracleStatement.java:3781)
	at oracle.jdbc.driver.OracleStatement.doScrollExecuteCommon(OracleStatement.java:5064)
	at oracle.jdbc.driver.OracleStatement.doScrollStmtExecuteQuery(OracleStatement.java:5124)
	at oracle.jdbc.driver.OracleStatement.executeQuery(OracleStatement.java:1260)
	at oracle.jdbc.driver.OracleStatementWrapper.executeQuery(OracleStatementWrapper.java:420)
	at com.asset.vodafone.npc.core.dao.PortMessageDAO.getUnsentMessages(PortMessageDAO.java:284)
	at com.asset.vodafone.npc.core.dao.NPCMessageDAO.getUnsentMessages(NPCMessageDAO.java:400)
	at com.asset.vodafone.npc.core.service.NPCService.getUnsentMessages(NPCService.java:329)
	at com.asset.vodafone.npc.core.handler.NPCProcessHandler.sendPendingMessages(NPCProcessHandler.java:389)
	at com.asset.vodafone.npc.core.handler.NPCProcessHandler.mainMode(NPCProcessHandler.java:666)
	at com.asset.vodafone.npc.core.handler.NPCProcessHandler.main(NPCProcessHandler.java:716)
22-06-2020 12:11:43.546 ERROR [main]  c.a.v.n.c.handler.NPCProcessHandler.sendPendingMessages - [NPC_DATABASE_ERROR_04]: Error in Select statement Closed Connection
	at com.asset.vodafone.npc.core.service.NPCService.getUnsentMessages(NPCService.java:331)
	at com.asset.vodafone.npc.core.handler.NPCProcessHandler.sendPendingMessages(NPCProcessHandler.java:389)
	at com.asset.vodafone.npc.core.handler.NPCProcessHandler.mainMode(NPCProcessHandler.java:666)
	at com.asset.vodafone.npc.core.handler.NPCProcessHandler.main(NPCProcessHandler.java:716)
Caused by: java.sql.SQLRecoverableException: Closed Connection
	at oracle.jdbc.driver.PhysicalConnection.needLine(PhysicalConnection.java:6291)
	at oracle.jdbc.driver.OracleStatement.closeOrCache(OracleStatement.java:1364)
	at oracle.jdbc.driver.OracleStatement.close(OracleStatement.java:1343)
	at oracle.jdbc.driver.OracleStatementWrapper.close(OracleStatementWrapper.java:100)
	at com.asset.vodafone.npc.core.dao.PortMessageDAO.getUnsentMessages(PortMessageDAO.java:423)
	at com.asset.vodafone.npc.core.dao.NPCMessageDAO.getUnsentMessages(NPCMessageDAO.java:400)
	at com.asset.vodafone.npc.core.service.NPCService.getUnsentMessages(NPCService.java:329)
	... 3 more

com.asset.vodafone.npc.core.exception.NPCException: [NPC_DATABASE_ERROR_04]: Error in Select statement Closed Connection
	at com.asset.vodafone.npc.core.service.NPCService.getUnsentMessages(NPCService.java:331)
	at com.asset.vodafone.npc.core.handler.NPCProcessHandler.sendPendingMessages(NPCProcessHandler.java:389)
	at com.asset.vodafone.npc.core.handler.NPCProcessHandler.mainMode(NPCProcessHandler.java:666)
	at com.asset.vodafone.npc.core.handler.NPCProcessHandler.main(NPCProcessHandler.java:716)
Caused by: java.sql.SQLRecoverableException: Closed Connection
	at oracle.jdbc.driver.PhysicalConnection.needLine(PhysicalConnection.java:6291)
	at oracle.jdbc.driver.OracleStatement.closeOrCache(OracleStatement.java:1364)
	at oracle.jdbc.driver.OracleStatement.close(OracleStatement.java:1343)
	at oracle.jdbc.driver.OracleStatementWrapper.close(OracleStatementWrapper.java:100)
	at com.asset.vodafone.npc.core.dao.PortMessageDAO.getUnsentMessages(PortMessageDAO.java:423)
	at com.asset.vodafone.npc.core.dao.NPCMessageDAO.getUnsentMessages(NPCMessageDAO.java:400)
	at com.asset.vodafone.npc.core.service.NPCService.getUnsentMessages(NPCService.java:329)
	... 3 common frames omitted
