08-07-2020 16:59:27.812 DEBUG [main]
				c.a.v.n.w.NPCWebServiceApplication.logStarting - Running with Spring Boot v1.4.2.RELEASE, Spring v4.3.4.RELEASE
08-07-2020 17:03:31.493 DEBUG [main]
				c.a.v.n.w.NPCWebServiceApplication.logStarting - Running with Spring Boot v1.4.2.RELEASE, Spring v4.3.4.RELEASE
08-07-2020 17:18:30.086 DEBUG [main]
				c.a.v.n.w.NPCWebServiceApplication.logStarting - Running with Spring Boot v1.4.2.RELEASE, Spring v4.3.4.RELEASE
08-07-2020 17:21:10.619 DEBUG [http-nio-9090-exec-8]
				c.a.v.npc.core.handler.NPCWSHandler.processNPCMessage - Start validating the web service credentail for user: voda 
08-07-2020 17:21:10.674 DEBUG [http-nio-9090-exec-8]
				c.a.v.npc.core.handler.NPCWSHandler.processNPCMessage - Validating service credential has been done successully for user : voda
08-07-2020 17:21:10.677 DEBUG [http-nio-9090-exec-8]
				c.a.v.npc.core.service.NPCService.getDBConnection - Start Initializing Database Connection..
08-07-2020 17:21:12.214 DEBUG [http-nio-9090-exec-8]
				c.a.v.npc.core.service.NPCService.getDBConnection - Initializing Database Connection has been done Successfully...
08-07-2020 17:21:12.215 DEBUG [http-nio-9090-exec-8]
				c.a.v.npc.core.handler.NPCWSHandler.processNPCMessage - Start Parsing Received Message from user : voda
08-07-2020 17:21:12.276 DEBUG [http-nio-9090-exec-8]
				c.a.v.npc.core.handler.NPCWSHandler.parseMessage - Loading XSD schema files to validate NPC message
08-07-2020 17:21:12.372 DEBUG [http-nio-9090-exec-8]
				c.a.v.npc.core.handler.NPCWSHandler.parseMessage - Start validating NPC message against xsd schema
08-07-2020 17:21:12.383 DEBUG [http-nio-9090-exec-8]
				c.a.v.npc.core.handler.NPCWSHandler.parseMessage - validating NPC message against XSD schema has been done successfully
08-07-2020 17:21:12.618 DEBUG [http-nio-9090-exec-8]
				c.a.v.npc.core.handler.NPCWSHandler.parsingAndUpdatingMessageTimeFrame - Parsing message XML  has done successfully with NPC Message ID: 4498768 
08-07-2020 17:21:12.771 DEBUG [http-nio-9090-exec-8]
				c.a.v.npc.core.service.NPCService.insertNPCMessage - Start inserting into NPC_MESSAGE table with NPC Message ID 4498768
08-07-2020 17:21:12.962 DEBUG [http-nio-9090-exec-8]
				c.a.v.npc.core.service.NPCService.insertNPCMessage - NPC message has been insterted into NPC_MESSAGE table successfully
08-07-2020 17:21:13.265 DEBUG [http-nio-9090-exec-8]
				c.a.v.npc.core.service.NPCService.insertNPCMessage - Start inserting into PORT_MESSAGE table with NPC Message ID 4498768
08-07-2020 17:21:13.442 DEBUG [http-nio-9090-exec-8]
				c.a.v.npc.core.service.NPCService.insertNPCMessage - NPC message has been insterted into PORT_MESSAGE table successfully
08-07-2020 17:21:13.443 DEBUG [http-nio-9090-exec-8]
				c.a.v.npc.core.service.NPCService.insertNPCMessage - Start inserting into SUBSCRIBER_DATA table with NPC Message ID 4498768
08-07-2020 17:21:13.613 DEBUG [http-nio-9090-exec-8]
				c.a.v.npc.core.service.NPCService.insertNPCMessage - Subscriber data has been inserted into SUBSCRIBER_DATA table successfully  
08-07-2020 17:21:13.614 DEBUG [http-nio-9090-exec-8]
				c.a.v.npc.core.service.NPCService.insertNPCMessage - Start inserting number data into NUMBERSTOPORT table with NPC Message ID 4498768
08-07-2020 17:21:13.778 DEBUG [http-nio-9090-exec-8]
				c.a.v.npc.core.service.NPCService.insertNPCMessage - Number data has been inserted into NUMBERSTOPORT table  successfully
08-07-2020 17:21:13.779 DEBUG [http-nio-9090-exec-8]
				c.a.v.npc.core.handler.NPCWSHandler.parsingAndUpdatingMessageTimeFrame - Inserting message into Database has done successfully with NPC Message ID: 4498768  and Internal Port ID: 4498344
08-07-2020 17:21:13.943 DEBUG [http-nio-9090-exec-8]
				c.a.v.npc.core.service.NPCService.updatePortData - Start Update PORT_DATA table 
08-07-2020 17:21:14.251 DEBUG [http-nio-9090-exec-8]
				c.a.v.npc.core.service.NPCService.updatePortData - Updating PORT_DATA table for NPC Message ID: 4498768  and Internal Port ID: 4498344 has been done successfully and the port Status updated with Status " 20-Request-R "
08-07-2020 17:22:29.949 DEBUG [main]
				c.a.v.n.w.NPCWebServiceApplication.logStarting - Running with Spring Boot v1.4.2.RELEASE, Spring v4.3.4.RELEASE
08-07-2020 17:24:57.860 DEBUG [main]
				c.a.v.n.w.NPCWebServiceApplication.logStarting - Running with Spring Boot v1.4.2.RELEASE, Spring v4.3.4.RELEASE
08-07-2020 17:27:46.874 DEBUG [main]
				c.a.v.n.w.NPCWebServiceApplication.logStarting - Running with Spring Boot v1.4.2.RELEASE, Spring v4.3.4.RELEASE
08-07-2020 17:28:43.977 DEBUG [main]
				c.a.v.n.w.NPCWebServiceApplication.logStarting - Running with Spring Boot v1.4.2.RELEASE, Spring v4.3.4.RELEASE
08-07-2020 17:34:22.955 DEBUG [main]
				c.a.v.n.w.NPCWebServiceApplication.logStarting - Running with Spring Boot v1.4.2.RELEASE, Spring v4.3.4.RELEASE
08-07-2020 17:39:17.147 DEBUG [main]
				c.a.v.n.w.NPCWebServiceApplication.logStarting - Running with Spring Boot v1.4.2.RELEASE, Spring v4.3.4.RELEASE
08-07-2020 17:40:58.409 DEBUG [main]
				c.a.v.n.w.NPCWebServiceApplication.logStarting - Running with Spring Boot v1.4.2.RELEASE, Spring v4.3.4.RELEASE
08-07-2020 17:49:09.936 DEBUG [main]
				c.a.v.n.w.NPCWebServiceApplication.logStarting - Running with Spring Boot v1.4.2.RELEASE, Spring v4.3.4.RELEASE
08-07-2020 17:50:31.304 DEBUG [http-nio-9090-exec-3]
				c.a.v.npc.core.handler.NPCWSHandler.processNPCMessage - Start validating the web service credentail for user: voda 
08-07-2020 17:50:31.308 DEBUG [http-nio-9090-exec-3]
				c.a.v.npc.core.handler.NPCWSHandler.processNPCMessage - Validating service credential has been done successully for user : voda
08-07-2020 17:50:31.311 DEBUG [http-nio-9090-exec-3]
				c.a.v.npc.core.service.NPCService.getDBConnection - Start Initializing Database Connection..
08-07-2020 17:50:32.811 DEBUG [http-nio-9090-exec-3]
				c.a.v.npc.core.service.NPCService.getDBConnection - Initializing Database Connection has been done Successfully...
08-07-2020 17:50:32.813 DEBUG [http-nio-9090-exec-3]
				c.a.v.npc.core.handler.NPCWSHandler.processNPCMessage - Start Parsing Received Message from user : voda
08-07-2020 17:50:32.874 DEBUG [http-nio-9090-exec-3]
				c.a.v.npc.core.handler.NPCWSHandler.parseMessage - Loading XSD schema files to validate NPC message
08-07-2020 17:50:32.912 DEBUG [http-nio-9090-exec-3]
				c.a.v.npc.core.handler.NPCWSHandler.parseMessage - Start validating NPC message against xsd schema
08-07-2020 17:50:32.980 DEBUG [http-nio-9090-exec-3]
				c.a.v.npc.core.handler.NPCWSHandler.parseMessage - validating NPC message against XSD schema has been done successfully
08-07-2020 17:50:33.219 DEBUG [http-nio-9090-exec-3]
				c.a.v.npc.core.handler.NPCWSHandler.parsingAndUpdatingMessageTimeFrame - Parsing message XML  has done successfully with NPC Message ID: 4498769 
08-07-2020 17:50:33.379 DEBUG [http-nio-9090-exec-3]
				c.a.v.npc.core.service.NPCService.insertNPCMessage - Start inserting into NPC_MESSAGE table with NPC Message ID 4498769
08-07-2020 17:50:33.583 DEBUG [http-nio-9090-exec-3]
				c.a.v.npc.core.service.NPCService.insertNPCMessage - NPC message has been insterted into NPC_MESSAGE table successfully
08-07-2020 17:50:33.877 DEBUG [http-nio-9090-exec-3]
				c.a.v.npc.core.service.NPCService.insertNPCMessage - Start inserting into PORT_MESSAGE table with NPC Message ID 4498769
08-07-2020 17:50:34.057 DEBUG [http-nio-9090-exec-3]
				c.a.v.npc.core.service.NPCService.insertNPCMessage - NPC message has been insterted into PORT_MESSAGE table successfully
08-07-2020 17:50:34.057 DEBUG [http-nio-9090-exec-3]
				c.a.v.npc.core.service.NPCService.insertNPCMessage - Start inserting into SUBSCRIBER_DATA table with NPC Message ID 4498769
08-07-2020 17:50:34.230 DEBUG [http-nio-9090-exec-3]
				c.a.v.npc.core.service.NPCService.insertNPCMessage - Subscriber data has been inserted into SUBSCRIBER_DATA table successfully  
08-07-2020 17:50:34.231 DEBUG [http-nio-9090-exec-3]
				c.a.v.npc.core.service.NPCService.insertNPCMessage - Start inserting number data into NUMBERSTOPORT table with NPC Message ID 4498769
08-07-2020 17:50:34.398 DEBUG [http-nio-9090-exec-3]
				c.a.v.npc.core.service.NPCService.insertNPCMessage - Number data has been inserted into NUMBERSTOPORT table  successfully
08-07-2020 17:50:34.398 DEBUG [http-nio-9090-exec-3]
				c.a.v.npc.core.handler.NPCWSHandler.parsingAndUpdatingMessageTimeFrame - Inserting message into Database has done successfully with NPC Message ID: 4498769  and Internal Port ID: 4498344
08-07-2020 17:50:34.568 DEBUG [http-nio-9090-exec-3]
				c.a.v.npc.core.service.NPCService.updatePortData - Start Update PORT_DATA table 
08-07-2020 17:50:34.924 DEBUG [http-nio-9090-exec-3]
				c.a.v.npc.core.service.NPCService.updatePortData - Updating PORT_DATA table for NPC Message ID: 4498769  and Internal Port ID: 4498344 has been done successfully and the port Status updated with Status " 20-Request-R "
08-07-2020 18:41:05.905 DEBUG [main]
				c.a.v.n.w.NPCWebServiceApplication.logStarting - Running with Spring Boot v1.4.2.RELEASE, Spring v4.3.4.RELEASE
08-07-2020 20:27:11.970 DEBUG [main]
				c.a.v.n.w.NPCWebServiceApplication.logStarting - Running with Spring Boot v1.4.2.RELEASE, Spring v4.3.4.RELEASE
08-07-2020 20:30:51.866 DEBUG [main]
				c.a.v.n.w.NPCWebServiceApplication.logStarting - Running with Spring Boot v1.4.2.RELEASE, Spring v4.3.4.RELEASE
08-07-2020 20:43:10.666 DEBUG [main]
				c.a.v.n.w.NPCWebServiceApplication.logStarting - Running with Spring Boot v1.4.2.RELEASE, Spring v4.3.4.RELEASE
08-07-2020 21:48:58.881 DEBUG [main]
				c.a.v.n.w.NPCWebServiceApplication.logStarting - Running with Spring Boot v1.4.2.RELEASE, Spring v4.3.4.RELEASE
08-07-2020 21:54:46.638 DEBUG [main]
				c.a.v.n.w.NPCWebServiceApplication.logStarting - Running with Spring Boot v1.4.2.RELEASE, Spring v4.3.4.RELEASE
