20-05-2020 13:01:24.031 DEBUG [main]  c.a.v.n.w.NPCWebServiceApplication.logStarting - Running with Spring Boot v1.4.2.RELEASE, Spring v4.3.4.RELEASE
20-05-2020 13:01:43.679 DEBUG [http-nio-9090-exec-1]  c.a.v.npc.core.handler.NPCWSHandler.processNPCMessage - NPC Message Request for user vodaand Received Message :<NPCData>
   <NPCMessages>
      <PortMessage>
         <MessageID>26262626</MessageID>
         <MessageCode>NPR</MessageCode>
         <ServiceType>MOBILE</ServiceType>
         <NumbersToPort>
            <NumberFrom>01099999999</NumberFrom>
            <NumberTo>01199999999</NumberTo>
            <DataNumber>0552280126</DataNumber>
            <FaxNumber>0704123456</FaxNumber>
         </NumbersToPort>
         <PortReqFormID>P20170423092999</PortReqFormID>
         <DonorID>Voda</DonorID>
         <RecipientID>Etis</RecipientID>
         <TransferFee>52.02</TransferFee>
         <AverageInvoiceFee>57.87</AverageInvoiceFee>
         <SubscriberData>
            <CompanyFlag>false</CompanyFlag>
            <CorporationName>Giza Systems</CorporationName>
            <Name>Ali Sami</Name>
            <AccountNum>33345</AccountNum>
            <SIMCardNum>89310410106543789301</SIMCardNum>
            <NIC>52404193527</NIC>
            <CNIC>6110123456789</CNIC>
            <PassportNum>C12345678</PassportNum>
            <OtherId>Senator</OtherId>
            <DateOfBirth>19930515</DateOfBirth>
            <ContactPhone>0552280126</ContactPhone>
            <Fax>0704123456</Fax>
            <City>Cairo</City>
            <Street>Farouk St</Street>
            <Number>1</Number>
            <Locality>Al Tahrir</Locality>
            <PostCode>123123</PostCode>
            <GroupID>My GroupID</GroupID>
            <AuthorizedPersonName>Rami Sad</AuthorizedPersonName>
            <CorporationAddress>Giza Systems</CorporationAddress>
            <CommercialRegistrationNum>002345</CommercialRegistrationNum>
            <TaxRegistrationNum>132544</TaxRegistrationNum>
         </SubscriberData>
         <Comments1>Comment1 Test</Comments1>
         <Comments2>Comment2 Test</Comments2>
      </PortMessage>
   </NPCMessages>
</NPCData>

20-05-2020 13:01:43.682 DEBUG [http-nio-9090-exec-1]  c.a.v.npc.core.service.NPCService.getDBConnection - Initializing a new Database Connection..
20-05-2020 13:01:45.432 DEBUG [http-nio-9090-exec-1]  c.a.v.npc.core.handler.NPCWSHandler.intializeDataBaseConnection - initializing Database Connection..
20-05-2020 13:01:45.452 DEBUG [http-nio-9090-exec-1]  c.a.v.npc.core.handler.NPCWSHandler.logRequest - MessageID: 26262626 | MessageCode: NPR | PortID:  | MSISDN: 01099999999 | Message TimeStamp: Wed May 20 13:01:45 EET 2020 | Message Type: Received | DonerID: Voda | RecipientID: Etis
20-05-2020 13:01:45.807 DEBUG [http-nio-9090-exec-1]  c.a.v.npc.core.handler.NPCWSHandler.parsingAndUpdatingMessageTimeFrame - Parsing message XML  has done successfully with NPC message id 4498422
20-05-2020 13:01:47.341 DEBUG [http-nio-9090-exec-1]  c.a.v.npc.core.handler.NPCWSHandler.parsingAndUpdatingMessageTimeFrame - Inserting message into Database has done successfully with NPC message id 4498422
20-05-2020 13:01:47.341 DEBUG [http-nio-9090-exec-1]  c.a.v.npc.core.handler.NPCWSHandler.parsingAndUpdatingMessageTimeFrame - Updating time frames for NPC message id 4498422 has done successfully
20-05-2020 13:01:48.074 DEBUG [http-nio-9090-exec-1]  c.a.v.npc.core.handler.NPCWSHandler.callUpdatePortDataAndprocessActivationAndDeactivation - Updating port information for NPC message id 4498422 has done successfully
20-05-2020 13:01:48.075 DEBUG [http-nio-9090-exec-1]  c.a.v.npc.core.handler.NPCWSHandler.callUpdatePortDataAndprocessActivationAndDeactivation - The process of inserting into PORT_ACTIVATION_STATUS and PORT_DISCONNECT_STATUS in case of message code is NP_ACTIVATED_STATUS_MESSAGE or NP_DEACT_STATUS for NPC message id 4498422 has completed...
20-05-2020 13:01:48.520 DEBUG [http-nio-9090-exec-1]  c.a.v.npc.core.handler.NPCWSHandler.saveSyncMessage - The process of inserting or removing from SYNC table for NPC message id 4498422 has completed...
20-05-2020 13:01:48.520 DEBUG [http-nio-9090-exec-1]  c.a.v.npc.core.handler.NPCWSHandler.saveSyncMessage - The process of inserting into SYNC History table for NPC message id 4498422 has completed...
20-05-2020 13:01:48.521 DEBUG [http-nio-9090-exec-1]  c.a.v.npc.core.handler.NPCWSHandler.processNPCMessage - Returned Message =success
20-05-2020 13:27:19.553 DEBUG [main]  c.a.v.n.w.NPCWebServiceApplication.logStarting - Running with Spring Boot v1.4.2.RELEASE, Spring v4.3.4.RELEASE
20-05-2020 13:28:02.768 DEBUG [http-nio-9090-exec-1]  c.a.v.npc.core.handler.NPCWSHandler.processNPCMessage - NPC Message Request for user vodaand Received Message :<NPCData>
   <NPCMessages>
      <PortMessage>
         <MessageID>93939393</MessageID>
         <MessageCode>NPR</MessageCode>
         <ServiceType>MOBILE</ServiceType>
         <NumbersToPort>
            <NumberFrom>01099999999</NumberFrom>
            <NumberTo>01199999999</NumberTo>
            <DataNumber>0552280126</DataNumber>
            <FaxNumber>0704123456</FaxNumber>
         </NumbersToPort>
         <PortReqFormID>P20170423092999</PortReqFormID>
         <DonorID>Voda</DonorID>
         <RecipientID>Etis</RecipientID>
         <TransferFee>52.02</TransferFee>
         <AverageInvoiceFee>57.87</AverageInvoiceFee>
         <SubscriberData>
            <CompanyFlag>false</CompanyFlag>
            <CorporationName>Giza Systems</CorporationName>
            <Name>Ali Sami</Name>
            <AccountNum>33345</AccountNum>
            <SIMCardNum>89310410106543789301</SIMCardNum>
            <NIC>52404193527</NIC>
            <CNIC>6110123456789</CNIC>
            <PassportNum>C12345678</PassportNum>
            <OtherId>Senator</OtherId>
            <DateOfBirth>19930515</DateOfBirth>
            <ContactPhone>0552280126</ContactPhone>
            <Fax>0704123456</Fax>
            <City>Cairo</City>
            <Street>Farouk St</Street>
            <Number>1</Number>
            <Locality>Al Tahrir</Locality>
            <PostCode>123123</PostCode>
            <GroupID>My GroupID</GroupID>
            <AuthorizedPersonName>Rami Sad</AuthorizedPersonName>
            <CorporationAddress>Giza Systems</CorporationAddress>
            <CommercialRegistrationNum>002345</CommercialRegistrationNum>
            <TaxRegistrationNum>132544</TaxRegistrationNum>
         </SubscriberData>
         <Comments1>Comment1 Test</Comments1>
         <Comments2>Comment2 Test</Comments2>
      </PortMessage>
   </NPCMessages>
</NPCData>

20-05-2020 13:28:02.771 DEBUG [http-nio-9090-exec-1]  c.a.v.npc.core.service.NPCService.getDBConnection - Initializing a new Database Connection..
20-05-2020 13:28:05.217 DEBUG [http-nio-9090-exec-1]  c.a.v.npc.core.handler.NPCWSHandler.intializeDataBaseConnection - initializing Database Connection..
20-05-2020 13:28:05.223 DEBUG [http-nio-9090-exec-1]  c.a.v.npc.core.handler.NPCWSHandler.logRequest - MessageID: 93939393 | MessageCode: NPR | PortID:  | MSISDN: 01099999999 | Message TimeStamp: Wed May 20 13:28:05 EET 2020 | Message Type: Received | DonerID: Voda | RecipientID: Etis
20-05-2020 13:28:05.564 DEBUG [http-nio-9090-exec-1]  c.a.v.npc.core.handler.NPCWSHandler.parsingAndUpdatingMessageTimeFrame - Parsing message XML  has done successfully with NPC message id 4498423
20-05-2020 13:28:07.048 DEBUG [http-nio-9090-exec-1]  c.a.v.npc.core.handler.NPCWSHandler.parsingAndUpdatingMessageTimeFrame - Inserting message into Database has done successfully with NPC message id 4498423
20-05-2020 13:28:07.048 DEBUG [http-nio-9090-exec-1]  c.a.v.npc.core.handler.NPCWSHandler.parsingAndUpdatingMessageTimeFrame - Updating time frames for NPC message id 4498423 has done successfully
20-05-2020 13:28:07.491 DEBUG [http-nio-9090-exec-1]  c.a.v.npc.core.handler.NPCWSHandler.callUpdatePortDataAndprocessActivationAndDeactivation - Updating port information for NPC message id 4498423 has done successfully
20-05-2020 13:28:07.492 DEBUG [http-nio-9090-exec-1]  c.a.v.npc.core.handler.NPCWSHandler.callUpdatePortDataAndprocessActivationAndDeactivation - The process of inserting into PORT_ACTIVATION_STATUS and PORT_DISCONNECT_STATUS in case of message code is NP_ACTIVATED_STATUS_MESSAGE or NP_DEACT_STATUS for NPC message id 4498423 has completed...
20-05-2020 13:28:07.925 DEBUG [http-nio-9090-exec-1]  c.a.v.npc.core.handler.NPCWSHandler.saveSyncMessage - The process of inserting or removing from SYNC table for NPC message id 4498423 has completed...
20-05-2020 13:28:07.926 DEBUG [http-nio-9090-exec-1]  c.a.v.npc.core.handler.NPCWSHandler.saveSyncMessage - The process of inserting into SYNC History table for NPC message id 4498423 has completed...
20-05-2020 13:28:07.927 DEBUG [http-nio-9090-exec-1]  c.a.v.npc.core.handler.NPCWSHandler.processNPCMessage - Returned Message =success
20-05-2020 13:29:37.441 DEBUG [http-nio-9090-exec-3]  c.a.v.npc.core.handler.NPCWSHandler.processNPCMessage - NPC Message Request for user vodaand Received Message :<NPCData>
   <NPCMessages>
      <PortMessage>
         <MessageID>93939393</MessageID>
         <MessageCode>NPR</MessageCode>
         <ServiceType>MOBILE</ServiceType>
         <NumbersToPort>
            <NumberFrom>01099999999</NumberFrom>
            <NumberTo>01199999999</NumberTo>
            <DataNumber>0552280126</DataNumber>
            <FaxNumber>0704123456</FaxNumber>
         </NumbersToPort>
         <PortReqFormID>P20170423092999</PortReqFormID>
         <DonorID>Voda</DonorID>
         <RecipientID>Etis</RecipientID>
         <TransferFee>52.02</TransferFee>
         <AverageInvoiceFee>57.87</AverageInvoiceFee>
         <SubscriberData>
            <CompanyFlag>false</CompanyFlag>
            <CorporationName>Giza Systems</CorporationName>
            <Name>Ali Sami</Name>
            <AccountNum>33345</AccountNum>
            <SIMCardNum>89310410106543789301</SIMCardNum>
            <NIC>52404193527</NIC>
            <CNIC>6110123456789</CNIC>
            <PassportNum>C12345678</PassportNum>
            <OtherId>Senator</OtherId>
            <DateOfBirth>19930515</DateOfBirth>
            <ContactPhone>0552280126</ContactPhone>
            <Fax>0704123456</Fax>
            <City>Cairo</City>
            <Street>Farouk St</Street>
            <Number>1</Number>
            <Locality>Al Tahrir</Locality>
            <PostCode>123123</PostCode>
            <GroupID>My GroupID</GroupID>
            <AuthorizedPersonName>Rami Sad</AuthorizedPersonName>
            <CorporationAddress>Giza Systems</CorporationAddress>
            <CommercialRegistrationNum>002345</CommercialRegistrationNum>
            <TaxRegistrationNum>132544</TaxRegistrationNum>
         </SubscriberData>
         <Comments1>Comment1 Test</Comments1>
         <Comments2>Comment2 Test</Comments2>
      </PortMessage>
   </NPCMessages>
</NPCData>

20-05-2020 13:29:37.442 DEBUG [http-nio-9090-exec-3]  c.a.v.npc.core.handler.NPCWSHandler.intializeDataBaseConnection - initializing Database Connection..
20-05-2020 13:29:37.444 DEBUG [http-nio-9090-exec-3]  c.a.v.npc.core.handler.NPCWSHandler.logRequest - MessageID: 93939393 | MessageCode: NPR | PortID:  | MSISDN: 01099999999 | Message TimeStamp: Wed May 20 13:29:37 EET 2020 | Message Type: Received | DonerID: Voda | RecipientID: Etis
20-05-2020 13:29:37.963 DEBUG [http-nio-9090-exec-3]  c.a.v.npc.core.handler.NPCWSHandler.parsingAndUpdatingMessageTimeFrame - Parsing message XML  has done successfully with NPC message id 4498424
20-05-2020 13:29:39.418 DEBUG [http-nio-9090-exec-3]  c.a.v.npc.core.handler.NPCWSHandler.parsingAndUpdatingMessageTimeFrame - Inserting message into Database has done successfully with NPC message id 4498424
20-05-2020 13:29:39.419 DEBUG [http-nio-9090-exec-3]  c.a.v.npc.core.handler.NPCWSHandler.parsingAndUpdatingMessageTimeFrame - Updating time frames for NPC message id 4498424 has done successfully
20-05-2020 13:29:39.834 DEBUG [http-nio-9090-exec-3]  c.a.v.npc.core.handler.NPCWSHandler.callUpdatePortDataAndprocessActivationAndDeactivation - Updating port information for NPC message id 4498424 has done successfully
20-05-2020 13:29:39.835 DEBUG [http-nio-9090-exec-3]  c.a.v.npc.core.handler.NPCWSHandler.callUpdatePortDataAndprocessActivationAndDeactivation - The process of inserting into PORT_ACTIVATION_STATUS and PORT_DISCONNECT_STATUS in case of message code is NP_ACTIVATED_STATUS_MESSAGE or NP_DEACT_STATUS for NPC message id 4498424 has completed...
20-05-2020 13:29:40.116 DEBUG [http-nio-9090-exec-3]  c.a.v.npc.core.handler.NPCWSHandler.saveSyncMessage - The process of inserting or removing from SYNC table for NPC message id 4498424 has completed...
20-05-2020 13:29:40.116 DEBUG [http-nio-9090-exec-3]  c.a.v.npc.core.handler.NPCWSHandler.saveSyncMessage - The process of inserting into SYNC History table for NPC message id 4498424 has completed...
20-05-2020 13:29:40.117 DEBUG [http-nio-9090-exec-3]  c.a.v.npc.core.handler.NPCWSHandler.processNPCMessage - Returned Message =success
20-05-2020 15:03:05.865 DEBUG [http-nio-9090-exec-5]  c.a.v.npc.core.handler.NPCWSHandler.processNPCMessage - NPC Message Request for user vodaand Received Message :<NPCData>
   <NPCMessages>
      <PortMessage>
         <MessageID>93939393</MessageID>
         <MessageCode>NPR</MessageCode>
         <ServiceType>MOBILE</ServiceType>
         <NumbersToPort>
            <NumberFrom>01099999999</NumberFrom>
            <NumberTo>01199999999</NumberTo>
            <DataNumber>0552280126</DataNumber>
            <FaxNumber>0704123456</FaxNumber>
         </NumbersToPort>
         <PortReqFormID>P20170423092999</PortReqFormID>
         <DonorID>Voda</DonorID>
         <RecipientID>Etis</RecipientID>
         <TransferFee>52.02</TransferFee>
         <AverageInvoiceFee>57.87</AverageInvoiceFee>
         <SubscriberData>
            <CompanyFlag>false</CompanyFlag>
            <CorporationName>Giza Systems</CorporationName>
            <Name>Ali Sami</Name>
            <AccountNum>33345</AccountNum>
            <SIMCardNum>89310410106543789301</SIMCardNum>
            <NIC>52404193527</NIC>
            <CNIC>6110123456789</CNIC>
            <PassportNum>C12345678</PassportNum>
            <OtherId>Senator</OtherId>
            <DateOfBirth>19930515</DateOfBirth>
            <ContactPhone>0552280126</ContactPhone>
            <Fax>0704123456</Fax>
            <City>Cairo</City>
            <Street>Farouk St</Street>
            <Number>1</Number>
            <Locality>Al Tahrir</Locality>
            <PostCode>123123</PostCode>
            <GroupID>My GroupID</GroupID>
            <AuthorizedPersonName>Rami Sad</AuthorizedPersonName>
            <CorporationAddress>Giza Systems</CorporationAddress>
            <CommercialRegistrationNum>002345</CommercialRegistrationNum>
            <TaxRegistrationNum>132544</TaxRegistrationNum>
         </SubscriberData>
         <Comments1>Comment1 Test</Comments1>
         <Comments2>Comment2 Test</Comments2>
      </PortMessage>
   </NPCMessages>
</NPCData>

20-05-2020 15:03:05.866 DEBUG [http-nio-9090-exec-5]  c.a.v.npc.core.handler.NPCWSHandler.intializeDataBaseConnection - initializing Database Connection..
20-05-2020 15:03:05.867 DEBUG [http-nio-9090-exec-5]  c.a.v.npc.core.handler.NPCWSHandler.logRequest - MessageID: 93939393 | MessageCode: NPR | PortID:  | MSISDN: 01099999999 | Message TimeStamp: Wed May 20 15:03:05 EET 2020 | Message Type: Received | DonerID: Voda | RecipientID: Etis
20-05-2020 15:03:24.277 DEBUG [http-nio-9090-exec-6]  c.a.v.npc.core.handler.NPCWSHandler.processNPCMessage - NPC Message Request for user vodaand Received Message :<NPCData>
   <NPCMessages>
      <PortMessage>
         <MessageID>93939393</MessageID>
         <MessageCode>NPR</MessageCode>
         <ServiceType>MOBILE</ServiceType>
         <NumbersToPort>
            <NumberFrom>01099999999</NumberFrom>
            <NumberTo>01199999999</NumberTo>
            <DataNumber>0552280126</DataNumber>
            <FaxNumber>0704123456</FaxNumber>
         </NumbersToPort>
         <PortReqFormID>P20170423092999</PortReqFormID>
         <DonorID>Voda</DonorID>
         <RecipientID>Etis</RecipientID>
         <TransferFee>52.02</TransferFee>
         <AverageInvoiceFee>57.87</AverageInvoiceFee>
         <SubscriberData>
            <CompanyFlag>false</CompanyFlag>
            <CorporationName>Giza Systems</CorporationName>
            <Name>Ali Sami</Name>
            <AccountNum>33345</AccountNum>
            <SIMCardNum>89310410106543789301</SIMCardNum>
            <NIC>52404193527</NIC>
            <CNIC>6110123456789</CNIC>
            <PassportNum>C12345678</PassportNum>
            <OtherId>Senator</OtherId>
            <DateOfBirth>19930515</DateOfBirth>
            <ContactPhone>0552280126</ContactPhone>
            <Fax>0704123456</Fax>
            <City>Cairo</City>
            <Street>Farouk St</Street>
            <Number>1</Number>
            <Locality>Al Tahrir</Locality>
            <PostCode>123123</PostCode>
            <GroupID>My GroupID</GroupID>
            <AuthorizedPersonName>Rami Sad</AuthorizedPersonName>
            <CorporationAddress>Giza Systems</CorporationAddress>
            <CommercialRegistrationNum>002345</CommercialRegistrationNum>
            <TaxRegistrationNum>132544</TaxRegistrationNum>
         </SubscriberData>
         <Comments1>Comment1 Test</Comments1>
         <Comments2>Comment2 Test</Comments2>
      </PortMessage>
   </NPCMessages>
</NPCData>

20-05-2020 15:03:24.277 DEBUG [http-nio-9090-exec-6]  c.a.v.npc.core.service.NPCService.getDBConnection - Initializing a new Database Connection..
20-05-2020 15:03:25.736 DEBUG [http-nio-9090-exec-6]  c.a.v.npc.core.handler.NPCWSHandler.intializeDataBaseConnection - initializing Database Connection..
20-05-2020 15:03:25.740 DEBUG [http-nio-9090-exec-6]  c.a.v.npc.core.handler.NPCWSHandler.logRequest - MessageID: 93939393 | MessageCode: NPR | PortID:  | MSISDN: 01099999999 | Message TimeStamp: Wed May 20 15:03:25 EET 2020 | Message Type: Received | DonerID: Voda | RecipientID: Etis
20-05-2020 15:03:25.967 DEBUG [http-nio-9090-exec-6]  c.a.v.npc.core.handler.NPCWSHandler.parsingAndUpdatingMessageTimeFrame - Parsing message XML  has done successfully with NPC message id 4498425
20-05-2020 15:03:26.936 DEBUG [http-nio-9090-exec-6]  c.a.v.npc.core.handler.NPCWSHandler.parsingAndUpdatingMessageTimeFrame - Inserting message into Database has done successfully with NPC message id 4498425
20-05-2020 15:03:26.936 DEBUG [http-nio-9090-exec-6]  c.a.v.npc.core.handler.NPCWSHandler.parsingAndUpdatingMessageTimeFrame - Updating time frames for NPC message id 4498425 has done successfully
20-05-2020 15:03:27.401 DEBUG [http-nio-9090-exec-6]  c.a.v.npc.core.handler.NPCWSHandler.callUpdatePortDataAndprocessActivationAndDeactivation - Updating port information for NPC message id 4498425 has done successfully
20-05-2020 15:03:27.402 DEBUG [http-nio-9090-exec-6]  c.a.v.npc.core.handler.NPCWSHandler.callUpdatePortDataAndprocessActivationAndDeactivation - The process of inserting into PORT_ACTIVATION_STATUS and PORT_DISCONNECT_STATUS in case of message code is NP_ACTIVATED_STATUS_MESSAGE or NP_DEACT_STATUS for NPC message id 4498425 has completed...
20-05-2020 15:03:27.559 DEBUG [http-nio-9090-exec-6]  c.a.v.npc.core.handler.NPCWSHandler.saveSyncMessage - The process of inserting or removing from SYNC table for NPC message id 4498425 has completed...
20-05-2020 15:03:27.560 DEBUG [http-nio-9090-exec-6]  c.a.v.npc.core.handler.NPCWSHandler.saveSyncMessage - The process of inserting into SYNC History table for NPC message id 4498425 has completed...
20-05-2020 15:03:27.561 DEBUG [http-nio-9090-exec-6]  c.a.v.npc.core.handler.NPCWSHandler.processNPCMessage - Returned Message =success
20-05-2020 15:05:37.070 DEBUG [http-nio-9090-exec-8]  c.a.v.npc.core.handler.NPCWSHandler.processNPCMessage - NPC Message Request for user vodaand Received Message :<NPCData>
   <NPCMessages>
      <PortMessage>
         <MessageID>AD1202</MessageID>
         <MessageCode>NPR</MessageCode>
         <ServiceType>MOBILE</ServiceType>
         <NumbersToPort>
            <NumberFrom>01011234575</NumberFrom>
            <NumberTo>01011234575</NumberTo>
            <DataNumber>0552280126</DataNumber>
            <FaxNumber>0704123456</FaxNumber>
         </NumbersToPort>
         <PortReqFormID>P993F0S2641AF</PortReqFormID>
         <DonorID>Voda</DonorID>
         <RecipientID>Mobi</RecipientID>
         <TransferFee>52.02</TransferFee>
         <AverageInvoiceFee>57.87</AverageInvoiceFee>
         <SubscriberData>
            <CompanyFlag>false</CompanyFlag>
            <CorporationName>Giza Systems</CorporationName>
            <Name>Ali Sami</Name>
            <AccountNum>33345</AccountNum>
            <SIMCardNum>89310410106543789301</SIMCardNum>
            <NIC>52404193527</NIC>
            <CNIC>6110123456789</CNIC>
            <PassportNum>C12345678</PassportNum>
            <OtherId>Senator</OtherId>
            <DateOfBirth>19930515</DateOfBirth>
            <ContactPhone>0552280126</ContactPhone>
            <Fax>0704123456</Fax>
            <City>Cairo</City>
            <Street>Farouk St</Street>
            <Number>1</Number>
            <Locality>Al Tahrir</Locality>
            <PostCode>123123</PostCode>
            <GroupID>My GroupID</GroupID>
            <AuthorizedPersonName>Rami Sad</AuthorizedPersonName>
            <CorporationAddress>Giza Systems</CorporationAddress>
            <CommercialRegistrationNum>002345</CommercialRegistrationNum>
            <TaxRegistrationNum>132544</TaxRegistrationNum>
         </SubscriberData>
         <Comments1>Comment1 Test</Comments1>
         <Comments2>Comment2 Test</Comments2>
      </PortMessage>
   </NPCMessages>
</NPCData>

20-05-2020 15:05:37.071 DEBUG [http-nio-9090-exec-8]  c.a.v.npc.core.handler.NPCWSHandler.intializeDataBaseConnection - initializing Database Connection..
20-05-2020 15:05:37.073 DEBUG [http-nio-9090-exec-8]  c.a.v.npc.core.handler.NPCWSHandler.logRequest - MessageID: AD1202 | MessageCode: NPR | PortID:  | MSISDN: 01011234575 | Message TimeStamp: Wed May 20 15:05:37 EET 2020 | Message Type: Received | DonerID: Voda | RecipientID: Mobi
20-05-2020 15:05:37.295 DEBUG [http-nio-9090-exec-8]  c.a.v.npc.core.handler.NPCWSHandler.parsingAndUpdatingMessageTimeFrame - Parsing message XML  has done successfully with NPC message id 4498426
20-05-2020 15:05:39.452 DEBUG [http-nio-9090-exec-8]  c.a.v.npc.core.handler.NPCWSHandler.parsingAndUpdatingMessageTimeFrame - Inserting message into Database has done successfully with NPC message id 4498426
20-05-2020 15:05:39.453 DEBUG [http-nio-9090-exec-8]  c.a.v.npc.core.handler.NPCWSHandler.parsingAndUpdatingMessageTimeFrame - Updating time frames for NPC message id 4498426 has done successfully
20-05-2020 15:05:40.080 DEBUG [http-nio-9090-exec-8]  c.a.v.npc.core.handler.NPCWSHandler.callUpdatePortDataAndprocessActivationAndDeactivation - Updating port information for NPC message id 4498426 has done successfully
20-05-2020 15:05:40.081 DEBUG [http-nio-9090-exec-8]  c.a.v.npc.core.handler.NPCWSHandler.callUpdatePortDataAndprocessActivationAndDeactivation - The process of inserting into PORT_ACTIVATION_STATUS and PORT_DISCONNECT_STATUS in case of message code is NP_ACTIVATED_STATUS_MESSAGE or NP_DEACT_STATUS for NPC message id 4498426 has completed...
20-05-2020 15:05:40.242 DEBUG [http-nio-9090-exec-8]  c.a.v.npc.core.handler.NPCWSHandler.saveSyncMessage - The process of inserting or removing from SYNC table for NPC message id 4498426 has completed...
20-05-2020 15:05:40.243 DEBUG [http-nio-9090-exec-8]  c.a.v.npc.core.handler.NPCWSHandler.saveSyncMessage - The process of inserting into SYNC History table for NPC message id 4498426 has completed...
20-05-2020 15:05:40.243 DEBUG [http-nio-9090-exec-8]  c.a.v.npc.core.handler.NPCWSHandler.processNPCMessage - Returned Message =success
20-05-2020 15:07:01.725 DEBUG [http-nio-9090-exec-10]  c.a.v.npc.core.handler.NPCWSHandler.processNPCMessage - NPC Message Request for user vodaand Received Message :<NPCData>
   <NPCMessages>
      <PortMessage>
         <MessageID>AD1202</MessageID>
         <MessageCode>NPR</MessageCode>
         <ServiceType>MOBILE</ServiceType>
         <PortID>P201704230921270130</PortID>
         <NumbersToPort>
            <NumberFrom>01011234575</NumberFrom>
            <NumberTo>01011234575</NumberTo>
            <DataNumber>0552280126</DataNumber>
            <FaxNumber>0704123456</FaxNumber>
         </NumbersToPort>
         <PortReqFormID>P993F0S2641AF</PortReqFormID>
         <DonorID>Voda</DonorID>
         <RecipientID>Mobi</RecipientID>
         <OriginatorID>NPDB</OriginatorID>
         <ResponseDueDate>20170515043721</ResponseDueDate>
         <NewRoute>Mobi_Net</NewRoute>
         <TransferFee>52.02</TransferFee>
         <AverageInvoiceFee>57.87</AverageInvoiceFee>
         <SubscriberData>
            <CompanyFlag>false</CompanyFlag>
            <CorporationName>Giza Systems</CorporationName>
            <Name>Ali Sami</Name>
            <AccountNum>33345</AccountNum>
            <SIMCardNum>89310410106543789301</SIMCardNum>
            <NIC>52404193527</NIC>
            <CNIC>6110123456789</CNIC>
            <PassportNum>C12345678</PassportNum>
            <OtherId>Senator</OtherId>
            <DateOfBirth>19930515</DateOfBirth>
            <ContactPhone>0552280126</ContactPhone>
            <Fax>0704123456</Fax>
            <City>Cairo</City>
            <Street>Farouk St</Street>
            <Number>1</Number>
            <Locality>Al Tahrir</Locality>
            <PostCode>123123</PostCode>
            <GroupID>My GroupID</GroupID>
            <AuthorizedPersonName>Rami Sad</AuthorizedPersonName>
            <CorporationAddress>Giza Systems</CorporationAddress>
            <CommercialRegistrationNum>002345</CommercialRegistrationNum>
            <TaxRegistrationNum>132544</TaxRegistrationNum>
         </SubscriberData>
         <Comments1>Comment1 Test</Comments1>
         <Comments2>Comment2 Test</Comments2>
      </PortMessage>
   </NPCMessages>
</NPCData>

20-05-2020 15:07:01.726 DEBUG [http-nio-9090-exec-10]  c.a.v.npc.core.handler.NPCWSHandler.intializeDataBaseConnection - initializing Database Connection..
20-05-2020 15:07:01.729 DEBUG [http-nio-9090-exec-10]  c.a.v.npc.core.handler.NPCWSHandler.logRequest - MessageID: AD1202 | MessageCode: NPR | PortID: P201704230921270130 | MSISDN: 01011234575 | Message TimeStamp: Wed May 20 15:07:01 EET 2020 | Message Type: Received | DonerID: Voda | RecipientID: Mobi
20-05-2020 15:07:01.941 DEBUG [http-nio-9090-exec-10]  c.a.v.npc.core.handler.NPCWSHandler.parsingAndUpdatingMessageTimeFrame - Parsing message XML  has done successfully with NPC message id 4498427
20-05-2020 15:07:03.127 DEBUG [http-nio-9090-exec-10]  c.a.v.npc.core.handler.NPCWSHandler.parsingAndUpdatingMessageTimeFrame - Inserting message into Database has done successfully with NPC message id 4498427
20-05-2020 15:07:03.128 DEBUG [http-nio-9090-exec-10]  c.a.v.npc.core.handler.NPCWSHandler.parsingAndUpdatingMessageTimeFrame - Updating time frames for NPC message id 4498427 has done successfully
20-05-2020 15:07:03.573 DEBUG [http-nio-9090-exec-10]  c.a.v.npc.core.handler.NPCWSHandler.callUpdatePortDataAndprocessActivationAndDeactivation - Updating port information for NPC message id 4498427 has done successfully
20-05-2020 15:07:03.574 DEBUG [http-nio-9090-exec-10]  c.a.v.npc.core.handler.NPCWSHandler.callUpdatePortDataAndprocessActivationAndDeactivation - The process of inserting into PORT_ACTIVATION_STATUS and PORT_DISCONNECT_STATUS in case of message code is NP_ACTIVATED_STATUS_MESSAGE or NP_DEACT_STATUS for NPC message id 4498427 has completed...
20-05-2020 15:07:03.724 DEBUG [http-nio-9090-exec-10]  c.a.v.npc.core.handler.NPCWSHandler.saveSyncMessage - The process of inserting or removing from SYNC table for NPC message id 4498427 has completed...
20-05-2020 15:07:03.724 DEBUG [http-nio-9090-exec-10]  c.a.v.npc.core.handler.NPCWSHandler.saveSyncMessage - The process of inserting into SYNC History table for NPC message id 4498427 has completed...
20-05-2020 15:07:03.725 DEBUG [http-nio-9090-exec-10]  c.a.v.npc.core.handler.NPCWSHandler.processNPCMessage - Returned Message =success
20-05-2020 17:42:32.063 DEBUG [main]  c.a.v.n.w.NPCWebServiceApplication.logStarting - Running with Spring Boot v1.4.2.RELEASE, Spring v4.3.4.RELEASE
20-05-2020 17:42:39.120 DEBUG [http-nio-9090-exec-1]  c.a.v.npc.core.handler.NPCWSHandler.processNPCMessage - NPC Message Request for user vodaand Received Message :<NPCData>
   <NPCMessages>
      <PortMessage>
         <MessageID>AD1202</MessageID>
         <MessageCode>NPR</MessageCode>
         <ServiceType>MOBILE</ServiceType>
         <PortID>P201704230921270130</PortID>
         <NumbersToPort>
            <NumberFrom>01011234575</NumberFrom>
            <NumberTo>01011234575</NumberTo>
            <DataNumber>0552280126</DataNumber>
            <FaxNumber>0704123456</FaxNumber>
         </NumbersToPort>
         <PortReqFormID>P993F0S2641AF</PortReqFormID>
         <DonorID>Voda</DonorID>
         <RecipientID>Mobi</RecipientID>
         <OriginatorID>NPDB</OriginatorID>
         <ResponseDueDate>20170515043721</ResponseDueDate>
         <NewRoute>Mobi_Net</NewRoute>
         <TransferFee>52.02</TransferFee>
         <AverageInvoiceFee>57.87</AverageInvoiceFee>
         <SubscriberData>
            <CompanyFlag>false</CompanyFlag>
            <CorporationName>Giza Systems</CorporationName>
            <Name>Ali Sami</Name>
            <AccountNum>33345</AccountNum>
            <SIMCardNum>89310410106543789301</SIMCardNum>
            <NIC>52404193527</NIC>
            <CNIC>6110123456789</CNIC>
            <PassportNum>C12345678</PassportNum>
            <OtherId>Senator</OtherId>
            <DateOfBirth>19930515</DateOfBirth>
            <ContactPhone>0552280126</ContactPhone>
            <Fax>0704123456</Fax>
            <City>Cairo</City>
            <Street>Farouk St</Street>
            <Number>1</Number>
            <Locality>Al Tahrir</Locality>
            <PostCode>123123</PostCode>
            <GroupID>My GroupID</GroupID>
            <AuthorizedPersonName>Rami Sad</AuthorizedPersonName>
            <CorporationAddress>Giza Systems</CorporationAddress>
            <CommercialRegistrationNum>002345</CommercialRegistrationNum>
            <TaxRegistrationNum>132544</TaxRegistrationNum>
         </SubscriberData>
         <Comments1>Comment1 Test</Comments1>
         <Comments2>Comment2 Test</Comments2>
      </PortMessage>
   </NPCMessages>
</NPCData>

20-05-2020 17:42:39.121 DEBUG [http-nio-9090-exec-1]  c.a.v.npc.core.service.NPCService.getDBConnection - Initializing a new Database Connection..
20-05-2020 17:47:46.908 DEBUG [http-nio-9090-exec-3]  c.a.v.npc.core.handler.NPCWSHandler.processNPCMessage - NPC Message Request for user vodaand Received Message :<NPCData>
   <NPCMessages>
      <PortMessage>
         <MessageID>AD1203</MessageID>
         <MessageCode>NPR</MessageCode>
         <ServiceType>MOBILE</ServiceType>
         <PortID>P201704230921270130</PortID>
         <NumbersToPort>
            <NumberFrom>01011234575</NumberFrom>
            <NumberTo>01011234575</NumberTo>
            <DataNumber>0552280126</DataNumber>
            <FaxNumber>0704123456</FaxNumber>
         </NumbersToPort>
         <PortReqFormID>P993F0S2641AF</PortReqFormID>
         <DonorID>Voda</DonorID>
         <RecipientID>Mobi</RecipientID>
         <OriginatorID>NPDB</OriginatorID>
         <ResponseDueDate>20170515043721</ResponseDueDate>
         <NewRoute>Mobi_Net</NewRoute>
         <TransferFee>52.02</TransferFee>
         <AverageInvoiceFee>57.87</AverageInvoiceFee>
         <SubscriberData>
            <CompanyFlag>false</CompanyFlag>
            <CorporationName>Giza Systems</CorporationName>
            <Name>Ali Sami</Name>
            <AccountNum>33345</AccountNum>
            <SIMCardNum>89310410106543789301</SIMCardNum>
            <NIC>52404193527</NIC>
            <CNIC>6110123456789</CNIC>
            <PassportNum>C12345678</PassportNum>
            <OtherId>Senator</OtherId>
            <DateOfBirth>19930515</DateOfBirth>
            <ContactPhone>0552280126</ContactPhone>
            <Fax>0704123456</Fax>
            <City>Cairo</City>
            <Street>Farouk St</Street>
            <Number>1</Number>
            <Locality>Al Tahrir</Locality>
            <PostCode>123123</PostCode>
            <GroupID>My GroupID</GroupID>
            <AuthorizedPersonName>Rami Sad</AuthorizedPersonName>
            <CorporationAddress>Giza Systems</CorporationAddress>
            <CommercialRegistrationNum>002345</CommercialRegistrationNum>
            <TaxRegistrationNum>132544</TaxRegistrationNum>
         </SubscriberData>
         <Comments1>Comment1 Test</Comments1>
         <Comments2>Comment2 Test</Comments2>
      </PortMessage>
   </NPCMessages>
</NPCData>

20-05-2020 17:47:46.908 DEBUG [http-nio-9090-exec-3]  c.a.v.npc.core.service.NPCService.getDBConnection - Initializing a new Database Connection..
20-05-2020 17:47:48.327 DEBUG [http-nio-9090-exec-3]  c.a.v.npc.core.handler.NPCWSHandler.intializeDataBaseConnection - initializing Database Connection..
20-05-2020 17:47:48.333 DEBUG [http-nio-9090-exec-3]  c.a.v.npc.core.handler.NPCWSHandler.logRequest - MessageID: AD1203 | MessageCode: NPR | PortID: P201704230921270130 | MSISDN: 01011234575 | Message TimeStamp: Wed May 20 17:47:48 EET 2020 | Message Type: Received | DonerID: Voda | RecipientID: Mobi
20-05-2020 17:48:13.972 DEBUG [http-nio-9090-exec-4]  c.a.v.npc.core.handler.NPCWSHandler.processNPCMessage - NPC Message Request for user vodaand Received Message :<NPCData>
   <NPCMessages>
      <PortMessage>
         <MessageID>AD1203</MessageID>
         <MessageCode>NPR</MessageCode>
         <ServiceType>MOBILE</ServiceType>
         <PortID>P201704230921270130</PortID>
         <NumbersToPort>
            <NumberFrom>01011234575</NumberFrom>
            <NumberTo>01011234575</NumberTo>
            <DataNumber>0552280126</DataNumber>
            <FaxNumber>0704123456</FaxNumber>
         </NumbersToPort>
         <PortReqFormID>P993F0S2641AF</PortReqFormID>
         <DonorID>Voda</DonorID>
         <RecipientID>Mobi</RecipientID>
         <OriginatorID>NPDB</OriginatorID>
         <ResponseDueDate>20170515043721</ResponseDueDate>
         <NewRoute>Mobi_Net</NewRoute>
         <TransferFee>52.02</TransferFee>
         <AverageInvoiceFee>57.87</AverageInvoiceFee>
         <SubscriberData>
            <CompanyFlag>false</CompanyFlag>
            <CorporationName>Giza Systems</CorporationName>
            <Name>Ali Sami</Name>
            <AccountNum>33345</AccountNum>
            <SIMCardNum>89310410106543789301</SIMCardNum>
            <NIC>52404193527</NIC>
            <CNIC>6110123456789</CNIC>
            <PassportNum>C12345678</PassportNum>
            <OtherId>Senator</OtherId>
            <DateOfBirth>19930515</DateOfBirth>
            <ContactPhone>0552280126</ContactPhone>
            <Fax>0704123456</Fax>
            <City>Cairo</City>
            <Street>Farouk St</Street>
            <Number>1</Number>
            <Locality>Al Tahrir</Locality>
            <PostCode>123123</PostCode>
            <GroupID>My GroupID</GroupID>
            <AuthorizedPersonName>Rami Sad</AuthorizedPersonName>
            <CorporationAddress>Giza Systems</CorporationAddress>
            <CommercialRegistrationNum>002345</CommercialRegistrationNum>
            <TaxRegistrationNum>132544</TaxRegistrationNum>
         </SubscriberData>
         <Comments1>Comment1 Test</Comments1>
         <Comments2>Comment2 Test</Comments2>
      </PortMessage>
   </NPCMessages>
</NPCData>

20-05-2020 17:48:13.972 DEBUG [http-nio-9090-exec-4]  c.a.v.npc.core.service.NPCService.getDBConnection - Initializing a new Database Connection..
20-05-2020 17:48:15.398 DEBUG [http-nio-9090-exec-4]  c.a.v.npc.core.handler.NPCWSHandler.intializeDataBaseConnection - initializing Database Connection..
20-05-2020 17:48:15.403 DEBUG [http-nio-9090-exec-4]  c.a.v.npc.core.handler.NPCWSHandler.logRequest - MessageID: AD1203 | MessageCode: NPR | PortID: P201704230921270130 | MSISDN: 01011234575 | Message TimeStamp: Wed May 20 17:48:15 EET 2020 | Message Type: Received | DonerID: Voda | RecipientID: Mobi
20-05-2020 18:10:27.475 DEBUG [main]  c.a.v.n.w.NPCWebServiceApplication.logStarting - Running with Spring Boot v1.4.2.RELEASE, Spring v4.3.4.RELEASE
20-05-2020 18:41:28.977 DEBUG [main]  c.a.v.n.w.NPCWebServiceApplication.logStarting - Running with Spring Boot v1.4.2.RELEASE, Spring v4.3.4.RELEASE
20-05-2020 18:41:34.372 DEBUG [http-nio-9090-exec-1]  c.a.v.npc.core.handler.NPCWSHandler.processNPCMessage - NPC Message Request for user vodaand Received Message :<NPCData>
   <NPCMessages>
      <PortMessage>
         <MessageID>AD1202</MessageID>
         <MessageCode>NPR</MessageCode>
         <ServiceType>MOBILE</ServiceType>
         <PortID>P201704230921270130</PortID>
         <NumbersToPort>
            <NumberFrom>01011234575</NumberFrom>
            <NumberTo>01011234575</NumberTo>
            <DataNumber>0552280126</DataNumber>
            <FaxNumber>0704123456</FaxNumber>
         </NumbersToPort>
         <PortReqFormID>P993F0S2641AF</PortReqFormID>
         <DonorID>Voda</DonorID>
         <RecipientID>Mobi</RecipientID>
         <OriginatorID>NPDB</OriginatorID>
         <ResponseDueDate>20170515043721</ResponseDueDate>
         <NewRoute>Mobi_Net</NewRoute>
         <TransferFee>52.02</TransferFee>
         <AverageInvoiceFee>57.87</AverageInvoiceFee>
         <SubscriberData>
            <CompanyFlag>false</CompanyFlag>
            <CorporationName>Giza Systems</CorporationName>
            <Name>Ali Sami</Name>
            <AccountNum>33345</AccountNum>
            <SIMCardNum>89310410106543789301</SIMCardNum>
            <NIC>52404193527</NIC>
            <CNIC>6110123456789</CNIC>
            <PassportNum>C12345678</PassportNum>
            <OtherId>Senator</OtherId>
            <DateOfBirth>19930515</DateOfBirth>
            <ContactPhone>0552280126</ContactPhone>
            <Fax>0704123456</Fax>
            <City>Cairo</City>
            <Street>Farouk St</Street>
            <Number>1</Number>
            <Locality>Al Tahrir</Locality>
            <PostCode>123123</PostCode>
            <GroupID>My GroupID</GroupID>
            <AuthorizedPersonName>Rami Sad</AuthorizedPersonName>
            <CorporationAddress>Giza Systems</CorporationAddress>
            <CommercialRegistrationNum>002345</CommercialRegistrationNum>
            <TaxRegistrationNum>132544</TaxRegistrationNum>
         </SubscriberData>
         <Comments1>Comment1 Test</Comments1>
         <Comments2>Comment2 Test</Comments2>
      </PortMessage>
   </NPCMessages>
</NPCData>
         
20-05-2020 18:41:34.375 DEBUG [http-nio-9090-exec-1]  c.a.v.npc.core.service.NPCService.getDBConnection - Initializing a new Database Connection..
20-05-2020 18:41:36.257 DEBUG [http-nio-9090-exec-1]  c.a.v.npc.core.handler.NPCWSHandler.intializeDataBaseConnection - initializing Database Connection..
20-05-2020 18:41:36.266 DEBUG [http-nio-9090-exec-1]  c.a.v.npc.core.handler.NPCWSHandler.logRequest - MessageID: AD1202 | MessageCode: NPR | PortID: P201704230921270130 | MSISDN: 01011234575 | Message TimeStamp: Wed May 20 18:41:36 EET 2020 | Message Type: Received | DonerID: Voda | RecipientID: Mobi
20-05-2020 18:41:36.985 DEBUG [http-nio-9090-exec-1]  c.a.v.npc.core.handler.NPCWSHandler.parsingAndUpdatingMessageTimeFrame - Parsing message XML  has done successfully with NPC message id 4498430
20-05-2020 18:41:38.844 DEBUG [http-nio-9090-exec-1]  c.a.v.npc.core.handler.NPCWSHandler.parsingAndUpdatingMessageTimeFrame - Inserting message into Database has done successfully with NPC message id 4498430
20-05-2020 18:41:38.846 DEBUG [http-nio-9090-exec-1]  c.a.v.npc.core.handler.NPCWSHandler.parsingAndUpdatingMessageTimeFrame - Updating time frames for NPC message id 4498430 has done successfully
20-05-2020 18:41:40.105 DEBUG [http-nio-9090-exec-1]  c.a.v.npc.core.handler.NPCWSHandler.callUpdatePortDataAndprocessActivationAndDeactivation - Updating port information for NPC message id 4498430 has done successfully and the port Status updated with 20-Request-R and Returned Message =
20-05-2020 18:41:40.106 DEBUG [http-nio-9090-exec-1]  c.a.v.npc.core.handler.NPCWSHandler.callUpdatePortDataAndprocessActivationAndDeactivation - The process of inserting into PORT_ACTIVATION_STATUS and PORT_DISCONNECT_STATUS in case of message code is NP_ACTIVATED_STATUS_MESSAGE or NP_DEACT_STATUS for NPC message id 4498430 has completed...
20-05-2020 18:41:40.249 DEBUG [http-nio-9090-exec-1]  c.a.v.npc.core.handler.NPCWSHandler.saveSyncMessage - The process of inserting or removing from SYNC table for NPC message id 4498430 has completed...
20-05-2020 18:41:40.249 DEBUG [http-nio-9090-exec-1]  c.a.v.npc.core.handler.NPCWSHandler.saveSyncMessage - The process of inserting into SYNC History table for NPC message id 4498430 has completed...
20-05-2020 18:41:40.250 DEBUG [http-nio-9090-exec-1]  c.a.v.npc.core.handler.NPCWSHandler.processNPCMessage - Returned Message =success
