19-06-2020 13:46:45.421 INFO  [main]
				c.a.v.n.w.NPCWebServiceApplication.logStarting - Starting NPCWebServiceApplication on Mohamed-Hamdy with PID 26296 (C:\Users\mohammed.hamdy\git\npc-vodafone\vodafone-mnp-webservice\target\classes started by mohammed.hamdy in C:\Users\mohammed.hamdy\git\npc-vodafone\vodafone-mnp-webservice)
19-06-2020 13:46:45.445 INFO  [main]
				c.a.v.n.w.NPCWebServiceApplication.logStartupProfileInfo - No active profile set, falling back to default profiles: default
19-06-2020 13:46:45.504 INFO  [main]
				o.s.b.c.e.AnnotationConfigEmbeddedWebApplicationContext.prepareRefresh - Refreshing org.springframework.boot.context.embedded.AnnotationConfigEmbeddedWebApplicationContext@5ae50ce6: startup date [Fri Jun 19 13:46:45 EET 2020]; root of context hierarchy
19-06-2020 13:46:45.837 INFO  [background-preinit]
				o.h.validator.internal.util.Version.<clinit> - HV000001: Hibernate Validator 5.2.4.Final
19-06-2020 13:46:46.598 INFO  [main]
				o.s.c.s.PostProcessorRegistrationDelegate$BeanPostProcessorChecker.postProcessAfterInitialization - Bean 'NPCWebServiceConfig' of type [class com.asset.vodafone.npc.webservice.config.NPCWebServiceConfig$$EnhancerBySpringCGLIB$$94968b8] is not eligible for getting processed by all BeanPostProcessors (for example: not eligible for auto-proxying)
19-06-2020 13:46:46.606 INFO  [main]
				o.s.c.s.PostProcessorRegistrationDelegate$BeanPostProcessorChecker.postProcessAfterInitialization - Bean 'org.springframework.ws.config.annotation.DelegatingWsConfiguration' of type [class org.springframework.ws.config.annotation.DelegatingWsConfiguration$$EnhancerBySpringCGLIB$$75341aa7] is not eligible for getting processed by all BeanPostProcessors (for example: not eligible for auto-proxying)
19-06-2020 13:46:46.653 INFO  [main]
				o.s.w.s.a.s.AnnotationActionEndpointMapping.afterPropertiesSet - Supporting [WS-Addressing August 2004, WS-Addressing 1.0]
19-06-2020 13:46:47.099 INFO  [main]
				o.s.b.c.e.t.TomcatEmbeddedServletContainer.initialize - Tomcat initialized with port(s): 9090 (http)
19-06-2020 13:46:47.117 INFO  [main]
				o.a.catalina.core.StandardService.log - Starting service Tomcat
19-06-2020 13:46:47.118 INFO  [main]
				o.a.catalina.core.StandardEngine.log - Starting Servlet Engine: Apache Tomcat/8.5.6
19-06-2020 13:46:47.229 INFO  [localhost-startStop-1]
				o.a.c.c.C.[Tomcat].[localhost].[/].log - Initializing Spring embedded WebApplicationContext
19-06-2020 13:46:47.230 INFO  [localhost-startStop-1]
				o.s.web.context.ContextLoader.prepareEmbeddedWebApplicationContext - Root WebApplicationContext: initialization completed in 1726 ms
19-06-2020 13:46:47.460 INFO  [localhost-startStop-1]
				o.s.b.w.s.ServletRegistrationBean.onStartup - Mapping servlet: 'messageDispatcherServlet' to [/NPC-SOAP/NPCWebService]
19-06-2020 13:46:47.461 INFO  [localhost-startStop-1]
				o.s.b.w.s.ServletRegistrationBean.onStartup - Mapping servlet: 'dispatcherServlet' to [/]
19-06-2020 13:46:47.466 INFO  [localhost-startStop-1]
				o.s.b.w.s.FilterRegistrationBean.configure - Mapping filter: 'characterEncodingFilter' to: [/*]
19-06-2020 13:46:47.467 INFO  [localhost-startStop-1]
				o.s.b.w.s.FilterRegistrationBean.configure - Mapping filter: 'hiddenHttpMethodFilter' to: [/*]
19-06-2020 13:46:47.467 INFO  [localhost-startStop-1]
				o.s.b.w.s.FilterRegistrationBean.configure - Mapping filter: 'httpPutFormContentFilter' to: [/*]
19-06-2020 13:46:47.467 INFO  [localhost-startStop-1]
				o.s.b.w.s.FilterRegistrationBean.configure - Mapping filter: 'requestContextFilter' to: [/*]
19-06-2020 13:46:47.914 INFO  [main]
				o.s.w.s.m.m.a.RequestMappingHandlerAdapter.initControllerAdviceCache - Looking for @ControllerAdvice: org.springframework.boot.context.embedded.AnnotationConfigEmbeddedWebApplicationContext@5ae50ce6: startup date [Fri Jun 19 13:46:45 EET 2020]; root of context hierarchy
19-06-2020 13:46:47.968 INFO  [main]
				o.s.w.s.m.m.a.RequestMappingHandlerMapping.register - Mapped "{[/error]}" onto public org.springframework.http.ResponseEntity<java.util.Map<java.lang.String, java.lang.Object>> org.springframework.boot.autoconfigure.web.BasicErrorController.error(javax.servlet.http.HttpServletRequest)
19-06-2020 13:46:47.969 INFO  [main]
				o.s.w.s.m.m.a.RequestMappingHandlerMapping.register - Mapped "{[/error],produces=[text/html]}" onto public org.springframework.web.servlet.ModelAndView org.springframework.boot.autoconfigure.web.BasicErrorController.errorHtml(javax.servlet.http.HttpServletRequest,javax.servlet.http.HttpServletResponse)
19-06-2020 13:46:48.002 INFO  [main]
				o.s.w.s.h.SimpleUrlHandlerMapping.registerHandler - Mapped URL path [/webjars/**] onto handler of type [class org.springframework.web.servlet.resource.ResourceHttpRequestHandler]
19-06-2020 13:46:48.002 INFO  [main]
				o.s.w.s.h.SimpleUrlHandlerMapping.registerHandler - Mapped URL path [/**] onto handler of type [class org.springframework.web.servlet.resource.ResourceHttpRequestHandler]
19-06-2020 13:46:48.059 INFO  [main]
				o.s.w.s.h.SimpleUrlHandlerMapping.registerHandler - Mapped URL path [/**/favicon.ico] onto handler of type [class org.springframework.web.servlet.resource.ResourceHttpRequestHandler]
19-06-2020 13:46:48.256 INFO  [main]
				o.s.j.e.a.AnnotationMBeanExporter.afterSingletonsInstantiated - Registering beans for JMX exposure on startup
19-06-2020 13:46:48.270 INFO  [main]
				o.a.coyote.http11.Http11NioProtocol.log - Initializing ProtocolHandler ["http-nio-9090"]
19-06-2020 13:46:48.279 INFO  [main]
				o.a.coyote.http11.Http11NioProtocol.log - Starting ProtocolHandler [http-nio-9090]
19-06-2020 13:46:48.294 INFO  [main]
				o.a.tomcat.util.net.NioSelectorPool.log - Using a shared selector for servlet write/read
19-06-2020 13:46:48.314 INFO  [main]
				o.s.b.c.e.t.TomcatEmbeddedServletContainer.start - Tomcat started on port(s): 9090 (http)
19-06-2020 13:46:48.319 INFO  [main]
				c.a.v.n.w.NPCWebServiceApplication.logStarted - Started NPCWebServiceApplication in 3.312 seconds (JVM running for 5.085)
