28-06-2020 10:48:36.334 DEBUG [main]
				c.a.v.n.w.NPCWebServiceApplication.logStarting - Running with Spring Boot v1.4.2.RELEASE, Spring v4.3.4.RELEASE
28-06-2020 10:49:48.137 DEBUG [main]
				c.a.v.n.w.NPCWebServiceApplication.logStarting - Running with Spring Boot v1.4.2.RELEASE, Spring v4.3.4.RELEASE
28-06-2020 10:49:52.977 DEBUG [http-nio-9090-exec-3]
				c.a.v.npc.core.handler.NPCWSHandler.processNPCMessage - Start validating the web service credentail for user: voda 
28-06-2020 10:49:52.981 DEBUG [http-nio-9090-exec-3]
				c.a.v.npc.core.handler.NPCWSHandler.processNPCMessage - Validating service credential has been done successully for user : voda
28-06-2020 10:49:52.985 DEBUG [http-nio-9090-exec-3]
				c.a.v.npc.core.service.NPCService.getDBConnection - Start Initializing Database Connection..
28-06-2020 10:49:55.829 DEBUG [http-nio-9090-exec-3]
				c.a.v.npc.core.service.NPCService.getDBConnection - Initializing Database Connection has been done Successfully...
28-06-2020 10:49:55.839 DEBUG [http-nio-9090-exec-3]
				c.a.v.npc.core.handler.NPCWSHandler.processNPCMessage - Start Parsing Received Message from user : voda
28-06-2020 10:49:55.907 DEBUG [http-nio-9090-exec-3]
				c.a.v.npc.core.handler.NPCWSHandler.parseMessage - Loading XSD schema files to validate NPC message
28-06-2020 10:49:55.999 DEBUG [http-nio-9090-exec-3]
				c.a.v.npc.core.handler.NPCWSHandler.parseMessage - Start validating NPC message against xsd schema
28-06-2020 10:49:56.009 DEBUG [http-nio-9090-exec-3]
				c.a.v.npc.core.handler.NPCWSHandler.parseMessage - validating NPC message against XSD schema has been done successfully
28-06-2020 10:49:56.247 DEBUG [http-nio-9090-exec-3]
				c.a.v.npc.core.handler.NPCWSHandler.parsingAndUpdatingMessageTimeFrame - Parsing message XML  has done successfully with NPC Message ID: 4498732 
28-06-2020 10:49:56.971 DEBUG [http-nio-9090-exec-3]
				c.a.v.npc.core.service.NPCService.insertNPCMessage - Start inserting into NPC_MESSAGE table with NPC Message ID 4498732
28-06-2020 10:49:57.753 DEBUG [http-nio-9090-exec-3]
				c.a.v.npc.core.service.NPCService.insertNPCMessage - NPC message has been insterted into NPC_MESSAGE table successfully
28-06-2020 10:49:57.914 DEBUG [http-nio-9090-exec-3]
				c.a.v.npc.core.service.NPCService.insertNPCMessage - Start inserting into PORT_MESSAGE table with NPC Message ID 4498732
28-06-2020 10:49:58.522 DEBUG [http-nio-9090-exec-3]
				c.a.v.npc.core.service.NPCService.insertNPCMessage - NPC message has been insterted into PORT_MESSAGE table successfully
28-06-2020 10:49:58.522 DEBUG [http-nio-9090-exec-3]
				c.a.v.npc.core.service.NPCService.insertNPCMessage - Start inserting into SUBSCRIBER_DATA table with NPC Message ID 4498732
28-06-2020 10:49:58.734 DEBUG [http-nio-9090-exec-3]
				c.a.v.npc.core.service.NPCService.insertNPCMessage - Subscriber data has been inserted into SUBSCRIBER_DATA table successfully  
28-06-2020 10:49:58.735 DEBUG [http-nio-9090-exec-3]
				c.a.v.npc.core.service.NPCService.insertNPCMessage - Start inserting number data into NUMBERSTOPORT table with NPC Message ID 4498732
28-06-2020 10:49:58.922 DEBUG [http-nio-9090-exec-3]
				c.a.v.npc.core.service.NPCService.insertNPCMessage - Number data has been inserted into NUMBERSTOPORT table  successfully
28-06-2020 10:49:58.923 DEBUG [http-nio-9090-exec-3]
				c.a.v.npc.core.handler.NPCWSHandler.parsingAndUpdatingMessageTimeFrame - Inserting message into Database has done successfully with NPC Message ID: 4498732  and Internal Port ID: 4498340
28-06-2020 10:49:59.100 DEBUG [http-nio-9090-exec-3]
				c.a.v.npc.core.service.NPCService.updatePortData - Start Update PORT_DATA table 
28-06-2020 10:50:00.214 DEBUG [http-nio-9090-exec-3]
				c.a.v.npc.core.service.NPCService.updatePortData - Updating PORT_DATA table for NPC Message ID: 4498732  and Internal Port ID: 4498340 has been done successfully and the port Status updated with Status " 20-Request-R "
28-06-2020 11:01:01.126 DEBUG [main]
				c.a.v.n.w.NPCWebServiceApplication.logStarting - Running with Spring Boot v1.4.2.RELEASE, Spring v4.3.4.RELEASE
28-06-2020 11:01:27.434 DEBUG [main]
				c.a.v.n.w.NPCWebServiceApplication.logStarting - Running with Spring Boot v1.4.2.RELEASE, Spring v4.3.4.RELEASE
28-06-2020 11:01:44.643 DEBUG [http-nio-9090-exec-1]
				c.a.v.npc.core.handler.NPCWSHandler.processNPCMessage - Start validating the web service credentail for user: voda 
28-06-2020 11:01:44.649 DEBUG [http-nio-9090-exec-1]
				c.a.v.npc.core.handler.NPCWSHandler.processNPCMessage - Validating service credential has been done successully for user : voda
28-06-2020 11:01:44.653 DEBUG [http-nio-9090-exec-1]
				c.a.v.npc.core.service.NPCService.getDBConnection - Start Initializing Database Connection..
28-06-2020 11:01:46.481 DEBUG [http-nio-9090-exec-1]
				c.a.v.npc.core.service.NPCService.getDBConnection - Initializing Database Connection has been done Successfully...
28-06-2020 11:01:46.483 DEBUG [http-nio-9090-exec-1]
				c.a.v.npc.core.handler.NPCWSHandler.processNPCMessage - Start Parsing Received Message from user : voda
28-06-2020 11:01:46.546 DEBUG [http-nio-9090-exec-1]
				c.a.v.npc.core.handler.NPCWSHandler.parseMessage - Loading XSD schema files to validate NPC message
28-06-2020 11:01:46.641 DEBUG [http-nio-9090-exec-1]
				c.a.v.npc.core.handler.NPCWSHandler.parseMessage - Start validating NPC message against xsd schema
28-06-2020 11:01:46.651 DEBUG [http-nio-9090-exec-1]
				c.a.v.npc.core.handler.NPCWSHandler.parseMessage - validating NPC message against XSD schema has been done successfully
28-06-2020 11:01:46.897 DEBUG [http-nio-9090-exec-1]
				c.a.v.npc.core.handler.NPCWSHandler.parsingAndUpdatingMessageTimeFrame - Parsing message XML  has done successfully with NPC Message ID: 4498735 
28-06-2020 11:01:47.070 DEBUG [http-nio-9090-exec-1]
				c.a.v.npc.core.service.NPCService.insertNPCMessage - Start inserting into NPC_MESSAGE table with NPC Message ID 4498735
28-06-2020 11:01:47.279 DEBUG [http-nio-9090-exec-1]
				c.a.v.npc.core.service.NPCService.insertNPCMessage - NPC message has been insterted into NPC_MESSAGE table successfully
28-06-2020 11:01:47.445 DEBUG [http-nio-9090-exec-1]
				c.a.v.npc.core.service.NPCService.insertNPCMessage - Start inserting into PORT_MESSAGE table with NPC Message ID 4498735
28-06-2020 11:01:47.627 DEBUG [http-nio-9090-exec-1]
				c.a.v.npc.core.service.NPCService.insertNPCMessage - NPC message has been insterted into PORT_MESSAGE table successfully
28-06-2020 11:01:47.628 DEBUG [http-nio-9090-exec-1]
				c.a.v.npc.core.service.NPCService.insertNPCMessage - Start inserting into SUBSCRIBER_DATA table with NPC Message ID 4498735
28-06-2020 11:01:47.795 DEBUG [http-nio-9090-exec-1]
				c.a.v.npc.core.service.NPCService.insertNPCMessage - Subscriber data has been inserted into SUBSCRIBER_DATA table successfully  
28-06-2020 11:01:47.795 DEBUG [http-nio-9090-exec-1]
				c.a.v.npc.core.service.NPCService.insertNPCMessage - Start inserting number data into NUMBERSTOPORT table with NPC Message ID 4498735
28-06-2020 11:01:47.952 DEBUG [http-nio-9090-exec-1]
				c.a.v.npc.core.service.NPCService.insertNPCMessage - Number data has been inserted into NUMBERSTOPORT table  successfully
28-06-2020 11:01:47.952 DEBUG [http-nio-9090-exec-1]
				c.a.v.npc.core.handler.NPCWSHandler.parsingAndUpdatingMessageTimeFrame - Inserting message into Database has done successfully with NPC Message ID: 4498735  and Internal Port ID: 4498340
28-06-2020 11:01:48.140 DEBUG [http-nio-9090-exec-1]
				c.a.v.npc.core.service.NPCService.updatePortData - Start Update PORT_DATA table 
28-06-2020 11:01:48.459 DEBUG [http-nio-9090-exec-1]
				c.a.v.npc.core.service.NPCService.updatePortData - Updating PORT_DATA table for NPC Message ID: 4498735  and Internal Port ID: 4498340 has been done successfully and the port Status updated with Status " 20-Request-R "
28-06-2020 11:08:28.683 DEBUG [main]
				c.a.v.n.w.NPCWebServiceApplication.logStarting - Running with Spring Boot v1.4.2.RELEASE, Spring v4.3.4.RELEASE
28-06-2020 11:08:34.251 DEBUG [http-nio-9090-exec-1]
				c.a.v.npc.core.handler.NPCWSHandler.processNPCMessage - Start validating the web service credentail for user: voda 
28-06-2020 11:08:34.254 DEBUG [http-nio-9090-exec-1]
				c.a.v.npc.core.handler.NPCWSHandler.processNPCMessage - Validating service credential has been done successully for user : voda
28-06-2020 11:08:34.257 DEBUG [http-nio-9090-exec-1]
				c.a.v.npc.core.service.NPCService.getDBConnection - Start Initializing Database Connection..
28-06-2020 11:08:36.622 DEBUG [http-nio-9090-exec-1]
				c.a.v.npc.core.service.NPCService.getDBConnection - Initializing Database Connection has been done Successfully...
28-06-2020 11:08:36.628 DEBUG [http-nio-9090-exec-1]
				c.a.v.npc.core.handler.NPCWSHandler.processNPCMessage - Start Parsing Received Message from user : voda
28-06-2020 11:08:36.728 DEBUG [http-nio-9090-exec-1]
				c.a.v.npc.core.handler.NPCWSHandler.parseMessage - Loading XSD schema files to validate NPC message
28-06-2020 11:08:36.764 DEBUG [http-nio-9090-exec-1]
				c.a.v.npc.core.handler.NPCWSHandler.parseMessage - Start validating NPC message against xsd schema
28-06-2020 11:08:36.773 DEBUG [http-nio-9090-exec-1]
				c.a.v.npc.core.handler.NPCWSHandler.parseMessage - validating NPC message against XSD schema has been done successfully
28-06-2020 11:08:37.758 DEBUG [http-nio-9090-exec-1]
				c.a.v.npc.core.handler.NPCWSHandler.parsingAndUpdatingMessageTimeFrame - Parsing message XML  has done successfully with NPC Message ID: 4498736 
28-06-2020 11:08:38.042 DEBUG [http-nio-9090-exec-1]
				c.a.v.npc.core.service.NPCService.insertNPCMessage - Start inserting into NPC_MESSAGE table with NPC Message ID 4498736
28-06-2020 11:08:38.436 DEBUG [http-nio-9090-exec-1]
				c.a.v.npc.core.service.NPCService.insertNPCMessage - NPC message has been insterted into NPC_MESSAGE table successfully
28-06-2020 11:08:38.600 DEBUG [http-nio-9090-exec-1]
				c.a.v.npc.core.service.NPCService.insertNPCMessage - Start inserting into PORT_MESSAGE table with NPC Message ID 4498736
28-06-2020 11:08:39.159 DEBUG [http-nio-9090-exec-1]
				c.a.v.npc.core.service.NPCService.insertNPCMessage - NPC message has been insterted into PORT_MESSAGE table successfully
28-06-2020 11:08:39.159 DEBUG [http-nio-9090-exec-1]
				c.a.v.npc.core.service.NPCService.insertNPCMessage - Start inserting into SUBSCRIBER_DATA table with NPC Message ID 4498736
28-06-2020 11:08:39.620 DEBUG [http-nio-9090-exec-1]
				c.a.v.npc.core.service.NPCService.insertNPCMessage - Subscriber data has been inserted into SUBSCRIBER_DATA table successfully  
28-06-2020 11:08:39.621 DEBUG [http-nio-9090-exec-1]
				c.a.v.npc.core.service.NPCService.insertNPCMessage - Start inserting number data into NUMBERSTOPORT table with NPC Message ID 4498736
28-06-2020 11:08:39.918 DEBUG [http-nio-9090-exec-1]
				c.a.v.npc.core.service.NPCService.insertNPCMessage - Number data has been inserted into NUMBERSTOPORT table  successfully
28-06-2020 11:08:39.920 DEBUG [http-nio-9090-exec-1]
				c.a.v.npc.core.handler.NPCWSHandler.parsingAndUpdatingMessageTimeFrame - Inserting message into Database has done successfully with NPC Message ID: 4498736  and Internal Port ID: 4498340
28-06-2020 11:08:40.097 DEBUG [http-nio-9090-exec-1]
				c.a.v.npc.core.service.NPCService.updatePortData - Start Update PORT_DATA table 
28-06-2020 11:08:40.880 DEBUG [http-nio-9090-exec-1]
				c.a.v.npc.core.service.NPCService.updatePortData - Updating PORT_DATA table for NPC Message ID: 4498736  and Internal Port ID: 4498340 has been done successfully and the port Status updated with Status " 20-Request-R "
28-06-2020 15:21:07.544 DEBUG [main]
				c.a.v.n.w.NPCWebServiceApplication.logStarting - Running with Spring Boot v1.4.2.RELEASE, Spring v4.3.4.RELEASE
28-06-2020 15:21:25.738 DEBUG [http-nio-9090-exec-1]
				c.a.v.npc.core.handler.NPCWSHandler.processNPCMessage - Start validating the web service credentail for user: voda 
28-06-2020 15:21:25.745 DEBUG [http-nio-9090-exec-1]
				c.a.v.npc.core.handler.NPCWSHandler.processNPCMessage - Validating service credential has been done successully for user : voda
28-06-2020 15:21:25.749 DEBUG [http-nio-9090-exec-1]
				c.a.v.npc.core.service.NPCService.getDBConnection - Start Initializing Database Connection..
28-06-2020 15:21:27.764 DEBUG [http-nio-9090-exec-1]
				c.a.v.npc.core.service.NPCService.getDBConnection - Initializing Database Connection has been done Successfully...
28-06-2020 15:21:27.770 DEBUG [http-nio-9090-exec-1]
				c.a.v.npc.core.handler.NPCWSHandler.processNPCMessage - Start Parsing Received Message from user : voda
28-06-2020 15:21:27.879 DEBUG [http-nio-9090-exec-1]
				c.a.v.npc.core.handler.NPCWSHandler.parseMessage - Loading XSD schema files to validate NPC message
28-06-2020 15:21:27.985 DEBUG [http-nio-9090-exec-1]
				c.a.v.npc.core.handler.NPCWSHandler.parseMessage - Start validating NPC message against xsd schema
28-06-2020 15:21:27.993 DEBUG [http-nio-9090-exec-1]
				c.a.v.npc.core.handler.NPCWSHandler.parseMessage - validating NPC message against XSD schema has been done successfully
28-06-2020 15:21:28.331 DEBUG [http-nio-9090-exec-1]
				c.a.v.npc.core.handler.NPCWSHandler.parsingAndUpdatingMessageTimeFrame - Parsing message XML  has done successfully with NPC Message ID: 4498739 
28-06-2020 15:21:28.544 DEBUG [http-nio-9090-exec-1]
				c.a.v.npc.core.service.NPCService.insertNPCMessage - Start inserting into NPC_MESSAGE table with NPC Message ID 4498739
28-06-2020 15:21:29.004 DEBUG [http-nio-9090-exec-1]
				c.a.v.npc.core.service.NPCService.insertNPCMessage - NPC message has been insterted into NPC_MESSAGE table successfully
28-06-2020 15:21:29.356 DEBUG [http-nio-9090-exec-1]
				c.a.v.npc.core.service.NPCService.insertNPCMessage - Start inserting into PORT_MESSAGE table with NPC Message ID 4498739
28-06-2020 15:21:29.712 DEBUG [http-nio-9090-exec-1]
				c.a.v.npc.core.service.NPCService.insertNPCMessage - NPC message has been insterted into PORT_MESSAGE table successfully
28-06-2020 15:21:29.712 DEBUG [http-nio-9090-exec-1]
				c.a.v.npc.core.service.NPCService.insertNPCMessage - Start inserting number data into NUMBERSTOPORT table with NPC Message ID 4498739
28-06-2020 15:21:30.129 DEBUG [http-nio-9090-exec-1]
				c.a.v.npc.core.service.NPCService.insertNPCMessage - Number data has been inserted into NUMBERSTOPORT table  successfully
28-06-2020 15:21:30.131 DEBUG [http-nio-9090-exec-1]
				c.a.v.npc.core.handler.NPCWSHandler.parsingAndUpdatingMessageTimeFrame - Inserting message into Database has done successfully with NPC Message ID: 4498739  and Internal Port ID: 4498342
28-06-2020 15:21:31.924 DEBUG [http-nio-9090-exec-1]
				c.a.v.npc.core.service.NPCService.updatePortData - Start Update PORT_DATA table 
28-06-2020 15:21:32.319 DEBUG [http-nio-9090-exec-1]
				c.a.v.npc.core.service.NPCService.updatePortData - Updating PORT_DATA table for NPC Message ID: 4498739  and Internal Port ID: 4498342 has been done successfully and the port Status updated with Status " 30-Activate-R "
28-06-2020 15:22:03.887 DEBUG [http-nio-9090-exec-1]
				c.a.v.npc.core.service.NPCService.releaseConnection - Log oracle.jdbc.driver.T4CConnection@214cf42 
28-06-2020 15:22:04.036 DEBUG [http-nio-9090-exec-1]
				c.a.v.npc.core.handler.NPCWSHandler.processNPCMessage - Releasing the Database Connection..
28-06-2020 15:34:52.028 DEBUG [main]
				c.a.v.n.w.NPCWebServiceApplication.logStarting - Running with Spring Boot v1.4.2.RELEASE, Spring v4.3.4.RELEASE
28-06-2020 15:35:24.683 DEBUG [http-nio-9090-exec-1]
				c.a.v.npc.core.handler.NPCWSHandler.processNPCMessage - Start validating the web service credentail for user: voda 
28-06-2020 15:35:24.688 DEBUG [http-nio-9090-exec-1]
				c.a.v.npc.core.handler.NPCWSHandler.processNPCMessage - Validating service credential has been done successully for user : voda
28-06-2020 15:35:24.693 DEBUG [http-nio-9090-exec-1]
				c.a.v.npc.core.service.NPCService.getDBConnection - Start Initializing Database Connection..
28-06-2020 15:35:26.281 DEBUG [http-nio-9090-exec-1]
				c.a.v.npc.core.service.NPCService.getDBConnection - Initializing Database Connection has been done Successfully...
28-06-2020 15:35:26.284 DEBUG [http-nio-9090-exec-1]
				c.a.v.npc.core.handler.NPCWSHandler.processNPCMessage - Start Parsing Received Message from user : voda
28-06-2020 15:35:26.376 DEBUG [http-nio-9090-exec-1]
				c.a.v.npc.core.handler.NPCWSHandler.parseMessage - Loading XSD schema files to validate NPC message
28-06-2020 15:35:26.493 DEBUG [http-nio-9090-exec-1]
				c.a.v.npc.core.handler.NPCWSHandler.parseMessage - Start validating NPC message against xsd schema
28-06-2020 15:35:26.501 DEBUG [http-nio-9090-exec-1]
				c.a.v.npc.core.handler.NPCWSHandler.parseMessage - validating NPC message against XSD schema has been done successfully
28-06-2020 15:35:26.869 DEBUG [http-nio-9090-exec-1]
				c.a.v.npc.core.handler.NPCWSHandler.parsingAndUpdatingMessageTimeFrame - Parsing message XML  has done successfully with NPC Message ID: 4498740 
28-06-2020 15:35:27.103 DEBUG [http-nio-9090-exec-1]
				c.a.v.npc.core.service.NPCService.insertNPCMessage - Start inserting into NPC_MESSAGE table with NPC Message ID 4498740
28-06-2020 15:35:27.302 DEBUG [http-nio-9090-exec-1]
				c.a.v.npc.core.service.NPCService.insertNPCMessage - NPC message has been insterted into NPC_MESSAGE table successfully
28-06-2020 15:35:27.712 DEBUG [http-nio-9090-exec-1]
				c.a.v.npc.core.service.NPCService.insertNPCMessage - Start inserting into PORT_MESSAGE table with NPC Message ID 4498740
28-06-2020 15:35:27.917 DEBUG [http-nio-9090-exec-1]
				c.a.v.npc.core.service.NPCService.insertNPCMessage - NPC message has been insterted into PORT_MESSAGE table successfully
28-06-2020 15:35:27.919 DEBUG [http-nio-9090-exec-1]
				c.a.v.npc.core.service.NPCService.insertNPCMessage - Start inserting number data into NUMBERSTOPORT table with NPC Message ID 4498740
28-06-2020 15:35:28.121 DEBUG [http-nio-9090-exec-1]
				c.a.v.npc.core.service.NPCService.insertNPCMessage - Number data has been inserted into NUMBERSTOPORT table  successfully
28-06-2020 15:35:28.121 DEBUG [http-nio-9090-exec-1]
				c.a.v.npc.core.handler.NPCWSHandler.parsingAndUpdatingMessageTimeFrame - Inserting message into Database has done successfully with NPC Message ID: 4498740  and Internal Port ID: 4498342
28-06-2020 15:35:28.533 DEBUG [http-nio-9090-exec-1]
				c.a.v.npc.core.service.NPCService.updatePortData - Start Update PORT_DATA table 
28-06-2020 15:35:28.942 DEBUG [http-nio-9090-exec-1]
				c.a.v.npc.core.service.NPCService.updatePortData - Updating PORT_DATA table for NPC Message ID: 4498740  and Internal Port ID: 4498342 has been done successfully and the port Status updated with Status " 30-Activate-R "
28-06-2020 15:36:22.772 DEBUG [http-nio-9090-exec-2]
				c.a.v.npc.core.handler.NPCWSHandler.processNPCMessage - Start validating the web service credentail for user: voda 
28-06-2020 15:36:22.772 DEBUG [http-nio-9090-exec-2]
				c.a.v.npc.core.handler.NPCWSHandler.processNPCMessage - Validating service credential has been done successully for user : voda
28-06-2020 15:36:22.774 DEBUG [http-nio-9090-exec-2]
				c.a.v.npc.core.handler.NPCWSHandler.processNPCMessage - Start Parsing Received Message from user : voda
28-06-2020 15:36:22.940 DEBUG [http-nio-9090-exec-2]
				c.a.v.npc.core.handler.NPCWSHandler.parseMessage - Loading XSD schema files to validate NPC message
28-06-2020 15:36:22.962 DEBUG [http-nio-9090-exec-2]
				c.a.v.npc.core.handler.NPCWSHandler.parseMessage - Start validating NPC message against xsd schema
28-06-2020 15:36:22.967 DEBUG [http-nio-9090-exec-2]
				c.a.v.npc.core.handler.NPCWSHandler.parseMessage - validating NPC message against XSD schema has been done successfully
28-06-2020 15:36:23.119 DEBUG [http-nio-9090-exec-2]
				c.a.v.npc.core.handler.NPCWSHandler.parsingAndUpdatingMessageTimeFrame - Parsing message XML  has done successfully with NPC Message ID: 4498741 
28-06-2020 15:36:23.272 DEBUG [http-nio-9090-exec-2]
				c.a.v.npc.core.service.NPCService.insertNPCMessage - Start inserting into NPC_MESSAGE table with NPC Message ID 4498741
28-06-2020 15:36:23.477 DEBUG [http-nio-9090-exec-2]
				c.a.v.npc.core.service.NPCService.insertNPCMessage - NPC message has been insterted into NPC_MESSAGE table successfully
28-06-2020 15:36:23.791 DEBUG [http-nio-9090-exec-2]
				c.a.v.npc.core.service.NPCService.insertNPCMessage - Start inserting into PORT_MESSAGE table with NPC Message ID 4498741
28-06-2020 15:36:23.981 DEBUG [http-nio-9090-exec-2]
				c.a.v.npc.core.service.NPCService.insertNPCMessage - NPC message has been insterted into PORT_MESSAGE table successfully
28-06-2020 15:36:23.982 DEBUG [http-nio-9090-exec-2]
				c.a.v.npc.core.service.NPCService.insertNPCMessage - Start inserting number data into NUMBERSTOPORT table with NPC Message ID 4498741
28-06-2020 15:36:24.316 DEBUG [http-nio-9090-exec-2]
				c.a.v.npc.core.service.NPCService.insertNPCMessage - Number data has been inserted into NUMBERSTOPORT table  successfully
28-06-2020 15:36:24.317 DEBUG [http-nio-9090-exec-2]
				c.a.v.npc.core.handler.NPCWSHandler.parsingAndUpdatingMessageTimeFrame - Inserting message into Database has done successfully with NPC Message ID: 4498741  and Internal Port ID: 4498342
28-06-2020 15:36:24.546 DEBUG [http-nio-9090-exec-2]
				c.a.v.npc.core.service.NPCService.updatePortData - Start Update PORT_DATA table 
28-06-2020 15:36:24.913 DEBUG [http-nio-9090-exec-2]
				c.a.v.npc.core.service.NPCService.updatePortData - Updating PORT_DATA table for NPC Message ID: 4498741  and Internal Port ID: 4498342 has been done successfully and the port Status updated with Status " 30-Activate-R "
28-06-2020 16:05:12.961 DEBUG [main]
				c.a.v.n.w.NPCWebServiceApplication.logStarting - Running with Spring Boot v1.4.2.RELEASE, Spring v4.3.4.RELEASE
28-06-2020 16:07:23.755 DEBUG [http-nio-9090-exec-2]
				c.a.v.npc.core.handler.NPCWSHandler.processNPCMessage - Start validating the web service credentail for user: voda 
28-06-2020 16:07:23.762 DEBUG [http-nio-9090-exec-2]
				c.a.v.npc.core.handler.NPCWSHandler.processNPCMessage - Validating service credential has been done successully for user : voda
28-06-2020 16:07:23.768 DEBUG [http-nio-9090-exec-2]
				c.a.v.npc.core.service.NPCService.getDBConnection - Start Initializing Database Connection..
28-06-2020 16:07:25.381 DEBUG [http-nio-9090-exec-2]
				c.a.v.npc.core.service.NPCService.getDBConnection - Initializing Database Connection has been done Successfully...
28-06-2020 16:07:25.387 DEBUG [http-nio-9090-exec-2]
				c.a.v.npc.core.handler.NPCWSHandler.processNPCMessage - Start Parsing Received Message from user : voda
28-06-2020 16:07:25.529 DEBUG [http-nio-9090-exec-2]
				c.a.v.npc.core.handler.NPCWSHandler.parseMessage - Loading XSD schema files to validate NPC message
28-06-2020 16:07:25.609 DEBUG [http-nio-9090-exec-2]
				c.a.v.npc.core.handler.NPCWSHandler.parseMessage - Start validating NPC message against xsd schema
28-06-2020 16:07:25.730 DEBUG [http-nio-9090-exec-2]
				c.a.v.npc.core.handler.NPCWSHandler.parseMessage - validating NPC message against XSD schema has been done successfully
28-06-2020 16:07:26.011 DEBUG [http-nio-9090-exec-2]
				c.a.v.npc.core.handler.NPCWSHandler.parsingAndUpdatingMessageTimeFrame - Parsing message XML  has done successfully with NPC Message ID: 4498742 
28-06-2020 16:07:26.163 DEBUG [http-nio-9090-exec-2]
				c.a.v.npc.core.service.NPCService.insertNPCMessage - Start inserting into NPC_MESSAGE table with NPC Message ID 4498742
28-06-2020 16:07:26.348 DEBUG [http-nio-9090-exec-2]
				c.a.v.npc.core.service.NPCService.insertNPCMessage - NPC message has been insterted into NPC_MESSAGE table successfully
28-06-2020 16:07:27.141 DEBUG [http-nio-9090-exec-2]
				c.a.v.npc.core.service.NPCService.insertNPCMessage - Start inserting into PORT_MESSAGE table with NPC Message ID 4498742
28-06-2020 16:07:27.707 DEBUG [http-nio-9090-exec-2]
				c.a.v.npc.core.service.NPCService.insertNPCMessage - NPC message has been insterted into PORT_MESSAGE table successfully
28-06-2020 16:07:27.709 DEBUG [http-nio-9090-exec-2]
				c.a.v.npc.core.service.NPCService.insertNPCMessage - Start inserting number data into NUMBERSTOPORT table with NPC Message ID 4498742
28-06-2020 16:07:27.967 DEBUG [http-nio-9090-exec-2]
				c.a.v.npc.core.service.NPCService.insertNPCMessage - Number data has been inserted into NUMBERSTOPORT table  successfully
28-06-2020 16:07:27.968 DEBUG [http-nio-9090-exec-2]
				c.a.v.npc.core.handler.NPCWSHandler.parsingAndUpdatingMessageTimeFrame - Inserting message into Database has done successfully with NPC Message ID: 4498742  and Internal Port ID: 4498340
28-06-2020 16:07:29.074 DEBUG [http-nio-9090-exec-2]
				c.a.v.npc.core.service.NPCService.updateNPCMessageCurrentDate - Start updating message current max date with date 28/06/2020 19:07:17 
28-06-2020 16:07:29.326 DEBUG [http-nio-9090-exec-2]
				c.a.v.npc.core.service.NPCService.updateNPCMessageCurrentDate - Updating message current max date has been done successfully
28-06-2020 16:07:29.474 DEBUG [http-nio-9090-exec-2]
				c.a.v.npc.core.service.NPCService.updatePortData - Start Update PORT_DATA table 
28-06-2020 16:07:29.781 DEBUG [http-nio-9090-exec-2]
				c.a.v.npc.core.service.NPCService.updatePortData - Updating PORT_DATA table for NPC Message ID: 4498742  and Internal Port ID: 4498340 has been done successfully and the port Status updated with Status " 30-Deactivate-R "
28-06-2020 16:07:30.088 DEBUG [http-nio-9090-exec-2]
				c.a.v.npc.core.service.NPCService.removeSyncMessages - Start remove Sync Message from SYNC table for MSISDN: 01055555555 
28-06-2020 16:07:30.302 DEBUG [http-nio-9090-exec-2]
				c.a.v.npc.core.service.NPCService.removeSyncMessages - removing Sync Message from SYNC table for MSISDN: 01055555555 has been done successfully
28-06-2020 16:07:30.303 DEBUG [http-nio-9090-exec-2]
				c.a.v.npc.core.service.NPCService.saveSyncMessageByNPCMessage - The process of remove Sync Messages from SYNC table with NPC Message ID: 4498742  and Internal Port ID: 4498340  has been done successfully...
28-06-2020 16:07:31.547 DEBUG [http-nio-9090-exec-2]
				c.a.v.npc.core.service.NPCService.saveSyncHistoryMessages - Start inserting into SYNC_HISTORY table for MSISDN: 01055555555 
28-06-2020 16:07:31.765 DEBUG [http-nio-9090-exec-2]
				c.a.v.npc.core.service.NPCService.saveSyncHistoryMessages - Inserting into SYNC_HISTORY table has been done successfully for MSISDN: 01055555555  
28-06-2020 16:07:31.766 DEBUG [http-nio-9090-exec-2]
				c.a.v.npc.core.service.NPCService.saveSyncHistoryMessageByNPCMessage - The process of remove Sync History Messages for with NPC Message ID: 4498742 and Internal Port ID: 4498340   has been done successfully...
28-06-2020 16:09:29.959 DEBUG [http-nio-9090-exec-4]
				c.a.v.npc.core.handler.NPCWSHandler.processNPCMessage - Start validating the web service credentail for user: voda 
28-06-2020 16:09:29.959 DEBUG [http-nio-9090-exec-4]
				c.a.v.npc.core.handler.NPCWSHandler.processNPCMessage - Validating service credential has been done successully for user : voda
28-06-2020 16:09:29.961 DEBUG [http-nio-9090-exec-4]
				c.a.v.npc.core.handler.NPCWSHandler.processNPCMessage - Start Parsing Received Message from user : voda
28-06-2020 16:09:30.101 DEBUG [http-nio-9090-exec-4]
				c.a.v.npc.core.handler.NPCWSHandler.parseMessage - Loading XSD schema files to validate NPC message
28-06-2020 16:09:30.119 DEBUG [http-nio-9090-exec-4]
				c.a.v.npc.core.handler.NPCWSHandler.parseMessage - Start validating NPC message against xsd schema
28-06-2020 16:09:30.125 DEBUG [http-nio-9090-exec-4]
				c.a.v.npc.core.handler.NPCWSHandler.parseMessage - validating NPC message against XSD schema has been done successfully
28-06-2020 16:09:30.265 DEBUG [http-nio-9090-exec-4]
				c.a.v.npc.core.handler.NPCWSHandler.parsingAndUpdatingMessageTimeFrame - Parsing message XML  has done successfully with NPC Message ID: 4498743 
28-06-2020 16:09:30.413 DEBUG [http-nio-9090-exec-4]
				c.a.v.npc.core.service.NPCService.insertNPCMessage - Start inserting into NPC_MESSAGE table with NPC Message ID 4498743
28-06-2020 16:09:30.571 DEBUG [http-nio-9090-exec-4]
				c.a.v.npc.core.service.NPCService.insertNPCMessage - NPC message has been insterted into NPC_MESSAGE table successfully
28-06-2020 16:09:30.871 DEBUG [http-nio-9090-exec-4]
				c.a.v.npc.core.service.NPCService.insertNPCMessage - Start inserting into PORT_MESSAGE table with NPC Message ID 4498743
28-06-2020 16:09:31.043 DEBUG [http-nio-9090-exec-4]
				c.a.v.npc.core.service.NPCService.insertNPCMessage - NPC message has been insterted into PORT_MESSAGE table successfully
28-06-2020 16:09:31.044 DEBUG [http-nio-9090-exec-4]
				c.a.v.npc.core.service.NPCService.insertNPCMessage - Start inserting number data into NUMBERSTOPORT table with NPC Message ID 4498743
28-06-2020 16:09:31.300 DEBUG [http-nio-9090-exec-4]
				c.a.v.npc.core.service.NPCService.insertNPCMessage - Number data has been inserted into NUMBERSTOPORT table  successfully
28-06-2020 16:09:31.301 DEBUG [http-nio-9090-exec-4]
				c.a.v.npc.core.handler.NPCWSHandler.parsingAndUpdatingMessageTimeFrame - Inserting message into Database has done successfully with NPC Message ID: 4498743  and Internal Port ID: 4498342
28-06-2020 16:09:31.608 DEBUG [http-nio-9090-exec-4]
				c.a.v.npc.core.service.NPCService.updatePortData - Start Update PORT_DATA table 
28-06-2020 16:09:31.920 DEBUG [http-nio-9090-exec-4]
				c.a.v.npc.core.service.NPCService.updatePortData - Updating PORT_DATA table for NPC Message ID: 4498743  and Internal Port ID: 4498342 has been done successfully and the port Status updated with Status " 20-Activate-R "
28-06-2020 16:12:19.510 DEBUG [http-nio-9090-exec-6]
				c.a.v.npc.core.handler.NPCWSHandler.processNPCMessage - Start validating the web service credentail for user: voda 
28-06-2020 16:12:19.512 DEBUG [http-nio-9090-exec-6]
				c.a.v.npc.core.handler.NPCWSHandler.processNPCMessage - Validating service credential has been done successully for user : voda
28-06-2020 16:12:19.514 DEBUG [http-nio-9090-exec-6]
				c.a.v.npc.core.handler.NPCWSHandler.processNPCMessage - Start Parsing Received Message from user : voda
28-06-2020 16:12:19.672 DEBUG [http-nio-9090-exec-6]
				c.a.v.npc.core.handler.NPCWSHandler.parseMessage - Loading XSD schema files to validate NPC message
28-06-2020 16:12:19.688 DEBUG [http-nio-9090-exec-6]
				c.a.v.npc.core.handler.NPCWSHandler.parseMessage - Start validating NPC message against xsd schema
28-06-2020 16:12:19.695 DEBUG [http-nio-9090-exec-6]
				c.a.v.npc.core.handler.NPCWSHandler.parseMessage - validating NPC message against XSD schema has been done successfully
28-06-2020 16:12:19.843 DEBUG [http-nio-9090-exec-6]
				c.a.v.npc.core.handler.NPCWSHandler.parsingAndUpdatingMessageTimeFrame - Parsing message XML  has done successfully with NPC Message ID: 4498744 
28-06-2020 16:12:19.991 DEBUG [http-nio-9090-exec-6]
				c.a.v.npc.core.service.NPCService.insertNPCMessage - Start inserting into NPC_MESSAGE table with NPC Message ID 4498744
28-06-2020 16:12:20.227 DEBUG [http-nio-9090-exec-6]
				c.a.v.npc.core.service.NPCService.insertNPCMessage - NPC message has been insterted into NPC_MESSAGE table successfully
28-06-2020 16:12:20.548 DEBUG [http-nio-9090-exec-6]
				c.a.v.npc.core.service.NPCService.insertNPCMessage - Start inserting into PORT_MESSAGE table with NPC Message ID 4498744
28-06-2020 16:12:20.888 DEBUG [http-nio-9090-exec-6]
				c.a.v.npc.core.service.NPCService.insertNPCMessage - NPC message has been insterted into PORT_MESSAGE table successfully
28-06-2020 16:12:20.888 DEBUG [http-nio-9090-exec-6]
				c.a.v.npc.core.service.NPCService.insertNPCMessage - Start inserting into SUBSCRIBER_DATA table with NPC Message ID 4498744
28-06-2020 16:12:21.224 DEBUG [http-nio-9090-exec-6]
				c.a.v.npc.core.service.NPCService.insertNPCMessage - Subscriber data has been inserted into SUBSCRIBER_DATA table successfully  
28-06-2020 16:12:21.225 DEBUG [http-nio-9090-exec-6]
				c.a.v.npc.core.service.NPCService.insertNPCMessage - Start inserting number data into NUMBERSTOPORT table with NPC Message ID 4498744
28-06-2020 16:12:21.377 DEBUG [http-nio-9090-exec-6]
				c.a.v.npc.core.service.NPCService.insertNPCMessage - Number data has been inserted into NUMBERSTOPORT table  successfully
28-06-2020 16:12:21.378 DEBUG [http-nio-9090-exec-6]
				c.a.v.npc.core.handler.NPCWSHandler.parsingAndUpdatingMessageTimeFrame - Inserting message into Database has done successfully with NPC Message ID: 4498744  and Internal Port ID: 4498341
28-06-2020 16:12:21.535 DEBUG [http-nio-9090-exec-6]
				c.a.v.npc.core.service.NPCService.updatePortData - Start Update PORT_DATA table 
28-06-2020 16:12:21.923 DEBUG [http-nio-9090-exec-6]
				c.a.v.npc.core.service.NPCService.updatePortData - Updating PORT_DATA table for NPC Message ID: 4498744  and Internal Port ID: 4498341 has been done successfully and the port Status updated with Status " 10-Request-R "
28-06-2020 16:13:21.342 DEBUG [http-nio-9090-exec-8]
				c.a.v.npc.core.handler.NPCWSHandler.processNPCMessage - Start validating the web service credentail for user: voda 
28-06-2020 16:13:21.343 DEBUG [http-nio-9090-exec-8]
				c.a.v.npc.core.handler.NPCWSHandler.processNPCMessage - Validating service credential has been done successully for user : voda
28-06-2020 16:13:21.345 DEBUG [http-nio-9090-exec-8]
				c.a.v.npc.core.handler.NPCWSHandler.processNPCMessage - Start Parsing Received Message from user : voda
28-06-2020 16:13:21.512 DEBUG [http-nio-9090-exec-8]
				c.a.v.npc.core.handler.NPCWSHandler.parseMessage - Loading XSD schema files to validate NPC message
28-06-2020 16:13:21.527 DEBUG [http-nio-9090-exec-8]
				c.a.v.npc.core.handler.NPCWSHandler.parseMessage - Start validating NPC message against xsd schema
28-06-2020 16:13:21.533 DEBUG [http-nio-9090-exec-8]
				c.a.v.npc.core.handler.NPCWSHandler.parseMessage - validating NPC message against XSD schema has been done successfully
28-06-2020 16:13:21.678 DEBUG [http-nio-9090-exec-8]
				c.a.v.npc.core.handler.NPCWSHandler.parsingAndUpdatingMessageTimeFrame - Parsing message XML  has done successfully with NPC Message ID: 4498745 
28-06-2020 16:13:21.832 DEBUG [http-nio-9090-exec-8]
				c.a.v.npc.core.service.NPCService.insertNPCMessage - Start inserting into NPC_MESSAGE table with NPC Message ID 4498745
28-06-2020 16:13:22.042 DEBUG [http-nio-9090-exec-8]
				c.a.v.npc.core.service.NPCService.insertNPCMessage - NPC message has been insterted into NPC_MESSAGE table successfully
28-06-2020 16:13:22.346 DEBUG [http-nio-9090-exec-8]
				c.a.v.npc.core.service.NPCService.insertNPCMessage - Start inserting into PORT_MESSAGE table with NPC Message ID 4498745
28-06-2020 16:13:22.506 DEBUG [http-nio-9090-exec-8]
				c.a.v.npc.core.service.NPCService.insertNPCMessage - NPC message has been insterted into PORT_MESSAGE table successfully
28-06-2020 16:13:22.507 DEBUG [http-nio-9090-exec-8]
				c.a.v.npc.core.service.NPCService.insertNPCMessage - Start inserting number data into NUMBERSTOPORT table with NPC Message ID 4498745
28-06-2020 16:13:22.671 DEBUG [http-nio-9090-exec-8]
				c.a.v.npc.core.service.NPCService.insertNPCMessage - Number data has been inserted into NUMBERSTOPORT table  successfully
28-06-2020 16:13:22.672 DEBUG [http-nio-9090-exec-8]
				c.a.v.npc.core.handler.NPCWSHandler.parsingAndUpdatingMessageTimeFrame - Inserting message into Database has done successfully with NPC Message ID: 4498745  and Internal Port ID: 4498342
28-06-2020 16:13:22.829 DEBUG [http-nio-9090-exec-8]
				c.a.v.npc.core.service.NPCService.updatePortData - Start Update PORT_DATA table 
28-06-2020 16:13:23.137 DEBUG [http-nio-9090-exec-8]
				c.a.v.npc.core.service.NPCService.updatePortData - Updating PORT_DATA table for NPC Message ID: 4498745  and Internal Port ID: 4498342 has been done successfully and the port Status updated with Status " 20-Activate-R "
28-06-2020 16:13:56.890 DEBUG [http-nio-9090-exec-10]
				c.a.v.npc.core.handler.NPCWSHandler.processNPCMessage - Start validating the web service credentail for user: voda 
28-06-2020 16:13:56.891 DEBUG [http-nio-9090-exec-10]
				c.a.v.npc.core.handler.NPCWSHandler.processNPCMessage - Validating service credential has been done successully for user : voda
28-06-2020 16:13:56.892 DEBUG [http-nio-9090-exec-10]
				c.a.v.npc.core.handler.NPCWSHandler.processNPCMessage - Start Parsing Received Message from user : voda
28-06-2020 16:13:57.015 DEBUG [http-nio-9090-exec-10]
				c.a.v.npc.core.handler.NPCWSHandler.parseMessage - Loading XSD schema files to validate NPC message
28-06-2020 16:13:57.025 DEBUG [http-nio-9090-exec-10]
				c.a.v.npc.core.handler.NPCWSHandler.parseMessage - Start validating NPC message against xsd schema
28-06-2020 16:13:57.028 DEBUG [http-nio-9090-exec-10]
				c.a.v.npc.core.handler.NPCWSHandler.parseMessage - validating NPC message against XSD schema has been done successfully
28-06-2020 16:13:57.176 DEBUG [http-nio-9090-exec-10]
				c.a.v.npc.core.handler.NPCWSHandler.parsingAndUpdatingMessageTimeFrame - Parsing message XML  has done successfully with NPC Message ID: 4498746 
28-06-2020 16:13:57.326 DEBUG [http-nio-9090-exec-10]
				c.a.v.npc.core.service.NPCService.insertNPCMessage - Start inserting into NPC_MESSAGE table with NPC Message ID 4498746
28-06-2020 16:13:57.490 DEBUG [http-nio-9090-exec-10]
				c.a.v.npc.core.service.NPCService.insertNPCMessage - NPC message has been insterted into NPC_MESSAGE table successfully
28-06-2020 16:13:57.790 DEBUG [http-nio-9090-exec-10]
				c.a.v.npc.core.service.NPCService.insertNPCMessage - Start inserting into PORT_MESSAGE table with NPC Message ID 4498746
28-06-2020 16:13:57.952 DEBUG [http-nio-9090-exec-10]
				c.a.v.npc.core.service.NPCService.insertNPCMessage - NPC message has been insterted into PORT_MESSAGE table successfully
28-06-2020 16:13:57.954 DEBUG [http-nio-9090-exec-10]
				c.a.v.npc.core.service.NPCService.insertNPCMessage - Start inserting number data into NUMBERSTOPORT table with NPC Message ID 4498746
28-06-2020 16:13:58.099 DEBUG [http-nio-9090-exec-10]
				c.a.v.npc.core.service.NPCService.insertNPCMessage - Number data has been inserted into NUMBERSTOPORT table  successfully
28-06-2020 16:13:58.100 DEBUG [http-nio-9090-exec-10]
				c.a.v.npc.core.handler.NPCWSHandler.parsingAndUpdatingMessageTimeFrame - Inserting message into Database has done successfully with NPC Message ID: 4498746  and Internal Port ID: 4498341
28-06-2020 16:13:58.253 DEBUG [http-nio-9090-exec-10]
				c.a.v.npc.core.service.NPCService.updatePortData - Start Update PORT_DATA table 
28-06-2020 16:13:58.565 DEBUG [http-nio-9090-exec-10]
				c.a.v.npc.core.service.NPCService.updatePortData - Updating PORT_DATA table for NPC Message ID: 4498746  and Internal Port ID: 4498341 has been done successfully and the port Status updated with Status " 10-Request-R "
28-06-2020 16:14:59.224 DEBUG [http-nio-9090-exec-2]
				c.a.v.npc.core.handler.NPCWSHandler.processNPCMessage - Start validating the web service credentail for user: voda 
28-06-2020 16:14:59.226 DEBUG [http-nio-9090-exec-2]
				c.a.v.npc.core.handler.NPCWSHandler.processNPCMessage - Validating service credential has been done successully for user : voda
28-06-2020 16:14:59.231 DEBUG [http-nio-9090-exec-2]
				c.a.v.npc.core.handler.NPCWSHandler.processNPCMessage - Start Parsing Received Message from user : voda
28-06-2020 16:14:59.382 DEBUG [http-nio-9090-exec-2]
				c.a.v.npc.core.handler.NPCWSHandler.parseMessage - Loading XSD schema files to validate NPC message
28-06-2020 16:14:59.388 DEBUG [http-nio-9090-exec-2]
				c.a.v.npc.core.handler.NPCWSHandler.parseMessage - Start validating NPC message against xsd schema
28-06-2020 16:14:59.390 DEBUG [http-nio-9090-exec-2]
				c.a.v.npc.core.handler.NPCWSHandler.parseMessage - validating NPC message against XSD schema has been done successfully
28-06-2020 16:14:59.536 DEBUG [http-nio-9090-exec-2]
				c.a.v.npc.core.handler.NPCWSHandler.parsingAndUpdatingMessageTimeFrame - Parsing message XML  has done successfully with NPC Message ID: 4498747 
28-06-2020 16:14:59.679 DEBUG [http-nio-9090-exec-2]
				c.a.v.npc.core.service.NPCService.insertNPCMessage - Start inserting into NPC_MESSAGE table with NPC Message ID 4498747
28-06-2020 16:14:59.850 DEBUG [http-nio-9090-exec-2]
				c.a.v.npc.core.service.NPCService.insertNPCMessage - NPC message has been insterted into NPC_MESSAGE table successfully
28-06-2020 16:15:00.235 DEBUG [http-nio-9090-exec-2]
				c.a.v.npc.core.service.NPCService.insertNPCMessage - Start inserting into PORT_MESSAGE table with NPC Message ID 4498747
28-06-2020 16:15:00.726 DEBUG [http-nio-9090-exec-2]
				c.a.v.npc.core.service.NPCService.insertNPCMessage - NPC message has been insterted into PORT_MESSAGE table successfully
28-06-2020 16:15:00.727 DEBUG [http-nio-9090-exec-2]
				c.a.v.npc.core.service.NPCService.insertNPCMessage - Start inserting number data into NUMBERSTOPORT table with NPC Message ID 4498747
28-06-2020 16:15:00.953 DEBUG [http-nio-9090-exec-2]
				c.a.v.npc.core.service.NPCService.insertNPCMessage - Number data has been inserted into NUMBERSTOPORT table  successfully
28-06-2020 16:15:00.954 DEBUG [http-nio-9090-exec-2]
				c.a.v.npc.core.handler.NPCWSHandler.parsingAndUpdatingMessageTimeFrame - Inserting message into Database has done successfully with NPC Message ID: 4498747  and Internal Port ID: 4498341
28-06-2020 16:15:01.364 DEBUG [http-nio-9090-exec-2]
				c.a.v.npc.core.service.NPCService.updatePortData - Start Update PORT_DATA table 
28-06-2020 16:15:01.716 DEBUG [http-nio-9090-exec-2]
				c.a.v.npc.core.service.NPCService.updatePortData - Updating PORT_DATA table for NPC Message ID: 4498747  and Internal Port ID: 4498341 has been done successfully and the port Status updated with Status " 40-Notice-R "
28-06-2020 16:15:56.847 DEBUG [http-nio-9090-exec-4]
				c.a.v.npc.core.handler.NPCWSHandler.processNPCMessage - Start validating the web service credentail for user: voda 
28-06-2020 16:15:56.848 DEBUG [http-nio-9090-exec-4]
				c.a.v.npc.core.handler.NPCWSHandler.processNPCMessage - Validating service credential has been done successully for user : voda
28-06-2020 16:15:56.850 DEBUG [http-nio-9090-exec-4]
				c.a.v.npc.core.handler.NPCWSHandler.processNPCMessage - Start Parsing Received Message from user : voda
28-06-2020 16:15:56.948 DEBUG [http-nio-9090-exec-4]
				c.a.v.npc.core.handler.NPCWSHandler.parseMessage - Loading XSD schema files to validate NPC message
28-06-2020 16:15:56.956 DEBUG [http-nio-9090-exec-4]
				c.a.v.npc.core.handler.NPCWSHandler.parseMessage - Start validating NPC message against xsd schema
28-06-2020 16:15:56.958 DEBUG [http-nio-9090-exec-4]
				c.a.v.npc.core.handler.NPCWSHandler.parseMessage - validating NPC message against XSD schema has been done successfully
28-06-2020 16:15:57.117 DEBUG [http-nio-9090-exec-4]
				c.a.v.npc.core.handler.NPCWSHandler.parsingAndUpdatingMessageTimeFrame - Parsing message XML  has done successfully with NPC Message ID: 4498748 
28-06-2020 16:15:57.409 DEBUG [http-nio-9090-exec-4]
				c.a.v.npc.core.service.NPCService.insertNPCMessage - Start inserting into NPC_MESSAGE table with NPC Message ID 4498748
28-06-2020 16:15:57.783 DEBUG [http-nio-9090-exec-4]
				c.a.v.npc.core.service.NPCService.insertNPCMessage - NPC message has been insterted into NPC_MESSAGE table successfully
28-06-2020 16:15:58.356 DEBUG [http-nio-9090-exec-4]
				c.a.v.npc.core.service.NPCService.insertNPCMessage - Start inserting into PORT_MESSAGE table with NPC Message ID 4498748
28-06-2020 16:15:58.719 DEBUG [http-nio-9090-exec-4]
				c.a.v.npc.core.service.NPCService.insertNPCMessage - NPC message has been insterted into PORT_MESSAGE table successfully
28-06-2020 16:15:58.719 DEBUG [http-nio-9090-exec-4]
				c.a.v.npc.core.service.NPCService.insertNPCMessage - Start inserting number data into NUMBERSTOPORT table with NPC Message ID 4498748
28-06-2020 16:15:59.012 DEBUG [http-nio-9090-exec-4]
				c.a.v.npc.core.service.NPCService.insertNPCMessage - Number data has been inserted into NUMBERSTOPORT table  successfully
28-06-2020 16:15:59.013 DEBUG [http-nio-9090-exec-4]
				c.a.v.npc.core.handler.NPCWSHandler.parsingAndUpdatingMessageTimeFrame - Inserting message into Database has done successfully with NPC Message ID: 4498748  and Internal Port ID: 4498341
28-06-2020 16:15:59.456 DEBUG [http-nio-9090-exec-4]
				c.a.v.npc.core.service.NPCService.updateNPCMessageCurrentDate - Start updating message current max date with date 30/06/2020 10:58:14 
28-06-2020 16:15:59.623 DEBUG [http-nio-9090-exec-4]
				c.a.v.npc.core.service.NPCService.updateNPCMessageCurrentDate - Updating message current max date has been done successfully
28-06-2020 16:15:59.776 DEBUG [http-nio-9090-exec-4]
				c.a.v.npc.core.service.NPCService.updatePortData - Start Update PORT_DATA table 
28-06-2020 16:16:00.241 DEBUG [http-nio-9090-exec-4]
				c.a.v.npc.core.service.NPCService.updatePortData - Updating PORT_DATA table for NPC Message ID: 4498748  and Internal Port ID: 4498341 has been done successfully and the port Status updated with Status " 40-Notice-R "
28-06-2020 16:17:08.392 DEBUG [http-nio-9090-exec-6]
				c.a.v.npc.core.handler.NPCWSHandler.processNPCMessage - Start validating the web service credentail for user: voda 
28-06-2020 16:17:08.394 DEBUG [http-nio-9090-exec-6]
				c.a.v.npc.core.handler.NPCWSHandler.processNPCMessage - Validating service credential has been done successully for user : voda
28-06-2020 16:17:08.396 DEBUG [http-nio-9090-exec-6]
				c.a.v.npc.core.handler.NPCWSHandler.processNPCMessage - Start Parsing Received Message from user : voda
28-06-2020 16:17:08.558 DEBUG [http-nio-9090-exec-6]
				c.a.v.npc.core.handler.NPCWSHandler.parseMessage - Loading XSD schema files to validate NPC message
28-06-2020 16:17:08.570 DEBUG [http-nio-9090-exec-6]
				c.a.v.npc.core.handler.NPCWSHandler.parseMessage - Start validating NPC message against xsd schema
28-06-2020 16:17:08.576 DEBUG [http-nio-9090-exec-6]
				c.a.v.npc.core.handler.NPCWSHandler.parseMessage - validating NPC message against XSD schema has been done successfully
28-06-2020 16:17:08.721 DEBUG [http-nio-9090-exec-6]
				c.a.v.npc.core.handler.NPCWSHandler.parsingAndUpdatingMessageTimeFrame - Parsing message XML  has done successfully with NPC Message ID: 4498749 
28-06-2020 16:17:08.865 DEBUG [http-nio-9090-exec-6]
				c.a.v.npc.core.service.NPCService.insertNPCMessage - Start inserting into NPC_MESSAGE table with NPC Message ID 4498749
28-06-2020 16:17:09.024 DEBUG [http-nio-9090-exec-6]
				c.a.v.npc.core.service.NPCService.insertNPCMessage - NPC message has been insterted into NPC_MESSAGE table successfully
28-06-2020 16:17:09.321 DEBUG [http-nio-9090-exec-6]
				c.a.v.npc.core.service.NPCService.insertNPCMessage - Start inserting into PORT_MESSAGE table with NPC Message ID 4498749
28-06-2020 16:17:09.489 DEBUG [http-nio-9090-exec-6]
				c.a.v.npc.core.service.NPCService.insertNPCMessage - NPC message has been insterted into PORT_MESSAGE table successfully
28-06-2020 16:17:09.490 DEBUG [http-nio-9090-exec-6]
				c.a.v.npc.core.service.NPCService.insertNPCMessage - Start inserting number data into NUMBERSTOPORT table with NPC Message ID 4498749
28-06-2020 16:17:09.772 DEBUG [http-nio-9090-exec-6]
				c.a.v.npc.core.service.NPCService.insertNPCMessage - Number data has been inserted into NUMBERSTOPORT table  successfully
28-06-2020 16:17:09.773 DEBUG [http-nio-9090-exec-6]
				c.a.v.npc.core.handler.NPCWSHandler.parsingAndUpdatingMessageTimeFrame - Inserting message into Database has done successfully with NPC Message ID: 4498749  and Internal Port ID: 4498341
28-06-2020 16:17:10.183 DEBUG [http-nio-9090-exec-6]
				c.a.v.npc.core.service.NPCService.updateNPCMessageCurrentDate - Start updating message current max date with date 27/08/2020 16:14:50 
28-06-2020 16:17:10.385 DEBUG [http-nio-9090-exec-6]
				c.a.v.npc.core.service.NPCService.updateNPCMessageCurrentDate - Updating message current max date has been done successfully
28-06-2020 16:17:10.594 DEBUG [http-nio-9090-exec-6]
				c.a.v.npc.core.service.NPCService.updatePortData - Start Update PORT_DATA table 
28-06-2020 16:17:11.001 DEBUG [http-nio-9090-exec-6]
				c.a.v.npc.core.service.NPCService.updatePortData - Updating PORT_DATA table for NPC Message ID: 4498749  and Internal Port ID: 4498341 has been done successfully and the port Status updated with Status " 40-Disconnect-R "
28-06-2020 16:18:00.635 DEBUG [http-nio-9090-exec-8]
				c.a.v.npc.core.handler.NPCWSHandler.processNPCMessage - Start validating the web service credentail for user: voda 
28-06-2020 16:18:00.637 DEBUG [http-nio-9090-exec-8]
				c.a.v.npc.core.handler.NPCWSHandler.processNPCMessage - Validating service credential has been done successully for user : voda
28-06-2020 16:18:00.639 DEBUG [http-nio-9090-exec-8]
				c.a.v.npc.core.handler.NPCWSHandler.processNPCMessage - Start Parsing Received Message from user : voda
28-06-2020 16:18:00.800 DEBUG [http-nio-9090-exec-8]
				c.a.v.npc.core.handler.NPCWSHandler.parseMessage - Loading XSD schema files to validate NPC message
28-06-2020 16:18:00.811 DEBUG [http-nio-9090-exec-8]
				c.a.v.npc.core.handler.NPCWSHandler.parseMessage - Start validating NPC message against xsd schema
28-06-2020 16:18:00.815 DEBUG [http-nio-9090-exec-8]
				c.a.v.npc.core.handler.NPCWSHandler.parseMessage - validating NPC message against XSD schema has been done successfully
28-06-2020 16:18:00.968 DEBUG [http-nio-9090-exec-8]
				c.a.v.npc.core.handler.NPCWSHandler.parsingAndUpdatingMessageTimeFrame - Parsing message XML  has done successfully with NPC Message ID: 4498750 
28-06-2020 16:18:01.120 DEBUG [http-nio-9090-exec-8]
				c.a.v.npc.core.service.NPCService.insertNPCMessage - Start inserting into NPC_MESSAGE table with NPC Message ID 4498750
28-06-2020 16:18:01.290 DEBUG [http-nio-9090-exec-8]
				c.a.v.npc.core.service.NPCService.insertNPCMessage - NPC message has been insterted into NPC_MESSAGE table successfully
28-06-2020 16:18:01.291 DEBUG [http-nio-9090-exec-8]
				c.a.v.npc.core.service.NPCService.insertNPCMessage - Start inserting into BULK_SYNC_MESSAGE table with NPC Message ID 4498750
28-06-2020 16:18:01.467 DEBUG [http-nio-9090-exec-8]
				c.a.v.npc.core.service.NPCService.insertNPCMessage - Bulk Sync Message has been inserted into BULK_SYNC_MESSAGE table successfully with NPC Message ID: 4498750
28-06-2020 16:18:24.579 DEBUG [http-nio-9090-exec-9]
				c.a.v.npc.core.handler.NPCWSHandler.processNPCMessage - Start validating the web service credentail for user: voda 
28-06-2020 16:18:24.581 DEBUG [http-nio-9090-exec-9]
				c.a.v.npc.core.handler.NPCWSHandler.processNPCMessage - Validating service credential has been done successully for user : voda
28-06-2020 16:18:24.585 DEBUG [http-nio-9090-exec-9]
				c.a.v.npc.core.handler.NPCWSHandler.processNPCMessage - Start Parsing Received Message from user : voda
28-06-2020 16:18:24.676 DEBUG [http-nio-9090-exec-9]
				c.a.v.npc.core.handler.NPCWSHandler.parseMessage - Loading XSD schema files to validate NPC message
28-06-2020 16:18:24.682 DEBUG [http-nio-9090-exec-9]
				c.a.v.npc.core.handler.NPCWSHandler.parseMessage - Start validating NPC message against xsd schema
28-06-2020 16:19:11.854 DEBUG [http-nio-9090-exec-1]
				c.a.v.npc.core.handler.NPCWSHandler.processNPCMessage - Start validating the web service credentail for user: voda 
28-06-2020 16:19:11.855 DEBUG [http-nio-9090-exec-1]
				c.a.v.npc.core.handler.NPCWSHandler.processNPCMessage - Validating service credential has been done successully for user : voda
28-06-2020 16:19:11.857 DEBUG [http-nio-9090-exec-1]
				c.a.v.npc.core.handler.NPCWSHandler.processNPCMessage - Start Parsing Received Message from user : voda
28-06-2020 16:19:12.016 DEBUG [http-nio-9090-exec-1]
				c.a.v.npc.core.handler.NPCWSHandler.parseMessage - Loading XSD schema files to validate NPC message
28-06-2020 16:19:12.025 DEBUG [http-nio-9090-exec-1]
				c.a.v.npc.core.handler.NPCWSHandler.parseMessage - Start validating NPC message against xsd schema
28-06-2020 16:19:12.030 DEBUG [http-nio-9090-exec-1]
				c.a.v.npc.core.handler.NPCWSHandler.parseMessage - validating NPC message against XSD schema has been done successfully
28-06-2020 16:19:12.172 DEBUG [http-nio-9090-exec-1]
				c.a.v.npc.core.handler.NPCWSHandler.parsingAndUpdatingMessageTimeFrame - Parsing message XML  has done successfully with NPC Message ID: 4498751 
28-06-2020 16:19:12.430 DEBUG [http-nio-9090-exec-1]
				c.a.v.npc.core.service.NPCService.insertNPCMessage - Start inserting into NPC_MESSAGE table with NPC Message ID 4498751
28-06-2020 16:19:12.602 DEBUG [http-nio-9090-exec-1]
				c.a.v.npc.core.service.NPCService.insertNPCMessage - NPC message has been insterted into NPC_MESSAGE table successfully
28-06-2020 16:19:12.603 DEBUG [http-nio-9090-exec-1]
				c.a.v.npc.core.service.NPCService.insertNPCMessage - Start inserting into BULK_SYNC_MESSAGE table with NPC Message ID 4498751
28-06-2020 16:19:12.857 DEBUG [http-nio-9090-exec-1]
				c.a.v.npc.core.service.NPCService.insertNPCMessage - Bulk Sync Message has been inserted into BULK_SYNC_MESSAGE table successfully with NPC Message ID: 4498751
28-06-2020 16:20:05.141 DEBUG [http-nio-9090-exec-3]
				c.a.v.npc.core.handler.NPCWSHandler.processNPCMessage - Start validating the web service credentail for user: voda 
28-06-2020 16:20:05.143 DEBUG [http-nio-9090-exec-3]
				c.a.v.npc.core.handler.NPCWSHandler.processNPCMessage - Validating service credential has been done successully for user : voda
28-06-2020 16:20:05.147 DEBUG [http-nio-9090-exec-3]
				c.a.v.npc.core.handler.NPCWSHandler.processNPCMessage - Start Parsing Received Message from user : voda
28-06-2020 16:20:05.302 DEBUG [http-nio-9090-exec-3]
				c.a.v.npc.core.handler.NPCWSHandler.parseMessage - Loading XSD schema files to validate NPC message
28-06-2020 16:20:05.313 DEBUG [http-nio-9090-exec-3]
				c.a.v.npc.core.handler.NPCWSHandler.parseMessage - Start validating NPC message against xsd schema
28-06-2020 16:20:05.319 DEBUG [http-nio-9090-exec-3]
				c.a.v.npc.core.handler.NPCWSHandler.parseMessage - validating NPC message against XSD schema has been done successfully
28-06-2020 16:20:05.464 DEBUG [http-nio-9090-exec-3]
				c.a.v.npc.core.handler.NPCWSHandler.parsingAndUpdatingMessageTimeFrame - Parsing message XML  has done successfully with NPC Message ID: 4498752 
28-06-2020 16:20:05.614 DEBUG [http-nio-9090-exec-3]
				c.a.v.npc.core.service.NPCService.insertNPCMessage - Start inserting into NPC_MESSAGE table with NPC Message ID 4498752
28-06-2020 16:20:05.829 DEBUG [http-nio-9090-exec-3]
				c.a.v.npc.core.service.NPCService.insertNPCMessage - NPC message has been insterted into NPC_MESSAGE table successfully
28-06-2020 16:20:06.139 DEBUG [http-nio-9090-exec-3]
				c.a.v.npc.core.service.NPCService.insertNPCMessage - Start inserting into PORT_MESSAGE table with NPC Message ID 4498752
28-06-2020 16:20:06.412 DEBUG [http-nio-9090-exec-3]
				c.a.v.npc.core.service.NPCService.insertNPCMessage - NPC message has been insterted into PORT_MESSAGE table successfully
28-06-2020 16:20:06.412 DEBUG [http-nio-9090-exec-3]
				c.a.v.npc.core.service.NPCService.insertNPCMessage - Start inserting number data into NUMBERSTOPORT table with NPC Message ID 4498752
28-06-2020 16:20:06.619 DEBUG [http-nio-9090-exec-3]
				c.a.v.npc.core.service.NPCService.insertNPCMessage - Number data has been inserted into NUMBERSTOPORT table  successfully
28-06-2020 16:20:06.620 DEBUG [http-nio-9090-exec-3]
				c.a.v.npc.core.handler.NPCWSHandler.parsingAndUpdatingMessageTimeFrame - Inserting message into Database has done successfully with NPC Message ID: 4498752  and Internal Port ID: 4498341
28-06-2020 16:20:07.028 DEBUG [http-nio-9090-exec-3]
				c.a.v.npc.core.service.NPCService.updatePortData - Start Update PORT_DATA table 
28-06-2020 16:20:07.435 DEBUG [http-nio-9090-exec-3]
				c.a.v.npc.core.service.NPCService.updatePortData - Updating PORT_DATA table for NPC Message ID: 4498752  and Internal Port ID: 4498341 has been done successfully and the port Status updated with Status " 10-Reject-R "
28-06-2020 16:20:13.227 DEBUG [http-nio-9090-exec-4]
				c.a.v.npc.core.handler.NPCWSHandler.processNPCMessage - Start validating the web service credentail for user: voda 
28-06-2020 16:20:13.229 DEBUG [http-nio-9090-exec-4]
				c.a.v.npc.core.handler.NPCWSHandler.processNPCMessage - Validating service credential has been done successully for user : voda
28-06-2020 16:20:13.233 DEBUG [http-nio-9090-exec-4]
				c.a.v.npc.core.handler.NPCWSHandler.processNPCMessage - Start Parsing Received Message from user : voda
28-06-2020 16:20:13.390 DEBUG [http-nio-9090-exec-4]
				c.a.v.npc.core.handler.NPCWSHandler.parseMessage - Loading XSD schema files to validate NPC message
28-06-2020 16:20:13.400 DEBUG [http-nio-9090-exec-4]
				c.a.v.npc.core.handler.NPCWSHandler.parseMessage - Start validating NPC message against xsd schema
28-06-2020 16:20:13.405 DEBUG [http-nio-9090-exec-4]
				c.a.v.npc.core.handler.NPCWSHandler.parseMessage - validating NPC message against XSD schema has been done successfully
28-06-2020 16:20:13.551 DEBUG [http-nio-9090-exec-4]
				c.a.v.npc.core.handler.NPCWSHandler.parsingAndUpdatingMessageTimeFrame - Parsing message XML  has done successfully with NPC Message ID: 4498753 
28-06-2020 16:20:13.697 DEBUG [http-nio-9090-exec-4]
				c.a.v.npc.core.service.NPCService.insertNPCMessage - Start inserting into NPC_MESSAGE table with NPC Message ID 4498753
28-06-2020 16:20:13.877 DEBUG [http-nio-9090-exec-4]
				c.a.v.npc.core.service.NPCService.insertNPCMessage - NPC message has been insterted into NPC_MESSAGE table successfully
28-06-2020 16:20:14.180 DEBUG [http-nio-9090-exec-4]
				c.a.v.npc.core.service.NPCService.insertNPCMessage - Start inserting into PORT_MESSAGE table with NPC Message ID 4498753
28-06-2020 16:20:14.610 DEBUG [http-nio-9090-exec-4]
				c.a.v.npc.core.service.NPCService.insertNPCMessage - NPC message has been insterted into PORT_MESSAGE table successfully
28-06-2020 16:20:14.611 DEBUG [http-nio-9090-exec-4]
				c.a.v.npc.core.service.NPCService.insertNPCMessage - Start inserting into SUBSCRIBER_DATA table with NPC Message ID 4498753
28-06-2020 16:20:14.810 DEBUG [http-nio-9090-exec-4]
				c.a.v.npc.core.service.NPCService.insertNPCMessage - Subscriber data has been inserted into SUBSCRIBER_DATA table successfully  
28-06-2020 16:20:14.811 DEBUG [http-nio-9090-exec-4]
				c.a.v.npc.core.service.NPCService.insertNPCMessage - Start inserting number data into NUMBERSTOPORT table with NPC Message ID 4498753
28-06-2020 16:20:15.016 DEBUG [http-nio-9090-exec-4]
				c.a.v.npc.core.service.NPCService.insertNPCMessage - Number data has been inserted into NUMBERSTOPORT table  successfully
28-06-2020 16:20:15.017 DEBUG [http-nio-9090-exec-4]
				c.a.v.npc.core.handler.NPCWSHandler.parsingAndUpdatingMessageTimeFrame - Inserting message into Database has done successfully with NPC Message ID: 4498753  and Internal Port ID: 4498342
28-06-2020 16:20:15.219 DEBUG [http-nio-9090-exec-4]
				c.a.v.npc.core.service.NPCService.updatePortData - Start Update PORT_DATA table 
28-06-2020 16:20:15.627 DEBUG [http-nio-9090-exec-4]
				c.a.v.npc.core.service.NPCService.updatePortData - Updating PORT_DATA table for NPC Message ID: 4498753  and Internal Port ID: 4498342 has been done successfully and the port Status updated with Status " 20-Request-R "
28-06-2020 16:20:22.605 DEBUG [http-nio-9090-exec-5]
				c.a.v.npc.core.handler.NPCWSHandler.processNPCMessage - Start validating the web service credentail for user: voda 
28-06-2020 16:20:22.607 DEBUG [http-nio-9090-exec-5]
				c.a.v.npc.core.handler.NPCWSHandler.processNPCMessage - Validating service credential has been done successully for user : voda
28-06-2020 16:20:22.609 DEBUG [http-nio-9090-exec-5]
				c.a.v.npc.core.handler.NPCWSHandler.processNPCMessage - Start Parsing Received Message from user : voda
28-06-2020 16:20:22.708 DEBUG [http-nio-9090-exec-5]
				c.a.v.npc.core.handler.NPCWSHandler.parseMessage - Loading XSD schema files to validate NPC message
28-06-2020 16:20:22.716 DEBUG [http-nio-9090-exec-5]
				c.a.v.npc.core.handler.NPCWSHandler.parseMessage - Start validating NPC message against xsd schema
28-06-2020 16:20:22.719 DEBUG [http-nio-9090-exec-5]
				c.a.v.npc.core.handler.NPCWSHandler.parseMessage - validating NPC message against XSD schema has been done successfully
28-06-2020 16:20:22.865 DEBUG [http-nio-9090-exec-5]
				c.a.v.npc.core.handler.NPCWSHandler.parsingAndUpdatingMessageTimeFrame - Parsing message XML  has done successfully with NPC Message ID: 4498754 
28-06-2020 16:20:23.013 DEBUG [http-nio-9090-exec-5]
				c.a.v.npc.core.service.NPCService.insertNPCMessage - Start inserting into NPC_MESSAGE table with NPC Message ID 4498754
28-06-2020 16:20:23.205 DEBUG [http-nio-9090-exec-5]
				c.a.v.npc.core.service.NPCService.insertNPCMessage - NPC message has been insterted into NPC_MESSAGE table successfully
28-06-2020 16:20:23.496 DEBUG [http-nio-9090-exec-5]
				c.a.v.npc.core.service.NPCService.insertNPCMessage - Start inserting into PORT_MESSAGE table with NPC Message ID 4498754
28-06-2020 16:20:24.000 DEBUG [http-nio-9090-exec-5]
				c.a.v.npc.core.service.NPCService.insertNPCMessage - NPC message has been insterted into PORT_MESSAGE table successfully
28-06-2020 16:20:24.001 DEBUG [http-nio-9090-exec-5]
				c.a.v.npc.core.service.NPCService.insertNPCMessage - Start inserting number data into NUMBERSTOPORT table with NPC Message ID 4498754
28-06-2020 16:20:24.159 DEBUG [http-nio-9090-exec-5]
				c.a.v.npc.core.service.NPCService.insertNPCMessage - Number data has been inserted into NUMBERSTOPORT table  successfully
28-06-2020 16:20:24.160 DEBUG [http-nio-9090-exec-5]
				c.a.v.npc.core.handler.NPCWSHandler.parsingAndUpdatingMessageTimeFrame - Inserting message into Database has done successfully with NPC Message ID: 4498754  and Internal Port ID: 4498340
28-06-2020 16:20:24.641 DEBUG [http-nio-9090-exec-5]
				c.a.v.npc.core.service.NPCService.updateNPCMessageCurrentDate - Start updating message current max date with date 28/06/2020 19:07:17 
28-06-2020 16:20:24.947 DEBUG [http-nio-9090-exec-5]
				c.a.v.npc.core.service.NPCService.updateNPCMessageCurrentDate - Updating message current max date has been done successfully
28-06-2020 16:20:25.155 DEBUG [http-nio-9090-exec-5]
				c.a.v.npc.core.service.NPCService.updatePortData - Start Update PORT_DATA table 
28-06-2020 16:20:25.562 DEBUG [http-nio-9090-exec-5]
				c.a.v.npc.core.service.NPCService.updatePortData - Updating PORT_DATA table for NPC Message ID: 4498754  and Internal Port ID: 4498340 has been done successfully and the port Status updated with Status " 30-Deactivate-R "
