21-06-2020 10:31:03.836 INFO  [main]
				c.a.v.n.w.NPCWebServiceApplication.logStarting - Starting NPCWebServiceApplication on Mohamed-Hamdy with PID 29108 (C:\Users\mohammed.hamdy\git\npc-vodafone\vodafone-mnp-webservice\target\classes started by mohammed.hamdy in C:\Users\mohammed.hamdy\git\npc-vodafone\vodafone-mnp-webservice)
21-06-2020 10:31:03.842 INFO  [main]
				c.a.v.n.w.NPCWebServiceApplication.logStartupProfileInfo - No active profile set, falling back to default profiles: default
21-06-2020 10:31:03.871 INFO  [main]
				o.s.b.c.e.AnnotationConfigEmbeddedWebApplicationContext.prepareRefresh - Refreshing org.springframework.boot.context.embedded.AnnotationConfigEmbeddedWebApplicationContext@3ba9ad43: startup date [Sun Jun 21 10:31:03 EET 2020]; root of context hierarchy
21-06-2020 10:31:04.203 INFO  [background-preinit]
				o.h.validator.internal.util.Version.<clinit> - HV000001: Hibernate Validator 5.2.4.Final
21-06-2020 10:31:04.537 INFO  [main]
				o.s.c.s.PostProcessorRegistrationDelegate$BeanPostProcessorChecker.postProcessAfterInitialization - Bean 'NPCWebServiceConfig' of type [class com.asset.vodafone.npc.webservice.config.NPCWebServiceConfig$$EnhancerBySpringCGLIB$$8b5d5b1c] is not eligible for getting processed by all BeanPostProcessors (for example: not eligible for auto-proxying)
21-06-2020 10:31:04.542 INFO  [main]
				o.s.c.s.PostProcessorRegistrationDelegate$BeanPostProcessorChecker.postProcessAfterInitialization - Bean 'org.springframework.ws.config.annotation.DelegatingWsConfiguration' of type [class org.springframework.ws.config.annotation.DelegatingWsConfiguration$$EnhancerBySpringCGLIB$$f7480d0b] is not eligible for getting processed by all BeanPostProcessors (for example: not eligible for auto-proxying)
21-06-2020 10:31:04.570 INFO  [main]
				o.s.w.s.a.s.AnnotationActionEndpointMapping.afterPropertiesSet - Supporting [WS-Addressing August 2004, WS-Addressing 1.0]
21-06-2020 10:31:04.785 INFO  [main]
				o.s.b.c.e.t.TomcatEmbeddedServletContainer.initialize - Tomcat initialized with port(s): 9090 (http)
21-06-2020 10:31:04.791 INFO  [main]
				o.a.catalina.core.StandardService.log - Starting service Tomcat
21-06-2020 10:31:04.792 INFO  [main]
				o.a.catalina.core.StandardEngine.log - Starting Servlet Engine: Apache Tomcat/8.5.6
21-06-2020 10:31:04.840 INFO  [localhost-startStop-1]
				o.a.c.c.C.[Tomcat].[localhost].[/].log - Initializing Spring embedded WebApplicationContext
21-06-2020 10:31:04.840 INFO  [localhost-startStop-1]
				o.s.web.context.ContextLoader.prepareEmbeddedWebApplicationContext - Root WebApplicationContext: initialization completed in 969 ms
21-06-2020 10:31:04.954 INFO  [localhost-startStop-1]
				o.s.b.w.s.ServletRegistrationBean.onStartup - Mapping servlet: 'messageDispatcherServlet' to [/NPC-SOAP/NPCWebService]
21-06-2020 10:31:04.955 INFO  [localhost-startStop-1]
				o.s.b.w.s.ServletRegistrationBean.onStartup - Mapping servlet: 'dispatcherServlet' to [/]
21-06-2020 10:31:04.957 INFO  [localhost-startStop-1]
				o.s.b.w.s.FilterRegistrationBean.configure - Mapping filter: 'characterEncodingFilter' to: [/*]
21-06-2020 10:31:04.957 INFO  [localhost-startStop-1]
				o.s.b.w.s.FilterRegistrationBean.configure - Mapping filter: 'hiddenHttpMethodFilter' to: [/*]
21-06-2020 10:31:04.957 INFO  [localhost-startStop-1]
				o.s.b.w.s.FilterRegistrationBean.configure - Mapping filter: 'httpPutFormContentFilter' to: [/*]
21-06-2020 10:31:04.958 INFO  [localhost-startStop-1]
				o.s.b.w.s.FilterRegistrationBean.configure - Mapping filter: 'requestContextFilter' to: [/*]
21-06-2020 10:31:05.176 INFO  [main]
				o.s.w.s.m.m.a.RequestMappingHandlerAdapter.initControllerAdviceCache - Looking for @ControllerAdvice: org.springframework.boot.context.embedded.AnnotationConfigEmbeddedWebApplicationContext@3ba9ad43: startup date [Sun Jun 21 10:31:03 EET 2020]; root of context hierarchy
21-06-2020 10:31:05.207 INFO  [main]
				o.s.w.s.m.m.a.RequestMappingHandlerMapping.register - Mapped "{[/error]}" onto public org.springframework.http.ResponseEntity<java.util.Map<java.lang.String, java.lang.Object>> org.springframework.boot.autoconfigure.web.BasicErrorController.error(javax.servlet.http.HttpServletRequest)
21-06-2020 10:31:05.208 INFO  [main]
				o.s.w.s.m.m.a.RequestMappingHandlerMapping.register - Mapped "{[/error],produces=[text/html]}" onto public org.springframework.web.servlet.ModelAndView org.springframework.boot.autoconfigure.web.BasicErrorController.errorHtml(javax.servlet.http.HttpServletRequest,javax.servlet.http.HttpServletResponse)
21-06-2020 10:31:05.226 INFO  [main]
				o.s.w.s.h.SimpleUrlHandlerMapping.registerHandler - Mapped URL path [/webjars/**] onto handler of type [class org.springframework.web.servlet.resource.ResourceHttpRequestHandler]
21-06-2020 10:31:05.226 INFO  [main]
				o.s.w.s.h.SimpleUrlHandlerMapping.registerHandler - Mapped URL path [/**] onto handler of type [class org.springframework.web.servlet.resource.ResourceHttpRequestHandler]
21-06-2020 10:31:05.248 INFO  [main]
				o.s.w.s.h.SimpleUrlHandlerMapping.registerHandler - Mapped URL path [/**/favicon.ico] onto handler of type [class org.springframework.web.servlet.resource.ResourceHttpRequestHandler]
21-06-2020 10:31:05.331 INFO  [main]
				o.s.j.e.a.AnnotationMBeanExporter.afterSingletonsInstantiated - Registering beans for JMX exposure on startup
21-06-2020 10:31:05.339 INFO  [main]
				o.a.coyote.http11.Http11NioProtocol.log - Initializing ProtocolHandler ["http-nio-9090"]
21-06-2020 10:31:05.344 INFO  [main]
				o.a.coyote.http11.Http11NioProtocol.log - Starting ProtocolHandler [http-nio-9090]
21-06-2020 10:31:05.425 INFO  [main]
				o.a.tomcat.util.net.NioSelectorPool.log - Using a shared selector for servlet write/read
21-06-2020 10:31:05.434 INFO  [main]
				o.s.b.c.e.t.TomcatEmbeddedServletContainer.start - Tomcat started on port(s): 9090 (http)
21-06-2020 10:31:05.438 INFO  [main]
				c.a.v.n.w.NPCWebServiceApplication.logStarted - Started NPCWebServiceApplication in 1.892 seconds (JVM running for 2.853)
21-06-2020 10:31:54.554 INFO  [http-nio-9090-exec-1]
				o.a.c.c.C.[Tomcat].[localhost].[/].log - Initializing Spring FrameworkServlet 'messageDispatcherServlet'
21-06-2020 10:31:54.554 INFO  [http-nio-9090-exec-1]
				o.s.w.t.h.MessageDispatcherServlet.initServletBean - FrameworkServlet 'messageDispatcherServlet': initialization started
21-06-2020 10:31:54.558 INFO  [http-nio-9090-exec-1]
				o.s.w.s.saaj.SaajSoapMessageFactory.afterPropertiesSet - Creating SAAJ 1.3 MessageFactory with SOAP 1.1 Protocol
21-06-2020 10:31:54.571 INFO  [http-nio-9090-exec-1]
				o.s.w.t.h.MessageDispatcherServlet.initServletBean - FrameworkServlet 'messageDispatcherServlet': initialization completed in 17 ms
21-06-2020 10:45:43.257 INFO  [main]
				c.a.v.n.w.NPCWebServiceApplication.logStarting - Starting NPCWebServiceApplication on Mohamed-Hamdy with PID 32736 (C:\Users\mohammed.hamdy\git\npc-vodafone\vodafone-mnp-webservice\target\classes started by mohammed.hamdy in C:\Users\mohammed.hamdy\git\npc-vodafone\vodafone-mnp-webservice)
21-06-2020 10:45:43.259 INFO  [main]
				c.a.v.n.w.NPCWebServiceApplication.logStartupProfileInfo - No active profile set, falling back to default profiles: default
21-06-2020 10:45:43.282 INFO  [main]
				o.s.b.c.e.AnnotationConfigEmbeddedWebApplicationContext.prepareRefresh - Refreshing org.springframework.boot.context.embedded.AnnotationConfigEmbeddedWebApplicationContext@3ba9ad43: startup date [Sun Jun 21 10:45:43 EET 2020]; root of context hierarchy
21-06-2020 10:45:43.345 INFO  [background-preinit]
				o.h.validator.internal.util.Version.<clinit> - HV000001: Hibernate Validator 5.2.4.Final
21-06-2020 10:45:43.722 INFO  [main]
				o.s.c.s.PostProcessorRegistrationDelegate$BeanPostProcessorChecker.postProcessAfterInitialization - Bean 'NPCWebServiceConfig' of type [class com.asset.vodafone.npc.webservice.config.NPCWebServiceConfig$$EnhancerBySpringCGLIB$$1a544d19] is not eligible for getting processed by all BeanPostProcessors (for example: not eligible for auto-proxying)
21-06-2020 10:45:43.727 INFO  [main]
				o.s.c.s.PostProcessorRegistrationDelegate$BeanPostProcessorChecker.postProcessAfterInitialization - Bean 'org.springframework.ws.config.annotation.DelegatingWsConfiguration' of type [class org.springframework.ws.config.annotation.DelegatingWsConfiguration$$EnhancerBySpringCGLIB$$863eff08] is not eligible for getting processed by all BeanPostProcessors (for example: not eligible for auto-proxying)
21-06-2020 10:45:43.785 INFO  [main]
				o.s.w.s.a.s.AnnotationActionEndpointMapping.afterPropertiesSet - Supporting [WS-Addressing August 2004, WS-Addressing 1.0]
21-06-2020 10:45:43.996 INFO  [main]
				o.s.b.c.e.t.TomcatEmbeddedServletContainer.initialize - Tomcat initialized with port(s): 9090 (http)
21-06-2020 10:45:44.003 INFO  [main]
				o.a.catalina.core.StandardService.log - Starting service Tomcat
21-06-2020 10:45:44.004 INFO  [main]
				o.a.catalina.core.StandardEngine.log - Starting Servlet Engine: Apache Tomcat/8.5.6
21-06-2020 10:45:44.055 INFO  [localhost-startStop-1]
				o.a.c.c.C.[Tomcat].[localhost].[/].log - Initializing Spring embedded WebApplicationContext
21-06-2020 10:45:44.055 INFO  [localhost-startStop-1]
				o.s.web.context.ContextLoader.prepareEmbeddedWebApplicationContext - Root WebApplicationContext: initialization completed in 773 ms
21-06-2020 10:45:44.180 INFO  [localhost-startStop-1]
				o.s.b.w.s.ServletRegistrationBean.onStartup - Mapping servlet: 'messageDispatcherServlet' to [/NPC-SOAP/NPCWebService]
21-06-2020 10:45:44.181 INFO  [localhost-startStop-1]
				o.s.b.w.s.ServletRegistrationBean.onStartup - Mapping servlet: 'dispatcherServlet' to [/]
21-06-2020 10:45:44.183 INFO  [localhost-startStop-1]
				o.s.b.w.s.FilterRegistrationBean.configure - Mapping filter: 'characterEncodingFilter' to: [/*]
21-06-2020 10:45:44.183 INFO  [localhost-startStop-1]
				o.s.b.w.s.FilterRegistrationBean.configure - Mapping filter: 'hiddenHttpMethodFilter' to: [/*]
21-06-2020 10:45:44.184 INFO  [localhost-startStop-1]
				o.s.b.w.s.FilterRegistrationBean.configure - Mapping filter: 'httpPutFormContentFilter' to: [/*]
21-06-2020 10:45:44.184 INFO  [localhost-startStop-1]
				o.s.b.w.s.FilterRegistrationBean.configure - Mapping filter: 'requestContextFilter' to: [/*]
21-06-2020 10:45:44.389 INFO  [main]
				o.s.w.s.m.m.a.RequestMappingHandlerAdapter.initControllerAdviceCache - Looking for @ControllerAdvice: org.springframework.boot.context.embedded.AnnotationConfigEmbeddedWebApplicationContext@3ba9ad43: startup date [Sun Jun 21 10:45:43 EET 2020]; root of context hierarchy
21-06-2020 10:45:44.423 INFO  [main]
				o.s.w.s.m.m.a.RequestMappingHandlerMapping.register - Mapped "{[/error]}" onto public org.springframework.http.ResponseEntity<java.util.Map<java.lang.String, java.lang.Object>> org.springframework.boot.autoconfigure.web.BasicErrorController.error(javax.servlet.http.HttpServletRequest)
21-06-2020 10:45:44.423 INFO  [main]
				o.s.w.s.m.m.a.RequestMappingHandlerMapping.register - Mapped "{[/error],produces=[text/html]}" onto public org.springframework.web.servlet.ModelAndView org.springframework.boot.autoconfigure.web.BasicErrorController.errorHtml(javax.servlet.http.HttpServletRequest,javax.servlet.http.HttpServletResponse)
21-06-2020 10:45:44.443 INFO  [main]
				o.s.w.s.h.SimpleUrlHandlerMapping.registerHandler - Mapped URL path [/webjars/**] onto handler of type [class org.springframework.web.servlet.resource.ResourceHttpRequestHandler]
21-06-2020 10:45:44.443 INFO  [main]
				o.s.w.s.h.SimpleUrlHandlerMapping.registerHandler - Mapped URL path [/**] onto handler of type [class org.springframework.web.servlet.resource.ResourceHttpRequestHandler]
21-06-2020 10:45:44.468 INFO  [main]
				o.s.w.s.h.SimpleUrlHandlerMapping.registerHandler - Mapped URL path [/**/favicon.ico] onto handler of type [class org.springframework.web.servlet.resource.ResourceHttpRequestHandler]
21-06-2020 10:45:44.553 INFO  [main]
				o.s.j.e.a.AnnotationMBeanExporter.afterSingletonsInstantiated - Registering beans for JMX exposure on startup
21-06-2020 10:45:44.561 INFO  [main]
				o.a.coyote.http11.Http11NioProtocol.log - Initializing ProtocolHandler ["http-nio-9090"]
21-06-2020 10:45:44.566 INFO  [main]
				o.a.coyote.http11.Http11NioProtocol.log - Starting ProtocolHandler [http-nio-9090]
21-06-2020 10:45:44.575 INFO  [main]
				o.a.coyote.http11.Http11NioProtocol.log - Pausing ProtocolHandler ["http-nio-9090"]
21-06-2020 10:45:44.575 INFO  [main]
				o.a.catalina.core.StandardService.log - Stopping service Tomcat
21-06-2020 10:45:44.599 INFO  [main]
				o.apache.catalina.util.LifecycleBase.log - The stop() method was called on component [StandardServer[-1]] after stop() had already been called. The second call will be ignored.
21-06-2020 10:45:44.599 INFO  [main]
				o.a.coyote.http11.Http11NioProtocol.log - Stopping ProtocolHandler ["http-nio-9090"]
21-06-2020 10:45:44.599 INFO  [main]
				o.a.coyote.http11.Http11NioProtocol.log - Destroying ProtocolHandler ["http-nio-9090"]
21-06-2020 10:45:44.601 INFO  [main]
				o.s.b.a.l.AutoConfigurationReportLoggingInitializer.logAutoConfigurationReport - 

Error starting ApplicationContext. To display the auto-configuration report re-run your application with 'debug' enabled.
21-06-2020 10:45:44.605 INFO  [main]
				o.s.b.c.e.AnnotationConfigEmbeddedWebApplicationContext.doClose - Closing org.springframework.boot.context.embedded.AnnotationConfigEmbeddedWebApplicationContext@3ba9ad43: startup date [Sun Jun 21 10:45:43 EET 2020]; root of context hierarchy
21-06-2020 10:45:44.606 INFO  [main]
				o.s.j.e.a.AnnotationMBeanExporter.destroy - Unregistering JMX-exposed beans on shutdown
21-06-2020 10:45:50.044 INFO  [RMI TCP Connection(5)-127.0.0.1]
				o.s.b.a.SpringApplicationAdminMXBeanRegistrar$SpringApplicationAdmin.shutdown - Application shutdown requested.
21-06-2020 10:45:50.045 INFO  [RMI TCP Connection(5)-127.0.0.1]
				o.s.b.c.e.AnnotationConfigEmbeddedWebApplicationContext.doClose - Closing org.springframework.boot.context.embedded.AnnotationConfigEmbeddedWebApplicationContext@3ba9ad43: startup date [Sun Jun 21 10:31:03 EET 2020]; root of context hierarchy
21-06-2020 10:45:50.046 INFO  [RMI TCP Connection(5)-127.0.0.1]
				o.s.j.e.a.AnnotationMBeanExporter.destroy - Unregistering JMX-exposed beans on shutdown
21-06-2020 10:45:56.273 INFO  [main]
				c.a.v.n.w.NPCWebServiceApplication.logStarting - Starting NPCWebServiceApplication on Mohamed-Hamdy with PID 1672 (C:\Users\mohammed.hamdy\git\npc-vodafone\vodafone-mnp-webservice\target\classes started by mohammed.hamdy in C:\Users\mohammed.hamdy\git\npc-vodafone\vodafone-mnp-webservice)
21-06-2020 10:45:56.276 INFO  [main]
				c.a.v.n.w.NPCWebServiceApplication.logStartupProfileInfo - No active profile set, falling back to default profiles: default
21-06-2020 10:45:56.300 INFO  [main]
				o.s.b.c.e.AnnotationConfigEmbeddedWebApplicationContext.prepareRefresh - Refreshing org.springframework.boot.context.embedded.AnnotationConfigEmbeddedWebApplicationContext@3ba9ad43: startup date [Sun Jun 21 10:45:56 EET 2020]; root of context hierarchy
21-06-2020 10:45:56.367 INFO  [background-preinit]
				o.h.validator.internal.util.Version.<clinit> - HV000001: Hibernate Validator 5.2.4.Final
21-06-2020 10:45:56.755 INFO  [main]
				o.s.c.s.PostProcessorRegistrationDelegate$BeanPostProcessorChecker.postProcessAfterInitialization - Bean 'NPCWebServiceConfig' of type [class com.asset.vodafone.npc.webservice.config.NPCWebServiceConfig$$EnhancerBySpringCGLIB$$1a544d19] is not eligible for getting processed by all BeanPostProcessors (for example: not eligible for auto-proxying)
21-06-2020 10:45:56.760 INFO  [main]
				o.s.c.s.PostProcessorRegistrationDelegate$BeanPostProcessorChecker.postProcessAfterInitialization - Bean 'org.springframework.ws.config.annotation.DelegatingWsConfiguration' of type [class org.springframework.ws.config.annotation.DelegatingWsConfiguration$$EnhancerBySpringCGLIB$$863eff08] is not eligible for getting processed by all BeanPostProcessors (for example: not eligible for auto-proxying)
21-06-2020 10:45:56.816 INFO  [main]
				o.s.w.s.a.s.AnnotationActionEndpointMapping.afterPropertiesSet - Supporting [WS-Addressing August 2004, WS-Addressing 1.0]
21-06-2020 10:45:57.029 INFO  [main]
				o.s.b.c.e.t.TomcatEmbeddedServletContainer.initialize - Tomcat initialized with port(s): 9090 (http)
21-06-2020 10:45:57.036 INFO  [main]
				o.a.catalina.core.StandardService.log - Starting service Tomcat
21-06-2020 10:45:57.037 INFO  [main]
				o.a.catalina.core.StandardEngine.log - Starting Servlet Engine: Apache Tomcat/8.5.6
21-06-2020 10:45:57.091 INFO  [localhost-startStop-1]
				o.a.c.c.C.[Tomcat].[localhost].[/].log - Initializing Spring embedded WebApplicationContext
21-06-2020 10:45:57.091 INFO  [localhost-startStop-1]
				o.s.web.context.ContextLoader.prepareEmbeddedWebApplicationContext - Root WebApplicationContext: initialization completed in 791 ms
21-06-2020 10:45:57.200 INFO  [localhost-startStop-1]
				o.s.b.w.s.ServletRegistrationBean.onStartup - Mapping servlet: 'messageDispatcherServlet' to [/NPC-SOAP/NPCWebService]
21-06-2020 10:45:57.201 INFO  [localhost-startStop-1]
				o.s.b.w.s.ServletRegistrationBean.onStartup - Mapping servlet: 'dispatcherServlet' to [/]
21-06-2020 10:45:57.203 INFO  [localhost-startStop-1]
				o.s.b.w.s.FilterRegistrationBean.configure - Mapping filter: 'characterEncodingFilter' to: [/*]
21-06-2020 10:45:57.203 INFO  [localhost-startStop-1]
				o.s.b.w.s.FilterRegistrationBean.configure - Mapping filter: 'hiddenHttpMethodFilter' to: [/*]
21-06-2020 10:45:57.204 INFO  [localhost-startStop-1]
				o.s.b.w.s.FilterRegistrationBean.configure - Mapping filter: 'httpPutFormContentFilter' to: [/*]
21-06-2020 10:45:57.204 INFO  [localhost-startStop-1]
				o.s.b.w.s.FilterRegistrationBean.configure - Mapping filter: 'requestContextFilter' to: [/*]
21-06-2020 10:45:57.408 INFO  [main]
				o.s.w.s.m.m.a.RequestMappingHandlerAdapter.initControllerAdviceCache - Looking for @ControllerAdvice: org.springframework.boot.context.embedded.AnnotationConfigEmbeddedWebApplicationContext@3ba9ad43: startup date [Sun Jun 21 10:45:56 EET 2020]; root of context hierarchy
21-06-2020 10:45:57.440 INFO  [main]
				o.s.w.s.m.m.a.RequestMappingHandlerMapping.register - Mapped "{[/error]}" onto public org.springframework.http.ResponseEntity<java.util.Map<java.lang.String, java.lang.Object>> org.springframework.boot.autoconfigure.web.BasicErrorController.error(javax.servlet.http.HttpServletRequest)
21-06-2020 10:45:57.441 INFO  [main]
				o.s.w.s.m.m.a.RequestMappingHandlerMapping.register - Mapped "{[/error],produces=[text/html]}" onto public org.springframework.web.servlet.ModelAndView org.springframework.boot.autoconfigure.web.BasicErrorController.errorHtml(javax.servlet.http.HttpServletRequest,javax.servlet.http.HttpServletResponse)
21-06-2020 10:45:57.460 INFO  [main]
				o.s.w.s.h.SimpleUrlHandlerMapping.registerHandler - Mapped URL path [/webjars/**] onto handler of type [class org.springframework.web.servlet.resource.ResourceHttpRequestHandler]
21-06-2020 10:45:57.461 INFO  [main]
				o.s.w.s.h.SimpleUrlHandlerMapping.registerHandler - Mapped URL path [/**] onto handler of type [class org.springframework.web.servlet.resource.ResourceHttpRequestHandler]
21-06-2020 10:45:57.483 INFO  [main]
				o.s.w.s.h.SimpleUrlHandlerMapping.registerHandler - Mapped URL path [/**/favicon.ico] onto handler of type [class org.springframework.web.servlet.resource.ResourceHttpRequestHandler]
21-06-2020 10:45:57.562 INFO  [main]
				o.s.j.e.a.AnnotationMBeanExporter.afterSingletonsInstantiated - Registering beans for JMX exposure on startup
21-06-2020 10:45:57.570 INFO  [main]
				o.a.coyote.http11.Http11NioProtocol.log - Initializing ProtocolHandler ["http-nio-9090"]
21-06-2020 10:45:57.575 INFO  [main]
				o.a.coyote.http11.Http11NioProtocol.log - Starting ProtocolHandler [http-nio-9090]
21-06-2020 10:45:57.585 INFO  [main]
				o.a.tomcat.util.net.NioSelectorPool.log - Using a shared selector for servlet write/read
21-06-2020 10:45:57.593 INFO  [main]
				o.s.b.c.e.t.TomcatEmbeddedServletContainer.start - Tomcat started on port(s): 9090 (http)
21-06-2020 10:45:57.596 INFO  [main]
				c.a.v.n.w.NPCWebServiceApplication.logStarted - Started NPCWebServiceApplication in 1.515 seconds (JVM running for 2.349)
21-06-2020 10:46:38.653 INFO  [http-nio-9090-exec-1]
				o.a.c.c.C.[Tomcat].[localhost].[/].log - Initializing Spring FrameworkServlet 'messageDispatcherServlet'
21-06-2020 10:46:38.653 INFO  [http-nio-9090-exec-1]
				o.s.w.t.h.MessageDispatcherServlet.initServletBean - FrameworkServlet 'messageDispatcherServlet': initialization started
21-06-2020 10:46:38.655 INFO  [http-nio-9090-exec-1]
				o.s.w.s.saaj.SaajSoapMessageFactory.afterPropertiesSet - Creating SAAJ 1.3 MessageFactory with SOAP 1.1 Protocol
21-06-2020 10:46:38.664 INFO  [http-nio-9090-exec-1]
				o.s.w.t.h.MessageDispatcherServlet.initServletBean - FrameworkServlet 'messageDispatcherServlet': initialization completed in 11 ms
21-06-2020 10:46:38.753 INFO  [http-nio-9090-exec-1]
				c.a.v.npc.core.handler.NPCWSHandler.processNPCMessage - Received NPC Message Request for user : voda  and the Message is : <NPCData>
         <NPCMessages>
         <BulkSyncMessage>
         <MessageID>10914</MessageID> 
         <MessageCode>NP Bulk Sync</MessageCode>
         <SyncID>201704180207010011</SyncID>
         <StartDate>20070601000000</StartDate> 
         <EndDate>20070721000000</EndDate>
         <Comments1>NPC Example</Comments1>
         <Comments2>file: /bulk/Mobi/BulkSyncS201704180207010010.xml is ready.</Comments2> 
         </BulkSyncMessage>
         </NPCMessages> 
         </NPCData>
21-06-2020 10:47:05.391 INFO  [RMI TCP Connection(4)-127.0.0.1]
				o.s.b.a.SpringApplicationAdminMXBeanRegistrar$SpringApplicationAdmin.shutdown - Application shutdown requested.
21-06-2020 10:47:05.392 INFO  [RMI TCP Connection(4)-127.0.0.1]
				o.s.b.c.e.AnnotationConfigEmbeddedWebApplicationContext.doClose - Closing org.springframework.boot.context.embedded.AnnotationConfigEmbeddedWebApplicationContext@3ba9ad43: startup date [Sun Jun 21 10:45:56 EET 2020]; root of context hierarchy
21-06-2020 10:47:05.393 INFO  [RMI TCP Connection(4)-127.0.0.1]
				o.s.j.e.a.AnnotationMBeanExporter.destroy - Unregistering JMX-exposed beans on shutdown
21-06-2020 10:49:26.036 INFO  [main]
				c.a.v.n.w.NPCWebServiceApplication.logStarting - Starting NPCWebServiceApplication on Mohamed-Hamdy with PID 31856 (C:\Users\mohammed.hamdy\git\npc-vodafone\vodafone-mnp-webservice\target\classes started by mohammed.hamdy in C:\Users\mohammed.hamdy\git\npc-vodafone\vodafone-mnp-webservice)
21-06-2020 10:49:26.039 INFO  [main]
				c.a.v.n.w.NPCWebServiceApplication.logStartupProfileInfo - No active profile set, falling back to default profiles: default
21-06-2020 10:49:26.064 INFO  [main]
				o.s.b.c.e.AnnotationConfigEmbeddedWebApplicationContext.prepareRefresh - Refreshing org.springframework.boot.context.embedded.AnnotationConfigEmbeddedWebApplicationContext@5ae50ce6: startup date [Sun Jun 21 10:49:26 EET 2020]; root of context hierarchy
21-06-2020 10:49:26.115 INFO  [background-preinit]
				o.h.validator.internal.util.Version.<clinit> - HV000001: Hibernate Validator 5.2.4.Final
21-06-2020 10:49:26.534 INFO  [main]
				o.s.c.s.PostProcessorRegistrationDelegate$BeanPostProcessorChecker.postProcessAfterInitialization - Bean 'NPCWebServiceConfig' of type [class com.asset.vodafone.npc.webservice.config.NPCWebServiceConfig$$EnhancerBySpringCGLIB$$a0c7fe1b] is not eligible for getting processed by all BeanPostProcessors (for example: not eligible for auto-proxying)
21-06-2020 10:49:26.538 INFO  [main]
				o.s.c.s.PostProcessorRegistrationDelegate$BeanPostProcessorChecker.postProcessAfterInitialization - Bean 'org.springframework.ws.config.annotation.DelegatingWsConfiguration' of type [class org.springframework.ws.config.annotation.DelegatingWsConfiguration$$EnhancerBySpringCGLIB$$cb2b00a] is not eligible for getting processed by all BeanPostProcessors (for example: not eligible for auto-proxying)
21-06-2020 10:49:26.563 INFO  [main]
				o.s.w.s.a.s.AnnotationActionEndpointMapping.afterPropertiesSet - Supporting [WS-Addressing August 2004, WS-Addressing 1.0]
21-06-2020 10:49:26.792 INFO  [main]
				o.s.b.c.e.t.TomcatEmbeddedServletContainer.initialize - Tomcat initialized with port(s): 9090 (http)
21-06-2020 10:49:26.798 INFO  [main]
				o.a.catalina.core.StandardService.log - Starting service Tomcat
21-06-2020 10:49:26.798 INFO  [main]
				o.a.catalina.core.StandardEngine.log - Starting Servlet Engine: Apache Tomcat/8.5.6
21-06-2020 10:49:26.846 INFO  [localhost-startStop-1]
				o.a.c.c.C.[Tomcat].[localhost].[/].log - Initializing Spring embedded WebApplicationContext
21-06-2020 10:49:26.847 INFO  [localhost-startStop-1]
				o.s.web.context.ContextLoader.prepareEmbeddedWebApplicationContext - Root WebApplicationContext: initialization completed in 783 ms
21-06-2020 10:49:26.963 INFO  [localhost-startStop-1]
				o.s.b.w.s.ServletRegistrationBean.onStartup - Mapping servlet: 'messageDispatcherServlet' to [/NPC-SOAP/NPCWebService]
21-06-2020 10:49:26.964 INFO  [localhost-startStop-1]
				o.s.b.w.s.ServletRegistrationBean.onStartup - Mapping servlet: 'dispatcherServlet' to [/]
21-06-2020 10:49:26.966 INFO  [localhost-startStop-1]
				o.s.b.w.s.FilterRegistrationBean.configure - Mapping filter: 'characterEncodingFilter' to: [/*]
21-06-2020 10:49:26.966 INFO  [localhost-startStop-1]
				o.s.b.w.s.FilterRegistrationBean.configure - Mapping filter: 'hiddenHttpMethodFilter' to: [/*]
21-06-2020 10:49:26.966 INFO  [localhost-startStop-1]
				o.s.b.w.s.FilterRegistrationBean.configure - Mapping filter: 'httpPutFormContentFilter' to: [/*]
21-06-2020 10:49:26.967 INFO  [localhost-startStop-1]
				o.s.b.w.s.FilterRegistrationBean.configure - Mapping filter: 'requestContextFilter' to: [/*]
21-06-2020 10:49:27.181 INFO  [main]
				o.s.w.s.m.m.a.RequestMappingHandlerAdapter.initControllerAdviceCache - Looking for @ControllerAdvice: org.springframework.boot.context.embedded.AnnotationConfigEmbeddedWebApplicationContext@5ae50ce6: startup date [Sun Jun 21 10:49:26 EET 2020]; root of context hierarchy
21-06-2020 10:49:27.215 INFO  [main]
				o.s.w.s.m.m.a.RequestMappingHandlerMapping.register - Mapped "{[/error]}" onto public org.springframework.http.ResponseEntity<java.util.Map<java.lang.String, java.lang.Object>> org.springframework.boot.autoconfigure.web.BasicErrorController.error(javax.servlet.http.HttpServletRequest)
21-06-2020 10:49:27.215 INFO  [main]
				o.s.w.s.m.m.a.RequestMappingHandlerMapping.register - Mapped "{[/error],produces=[text/html]}" onto public org.springframework.web.servlet.ModelAndView org.springframework.boot.autoconfigure.web.BasicErrorController.errorHtml(javax.servlet.http.HttpServletRequest,javax.servlet.http.HttpServletResponse)
21-06-2020 10:49:27.234 INFO  [main]
				o.s.w.s.h.SimpleUrlHandlerMapping.registerHandler - Mapped URL path [/webjars/**] onto handler of type [class org.springframework.web.servlet.resource.ResourceHttpRequestHandler]
21-06-2020 10:49:27.234 INFO  [main]
				o.s.w.s.h.SimpleUrlHandlerMapping.registerHandler - Mapped URL path [/**] onto handler of type [class org.springframework.web.servlet.resource.ResourceHttpRequestHandler]
21-06-2020 10:49:27.257 INFO  [main]
				o.s.w.s.h.SimpleUrlHandlerMapping.registerHandler - Mapped URL path [/**/favicon.ico] onto handler of type [class org.springframework.web.servlet.resource.ResourceHttpRequestHandler]
21-06-2020 10:49:27.348 INFO  [main]
				o.s.j.e.a.AnnotationMBeanExporter.afterSingletonsInstantiated - Registering beans for JMX exposure on startup
21-06-2020 10:49:27.362 INFO  [main]
				o.a.coyote.http11.Http11NioProtocol.log - Initializing ProtocolHandler ["http-nio-9090"]
21-06-2020 10:49:27.368 INFO  [main]
				o.a.coyote.http11.Http11NioProtocol.log - Starting ProtocolHandler [http-nio-9090]
21-06-2020 10:49:27.377 INFO  [main]
				o.a.tomcat.util.net.NioSelectorPool.log - Using a shared selector for servlet write/read
21-06-2020 10:49:27.386 INFO  [main]
				o.s.b.c.e.t.TomcatEmbeddedServletContainer.start - Tomcat started on port(s): 9090 (http)
21-06-2020 10:49:27.389 INFO  [main]
				c.a.v.n.w.NPCWebServiceApplication.logStarted - Started NPCWebServiceApplication in 1.544 seconds (JVM running for 2.345)
21-06-2020 10:49:32.574 INFO  [http-nio-9090-exec-1]
				o.a.c.c.C.[Tomcat].[localhost].[/].log - Initializing Spring FrameworkServlet 'messageDispatcherServlet'
21-06-2020 10:49:32.574 INFO  [http-nio-9090-exec-1]
				o.s.w.t.h.MessageDispatcherServlet.initServletBean - FrameworkServlet 'messageDispatcherServlet': initialization started
21-06-2020 10:49:32.576 INFO  [http-nio-9090-exec-1]
				o.s.w.s.saaj.SaajSoapMessageFactory.afterPropertiesSet - Creating SAAJ 1.3 MessageFactory with SOAP 1.1 Protocol
21-06-2020 10:49:32.584 INFO  [http-nio-9090-exec-1]
				o.s.w.t.h.MessageDispatcherServlet.initServletBean - FrameworkServlet 'messageDispatcherServlet': initialization completed in 10 ms
21-06-2020 10:49:32.672 INFO  [http-nio-9090-exec-1]
				c.a.v.npc.core.handler.NPCWSHandler.processNPCMessage - Received NPC Message Request for user : voda  and the Message is : <NPCData>
         <NPCMessages>
         <BulkSyncMessage>
         <MessageID>10914</MessageID> 
         <MessageCode>NP Bulk Sync</MessageCode>
         <SyncID>S201704180207010011</SyncID>
         <StartDate>20070601000000</StartDate> 
         <EndDate>20070721000000</EndDate>
         <Comments1>NPC Example</Comments1>
         <Comments2>file: /bulk/Mobi/BulkSyncS201704180207010010.xml is ready.</Comments2> 
         </BulkSyncMessage>
         </NPCMessages> 
         </NPCData>
21-06-2020 16:07:56.874 INFO  [http-nio-9090-exec-3]
				c.a.v.npc.core.handler.NPCWSHandler.processNPCMessage - Received NPC Message Request for user : voda  and the Message is : <NPCData>
         <NPCMessages>
         <BulkSyncMessage>
         <MessageID>10914</MessageID> 
         <MessageCode>NP Bulk Sync</MessageCode>
         <SyncID>S201704180207010011</SyncID>
         <StartDate>20070601000000</StartDate> 
         <EndDate>20070721000000</EndDate>
         <Comments1>NPC Example</Comments1>
         <Comments2>file: /bulk/Mobi/BulkSyncS201704180207010010.xml is ready.</Comments2> 
         </BulkSyncMessage>
         </NPCMessages> 
         </NPCData>
21-06-2020 17:53:04.231 INFO  [RMI TCP Connection(4)-127.0.0.1]
				o.s.b.a.SpringApplicationAdminMXBeanRegistrar$SpringApplicationAdmin.shutdown - Application shutdown requested.
21-06-2020 17:53:04.241 INFO  [RMI TCP Connection(4)-127.0.0.1]
				o.s.b.c.e.AnnotationConfigEmbeddedWebApplicationContext.doClose - Closing org.springframework.boot.context.embedded.AnnotationConfigEmbeddedWebApplicationContext@5ae50ce6: startup date [Sun Jun 21 10:49:26 EET 2020]; root of context hierarchy
21-06-2020 17:53:04.267 INFO  [RMI TCP Connection(4)-127.0.0.1]
				o.s.j.e.a.AnnotationMBeanExporter.destroy - Unregistering JMX-exposed beans on shutdown
21-06-2020 17:57:21.759 INFO  [main]
				c.a.v.n.w.NPCWebServiceApplication.logStarting - Starting NPCWebServiceApplication on Mohamed-Hamdy with PID 69140 (C:\Users\mohammed.hamdy\git\npc-vodafone\vodafone-mnp-webservice\target\classes started by mohammed.hamdy in C:\Users\mohammed.hamdy\git\npc-vodafone\vodafone-mnp-webservice)
21-06-2020 17:57:21.765 INFO  [main]
				c.a.v.n.w.NPCWebServiceApplication.logStartupProfileInfo - No active profile set, falling back to default profiles: default
21-06-2020 17:57:21.816 INFO  [main]
				o.s.b.c.e.AnnotationConfigEmbeddedWebApplicationContext.prepareRefresh - Refreshing org.springframework.boot.context.embedded.AnnotationConfigEmbeddedWebApplicationContext@5ae50ce6: startup date [Sun Jun 21 17:57:21 EET 2020]; root of context hierarchy
21-06-2020 17:57:21.950 INFO  [background-preinit]
				o.h.validator.internal.util.Version.<clinit> - HV000001: Hibernate Validator 5.2.4.Final
21-06-2020 17:57:22.876 INFO  [main]
				o.s.c.s.PostProcessorRegistrationDelegate$BeanPostProcessorChecker.postProcessAfterInitialization - Bean 'NPCWebServiceConfig' of type [class com.asset.vodafone.npc.webservice.config.NPCWebServiceConfig$$EnhancerBySpringCGLIB$$a0c7fe1b] is not eligible for getting processed by all BeanPostProcessors (for example: not eligible for auto-proxying)
21-06-2020 17:57:22.887 INFO  [main]
				o.s.c.s.PostProcessorRegistrationDelegate$BeanPostProcessorChecker.postProcessAfterInitialization - Bean 'org.springframework.ws.config.annotation.DelegatingWsConfiguration' of type [class org.springframework.ws.config.annotation.DelegatingWsConfiguration$$EnhancerBySpringCGLIB$$cb2b00a] is not eligible for getting processed by all BeanPostProcessors (for example: not eligible for auto-proxying)
21-06-2020 17:57:22.935 INFO  [main]
				o.s.w.s.a.s.AnnotationActionEndpointMapping.afterPropertiesSet - Supporting [WS-Addressing August 2004, WS-Addressing 1.0]
21-06-2020 17:57:23.329 INFO  [main]
				o.s.b.c.e.t.TomcatEmbeddedServletContainer.initialize - Tomcat initialized with port(s): 9090 (http)
21-06-2020 17:57:23.341 INFO  [main]
				o.a.catalina.core.StandardService.log - Starting service Tomcat
21-06-2020 17:57:23.342 INFO  [main]
				o.a.catalina.core.StandardEngine.log - Starting Servlet Engine: Apache Tomcat/8.5.6
21-06-2020 17:57:23.442 INFO  [localhost-startStop-1]
				o.a.c.c.C.[Tomcat].[localhost].[/].log - Initializing Spring embedded WebApplicationContext
21-06-2020 17:57:23.443 INFO  [localhost-startStop-1]
				o.s.web.context.ContextLoader.prepareEmbeddedWebApplicationContext - Root WebApplicationContext: initialization completed in 1627 ms
21-06-2020 17:57:23.674 INFO  [localhost-startStop-1]
				o.s.b.w.s.ServletRegistrationBean.onStartup - Mapping servlet: 'messageDispatcherServlet' to [/NPC-SOAP/NPCWebService]
21-06-2020 17:57:23.676 INFO  [localhost-startStop-1]
				o.s.b.w.s.ServletRegistrationBean.onStartup - Mapping servlet: 'dispatcherServlet' to [/]
21-06-2020 17:57:23.681 INFO  [localhost-startStop-1]
				o.s.b.w.s.FilterRegistrationBean.configure - Mapping filter: 'characterEncodingFilter' to: [/*]
21-06-2020 17:57:23.682 INFO  [localhost-startStop-1]
				o.s.b.w.s.FilterRegistrationBean.configure - Mapping filter: 'hiddenHttpMethodFilter' to: [/*]
21-06-2020 17:57:23.682 INFO  [localhost-startStop-1]
				o.s.b.w.s.FilterRegistrationBean.configure - Mapping filter: 'httpPutFormContentFilter' to: [/*]
21-06-2020 17:57:23.682 INFO  [localhost-startStop-1]
				o.s.b.w.s.FilterRegistrationBean.configure - Mapping filter: 'requestContextFilter' to: [/*]
21-06-2020 17:57:24.091 INFO  [main]
				o.s.w.s.m.m.a.RequestMappingHandlerAdapter.initControllerAdviceCache - Looking for @ControllerAdvice: org.springframework.boot.context.embedded.AnnotationConfigEmbeddedWebApplicationContext@5ae50ce6: startup date [Sun Jun 21 17:57:21 EET 2020]; root of context hierarchy
21-06-2020 17:57:24.154 INFO  [main]
				o.s.w.s.m.m.a.RequestMappingHandlerMapping.register - Mapped "{[/error]}" onto public org.springframework.http.ResponseEntity<java.util.Map<java.lang.String, java.lang.Object>> org.springframework.boot.autoconfigure.web.BasicErrorController.error(javax.servlet.http.HttpServletRequest)
21-06-2020 17:57:24.155 INFO  [main]
				o.s.w.s.m.m.a.RequestMappingHandlerMapping.register - Mapped "{[/error],produces=[text/html]}" onto public org.springframework.web.servlet.ModelAndView org.springframework.boot.autoconfigure.web.BasicErrorController.errorHtml(javax.servlet.http.HttpServletRequest,javax.servlet.http.HttpServletResponse)
21-06-2020 17:57:24.187 INFO  [main]
				o.s.w.s.h.SimpleUrlHandlerMapping.registerHandler - Mapped URL path [/webjars/**] onto handler of type [class org.springframework.web.servlet.resource.ResourceHttpRequestHandler]
21-06-2020 17:57:24.187 INFO  [main]
				o.s.w.s.h.SimpleUrlHandlerMapping.registerHandler - Mapped URL path [/**] onto handler of type [class org.springframework.web.servlet.resource.ResourceHttpRequestHandler]
21-06-2020 17:57:24.243 INFO  [main]
				o.s.w.s.h.SimpleUrlHandlerMapping.registerHandler - Mapped URL path [/**/favicon.ico] onto handler of type [class org.springframework.web.servlet.resource.ResourceHttpRequestHandler]
21-06-2020 17:57:24.411 INFO  [main]
				o.s.j.e.a.AnnotationMBeanExporter.afterSingletonsInstantiated - Registering beans for JMX exposure on startup
21-06-2020 17:57:24.427 INFO  [main]
				o.a.coyote.http11.Http11NioProtocol.log - Initializing ProtocolHandler ["http-nio-9090"]
21-06-2020 17:57:24.440 INFO  [main]
				o.a.coyote.http11.Http11NioProtocol.log - Starting ProtocolHandler [http-nio-9090]
21-06-2020 17:57:24.460 INFO  [main]
				o.a.tomcat.util.net.NioSelectorPool.log - Using a shared selector for servlet write/read
21-06-2020 17:57:24.481 INFO  [main]
				o.s.b.c.e.t.TomcatEmbeddedServletContainer.start - Tomcat started on port(s): 9090 (http)
21-06-2020 17:57:24.487 INFO  [main]
				c.a.v.n.w.NPCWebServiceApplication.logStarted - Started NPCWebServiceApplication in 3.206 seconds (JVM running for 4.989)
21-06-2020 17:57:40.547 INFO  [http-nio-9090-exec-1]
				o.a.c.c.C.[Tomcat].[localhost].[/].log - Initializing Spring FrameworkServlet 'messageDispatcherServlet'
21-06-2020 17:57:40.548 INFO  [http-nio-9090-exec-1]
				o.s.w.t.h.MessageDispatcherServlet.initServletBean - FrameworkServlet 'messageDispatcherServlet': initialization started
21-06-2020 17:57:40.552 INFO  [http-nio-9090-exec-1]
				o.s.w.s.saaj.SaajSoapMessageFactory.afterPropertiesSet - Creating SAAJ 1.3 MessageFactory with SOAP 1.1 Protocol
21-06-2020 17:57:40.570 INFO  [http-nio-9090-exec-1]
				o.s.w.t.h.MessageDispatcherServlet.initServletBean - FrameworkServlet 'messageDispatcherServlet': initialization completed in 21 ms
21-06-2020 17:57:40.750 INFO  [http-nio-9090-exec-1]
				c.a.v.npc.core.handler.NPCWSHandler.processNPCMessage - Received NPC Message Request for user : voda  and the Message is : <NPCData>
   <NPCMessages>
      <PortMessage>
         <MessageID>AD1288</MessageID>
         <MessageCode>NPR</MessageCode>
         <ServiceType>MOBILE</ServiceType>
         <PortID>P201704230921270130</PortID>
         <NumbersToPort>
            <NumberFrom>01011234575</NumberFrom>
            <NumberTo>01011234575</NumberTo>
            <DataNumber>0552280126</DataNumber>
            <FaxNumber>0704123456</FaxNumber>
         </NumbersToPort>
         <PortReqFormID>P993F0S2641AF</PortReqFormID>
         <DonorID>Voda</DonorID>
         <RecipientID>Mobi</RecipientID>
         <OriginatorID>NPDB</OriginatorID>
         <ResponseDueDate>20170515043721</ResponseDueDate>
         <NewRoute>Mobi_Net</NewRoute>
         <TransferFee>52.02</TransferFee>
         <AverageInvoiceFee>57.87</AverageInvoiceFee>
         <SubscriberData>
            <CompanyFlag>false</CompanyFlag>
            <CorporationName>Giza Systems</CorporationName>
            <Name>Ali Sami</Name>
            <AccountNum>33345</AccountNum>
            <SIMCardNum>89310410106543789301</SIMCardNum>
            <NIC>52404193527</NIC>
            <CNIC>6110123456789</CNIC>
            <PassportNum>C12345678</PassportNum>
            <OtherId>Senator</OtherId>
            <DateOfBirth>19930515</DateOfBirth>
            <ContactPhone>0552280126</ContactPhone>
            <Fax>0704123456</Fax>
            <City>Cairo</City>
            <Street>Farouk St</Street>
            <Number>1</Number>
            <Locality>Al Tahrir</Locality>
            <PostCode>123123</PostCode>
            <GroupID>My GroupID</GroupID>
            <AuthorizedPersonName>Rami Sad</AuthorizedPersonName>
            <CorporationAddress>Giza Systems</CorporationAddress>
            <CommercialRegistrationNum>002345</CommercialRegistrationNum>
            <TaxRegistrationNum>132544</TaxRegistrationNum>
         </SubscriberData>
         <Comments1>Comment1 Test</Comments1>
         <Comments2>Comment2 Test</Comments2>
      </PortMessage>
   </NPCMessages>
</NPCData>
21-06-2020 17:58:24.433 INFO  [http-nio-9090-exec-2]
				c.a.v.npc.core.handler.NPCWSHandler.processNPCMessage - Received NPC Message Request for user : voda  and the Message is : <NPCData>
   <NPCMessages>
      <PortMessage>
         <MessageID>AD1288</MessageID>
         <MessageCode>NPR</MessageCode>
         <ServiceType>MOBILE</ServiceType>
         <PortID>P201704230921270130</PortID>
         <NumbersToPort>
            <NumberFrom>01011234575</NumberFrom>
            <NumberTo>01011234575</NumberTo>
            <DataNumber>0552280126</DataNumber>
            <FaxNumber>0704123456</FaxNumber>
         </NumbersToPort>
         <PortReqFormID>P993F0S2641AF</PortReqFormID>
         <DonorID>Voda</DonorID>
         <RecipientID>Mobi</RecipientID>
         <OriginatorID>NPDB</OriginatorID>
         <ResponseDueDate>20170515043721</ResponseDueDate>
         <NewRoute>Mobi_Net</NewRoute>
         <TransferFee>52.02</TransferFee>
         <AverageInvoiceFee>57.87</AverageInvoiceFee>
         <SubscriberData>
            <CompanyFlag>false</CompanyFlag>
            <CorporationName>Giza Systems</CorporationName>
            <Name>Ali Sami</Name>
            <AccountNum>33345</AccountNum>
            <SIMCardNum>89310410106543789301</SIMCardNum>
            <NIC>52404193527</NIC>
            <CNIC>6110123456789</CNIC>
            <PassportNum>C12345678</PassportNum>
            <OtherId>Senator</OtherId>
            <DateOfBirth>19930515</DateOfBirth>
            <ContactPhone>0552280126</ContactPhone>
            <Fax>0704123456</Fax>
            <City>Cairo</City>
            <Street>Farouk St</Street>
            <Number>1</Number>
            <Locality>Al Tahrir</Locality>
            <PostCode>123123</PostCode>
            <GroupID>My GroupID</GroupID>
            <AuthorizedPersonName>Rami Sad</AuthorizedPersonName>
            <CorporationAddress>Giza Systems</CorporationAddress>
            <CommercialRegistrationNum>002345</CommercialRegistrationNum>
            <TaxRegistrationNum>132544</TaxRegistrationNum>
         </SubscriberData>
         <Comments1>Comment1 Test</Comments1>
         <Comments2>Comment2 Test</Comments2>
      </PortMessage>
   </NPCMessages>
</NPCData>
21-06-2020 17:59:06.704 INFO  [http-nio-9090-exec-3]
				c.a.v.npc.core.handler.NPCWSHandler.processNPCMessage - Received NPC Message Request for user : voda  and the Message is : <NPCData>
   <NPCMessages>
      <PortMessage>
         <MessageID>AD1288</MessageID>
         <MessageCode>NPR</MessageCode>
         <ServiceType>MOBILE</ServiceType>
         <PortID>P201704230921270130</PortID>
         <NumbersToPort>
            <NumberFrom>01011234575</NumberFrom>
            <NumberTo>01011234575</NumberTo>
            <DataNumber>0552280126</DataNumber>
            <FaxNumber>0704123456</FaxNumber>
         </NumbersToPort>
         <PortReqFormID>P993F0S2641AF</PortReqFormID>
         <DonorID>Voda</DonorID>
         <RecipientID>Mobi</RecipientID>
         <OriginatorID>NPDB</OriginatorID>
         <ResponseDueDate>20170515043721</ResponseDueDate>
         <NewRoute>Mobi_Net</NewRoute>
         <TransferFee>52.02</TransferFee>
         <AverageInvoiceFee>57.87</AverageInvoiceFee>
         <SubscriberData>
            <CompanyFlag>false</CompanyFlag>
            <CorporationName>Giza Systems</CorporationName>
            <Name>Ali Sami</Name>
            <AccountNum>33345</AccountNum>
            <SIMCardNum>89310410106543789301</SIMCardNum>
            <NIC>52404193527</NIC>
            <CNIC>6110123456789</CNIC>
            <PassportNum>C12345678</PassportNum>
            <OtherId>Senator</OtherId>
            <DateOfBirth>19930515</DateOfBirth>
            <ContactPhone>0552280126</ContactPhone>
            <Fax>0704123456</Fax>
            <City>Cairo</City>
            <Street>Farouk St</Street>
            <Number>1</Number>
            <Locality>Al Tahrir</Locality>
            <PostCode>123123</PostCode>
            <GroupID>My GroupID</GroupID>
            <AuthorizedPersonName>Rami Sad</AuthorizedPersonName>
            <CorporationAddress>Giza Systems</CorporationAddress>
            <CommercialRegistrationNum>002345</CommercialRegistrationNum>
            <TaxRegistrationNum>132544</TaxRegistrationNum>
         </SubscriberData>
         <Comments1>Comment1 Test</Comments1>
         <Comments2>Comment2 Test</Comments2>
      </PortMessage>
   </NPCMessages>
</NPCData>
21-06-2020 18:00:08.107 INFO  [RMI TCP Connection(3)-127.0.0.1]
				o.s.b.a.SpringApplicationAdminMXBeanRegistrar$SpringApplicationAdmin.shutdown - Application shutdown requested.
21-06-2020 18:00:08.108 INFO  [RMI TCP Connection(3)-127.0.0.1]
				o.s.b.c.e.AnnotationConfigEmbeddedWebApplicationContext.doClose - Closing org.springframework.boot.context.embedded.AnnotationConfigEmbeddedWebApplicationContext@5ae50ce6: startup date [Sun Jun 21 17:57:21 EET 2020]; root of context hierarchy
21-06-2020 18:00:08.111 INFO  [RMI TCP Connection(3)-127.0.0.1]
				o.s.j.e.a.AnnotationMBeanExporter.destroy - Unregistering JMX-exposed beans on shutdown
21-06-2020 19:00:09.221 INFO  [main]
				c.a.v.n.w.NPCWebServiceApplication.logStarting - Starting NPCWebServiceApplication on Mohamed-Hamdy with PID 93020 (C:\Users\mohammed.hamdy\git\npc-vodafone\vodafone-mnp-webservice\target\classes started by mohammed.hamdy in C:\Users\mohammed.hamdy\git\npc-vodafone\vodafone-mnp-webservice)
21-06-2020 19:00:09.226 INFO  [main]
				c.a.v.n.w.NPCWebServiceApplication.logStartupProfileInfo - No active profile set, falling back to default profiles: default
21-06-2020 19:00:09.272 INFO  [main]
				o.s.b.c.e.AnnotationConfigEmbeddedWebApplicationContext.prepareRefresh - Refreshing org.springframework.boot.context.embedded.AnnotationConfigEmbeddedWebApplicationContext@3ba9ad43: startup date [Sun Jun 21 19:00:09 EET 2020]; root of context hierarchy
21-06-2020 19:00:09.465 INFO  [background-preinit]
				o.h.validator.internal.util.Version.<clinit> - HV000001: Hibernate Validator 5.2.4.Final
21-06-2020 19:00:10.354 INFO  [main]
				o.s.c.s.PostProcessorRegistrationDelegate$BeanPostProcessorChecker.postProcessAfterInitialization - Bean 'NPCWebServiceConfig' of type [class com.asset.vodafone.npc.webservice.config.NPCWebServiceConfig$$EnhancerBySpringCGLIB$$7d1d7ddd] is not eligible for getting processed by all BeanPostProcessors (for example: not eligible for auto-proxying)
21-06-2020 19:00:10.364 INFO  [main]
				o.s.c.s.PostProcessorRegistrationDelegate$BeanPostProcessorChecker.postProcessAfterInitialization - Bean 'org.springframework.ws.config.annotation.DelegatingWsConfiguration' of type [class org.springframework.ws.config.annotation.DelegatingWsConfiguration$$EnhancerBySpringCGLIB$$e9082fcc] is not eligible for getting processed by all BeanPostProcessors (for example: not eligible for auto-proxying)
21-06-2020 19:00:10.407 INFO  [main]
				o.s.w.s.a.s.AnnotationActionEndpointMapping.afterPropertiesSet - Supporting [WS-Addressing August 2004, WS-Addressing 1.0]
21-06-2020 19:00:10.830 INFO  [main]
				o.s.b.c.e.t.TomcatEmbeddedServletContainer.initialize - Tomcat initialized with port(s): 9090 (http)
21-06-2020 19:00:10.841 INFO  [main]
				o.a.catalina.core.StandardService.log - Starting service Tomcat
21-06-2020 19:00:10.842 INFO  [main]
				o.a.catalina.core.StandardEngine.log - Starting Servlet Engine: Apache Tomcat/8.5.6
21-06-2020 19:00:10.934 INFO  [localhost-startStop-1]
				o.a.c.c.C.[Tomcat].[localhost].[/].log - Initializing Spring embedded WebApplicationContext
21-06-2020 19:00:10.935 INFO  [localhost-startStop-1]
				o.s.web.context.ContextLoader.prepareEmbeddedWebApplicationContext - Root WebApplicationContext: initialization completed in 1663 ms
21-06-2020 19:00:11.159 INFO  [localhost-startStop-1]
				o.s.b.w.s.ServletRegistrationBean.onStartup - Mapping servlet: 'messageDispatcherServlet' to [/NPC-SOAP/NPCWebService]
21-06-2020 19:00:11.161 INFO  [localhost-startStop-1]
				o.s.b.w.s.ServletRegistrationBean.onStartup - Mapping servlet: 'dispatcherServlet' to [/]
21-06-2020 19:00:11.164 INFO  [localhost-startStop-1]
				o.s.b.w.s.FilterRegistrationBean.configure - Mapping filter: 'characterEncodingFilter' to: [/*]
21-06-2020 19:00:11.165 INFO  [localhost-startStop-1]
				o.s.b.w.s.FilterRegistrationBean.configure - Mapping filter: 'hiddenHttpMethodFilter' to: [/*]
21-06-2020 19:00:11.166 INFO  [localhost-startStop-1]
				o.s.b.w.s.FilterRegistrationBean.configure - Mapping filter: 'httpPutFormContentFilter' to: [/*]
21-06-2020 19:00:11.166 INFO  [localhost-startStop-1]
				o.s.b.w.s.FilterRegistrationBean.configure - Mapping filter: 'requestContextFilter' to: [/*]
21-06-2020 19:00:11.546 INFO  [main]
				o.s.w.s.m.m.a.RequestMappingHandlerAdapter.initControllerAdviceCache - Looking for @ControllerAdvice: org.springframework.boot.context.embedded.AnnotationConfigEmbeddedWebApplicationContext@3ba9ad43: startup date [Sun Jun 21 19:00:09 EET 2020]; root of context hierarchy
21-06-2020 19:00:11.619 INFO  [main]
				o.s.w.s.m.m.a.RequestMappingHandlerMapping.register - Mapped "{[/error]}" onto public org.springframework.http.ResponseEntity<java.util.Map<java.lang.String, java.lang.Object>> org.springframework.boot.autoconfigure.web.BasicErrorController.error(javax.servlet.http.HttpServletRequest)
21-06-2020 19:00:11.621 INFO  [main]
				o.s.w.s.m.m.a.RequestMappingHandlerMapping.register - Mapped "{[/error],produces=[text/html]}" onto public org.springframework.web.servlet.ModelAndView org.springframework.boot.autoconfigure.web.BasicErrorController.errorHtml(javax.servlet.http.HttpServletRequest,javax.servlet.http.HttpServletResponse)
21-06-2020 19:00:11.662 INFO  [main]
				o.s.w.s.h.SimpleUrlHandlerMapping.registerHandler - Mapped URL path [/webjars/**] onto handler of type [class org.springframework.web.servlet.resource.ResourceHttpRequestHandler]
21-06-2020 19:00:11.662 INFO  [main]
				o.s.w.s.h.SimpleUrlHandlerMapping.registerHandler - Mapped URL path [/**] onto handler of type [class org.springframework.web.servlet.resource.ResourceHttpRequestHandler]
21-06-2020 19:00:11.712 INFO  [main]
				o.s.w.s.h.SimpleUrlHandlerMapping.registerHandler - Mapped URL path [/**/favicon.ico] onto handler of type [class org.springframework.web.servlet.resource.ResourceHttpRequestHandler]
21-06-2020 19:00:11.894 INFO  [main]
				o.s.j.e.a.AnnotationMBeanExporter.afterSingletonsInstantiated - Registering beans for JMX exposure on startup
21-06-2020 19:00:11.914 INFO  [main]
				o.a.coyote.http11.Http11NioProtocol.log - Initializing ProtocolHandler ["http-nio-9090"]
21-06-2020 19:00:11.925 INFO  [main]
				o.a.coyote.http11.Http11NioProtocol.log - Starting ProtocolHandler [http-nio-9090]
21-06-2020 19:00:11.941 INFO  [main]
				o.a.tomcat.util.net.NioSelectorPool.log - Using a shared selector for servlet write/read
21-06-2020 19:00:11.958 INFO  [main]
				o.s.b.c.e.t.TomcatEmbeddedServletContainer.start - Tomcat started on port(s): 9090 (http)
21-06-2020 19:00:11.963 INFO  [main]
				c.a.v.n.w.NPCWebServiceApplication.logStarted - Started NPCWebServiceApplication in 3.188 seconds (JVM running for 4.759)
21-06-2020 19:00:17.913 INFO  [http-nio-9090-exec-1]
				o.a.c.c.C.[Tomcat].[localhost].[/].log - Initializing Spring FrameworkServlet 'messageDispatcherServlet'
21-06-2020 19:00:17.913 INFO  [http-nio-9090-exec-1]
				o.s.w.t.h.MessageDispatcherServlet.initServletBean - FrameworkServlet 'messageDispatcherServlet': initialization started
21-06-2020 19:00:17.918 INFO  [http-nio-9090-exec-1]
				o.s.w.s.saaj.SaajSoapMessageFactory.afterPropertiesSet - Creating SAAJ 1.3 MessageFactory with SOAP 1.1 Protocol
21-06-2020 19:00:17.934 INFO  [http-nio-9090-exec-1]
				o.s.w.t.h.MessageDispatcherServlet.initServletBean - FrameworkServlet 'messageDispatcherServlet': initialization completed in 20 ms
21-06-2020 19:00:18.093 INFO  [http-nio-9090-exec-1]
				c.a.v.npc.core.handler.NPCWSHandler.processNPCMessage - Received NPC Message Request for user : voda  and the Message is : <NPCData>
   <NPCMessages>
      <PortMessage>
         <MessageID>AD1288</MessageID>
         <MessageCode>NPR</MessageCode>
         <ServiceType>MOBILE</ServiceType>
         <PortID>P201704230921270130</PortID>
         <NumbersToPort>
            <NumberFrom>01011234575</NumberFrom>
            <NumberTo>01011234575</NumberTo>
            <DataNumber>0552280126</DataNumber>
            <FaxNumber>0704123456</FaxNumber>
         </NumbersToPort>
         <PortReqFormID>P993F0S2641AF</PortReqFormID>
         <DonorID>Voda</DonorID>
         <RecipientID>Mobi</RecipientID>
         <OriginatorID>NPDB</OriginatorID>
         <ResponseDueDate>20170515043721</ResponseDueDate>
         <NewRoute>Mobi_Net</NewRoute>
         <TransferFee>52.02</TransferFee>
         <AverageInvoiceFee>57.87</AverageInvoiceFee>
         <SubscriberData>
            <CompanyFlag>false</CompanyFlag>
            <CorporationName>Giza Systems</CorporationName>
            <Name>Ali Sami</Name>
            <AccountNum>33345</AccountNum>
            <SIMCardNum>89310410106543789301</SIMCardNum>
            <NIC>52404193527</NIC>
            <CNIC>6110123456789</CNIC>
            <PassportNum>C12345678</PassportNum>
            <OtherId>Senator</OtherId>
            <DateOfBirth>19930515</DateOfBirth>
            <ContactPhone>0552280126</ContactPhone>
            <Fax>0704123456</Fax>
            <City>Cairo</City>
            <Street>Farouk St</Street>
            <Number>1</Number>
            <Locality>Al Tahrir</Locality>
            <PostCode>123123</PostCode>
            <GroupID>My GroupID</GroupID>
            <AuthorizedPersonName>Rami Sad</AuthorizedPersonName>
            <CorporationAddress>Giza Systems</CorporationAddress>
            <CommercialRegistrationNum>002345</CommercialRegistrationNum>
            <TaxRegistrationNum>132544</TaxRegistrationNum>
         </SubscriberData>
         <Comments1>Comment1 Test</Comments1>
         <Comments2>Comment2 Test</Comments2>
      </PortMessage>
   </NPCMessages>
</NPCData>
21-06-2020 19:17:36.986 INFO  [RMI TCP Connection(4)-127.0.0.1]
				o.s.b.a.SpringApplicationAdminMXBeanRegistrar$SpringApplicationAdmin.shutdown - Application shutdown requested.
21-06-2020 19:17:36.988 INFO  [RMI TCP Connection(4)-127.0.0.1]
				o.s.b.c.e.AnnotationConfigEmbeddedWebApplicationContext.doClose - Closing org.springframework.boot.context.embedded.AnnotationConfigEmbeddedWebApplicationContext@3ba9ad43: startup date [Sun Jun 21 19:00:09 EET 2020]; root of context hierarchy
21-06-2020 19:17:36.990 INFO  [RMI TCP Connection(4)-127.0.0.1]
				o.s.j.e.a.AnnotationMBeanExporter.destroy - Unregistering JMX-exposed beans on shutdown
