02-06-2020 17:24:57.355 DEBUG [main]  c.a.v.npc.core.service.NPCService.getDBConnection - Initializing Database Connection..
02-06-2020 17:25:00.977 DEBUG [main]  c.a.v.npc.core.handler.NPCWSHandler.processNPCMessage - Received NPC Message Request for user : voda  and the Message is : <NPCData>
   <NPCMessages>
      <PortMessage>
         <MessageID>AD1202</MessageID>
         <MessageCode>NPR</MessageCode>
         <ServiceType>MOBILE</ServiceType>
         <PortID>P201704230921270130</PortID>
         <NumbersToPort>
            <NumberFrom>01011234575</NumberFrom>
            <NumberTo>01011234575</NumberTo>
            <DataNumber>0552280126</DataNumber>
            <FaxNumber>0704123456</FaxNumber>
         </NumbersToPort>
         <PortReqFormID>P993F0S2641AF</PortReqFormID>
         <DonorID>Voda</DonorID>
         <RecipientID>Mobi</RecipientID>
         <OriginatorID>NPDB</OriginatorID>
         <ResponseDueDate>20170515043721</ResponseDueDate>
         <NewRoute>Mobi_Net</NewRoute>
         <TransferFee>52.02</TransferFee>
         <AverageInvoiceFee>57.87</AverageInvoiceFee>
         <SubscriberData>
            <CompanyFlag>false</CompanyFlag>
            <CorporationName>Giza Systems</CorporationName>
            <Name>Ali Sami</Name>
            <AccountNum>33345</AccountNum>
            <SIMCardNum>89310410106543789301</SIMCardNum>
            <NIC>52404193527</NIC>
            <CNIC>6110123456789</CNIC>
            <PassportNum>C12345678</PassportNum>
            <OtherId>Senator</OtherId>
            <DateOfBirth>19930515</DateOfBirth>
            <ContactPhone>0552280126</ContactPhone>
            <Fax>0704123456</Fax>
            <City>Cairo</City>
            <Street>Farouk St</Street>
            <Number>1</Number>
            <Locality>Al Tahrir</Locality>
            <PostCode>123123</PostCode>
            <GroupID>My GroupID</GroupID>
            <AuthorizedPersonName>Rami Sad</AuthorizedPersonName>
            <CorporationAddress>Giza Systems</CorporationAddress>
            <CommercialRegistrationNum>002345</CommercialRegistrationNum>
            <TaxRegistrationNum>132544</TaxRegistrationNum>
         </SubscriberData>
         <Comments1>Comment1 Test</Comments1>
         <Comments2>Comment2 Test</Comments2>
      </PortMessage>
   </NPCMessages>
</NPCData>
02-06-2020 17:25:00.990 DEBUG [main]  c.a.v.npc.core.handler.NPCWSHandler.logRequest - MessageID: AD1202 | MessageCode: NPR | PortID: P201704230921270130 | MSISDN: 01011234575 | Message TimeStamp: Tue Jun 02 17:25:00 EET 2020 | Message Type: Received | DonerID: Voda | RecipientID: Mobi |
02-06-2020 17:25:01.435 DEBUG [main]  c.a.v.npc.core.handler.NPCWSHandler.parsingAndUpdatingMessageTimeFrame - Parsing message XML  has done successfully with NPC Message ID: 4498551 
02-06-2020 17:25:01.642 DEBUG [main]  c.a.v.npc.core.service.NPCService.insertNPCMessage - Start inserting NPC message data
02-06-2020 17:25:02.221 DEBUG [main]  c.a.v.npc.core.service.NPCService.insertNPCMessage - NPC message has been insterted in NPC_message successfully
02-06-2020 17:25:03.765 DEBUG [main]  c.a.v.npc.core.service.NPCService.insertNPCMessage - Start inserting port message data
02-06-2020 17:25:03.767 DEBUG [main]  c.a.v.npc.core.service.NPCService.insertPortMessage - Start inserting port message data into Port message table with NPC Message ID 4498551 and Internal Port ID 4498330
02-06-2020 17:25:04.961 DEBUG [main]  c.a.v.npc.core.service.NPCService.insertPortMessage - Inserting port message data into Port message table has done successfully with
02-06-2020 17:25:04.962 DEBUG [main]  c.a.v.npc.core.service.NPCService.insertNPCMessage - Start inserting subscirber data into SUBSCRIBER_DATA
02-06-2020 17:25:05.722 DEBUG [main]  c.a.v.npc.core.service.NPCService.insertNPCMessage - Inserting subscriber data has been done successfully in table 
02-06-2020 17:25:05.722 DEBUG [main]  c.a.v.npc.core.service.NPCService.insertNPCMessage - Start inserting number data into NUMBERSTOPORT table
02-06-2020 17:25:06.237 DEBUG [main]  c.a.v.npc.core.service.NPCService.insertNPCMessage - Inserting numbers data into NUMBERSTOPORT table has been done Successfully
02-06-2020 17:25:06.238 DEBUG [main]  c.a.v.npc.core.handler.NPCWSHandler.parsingAndUpdatingMessageTimeFrame - Inserting message into Database has done successfully with NPC Message ID: 4498551  and Internal Port ID: 4498330
02-06-2020 17:25:06.238 DEBUG [main]  c.a.v.npc.core.handler.NPCWSHandler.parsingAndUpdatingMessageTimeFrame - Updating time frames for NPC Message ID: 4498551  and Internal Port ID: 4498330 has done successfully
02-06-2020 17:25:07.650 DEBUG [main]  c.a.v.npc.core.handler.NPCWSHandler.callUpdatePortDataAndprocessActivationAndDeactivation - Updating port information for NPC Message ID: 4498551  and Internal Port ID: 4498330 has done successfully and the port Status updated with Status " 20-Request-R "
02-06-2020 17:25:07.650 DEBUG [main]  c.a.v.npc.core.handler.NPCWSHandler.callUpdatePortDataAndprocessActivationAndDeactivation - The process of inserting into PORT_ACTIVATION_STATUS and PORT_DISCONNECT_STATUS in case of message code is NP_ACTIVATED_STATUS_MESSAGE or NP_DEACT_STATUS for NPC Message ID: 4498551  and Internal Port ID: 4498330  has completed...
02-06-2020 17:25:07.805 DEBUG [main]  c.a.v.npc.core.handler.NPCWSHandler.saveSyncMessage - The process of inserting or removing from SYNC table for NPC Message ID: 4498551  and Internal Port ID: 4498330   has completed...
02-06-2020 17:25:07.805 DEBUG [main]  c.a.v.npc.core.handler.NPCWSHandler.saveSyncMessage - The process of inserting into SYNC History table for NPC Message ID: 4498551 and Internal Port ID: 4498330   has completed...
02-06-2020 17:25:07.806 DEBUG [main]  c.a.v.npc.core.handler.NPCWSHandler.processNPCMessage - Returned Message for the request with NPC Message ID 4498551 and Internal Port ID 4498330 = " success " 
02-06-2020 17:25:07.810 DEBUG [main]  c.a.v.npc.core.handler.NPCWSHandler.processNPCMessage - Received NPC Message Request for user : voda  and the Message is : <NPCData>
   <NPCMessages>
      <PortMessage>
         <MessageID>AD1202</MessageID>
         <MessageCode>NPR</MessageCode>
         <ServiceType>MOBILE</ServiceType>
         <PortID>P201704230921270130</PortID>
         <NumbersToPort>
            <NumberFrom>01011234575</NumberFrom>
            <NumberTo>01011234575</NumberTo>
            <DataNumber>0552280126</DataNumber>
            <FaxNumber>0704123456</FaxNumber>
         </NumbersToPort>
         <PortReqFormID>P993F0S2641AF</PortReqFormID>
         <DonorID>Voda</DonorID>
         <RecipientID>Mobi</RecipientID>
         <OriginatorID>NPDB</OriginatorID>
         <ResponseDueDate>20170515043721</ResponseDueDate>
         <NewRoute>Mobi_Net</NewRoute>
         <TransferFee>52.02</TransferFee>
         <AverageInvoiceFee>57.87</AverageInvoiceFee>
         <SubscriberData>
            <CompanyFlag>false</CompanyFlag>
            <CorporationName>Giza Systems</CorporationName>
            <Name>Ali Sami</Name>
            <AccountNum>33345</AccountNum>
            <SIMCardNum>89310410106543789301</SIMCardNum>
            <NIC>52404193527</NIC>
            <CNIC>6110123456789</CNIC>
            <PassportNum>C12345678</PassportNum>
            <OtherId>Senator</OtherId>
            <DateOfBirth>19930515</DateOfBirth>
            <ContactPhone>0552280126</ContactPhone>
            <Fax>0704123456</Fax>
            <City>Cairo</City>
            <Street>Farouk St</Street>
            <Number>1</Number>
            <Locality>Al Tahrir</Locality>
            <PostCode>123123</PostCode>
            <GroupID>My GroupID</GroupID>
            <AuthorizedPersonName>Rami Sad</AuthorizedPersonName>
            <CorporationAddress>Giza Systems</CorporationAddress>
            <CommercialRegistrationNum>002345</CommercialRegistrationNum>
            <TaxRegistrationNum>132544</TaxRegistrationNum>
         </SubscriberData>
         <Comments1>Comment1 Test</Comments1>
         <Comments2>Comment2 Test</Comments2>
      </PortMessage>
   </NPCMessages>
</NPCData>
02-06-2020 17:25:07.814 DEBUG [main]  c.a.v.npc.core.handler.NPCWSHandler.logRequest - MessageID: AD1202 | MessageCode: NPR | PortID: P201704230921270130 | MSISDN: 01011234575 | Message TimeStamp: Tue Jun 02 17:25:07 EET 2020 | Message Type: Received | DonerID: Voda | RecipientID: Mobi |
02-06-2020 17:25:08.031 DEBUG [main]  c.a.v.npc.core.handler.NPCWSHandler.parsingAndUpdatingMessageTimeFrame - Parsing message XML  has done successfully with NPC Message ID: 4498552 
02-06-2020 17:25:08.181 DEBUG [main]  c.a.v.npc.core.service.NPCService.insertNPCMessage - Start inserting NPC message data
02-06-2020 17:25:08.380 DEBUG [main]  c.a.v.npc.core.service.NPCService.insertNPCMessage - NPC message has been insterted in NPC_message successfully
02-06-2020 17:25:08.837 DEBUG [main]  c.a.v.npc.core.service.NPCService.insertNPCMessage - Start inserting port message data
02-06-2020 17:25:08.838 DEBUG [main]  c.a.v.npc.core.service.NPCService.insertPortMessage - Start inserting port message data into Port message table with NPC Message ID 4498552 and Internal Port ID 4498330
02-06-2020 17:25:09.027 DEBUG [main]  c.a.v.npc.core.service.NPCService.insertPortMessage - Inserting port message data into Port message table has done successfully with
02-06-2020 17:25:09.027 DEBUG [main]  c.a.v.npc.core.service.NPCService.insertNPCMessage - Start inserting subscirber data into SUBSCRIBER_DATA
02-06-2020 17:25:09.231 DEBUG [main]  c.a.v.npc.core.service.NPCService.insertNPCMessage - Inserting subscriber data has been done successfully in table 
02-06-2020 17:25:09.232 DEBUG [main]  c.a.v.npc.core.service.NPCService.insertNPCMessage - Start inserting number data into NUMBERSTOPORT table
02-06-2020 17:25:09.459 DEBUG [main]  c.a.v.npc.core.service.NPCService.insertNPCMessage - Inserting numbers data into NUMBERSTOPORT table has been done Successfully
02-06-2020 17:25:09.459 DEBUG [main]  c.a.v.npc.core.handler.NPCWSHandler.parsingAndUpdatingMessageTimeFrame - Inserting message into Database has done successfully with NPC Message ID: 4498552  and Internal Port ID: 4498330
02-06-2020 17:25:09.459 DEBUG [main]  c.a.v.npc.core.handler.NPCWSHandler.parsingAndUpdatingMessageTimeFrame - Updating time frames for NPC Message ID: 4498552  and Internal Port ID: 4498330 has done successfully
02-06-2020 17:25:10.629 DEBUG [main]  c.a.v.npc.core.handler.NPCWSHandler.callUpdatePortDataAndprocessActivationAndDeactivation - Updating port information for NPC Message ID: 4498552  and Internal Port ID: 4498330 has done successfully and the port Status updated with Status " 20-Request-R "
02-06-2020 17:25:10.629 DEBUG [main]  c.a.v.npc.core.handler.NPCWSHandler.callUpdatePortDataAndprocessActivationAndDeactivation - The process of inserting into PORT_ACTIVATION_STATUS and PORT_DISCONNECT_STATUS in case of message code is NP_ACTIVATED_STATUS_MESSAGE or NP_DEACT_STATUS for NPC Message ID: 4498552  and Internal Port ID: 4498330  has completed...
02-06-2020 17:25:10.852 DEBUG [main]  c.a.v.npc.core.handler.NPCWSHandler.saveSyncMessage - The process of inserting or removing from SYNC table for NPC Message ID: 4498552  and Internal Port ID: 4498330   has completed...
02-06-2020 17:25:10.852 DEBUG [main]  c.a.v.npc.core.handler.NPCWSHandler.saveSyncMessage - The process of inserting into SYNC History table for NPC Message ID: 4498552 and Internal Port ID: 4498330   has completed...
02-06-2020 17:25:10.852 DEBUG [main]  c.a.v.npc.core.handler.NPCWSHandler.processNPCMessage - Returned Message for the request with NPC Message ID 4498552 and Internal Port ID 4498330 = " success " 
