23-06-2020 12:36:04.239 DEBUG [main]
				c.a.v.n.w.NPCWebServiceApplication.logStarting - Running with Spring Boot v1.4.2.RELEASE, Spring v4.3.4.RELEASE
23-06-2020 12:38:06.208 DEBUG [main]
				c.a.v.n.w.NPCWebServiceApplication.logStarting - Running with Spring Boot v1.4.2.RELEASE, Spring v4.3.4.RELEASE
23-06-2020 12:38:11.213 DEBUG [http-nio-9090-exec-1]
				c.a.v.npc.core.handler.NPCWSHandler.processNPCMessage - Start validating the web service credentail for user: voda 
23-06-2020 12:38:11.226 DEBUG [http-nio-9090-exec-1]
				c.a.v.npc.core.handler.NPCWSHandler.processNPCMessage - Validating service credential has been done successully for user : voda
23-06-2020 12:38:11.322 DEBUG [http-nio-9090-exec-1]
				c.a.v.npc.core.service.NPCService.getDBConnection - Start Initializing Database Connection..
23-06-2020 12:38:16.176 DEBUG [http-nio-9090-exec-1]
				c.a.v.npc.core.service.NPCService.getDBConnection - Initializing Database Connection has been done Successfully...
23-06-2020 12:38:16.181 DEBUG [http-nio-9090-exec-1]
				c.a.v.npc.core.handler.NPCWSHandler.processNPCMessage - Start Parsing Received Message from user : voda
23-06-2020 12:38:16.194 DEBUG [http-nio-9090-exec-1]
				c.a.v.npc.core.handler.NPCWSHandler.logRequest - MessageID: 963852741 | MessageCode: NPR | PortID: P201704230921270130 | MSISDN: 01011234575 | Message TimeStamp: Tue Jun 23 12:38:16 EET 2020 | Message Type: Received | DonerID: Voda | RecipientID: Mobi 
23-06-2020 12:38:24.439 DEBUG [http-nio-9090-exec-1]
				c.a.v.npc.core.handler.NPCWSHandler.parsingAndUpdatingMessageTimeFrame - Parsing message XML  has done successfully with NPC Message ID: 4498691 
23-06-2020 12:38:24.630 DEBUG [http-nio-9090-exec-1]
				c.a.v.npc.core.service.NPCService.insertNPCMessage - Start inserting into NPC_MESSAGE table with NPC Message ID 4498691
23-06-2020 12:38:24.857 DEBUG [http-nio-9090-exec-1]
				c.a.v.npc.core.service.NPCService.insertNPCMessage - NPC message has been insterted into NPC_MESSAGE table successfully
23-06-2020 12:38:25.209 DEBUG [http-nio-9090-exec-1]
				c.a.v.npc.core.service.NPCService.insertNPCMessage - Start inserting into PORT_MESSAGE table with NPC Message ID 4498691
23-06-2020 12:38:25.432 DEBUG [http-nio-9090-exec-1]
				c.a.v.npc.core.service.NPCService.insertNPCMessage - NPC message has been insterted into PORT_MESSAGE table successfully
23-06-2020 12:38:25.433 DEBUG [http-nio-9090-exec-1]
				c.a.v.npc.core.service.NPCService.insertNPCMessage - Start inserting into SUBSCRIBER_DATA table with NPC Message ID 4498691
23-06-2020 12:38:25.606 DEBUG [http-nio-9090-exec-1]
				c.a.v.npc.core.service.NPCService.insertNPCMessage - Subscriber data has been inserted into SUBSCRIBER_DATA table successfully  
23-06-2020 12:38:25.606 DEBUG [http-nio-9090-exec-1]
				c.a.v.npc.core.service.NPCService.insertNPCMessage - Start inserting number data into NUMBERSTOPORT table with NPC Message ID 4498691
23-06-2020 12:38:25.766 DEBUG [http-nio-9090-exec-1]
				c.a.v.npc.core.service.NPCService.insertNPCMessage - Number data has been inserted into NUMBERSTOPORT table  successfully
23-06-2020 12:38:25.767 DEBUG [http-nio-9090-exec-1]
				c.a.v.npc.core.handler.NPCWSHandler.parsingAndUpdatingMessageTimeFrame - Inserting message into Database has done successfully with NPC Message ID: 4498691  and Internal Port ID: 4498339
23-06-2020 12:40:01.386 DEBUG [main]
				c.a.v.n.w.NPCWebServiceApplication.logStarting - Running with Spring Boot v1.4.2.RELEASE, Spring v4.3.4.RELEASE
23-06-2020 12:40:06.179 DEBUG [http-nio-9090-exec-1]
				c.a.v.npc.core.handler.NPCWSHandler.processNPCMessage - Start validating the web service credentail for user: voda 
23-06-2020 12:40:06.185 DEBUG [http-nio-9090-exec-1]
				c.a.v.npc.core.handler.NPCWSHandler.processNPCMessage - Validating service credential has been done successully for user : voda
23-06-2020 12:40:06.294 DEBUG [http-nio-9090-exec-1]
				c.a.v.npc.core.service.NPCService.getDBConnection - Start Initializing Database Connection..
23-06-2020 12:40:09.071 DEBUG [http-nio-9090-exec-1]
				c.a.v.npc.core.service.NPCService.getDBConnection - Initializing Database Connection has been done Successfully...
23-06-2020 12:40:09.077 DEBUG [http-nio-9090-exec-1]
				c.a.v.npc.core.handler.NPCWSHandler.processNPCMessage - Start Parsing Received Message from user : voda
23-06-2020 12:40:09.093 DEBUG [http-nio-9090-exec-1]
				c.a.v.npc.core.handler.NPCWSHandler.logRequest - MessageID: 963852741 | MessageCode: NPR | PortID: P201704230921270130 | MSISDN: 01011234575 | Message TimeStamp: Tue Jun 23 12:40:09 EET 2020 | Message Type: Received | DonerID: Voda | RecipientID: Mobi 
23-06-2020 12:40:16.936 DEBUG [http-nio-9090-exec-1]
				c.a.v.npc.core.handler.NPCWSHandler.parsingAndUpdatingMessageTimeFrame - Parsing message XML  has done successfully with NPC Message ID: 4498692 
23-06-2020 12:40:17.329 DEBUG [http-nio-9090-exec-1]
				c.a.v.npc.core.service.NPCService.insertNPCMessage - Start inserting into NPC_MESSAGE table with NPC Message ID 4498692
23-06-2020 12:40:17.776 DEBUG [http-nio-9090-exec-1]
				c.a.v.npc.core.service.NPCService.insertNPCMessage - NPC message has been insterted into NPC_MESSAGE table successfully
23-06-2020 12:40:18.317 DEBUG [http-nio-9090-exec-1]
				c.a.v.npc.core.service.NPCService.insertNPCMessage - Start inserting into PORT_MESSAGE table with NPC Message ID 4498692
23-06-2020 12:40:18.543 DEBUG [http-nio-9090-exec-1]
				c.a.v.npc.core.service.NPCService.insertNPCMessage - NPC message has been insterted into PORT_MESSAGE table successfully
23-06-2020 12:40:18.544 DEBUG [http-nio-9090-exec-1]
				c.a.v.npc.core.service.NPCService.insertNPCMessage - Start inserting into SUBSCRIBER_DATA table with NPC Message ID 4498692
23-06-2020 12:40:18.718 DEBUG [http-nio-9090-exec-1]
				c.a.v.npc.core.service.NPCService.insertNPCMessage - Subscriber data has been inserted into SUBSCRIBER_DATA table successfully  
23-06-2020 12:40:18.719 DEBUG [http-nio-9090-exec-1]
				c.a.v.npc.core.service.NPCService.insertNPCMessage - Start inserting number data into NUMBERSTOPORT table with NPC Message ID 4498692
23-06-2020 12:40:18.865 DEBUG [http-nio-9090-exec-1]
				c.a.v.npc.core.service.NPCService.insertNPCMessage - Number data has been inserted into NUMBERSTOPORT table  successfully
23-06-2020 12:40:18.866 DEBUG [http-nio-9090-exec-1]
				c.a.v.npc.core.handler.NPCWSHandler.parsingAndUpdatingMessageTimeFrame - Inserting message into Database has done successfully with NPC Message ID: 4498692  and Internal Port ID: 4498339
23-06-2020 12:44:31.679 DEBUG [http-nio-9090-exec-1]
				c.a.v.npc.core.service.NPCService.updatePortData - Start Update PORT_DATA table 
23-06-2020 12:44:32.558 DEBUG [http-nio-9090-exec-1]
				c.a.v.npc.core.service.NPCService.updatePortData - Updating PORT_DATA table for NPC Message ID: 4498692  and Internal Port ID: 4498339 has been done successfully and the port Status updated with Status " 20-Request-R "
23-06-2020 12:44:32.964 DEBUG [http-nio-9090-exec-1]
				c.a.v.npc.core.handler.NPCWSHandler.processNPCMessage - Returned Message for the request with NPC Message ID 4498692 and Internal Port ID 4498339 = " success " 
23-06-2020 12:44:38.730 DEBUG [http-nio-9090-exec-2]
				c.a.v.npc.core.handler.NPCWSHandler.processNPCMessage - Start validating the web service credentail for user: voda 
23-06-2020 12:44:38.732 DEBUG [http-nio-9090-exec-2]
				c.a.v.npc.core.handler.NPCWSHandler.processNPCMessage - Validating service credential has been done successully for user : voda
23-06-2020 12:44:38.740 DEBUG [http-nio-9090-exec-2]
				c.a.v.npc.core.handler.NPCWSHandler.processNPCMessage - Start Parsing Received Message from user : voda
23-06-2020 12:44:38.745 DEBUG [http-nio-9090-exec-2]
				c.a.v.npc.core.handler.NPCWSHandler.logRequest - MessageID: 789456123 | MessageCode: NP RFS Broadcast | PortID: P201704230921270130 | MSISDN: 01011234575 | Message TimeStamp: Tue Jun 23 12:44:38 EET 2020 | Message Type: Received | DonerID: Voda | RecipientID: Mobi 
23-06-2020 12:44:45.485 DEBUG [http-nio-9090-exec-2]
				c.a.v.npc.core.handler.NPCWSHandler.parsingAndUpdatingMessageTimeFrame - Parsing message XML  has done successfully with NPC Message ID: 4498693 
23-06-2020 12:44:45.864 DEBUG [http-nio-9090-exec-2]
				c.a.v.npc.core.service.NPCService.insertNPCMessage - Start inserting into NPC_MESSAGE table with NPC Message ID 4498693
23-06-2020 12:44:46.421 DEBUG [http-nio-9090-exec-2]
				c.a.v.npc.core.service.NPCService.insertNPCMessage - NPC message has been insterted into NPC_MESSAGE table successfully
23-06-2020 12:44:47.663 DEBUG [http-nio-9090-exec-2]
				c.a.v.npc.core.service.NPCService.insertNPCMessage - Start inserting into PORT_MESSAGE table with NPC Message ID 4498693
23-06-2020 12:44:48.028 DEBUG [http-nio-9090-exec-2]
				c.a.v.npc.core.service.NPCService.insertNPCMessage - NPC message has been insterted into PORT_MESSAGE table successfully
23-06-2020 12:44:48.029 DEBUG [http-nio-9090-exec-2]
				c.a.v.npc.core.service.NPCService.insertNPCMessage - Start inserting number data into NUMBERSTOPORT table with NPC Message ID 4498693
23-06-2020 12:44:48.307 DEBUG [http-nio-9090-exec-2]
				c.a.v.npc.core.service.NPCService.insertNPCMessage - Number data has been inserted into NUMBERSTOPORT table  successfully
23-06-2020 12:44:48.307 DEBUG [http-nio-9090-exec-2]
				c.a.v.npc.core.handler.NPCWSHandler.parsingAndUpdatingMessageTimeFrame - Inserting message into Database has done successfully with NPC Message ID: 4498693  and Internal Port ID: 4498339
23-06-2020 12:49:30.830 DEBUG [main]
				c.a.v.n.w.NPCWebServiceApplication.logStarting - Running with Spring Boot v1.4.2.RELEASE, Spring v4.3.4.RELEASE
23-06-2020 12:49:39.072 DEBUG [http-nio-9090-exec-1]
				c.a.v.npc.core.handler.NPCWSHandler.processNPCMessage - Start validating the web service credentail for user: voda 
23-06-2020 12:49:39.080 DEBUG [http-nio-9090-exec-1]
				c.a.v.npc.core.handler.NPCWSHandler.processNPCMessage - Validating service credential has been done successully for user : voda
23-06-2020 12:49:39.180 DEBUG [http-nio-9090-exec-1]
				c.a.v.npc.core.service.NPCService.getDBConnection - Start Initializing Database Connection..
23-06-2020 12:49:40.829 DEBUG [http-nio-9090-exec-1]
				c.a.v.npc.core.service.NPCService.getDBConnection - Initializing Database Connection has been done Successfully...
23-06-2020 12:49:40.834 DEBUG [http-nio-9090-exec-1]
				c.a.v.npc.core.handler.NPCWSHandler.processNPCMessage - Start Parsing Received Message from user : voda
23-06-2020 12:49:40.846 DEBUG [http-nio-9090-exec-1]
				c.a.v.npc.core.handler.NPCWSHandler.logRequest - MessageID: 7412589 | MessageCode: NPR Accept | PortID: P201704230921270130 | MSISDN: 01011234575 | Message TimeStamp: Tue Jun 23 12:49:40 EET 2020 | Message Type: Received | DonerID: Voda | RecipientID: Mobi 
23-06-2020 12:49:48.349 DEBUG [http-nio-9090-exec-1]
				c.a.v.npc.core.handler.NPCWSHandler.parsingAndUpdatingMessageTimeFrame - Parsing message XML  has done successfully with NPC Message ID: 4498694 
23-06-2020 12:49:48.676 DEBUG [http-nio-9090-exec-1]
				c.a.v.npc.core.service.NPCService.insertNPCMessage - Start inserting into NPC_MESSAGE table with NPC Message ID 4498694
23-06-2020 12:49:49.074 DEBUG [http-nio-9090-exec-1]
				c.a.v.npc.core.service.NPCService.insertNPCMessage - NPC message has been insterted into NPC_MESSAGE table successfully
23-06-2020 12:49:49.818 DEBUG [http-nio-9090-exec-1]
				c.a.v.npc.core.service.NPCService.insertNPCMessage - Start inserting into PORT_MESSAGE table with NPC Message ID 4498694
23-06-2020 12:49:50.398 DEBUG [http-nio-9090-exec-1]
				c.a.v.npc.core.service.NPCService.insertNPCMessage - NPC message has been insterted into PORT_MESSAGE table successfully
23-06-2020 12:49:50.399 DEBUG [http-nio-9090-exec-1]
				c.a.v.npc.core.service.NPCService.insertNPCMessage - Start inserting into SUBSCRIBER_DATA table with NPC Message ID 4498694
23-06-2020 12:49:50.606 DEBUG [http-nio-9090-exec-1]
				c.a.v.npc.core.service.NPCService.insertNPCMessage - Subscriber data has been inserted into SUBSCRIBER_DATA table successfully  
23-06-2020 12:49:50.607 DEBUG [http-nio-9090-exec-1]
				c.a.v.npc.core.service.NPCService.insertNPCMessage - Start inserting number data into NUMBERSTOPORT table with NPC Message ID 4498694
23-06-2020 12:49:50.764 DEBUG [http-nio-9090-exec-1]
				c.a.v.npc.core.service.NPCService.insertNPCMessage - Number data has been inserted into NUMBERSTOPORT table  successfully
23-06-2020 12:49:50.765 DEBUG [http-nio-9090-exec-1]
				c.a.v.npc.core.handler.NPCWSHandler.parsingAndUpdatingMessageTimeFrame - Inserting message into Database has done successfully with NPC Message ID: 4498694  and Internal Port ID: 4498339
23-06-2020 12:55:10.118 DEBUG [http-nio-9090-exec-1]
				c.a.v.npc.core.service.NPCService.updateNPCMessageCurrentDate - Start updating message current max date with date 25/06/2020 12:40:08 
23-06-2020 12:57:16.262 DEBUG [http-nio-9090-exec-1]
				c.a.v.npc.core.service.NPCService.updateNPCMessageCurrentDate - Updating message current max date has been done successfully
23-06-2020 12:57:28.356 DEBUG [http-nio-9090-exec-1]
				c.a.v.npc.core.service.NPCService.updatePortData - Start Update PORT_DATA table 
23-06-2020 12:57:29.080 DEBUG [http-nio-9090-exec-1]
				c.a.v.npc.core.service.NPCService.updatePortData - Updating PORT_DATA table for NPC Message ID: 4498694  and Internal Port ID: 4498339 has been done successfully and the port Status updated with Status " 20-Accept-R "
23-06-2020 12:57:29.373 DEBUG [http-nio-9090-exec-1]
				c.a.v.npc.core.handler.NPCWSHandler.processNPCMessage - Returned Message for the request with NPC Message ID 4498694 and Internal Port ID 4498339 = " success " 
23-06-2020 12:58:47.766 DEBUG [main]
				c.a.v.n.w.NPCWebServiceApplication.logStarting - Running with Spring Boot v1.4.2.RELEASE, Spring v4.3.4.RELEASE
23-06-2020 12:58:53.694 DEBUG [http-nio-9090-exec-1]
				c.a.v.npc.core.handler.NPCWSHandler.processNPCMessage - Start validating the web service credentail for user: voda 
23-06-2020 12:58:53.700 DEBUG [http-nio-9090-exec-1]
				c.a.v.npc.core.handler.NPCWSHandler.processNPCMessage - Validating service credential has been done successully for user : voda
23-06-2020 12:58:53.756 DEBUG [http-nio-9090-exec-1]
				c.a.v.npc.core.service.NPCService.getDBConnection - Start Initializing Database Connection..
23-06-2020 12:58:56.149 DEBUG [http-nio-9090-exec-1]
				c.a.v.npc.core.service.NPCService.getDBConnection - Initializing Database Connection has been done Successfully...
23-06-2020 12:58:56.151 DEBUG [http-nio-9090-exec-1]
				c.a.v.npc.core.handler.NPCWSHandler.processNPCMessage - Start Parsing Received Message from user : voda
23-06-2020 12:58:56.156 DEBUG [http-nio-9090-exec-1]
				c.a.v.npc.core.handler.NPCWSHandler.logRequest - MessageID: 7412589 | MessageCode: NPR Accept | PortID: P201704230921270130 | MSISDN: 01011234575 | Message TimeStamp: Tue Jun 23 12:58:56 EET 2020 | Message Type: Received | DonerID: Voda | RecipientID: Mobi 
23-06-2020 12:59:05.706 DEBUG [http-nio-9090-exec-1]
				c.a.v.npc.core.handler.NPCWSHandler.parsingAndUpdatingMessageTimeFrame - Parsing message XML  has done successfully with NPC Message ID: 4498695 
23-06-2020 12:59:06.042 DEBUG [http-nio-9090-exec-1]
				c.a.v.npc.core.service.NPCService.insertNPCMessage - Start inserting into NPC_MESSAGE table with NPC Message ID 4498695
23-06-2020 12:59:06.504 DEBUG [http-nio-9090-exec-1]
				c.a.v.npc.core.service.NPCService.insertNPCMessage - NPC message has been insterted into NPC_MESSAGE table successfully
23-06-2020 12:59:06.789 DEBUG [http-nio-9090-exec-1]
				c.a.v.npc.core.service.NPCService.insertNPCMessage - Start inserting into PORT_MESSAGE table with NPC Message ID 4498695
23-06-2020 12:59:07.010 DEBUG [http-nio-9090-exec-1]
				c.a.v.npc.core.service.NPCService.insertNPCMessage - NPC message has been insterted into PORT_MESSAGE table successfully
23-06-2020 12:59:07.011 DEBUG [http-nio-9090-exec-1]
				c.a.v.npc.core.service.NPCService.insertNPCMessage - Start inserting into SUBSCRIBER_DATA table with NPC Message ID 4498695
23-06-2020 12:59:07.173 DEBUG [http-nio-9090-exec-1]
				c.a.v.npc.core.service.NPCService.insertNPCMessage - Subscriber data has been inserted into SUBSCRIBER_DATA table successfully  
23-06-2020 12:59:07.174 DEBUG [http-nio-9090-exec-1]
				c.a.v.npc.core.service.NPCService.insertNPCMessage - Start inserting number data into NUMBERSTOPORT table with NPC Message ID 4498695
23-06-2020 12:59:07.323 DEBUG [http-nio-9090-exec-1]
				c.a.v.npc.core.service.NPCService.insertNPCMessage - Number data has been inserted into NUMBERSTOPORT table  successfully
23-06-2020 12:59:07.324 DEBUG [http-nio-9090-exec-1]
				c.a.v.npc.core.handler.NPCWSHandler.parsingAndUpdatingMessageTimeFrame - Inserting message into Database has done successfully with NPC Message ID: 4498695  and Internal Port ID: 4498339
23-06-2020 12:59:35.197 DEBUG [http-nio-9090-exec-1]
				c.a.v.npc.core.service.NPCService.updateNPCMessageCurrentDate - Start updating message current max date with date 24/06/2020 12:40:08 
23-06-2020 13:00:08.978 DEBUG [http-nio-9090-exec-1]
				c.a.v.npc.core.service.NPCService.updateNPCMessageCurrentDate - Updating message current max date has been done successfully
23-06-2020 13:00:12.669 DEBUG [http-nio-9090-exec-1]
				c.a.v.npc.core.service.NPCService.updatePortData - Start Update PORT_DATA table 
23-06-2020 13:00:13.157 DEBUG [http-nio-9090-exec-1]
				c.a.v.npc.core.service.NPCService.updatePortData - Updating PORT_DATA table for NPC Message ID: 4498695  and Internal Port ID: 4498339 has been done successfully and the port Status updated with Status " 20-Accept-R "
23-06-2020 13:00:13.406 DEBUG [http-nio-9090-exec-1]
				c.a.v.npc.core.handler.NPCWSHandler.processNPCMessage - Returned Message for the request with NPC Message ID 4498695 and Internal Port ID 4498339 = " success " 
23-06-2020 14:58:01.392 DEBUG [main]
				c.a.v.n.w.NPCWebServiceApplication.logStarting - Running with Spring Boot v1.4.2.RELEASE, Spring v4.3.4.RELEASE
23-06-2020 14:59:08.543 DEBUG [main]
				c.a.v.n.w.NPCWebServiceApplication.logStarting - Running with Spring Boot v1.4.2.RELEASE, Spring v4.3.4.RELEASE
23-06-2020 14:59:14.561 DEBUG [http-nio-9090-exec-1]
				c.a.v.npc.core.handler.NPCWSHandler.processNPCMessage - Start validating the web service credentail for user: voda 
23-06-2020 14:59:14.565 DEBUG [http-nio-9090-exec-1]
				c.a.v.npc.core.handler.NPCWSHandler.processNPCMessage - Validating service credential has been done successully for user : voda
23-06-2020 14:59:14.620 DEBUG [http-nio-9090-exec-1]
				c.a.v.npc.core.service.NPCService.getDBConnection - Start Initializing Database Connection..
23-06-2020 14:59:16.813 DEBUG [http-nio-9090-exec-1]
				c.a.v.npc.core.service.NPCService.getDBConnection - Initializing Database Connection has been done Successfully...
23-06-2020 14:59:16.815 DEBUG [http-nio-9090-exec-1]
				c.a.v.npc.core.handler.NPCWSHandler.processNPCMessage - Start Parsing Received Message from user : voda
23-06-2020 14:59:16.820 DEBUG [http-nio-9090-exec-1]
				c.a.v.npc.core.handler.NPCWSHandler.logRequest - MessageID: 7412589 | MessageCode: NPR Accept | PortID: P201704230921270130 | MSISDN: 01011234575 | Message TimeStamp: Tue Jun 23 14:59:16 EET 2020 | Message Type: Received | DonerID: Voda | RecipientID: Mobi 
23-06-2020 14:59:31.671 DEBUG [http-nio-9090-exec-1]
				c.a.v.npc.core.handler.NPCWSHandler.parsingAndUpdatingMessageTimeFrame - Parsing message XML  has done successfully with NPC Message ID: 4498698 
23-06-2020 14:59:32.392 DEBUG [http-nio-9090-exec-1]
				c.a.v.npc.core.service.NPCService.insertNPCMessage - Start inserting into NPC_MESSAGE table with NPC Message ID 4498698
23-06-2020 14:59:32.841 DEBUG [http-nio-9090-exec-1]
				c.a.v.npc.core.service.NPCService.insertNPCMessage - NPC message has been insterted into NPC_MESSAGE table successfully
23-06-2020 14:59:33.121 DEBUG [http-nio-9090-exec-1]
				c.a.v.npc.core.service.NPCService.insertNPCMessage - Start inserting into PORT_MESSAGE table with NPC Message ID 4498698
23-06-2020 14:59:33.298 DEBUG [http-nio-9090-exec-1]
				c.a.v.npc.core.service.NPCService.insertNPCMessage - NPC message has been insterted into PORT_MESSAGE table successfully
23-06-2020 14:59:33.298 DEBUG [http-nio-9090-exec-1]
				c.a.v.npc.core.service.NPCService.insertNPCMessage - Start inserting into SUBSCRIBER_DATA table with NPC Message ID 4498698
23-06-2020 14:59:33.779 DEBUG [http-nio-9090-exec-1]
				c.a.v.npc.core.service.NPCService.insertNPCMessage - Subscriber data has been inserted into SUBSCRIBER_DATA table successfully  
23-06-2020 14:59:33.780 DEBUG [http-nio-9090-exec-1]
				c.a.v.npc.core.service.NPCService.insertNPCMessage - Start inserting number data into NUMBERSTOPORT table with NPC Message ID 4498698
23-06-2020 14:59:33.961 DEBUG [http-nio-9090-exec-1]
				c.a.v.npc.core.service.NPCService.insertNPCMessage - Number data has been inserted into NUMBERSTOPORT table  successfully
23-06-2020 14:59:33.961 DEBUG [http-nio-9090-exec-1]
				c.a.v.npc.core.handler.NPCWSHandler.parsingAndUpdatingMessageTimeFrame - Inserting message into Database has done successfully with NPC Message ID: 4498698  and Internal Port ID: 4498339
23-06-2020 15:04:37.224 DEBUG [http-nio-9090-exec-1]
				c.a.v.npc.core.service.NPCService.updateNPCMessageCurrentDate - Start updating message current max date with date 24/06/2020 12:40:08 
23-06-2020 15:04:42.618 DEBUG [http-nio-9090-exec-1]
				c.a.v.npc.core.service.NPCService.updateNPCMessageCurrentDate - Updating message current max date has been done successfully
23-06-2020 15:04:47.717 DEBUG [http-nio-9090-exec-1]
				c.a.v.npc.core.service.NPCService.updatePortData - Start Update PORT_DATA table 
23-06-2020 15:04:48.011 DEBUG [http-nio-9090-exec-1]
				c.a.v.npc.core.service.NPCService.updatePortData - Updating PORT_DATA table for NPC Message ID: 4498698  and Internal Port ID: 4498339 has been done successfully and the port Status updated with Status " 20-Accept-R "
23-06-2020 15:04:48.157 DEBUG [http-nio-9090-exec-1]
				c.a.v.npc.core.handler.NPCWSHandler.processNPCMessage - Returned Message for the request with NPC Message ID 4498698 and Internal Port ID 4498339 = " success " 
23-06-2020 15:05:09.567 DEBUG [http-nio-9090-exec-2]
				c.a.v.npc.core.handler.NPCWSHandler.processNPCMessage - Start validating the web service credentail for user: voda 
23-06-2020 15:05:09.568 DEBUG [http-nio-9090-exec-2]
				c.a.v.npc.core.handler.NPCWSHandler.processNPCMessage - Validating service credential has been done successully for user : voda
23-06-2020 15:05:09.569 DEBUG [http-nio-9090-exec-2]
				c.a.v.npc.core.handler.NPCWSHandler.processNPCMessage - Start Parsing Received Message from user : voda
23-06-2020 15:05:09.573 DEBUG [http-nio-9090-exec-2]
				c.a.v.npc.core.handler.NPCWSHandler.logRequest - MessageID: 7412589 | MessageCode: NPR Accept | PortID: P201704230921270130 | MSISDN: 01011234575 | Message TimeStamp: Tue Jun 23 15:05:09 EET 2020 | Message Type: Received | DonerID: Voda | RecipientID: Mobi 
23-06-2020 15:05:16.803 DEBUG [http-nio-9090-exec-2]
				c.a.v.npc.core.handler.NPCWSHandler.parsingAndUpdatingMessageTimeFrame - Parsing message XML  has done successfully with NPC Message ID: 4498699 
23-06-2020 15:05:16.975 DEBUG [http-nio-9090-exec-2]
				c.a.v.npc.core.service.NPCService.insertNPCMessage - Start inserting into NPC_MESSAGE table with NPC Message ID 4498699
23-06-2020 15:05:17.148 DEBUG [http-nio-9090-exec-2]
				c.a.v.npc.core.service.NPCService.insertNPCMessage - NPC message has been insterted into NPC_MESSAGE table successfully
23-06-2020 15:05:17.428 DEBUG [http-nio-9090-exec-2]
				c.a.v.npc.core.service.NPCService.insertNPCMessage - Start inserting into PORT_MESSAGE table with NPC Message ID 4498699
23-06-2020 15:05:17.578 DEBUG [http-nio-9090-exec-2]
				c.a.v.npc.core.service.NPCService.insertNPCMessage - NPC message has been insterted into PORT_MESSAGE table successfully
23-06-2020 15:05:17.579 DEBUG [http-nio-9090-exec-2]
				c.a.v.npc.core.service.NPCService.insertNPCMessage - Start inserting into SUBSCRIBER_DATA table with NPC Message ID 4498699
23-06-2020 15:05:18.029 DEBUG [http-nio-9090-exec-2]
				c.a.v.npc.core.service.NPCService.insertNPCMessage - Subscriber data has been inserted into SUBSCRIBER_DATA table successfully  
23-06-2020 15:05:18.030 DEBUG [http-nio-9090-exec-2]
				c.a.v.npc.core.service.NPCService.insertNPCMessage - Start inserting number data into NUMBERSTOPORT table with NPC Message ID 4498699
23-06-2020 15:05:18.190 DEBUG [http-nio-9090-exec-2]
				c.a.v.npc.core.service.NPCService.insertNPCMessage - Number data has been inserted into NUMBERSTOPORT table  successfully
23-06-2020 15:05:18.190 DEBUG [http-nio-9090-exec-2]
				c.a.v.npc.core.handler.NPCWSHandler.parsingAndUpdatingMessageTimeFrame - Inserting message into Database has done successfully with NPC Message ID: 4498699  and Internal Port ID: 4498339
23-06-2020 15:10:12.248 DEBUG [http-nio-9090-exec-2]
				c.a.v.npc.core.service.NPCService.updateNPCMessageCurrentDate - Start updating message current max date with date 24/06/2020 12:40:08 
23-06-2020 15:10:16.717 DEBUG [http-nio-9090-exec-2]
				c.a.v.npc.core.service.NPCService.updateNPCMessageCurrentDate - Updating message current max date has been done successfully
23-06-2020 15:15:10.688 DEBUG [http-nio-9090-exec-2]
				c.a.v.npc.core.service.NPCService.updatePortData - Start Update PORT_DATA table 
23-06-2020 15:15:11.252 DEBUG [http-nio-9090-exec-2]
				c.a.v.npc.core.service.NPCService.updatePortData - Updating PORT_DATA table for NPC Message ID: 4498699  and Internal Port ID: 4498339 has been done successfully and the port Status updated with Status " 20-Accept-R "
23-06-2020 15:15:11.411 DEBUG [http-nio-9090-exec-2]
				c.a.v.npc.core.handler.NPCWSHandler.processNPCMessage - Returned Message for the request with NPC Message ID 4498699 and Internal Port ID 4498339 = " success " 
23-06-2020 15:19:53.507 DEBUG [http-nio-9090-exec-3]
				c.a.v.npc.core.handler.NPCWSHandler.processNPCMessage - Start validating the web service credentail for user: voda 
23-06-2020 15:19:53.507 DEBUG [http-nio-9090-exec-3]
				c.a.v.npc.core.handler.NPCWSHandler.processNPCMessage - Validating service credential has been done successully for user : voda
23-06-2020 15:23:04.213 DEBUG [main]
				c.a.v.n.w.NPCWebServiceApplication.logStarting - Running with Spring Boot v1.4.2.RELEASE, Spring v4.3.4.RELEASE
23-06-2020 15:23:10.166 DEBUG [http-nio-9090-exec-1]
				c.a.v.npc.core.handler.NPCWSHandler.processNPCMessage - Start validating the web service credentail for user: voda 
23-06-2020 15:23:10.172 DEBUG [http-nio-9090-exec-1]
				c.a.v.npc.core.handler.NPCWSHandler.processNPCMessage - Validating service credential has been done successully for user : voda
23-06-2020 15:23:10.238 DEBUG [http-nio-9090-exec-1]
				c.a.v.npc.core.service.NPCService.getDBConnection - Start Initializing Database Connection..
23-06-2020 15:23:12.251 DEBUG [http-nio-9090-exec-1]
				c.a.v.npc.core.service.NPCService.getDBConnection - Initializing Database Connection has been done Successfully...
23-06-2020 15:23:12.253 DEBUG [http-nio-9090-exec-1]
				c.a.v.npc.core.handler.NPCWSHandler.processNPCMessage - Start Parsing Received Message from user : voda
23-06-2020 15:23:12.258 DEBUG [http-nio-9090-exec-1]
				c.a.v.npc.core.handler.NPCWSHandler.logRequest - MessageID: 963852741 | MessageCode: NPR | PortID: P201704230921270130 | MSISDN: 01011234575 | Message TimeStamp: Tue Jun 23 15:23:12 EET 2020 | Message Type: Received | DonerID: Voda | RecipientID: Mobi 
23-06-2020 15:23:17.081 DEBUG [http-nio-9090-exec-1]
				c.a.v.npc.core.handler.NPCWSHandler.parsingAndUpdatingMessageTimeFrame - Parsing message XML  has done successfully with NPC Message ID: 4498700 
23-06-2020 15:23:17.229 DEBUG [http-nio-9090-exec-1]
				c.a.v.npc.core.service.NPCService.insertNPCMessage - Start inserting into NPC_MESSAGE table with NPC Message ID 4498700
23-06-2020 15:23:17.431 DEBUG [http-nio-9090-exec-1]
				c.a.v.npc.core.service.NPCService.insertNPCMessage - NPC message has been insterted into NPC_MESSAGE table successfully
23-06-2020 15:23:18.034 DEBUG [http-nio-9090-exec-1]
				c.a.v.npc.core.service.NPCService.insertNPCMessage - Start inserting into PORT_MESSAGE table with NPC Message ID 4498700
23-06-2020 15:23:18.208 DEBUG [http-nio-9090-exec-1]
				c.a.v.npc.core.service.NPCService.insertNPCMessage - NPC message has been insterted into PORT_MESSAGE table successfully
23-06-2020 15:23:18.209 DEBUG [http-nio-9090-exec-1]
				c.a.v.npc.core.service.NPCService.insertNPCMessage - Start inserting into SUBSCRIBER_DATA table with NPC Message ID 4498700
23-06-2020 15:23:18.356 DEBUG [http-nio-9090-exec-1]
				c.a.v.npc.core.service.NPCService.insertNPCMessage - Subscriber data has been inserted into SUBSCRIBER_DATA table successfully  
23-06-2020 15:23:18.356 DEBUG [http-nio-9090-exec-1]
				c.a.v.npc.core.service.NPCService.insertNPCMessage - Start inserting number data into NUMBERSTOPORT table with NPC Message ID 4498700
23-06-2020 15:23:18.503 DEBUG [http-nio-9090-exec-1]
				c.a.v.npc.core.service.NPCService.insertNPCMessage - Number data has been inserted into NUMBERSTOPORT table  successfully
23-06-2020 15:23:18.504 DEBUG [http-nio-9090-exec-1]
				c.a.v.npc.core.handler.NPCWSHandler.parsingAndUpdatingMessageTimeFrame - Inserting message into Database has done successfully with NPC Message ID: 4498700  and Internal Port ID: 4498339
23-06-2020 15:23:38.619 DEBUG [http-nio-9090-exec-1]
				c.a.v.npc.core.service.NPCService.updatePortData - Start Update PORT_DATA table 
23-06-2020 15:23:39.066 DEBUG [http-nio-9090-exec-1]
				c.a.v.npc.core.service.NPCService.updatePortData - Updating PORT_DATA table for NPC Message ID: 4498700  and Internal Port ID: 4498339 has been done successfully and the port Status updated with Status " 20-Request-R "
23-06-2020 15:23:39.213 DEBUG [http-nio-9090-exec-1]
				c.a.v.npc.core.handler.NPCWSHandler.processNPCMessage - Returned Message for the request with NPC Message ID 4498700 and Internal Port ID 4498339 = " success " 
23-06-2020 15:23:51.932 DEBUG [http-nio-9090-exec-2]
				c.a.v.npc.core.handler.NPCWSHandler.processNPCMessage - Start validating the web service credentail for user: voda 
23-06-2020 15:23:51.933 DEBUG [http-nio-9090-exec-2]
				c.a.v.npc.core.handler.NPCWSHandler.processNPCMessage - Validating service credential has been done successully for user : voda
23-06-2020 15:23:51.935 DEBUG [http-nio-9090-exec-2]
				c.a.v.npc.core.handler.NPCWSHandler.processNPCMessage - Start Parsing Received Message from user : voda
23-06-2020 15:23:51.937 DEBUG [http-nio-9090-exec-2]
				c.a.v.npc.core.handler.NPCWSHandler.logRequest - MessageID: 963852741 | MessageCode: NPR | PortID: P201704230921270130 | MSISDN: 01011234575 | Message TimeStamp: Tue Jun 23 15:23:51 EET 2020 | Message Type: Received | DonerID: Voda | RecipientID: Mobi 
23-06-2020 15:23:56.841 DEBUG [http-nio-9090-exec-2]
				c.a.v.npc.core.handler.NPCWSHandler.parsingAndUpdatingMessageTimeFrame - Parsing message XML  has done successfully with NPC Message ID: 4498701 
23-06-2020 15:23:57.027 DEBUG [http-nio-9090-exec-2]
				c.a.v.npc.core.service.NPCService.insertNPCMessage - Start inserting into NPC_MESSAGE table with NPC Message ID 4498701
23-06-2020 15:23:57.210 DEBUG [http-nio-9090-exec-2]
				c.a.v.npc.core.service.NPCService.insertNPCMessage - NPC message has been insterted into NPC_MESSAGE table successfully
23-06-2020 15:23:57.493 DEBUG [http-nio-9090-exec-2]
				c.a.v.npc.core.service.NPCService.insertNPCMessage - Start inserting into PORT_MESSAGE table with NPC Message ID 4498701
23-06-2020 15:23:57.643 DEBUG [http-nio-9090-exec-2]
				c.a.v.npc.core.service.NPCService.insertNPCMessage - NPC message has been insterted into PORT_MESSAGE table successfully
23-06-2020 15:23:57.644 DEBUG [http-nio-9090-exec-2]
				c.a.v.npc.core.service.NPCService.insertNPCMessage - Start inserting into SUBSCRIBER_DATA table with NPC Message ID 4498701
23-06-2020 15:23:58.123 DEBUG [http-nio-9090-exec-2]
				c.a.v.npc.core.service.NPCService.insertNPCMessage - Subscriber data has been inserted into SUBSCRIBER_DATA table successfully  
23-06-2020 15:23:58.124 DEBUG [http-nio-9090-exec-2]
				c.a.v.npc.core.service.NPCService.insertNPCMessage - Start inserting number data into NUMBERSTOPORT table with NPC Message ID 4498701
23-06-2020 15:23:58.293 DEBUG [http-nio-9090-exec-2]
				c.a.v.npc.core.service.NPCService.insertNPCMessage - Number data has been inserted into NUMBERSTOPORT table  successfully
23-06-2020 15:23:58.294 DEBUG [http-nio-9090-exec-2]
				c.a.v.npc.core.handler.NPCWSHandler.parsingAndUpdatingMessageTimeFrame - Inserting message into Database has done successfully with NPC Message ID: 4498701  and Internal Port ID: 4498339
23-06-2020 15:24:49.420 DEBUG [http-nio-9090-exec-2]
				c.a.v.npc.core.service.NPCService.updatePortData - Start Update PORT_DATA table 
23-06-2020 15:24:49.887 DEBUG [http-nio-9090-exec-2]
				c.a.v.npc.core.service.NPCService.updatePortData - Updating PORT_DATA table for NPC Message ID: 4498701  and Internal Port ID: 4498339 has been done successfully and the port Status updated with Status " 20-Request-R "
23-06-2020 15:24:50.031 DEBUG [http-nio-9090-exec-2]
				c.a.v.npc.core.handler.NPCWSHandler.processNPCMessage - Returned Message for the request with NPC Message ID 4498701 and Internal Port ID 4498339 = " success " 
23-06-2020 15:25:17.373 DEBUG [http-nio-9090-exec-3]
				c.a.v.npc.core.handler.NPCWSHandler.processNPCMessage - Start validating the web service credentail for user: voda 
23-06-2020 15:25:17.374 DEBUG [http-nio-9090-exec-3]
				c.a.v.npc.core.handler.NPCWSHandler.processNPCMessage - Validating service credential has been done successully for user : voda
23-06-2020 15:25:17.375 DEBUG [http-nio-9090-exec-3]
				c.a.v.npc.core.handler.NPCWSHandler.processNPCMessage - Start Parsing Received Message from user : voda
23-06-2020 15:25:17.377 DEBUG [http-nio-9090-exec-3]
				c.a.v.npc.core.handler.NPCWSHandler.logRequest - MessageID: 7412589 | MessageCode: NPR Accept | PortID: P201704230921270130 | MSISDN: 01011234575 | Message TimeStamp: Tue Jun 23 15:25:17 EET 2020 | Message Type: Received | DonerID: Voda | RecipientID: Mobi 
23-06-2020 15:25:22.874 DEBUG [http-nio-9090-exec-3]
				c.a.v.npc.core.handler.NPCWSHandler.parsingAndUpdatingMessageTimeFrame - Parsing message XML  has done successfully with NPC Message ID: 4498702 
23-06-2020 15:25:23.046 DEBUG [http-nio-9090-exec-3]
				c.a.v.npc.core.service.NPCService.insertNPCMessage - Start inserting into NPC_MESSAGE table with NPC Message ID 4498702
23-06-2020 15:25:23.230 DEBUG [http-nio-9090-exec-3]
				c.a.v.npc.core.service.NPCService.insertNPCMessage - NPC message has been insterted into NPC_MESSAGE table successfully
23-06-2020 15:25:23.508 DEBUG [http-nio-9090-exec-3]
				c.a.v.npc.core.service.NPCService.insertNPCMessage - Start inserting into PORT_MESSAGE table with NPC Message ID 4498702
23-06-2020 15:25:23.765 DEBUG [http-nio-9090-exec-3]
				c.a.v.npc.core.service.NPCService.insertNPCMessage - NPC message has been insterted into PORT_MESSAGE table successfully
23-06-2020 15:25:23.766 DEBUG [http-nio-9090-exec-3]
				c.a.v.npc.core.service.NPCService.insertNPCMessage - Start inserting into SUBSCRIBER_DATA table with NPC Message ID 4498702
23-06-2020 15:25:23.918 DEBUG [http-nio-9090-exec-3]
				c.a.v.npc.core.service.NPCService.insertNPCMessage - Subscriber data has been inserted into SUBSCRIBER_DATA table successfully  
23-06-2020 15:25:23.919 DEBUG [http-nio-9090-exec-3]
				c.a.v.npc.core.service.NPCService.insertNPCMessage - Start inserting number data into NUMBERSTOPORT table with NPC Message ID 4498702
23-06-2020 15:25:24.073 DEBUG [http-nio-9090-exec-3]
				c.a.v.npc.core.service.NPCService.insertNPCMessage - Number data has been inserted into NUMBERSTOPORT table  successfully
23-06-2020 15:25:24.073 DEBUG [http-nio-9090-exec-3]
				c.a.v.npc.core.handler.NPCWSHandler.parsingAndUpdatingMessageTimeFrame - Inserting message into Database has done successfully with NPC Message ID: 4498702  and Internal Port ID: 4498339
23-06-2020 15:30:38.465 DEBUG [main]
				c.a.v.n.w.NPCWebServiceApplication.logStarting - Running with Spring Boot v1.4.2.RELEASE, Spring v4.3.4.RELEASE
23-06-2020 15:30:44.365 DEBUG [http-nio-9090-exec-1]
				c.a.v.npc.core.handler.NPCWSHandler.processNPCMessage - Start validating the web service credentail for user: voda 
23-06-2020 15:30:44.368 DEBUG [http-nio-9090-exec-1]
				c.a.v.npc.core.handler.NPCWSHandler.processNPCMessage - Validating service credential has been done successully for user : voda
23-06-2020 15:30:44.422 DEBUG [http-nio-9090-exec-1]
				c.a.v.npc.core.service.NPCService.getDBConnection - Start Initializing Database Connection..
23-06-2020 15:30:52.130 DEBUG [http-nio-9090-exec-1]
				c.a.v.npc.core.service.NPCService.getDBConnection - Initializing Database Connection has been done Successfully...
23-06-2020 15:30:52.134 DEBUG [http-nio-9090-exec-1]
				c.a.v.npc.core.handler.NPCWSHandler.processNPCMessage - Start Parsing Received Message from user : voda
23-06-2020 15:30:52.145 DEBUG [http-nio-9090-exec-1]
				c.a.v.npc.core.handler.NPCWSHandler.logRequest - MessageID: 7412589 | MessageCode: NPR Accept | PortID: P201704230921270130 | MSISDN: 01011234575 | Message TimeStamp: Tue Jun 23 15:30:52 EET 2020 | Message Type: Received | DonerID: Voda | RecipientID: Mobi 
23-06-2020 15:30:56.586 DEBUG [http-nio-9090-exec-1]
				c.a.v.npc.core.handler.NPCWSHandler.parsingAndUpdatingMessageTimeFrame - Parsing message XML  has done successfully with NPC Message ID: 4498703 
23-06-2020 15:30:56.932 DEBUG [http-nio-9090-exec-1]
				c.a.v.npc.core.service.NPCService.insertNPCMessage - Start inserting into NPC_MESSAGE table with NPC Message ID 4498703
23-06-2020 15:30:57.339 DEBUG [http-nio-9090-exec-1]
				c.a.v.npc.core.service.NPCService.insertNPCMessage - NPC message has been insterted into NPC_MESSAGE table successfully
23-06-2020 15:30:57.955 DEBUG [http-nio-9090-exec-1]
				c.a.v.npc.core.service.NPCService.insertNPCMessage - Start inserting into PORT_MESSAGE table with NPC Message ID 4498703
23-06-2020 15:30:58.392 DEBUG [http-nio-9090-exec-1]
				c.a.v.npc.core.service.NPCService.insertNPCMessage - NPC message has been insterted into PORT_MESSAGE table successfully
23-06-2020 15:30:58.393 DEBUG [http-nio-9090-exec-1]
				c.a.v.npc.core.service.NPCService.insertNPCMessage - Start inserting into SUBSCRIBER_DATA table with NPC Message ID 4498703
23-06-2020 15:30:58.576 DEBUG [http-nio-9090-exec-1]
				c.a.v.npc.core.service.NPCService.insertNPCMessage - Subscriber data has been inserted into SUBSCRIBER_DATA table successfully  
23-06-2020 15:30:58.576 DEBUG [http-nio-9090-exec-1]
				c.a.v.npc.core.service.NPCService.insertNPCMessage - Start inserting number data into NUMBERSTOPORT table with NPC Message ID 4498703
23-06-2020 15:30:58.731 DEBUG [http-nio-9090-exec-1]
				c.a.v.npc.core.service.NPCService.insertNPCMessage - Number data has been inserted into NUMBERSTOPORT table  successfully
23-06-2020 15:30:58.731 DEBUG [http-nio-9090-exec-1]
				c.a.v.npc.core.handler.NPCWSHandler.parsingAndUpdatingMessageTimeFrame - Inserting message into Database has done successfully with NPC Message ID: 4498703  and Internal Port ID: 4498339
23-06-2020 15:37:33.951 DEBUG [http-nio-9090-exec-1]
				c.a.v.npc.core.service.NPCService.updateNPCMessageCurrentDate - Start updating message current max date with date 25/06/2020 15:23:48 
23-06-2020 15:37:47.257 DEBUG [http-nio-9090-exec-1]
				c.a.v.npc.core.service.NPCService.updateNPCMessageCurrentDate - Updating message current max date has been done successfully
23-06-2020 15:38:05.110 DEBUG [http-nio-9090-exec-1]
				c.a.v.npc.core.service.NPCService.updatePortData - Start Update PORT_DATA table 
23-06-2020 15:38:05.703 DEBUG [http-nio-9090-exec-1]
				c.a.v.npc.core.service.NPCService.updatePortData - Updating PORT_DATA table for NPC Message ID: 4498703  and Internal Port ID: 4498339 has been done successfully and the port Status updated with Status " 20-Accept-R "
23-06-2020 15:38:05.844 DEBUG [http-nio-9090-exec-1]
				c.a.v.npc.core.handler.NPCWSHandler.processNPCMessage - Returned Message for the request with NPC Message ID 4498703 and Internal Port ID 4498339 = " success " 
23-06-2020 16:04:39.373 DEBUG [http-nio-9090-exec-2]
				c.a.v.npc.core.handler.NPCWSHandler.processNPCMessage - Start validating the web service credentail for user: voda 
23-06-2020 16:04:39.374 DEBUG [http-nio-9090-exec-2]
				c.a.v.npc.core.handler.NPCWSHandler.processNPCMessage - Validating service credential has been done successully for user : voda
23-06-2020 16:04:39.375 DEBUG [http-nio-9090-exec-2]
				c.a.v.npc.core.handler.NPCWSHandler.processNPCMessage - Start Parsing Received Message from user : voda
23-06-2020 16:04:39.376 DEBUG [http-nio-9090-exec-2]
				c.a.v.npc.core.handler.NPCWSHandler.logRequest - MessageID: AD1202 | MessageCode: NP Cancel | PortID: P201704230921270130 | MSISDN: 01011234575 | Message TimeStamp: Tue Jun 23 16:04:39 EET 2020 | Message Type: Received | DonerID: Voda | RecipientID: Mobi 
23-06-2020 16:05:20.658 DEBUG [http-nio-9090-exec-3]
				c.a.v.npc.core.handler.NPCWSHandler.processNPCMessage - Start validating the web service credentail for user: voda 
23-06-2020 16:05:20.659 DEBUG [http-nio-9090-exec-3]
				c.a.v.npc.core.handler.NPCWSHandler.processNPCMessage - Validating service credential has been done successully for user : voda
23-06-2020 16:05:20.659 DEBUG [http-nio-9090-exec-3]
				c.a.v.npc.core.service.NPCService.getDBConnection - Start Initializing Database Connection..
23-06-2020 16:05:22.139 DEBUG [http-nio-9090-exec-3]
				c.a.v.npc.core.service.NPCService.getDBConnection - Initializing Database Connection has been done Successfully...
23-06-2020 16:05:22.139 DEBUG [http-nio-9090-exec-3]
				c.a.v.npc.core.handler.NPCWSHandler.processNPCMessage - Start Parsing Received Message from user : voda
23-06-2020 16:05:22.141 DEBUG [http-nio-9090-exec-3]
				c.a.v.npc.core.handler.NPCWSHandler.logRequest - MessageID: AD1202 | MessageCode: NP Cancel | PortID: P201704230921270130 | MSISDN: 01011234575 | Message TimeStamp: Tue Jun 23 16:05:22 EET 2020 | Message Type: Received | DonerID: Voda | RecipientID: Mobi 
23-06-2020 16:05:28.683 DEBUG [http-nio-9090-exec-3]
				c.a.v.npc.core.handler.NPCWSHandler.parsingAndUpdatingMessageTimeFrame - Parsing message XML  has done successfully with NPC Message ID: 4498704 
23-06-2020 16:05:28.851 DEBUG [http-nio-9090-exec-3]
				c.a.v.npc.core.service.NPCService.insertNPCMessage - Start inserting into NPC_MESSAGE table with NPC Message ID 4498704
23-06-2020 16:05:29.034 DEBUG [http-nio-9090-exec-3]
				c.a.v.npc.core.service.NPCService.insertNPCMessage - NPC message has been insterted into NPC_MESSAGE table successfully
23-06-2020 16:05:29.336 DEBUG [http-nio-9090-exec-3]
				c.a.v.npc.core.service.NPCService.insertNPCMessage - Start inserting into PORT_MESSAGE table with NPC Message ID 4498704
23-06-2020 16:05:29.582 DEBUG [http-nio-9090-exec-3]
				c.a.v.npc.core.service.NPCService.insertNPCMessage - NPC message has been insterted into PORT_MESSAGE table successfully
23-06-2020 16:05:29.582 DEBUG [http-nio-9090-exec-3]
				c.a.v.npc.core.service.NPCService.insertNPCMessage - Start inserting number data into NUMBERSTOPORT table with NPC Message ID 4498704
23-06-2020 16:05:29.731 DEBUG [http-nio-9090-exec-3]
				c.a.v.npc.core.service.NPCService.insertNPCMessage - Number data has been inserted into NUMBERSTOPORT table  successfully
23-06-2020 16:05:29.733 DEBUG [http-nio-9090-exec-3]
				c.a.v.npc.core.handler.NPCWSHandler.parsingAndUpdatingMessageTimeFrame - Inserting message into Database has done successfully with NPC Message ID: 4498704  and Internal Port ID: 4498339
23-06-2020 16:12:19.076 DEBUG [http-nio-9090-exec-3]
				c.a.v.npc.core.service.NPCService.updateNPCMessageCurrentDate - Start updating message current max date with date 25/06/2020 15:30:47 
23-06-2020 16:12:31.885 DEBUG [http-nio-9090-exec-3]
				c.a.v.npc.core.service.NPCService.updateNPCMessageCurrentDate - Updating message current max date has been done successfully
23-06-2020 16:12:45.519 DEBUG [http-nio-9090-exec-3]
				c.a.v.npc.core.service.NPCService.updatePortData - Start Update PORT_DATA table 
23-06-2020 16:12:45.867 DEBUG [http-nio-9090-exec-3]
				c.a.v.npc.core.service.NPCService.updatePortData - Updating PORT_DATA table for NPC Message ID: 4498704  and Internal Port ID: 4498339 has been done successfully and the port Status updated with Status " 20-Accept-R "
23-06-2020 16:12:46.036 DEBUG [http-nio-9090-exec-3]
				c.a.v.npc.core.handler.NPCWSHandler.processNPCMessage - Returned Message for the request with NPC Message ID 4498704 and Internal Port ID 4498339 = " success " 
23-06-2020 16:15:16.217 DEBUG [http-nio-9090-exec-4]
				c.a.v.npc.core.handler.NPCWSHandler.processNPCMessage - Start validating the web service credentail for user: voda 
23-06-2020 16:15:16.217 DEBUG [http-nio-9090-exec-4]
				c.a.v.npc.core.handler.NPCWSHandler.processNPCMessage - Validating service credential has been done successully for user : voda
23-06-2020 16:15:16.219 DEBUG [http-nio-9090-exec-4]
				c.a.v.npc.core.handler.NPCWSHandler.processNPCMessage - Start Parsing Received Message from user : voda
23-06-2020 16:15:16.220 DEBUG [http-nio-9090-exec-4]
				c.a.v.npc.core.handler.NPCWSHandler.logRequest - MessageID: AD1202 | MessageCode: NP Activated Status | PortID: P201704230921270130 | MSISDN: 01011234575 | Message TimeStamp: Tue Jun 23 16:15:16 EET 2020 | Message Type: Received | DonerID: Voda | RecipientID: Mobi 
23-06-2020 16:15:24.046 DEBUG [http-nio-9090-exec-4]
				c.a.v.npc.core.handler.NPCWSHandler.parsingAndUpdatingMessageTimeFrame - Parsing message XML  has done successfully with NPC Message ID: 4498705 
23-06-2020 16:15:24.201 DEBUG [http-nio-9090-exec-4]
				c.a.v.npc.core.service.NPCService.insertNPCMessage - Start inserting into NPC_MESSAGE table with NPC Message ID 4498705
23-06-2020 16:15:24.394 DEBUG [http-nio-9090-exec-4]
				c.a.v.npc.core.service.NPCService.insertNPCMessage - NPC message has been insterted into NPC_MESSAGE table successfully
23-06-2020 16:15:24.706 DEBUG [http-nio-9090-exec-4]
				c.a.v.npc.core.service.NPCService.insertNPCMessage - Start inserting into PORT_MESSAGE table with NPC Message ID 4498705
23-06-2020 16:15:24.884 DEBUG [http-nio-9090-exec-4]
				c.a.v.npc.core.service.NPCService.insertNPCMessage - NPC message has been insterted into PORT_MESSAGE table successfully
23-06-2020 16:15:24.885 DEBUG [http-nio-9090-exec-4]
				c.a.v.npc.core.service.NPCService.insertNPCMessage - Start inserting number data into NUMBERSTOPORT table with NPC Message ID 4498705
23-06-2020 16:15:25.046 DEBUG [http-nio-9090-exec-4]
				c.a.v.npc.core.service.NPCService.insertNPCMessage - Number data has been inserted into NUMBERSTOPORT table  successfully
23-06-2020 16:15:25.048 DEBUG [http-nio-9090-exec-4]
				c.a.v.npc.core.handler.NPCWSHandler.parsingAndUpdatingMessageTimeFrame - Inserting message into Database has done successfully with NPC Message ID: 4498705  and Internal Port ID: 4498339
23-06-2020 16:22:11.874 DEBUG [http-nio-9090-exec-4]
				c.a.v.npc.core.service.NPCService.updateNPCMessageCurrentDate - Start updating message current max date with date 23/06/2020 15:44:36 
23-06-2020 16:22:16.852 DEBUG [http-nio-9090-exec-4]
				c.a.v.npc.core.service.NPCService.updateNPCMessageCurrentDate - Updating message current max date has been done successfully
23-06-2020 16:22:49.735 DEBUG [http-nio-9090-exec-4]
				c.a.v.npc.core.service.NPCService.updatePortData - Start Update PORT_DATA table 
23-06-2020 16:22:50.049 DEBUG [http-nio-9090-exec-4]
				c.a.v.npc.core.service.NPCService.updatePortData - Updating PORT_DATA table for NPC Message ID: 4498705  and Internal Port ID: 4498339 has been done successfully and the port Status updated with Status " 20-Accept-R "
23-06-2020 16:22:50.051 DEBUG [http-nio-9090-exec-4]
				c.a.v.npc.core.service.NPCService.processActivationStatus - Start Process Activation Status for port ID P201704230921270130  and Internal Port ID 4498339 
23-06-2020 16:22:51.433 DEBUG [http-nio-9090-exec-4]
				c.a.v.npc.core.service.NPCService.processActivationStatus - Process Activation status has been done successfully for Port ID P201704230921270130 and Internal Port ID 4498339
23-06-2020 16:22:51.605 DEBUG [http-nio-9090-exec-4]
				c.a.v.npc.core.handler.NPCWSHandler.processNPCMessage - Returned Message for the request with NPC Message ID 4498705 and Internal Port ID 4498339 = " success " 
