27-05-2020 19:53:55.659 INFO  [main]  c.a.v.n.w.NPCWebServiceApplication.logStarting - Starting NPCWebServiceApplication on Mohamed-Hamdy with PID 141504 (started by mohammed.hamdy in C:\Users\mohammed.hamdy\Downloads\Vodafone MNP Deliverables\Src Code\npc-vodafone\vodafone-mnp-webservice)
27-05-2020 19:53:55.680 INFO  [main]  c.a.v.n.w.NPCWebServiceApplication.logStartupProfileInfo - No active profile set, falling back to default profiles: default
27-05-2020 19:53:55.758 INFO  [main]  o.s.b.c.e.AnnotationConfigEmbeddedWebApplicationContext.prepareRefresh - Refreshing org.springframework.boot.context.embedded.AnnotationConfigEmbeddedWebApplicationContext@4a22f9e2: startup date [Wed May 27 19:53:55 EET 2020]; root of context hierarchy
27-05-2020 19:53:55.958 INFO  [background-preinit]  o.h.validator.internal.util.Version.<clinit> - HV000001: Hibernate Validator 5.2.4.Final
27-05-2020 19:53:56.468 INFO  [main]  o.s.c.s.PostProcessorRegistrationDelegate$BeanPostProcessorChecker.postProcessAfterInitialization - Bean 'NPCWebServiceConfig' of type [class com.asset.vodafone.npc.webservice.config.NPCWebServiceConfig$$EnhancerBySpringCGLIB$$633610f5] is not eligible for getting processed by all BeanPostProcessors (for example: not eligible for auto-proxying)
27-05-2020 19:53:56.473 INFO  [main]  o.s.c.s.PostProcessorRegistrationDelegate$BeanPostProcessorChecker.postProcessAfterInitialization - Bean 'org.springframework.ws.config.annotation.DelegatingWsConfiguration' of type [class org.springframework.ws.config.annotation.DelegatingWsConfiguration$$EnhancerBySpringCGLIB$$cf20c2e4] is not eligible for getting processed by all BeanPostProcessors (for example: not eligible for auto-proxying)
27-05-2020 19:53:56.502 INFO  [main]  o.s.w.s.a.s.AnnotationActionEndpointMapping.afterPropertiesSet - Supporting [WS-Addressing August 2004, WS-Addressing 1.0]
27-05-2020 19:53:56.761 INFO  [main]  o.s.b.c.e.t.TomcatEmbeddedServletContainer.initialize - Tomcat initialized with port(s): 9090 (http)
27-05-2020 19:53:56.769 INFO  [main]  o.a.catalina.core.StandardService.log - Starting service Tomcat
27-05-2020 19:53:56.770 INFO  [main]  o.a.catalina.core.StandardEngine.log - Starting Servlet Engine: Apache Tomcat/8.5.6
27-05-2020 19:53:56.896 INFO  [localhost-startStop-1]  o.a.c.c.C.[Tomcat].[localhost].[/].log - Initializing Spring embedded WebApplicationContext
27-05-2020 19:53:56.896 INFO  [localhost-startStop-1]  o.s.web.context.ContextLoader.prepareEmbeddedWebApplicationContext - Root WebApplicationContext: initialization completed in 1138 ms
27-05-2020 19:53:57.018 INFO  [localhost-startStop-1]  o.s.b.w.s.ServletRegistrationBean.onStartup - Mapping servlet: 'messageDispatcherServlet' to [/NPC-SOAP/NPCWebService]
27-05-2020 19:53:57.019 INFO  [localhost-startStop-1]  o.s.b.w.s.ServletRegistrationBean.onStartup - Mapping servlet: 'dispatcherServlet' to [/]
27-05-2020 19:53:57.022 INFO  [localhost-startStop-1]  o.s.b.w.s.FilterRegistrationBean.configure - Mapping filter: 'characterEncodingFilter' to: [/*]
27-05-2020 19:53:57.022 INFO  [localhost-startStop-1]  o.s.b.w.s.FilterRegistrationBean.configure - Mapping filter: 'hiddenHttpMethodFilter' to: [/*]
27-05-2020 19:53:57.023 INFO  [localhost-startStop-1]  o.s.b.w.s.FilterRegistrationBean.configure - Mapping filter: 'httpPutFormContentFilter' to: [/*]
27-05-2020 19:53:57.023 INFO  [localhost-startStop-1]  o.s.b.w.s.FilterRegistrationBean.configure - Mapping filter: 'requestContextFilter' to: [/*]
27-05-2020 19:53:57.260 INFO  [main]  o.s.w.s.m.m.a.RequestMappingHandlerAdapter.initControllerAdviceCache - Looking for @ControllerAdvice: org.springframework.boot.context.embedded.AnnotationConfigEmbeddedWebApplicationContext@4a22f9e2: startup date [Wed May 27 19:53:55 EET 2020]; root of context hierarchy
27-05-2020 19:53:57.305 INFO  [main]  o.s.w.s.m.m.a.RequestMappingHandlerMapping.register - Mapped "{[/error]}" onto public org.springframework.http.ResponseEntity<java.util.Map<java.lang.String, java.lang.Object>> org.springframework.boot.autoconfigure.web.BasicErrorController.error(javax.servlet.http.HttpServletRequest)
27-05-2020 19:53:57.306 INFO  [main]  o.s.w.s.m.m.a.RequestMappingHandlerMapping.register - Mapped "{[/error],produces=[text/html]}" onto public org.springframework.web.servlet.ModelAndView org.springframework.boot.autoconfigure.web.BasicErrorController.errorHtml(javax.servlet.http.HttpServletRequest,javax.servlet.http.HttpServletResponse)
27-05-2020 19:53:57.325 INFO  [main]  o.s.w.s.h.SimpleUrlHandlerMapping.registerHandler - Mapped URL path [/webjars/**] onto handler of type [class org.springframework.web.servlet.resource.ResourceHttpRequestHandler]
27-05-2020 19:53:57.325 INFO  [main]  o.s.w.s.h.SimpleUrlHandlerMapping.registerHandler - Mapped URL path [/**] onto handler of type [class org.springframework.web.servlet.resource.ResourceHttpRequestHandler]
27-05-2020 19:53:57.349 INFO  [main]  o.s.w.s.h.SimpleUrlHandlerMapping.registerHandler - Mapped URL path [/**/favicon.ico] onto handler of type [class org.springframework.web.servlet.resource.ResourceHttpRequestHandler]
27-05-2020 19:53:57.449 INFO  [main]  o.s.j.e.a.AnnotationMBeanExporter.afterSingletonsInstantiated - Registering beans for JMX exposure on startup
27-05-2020 19:53:57.458 INFO  [main]  o.a.coyote.http11.Http11NioProtocol.log - Initializing ProtocolHandler ["http-nio-9090"]
27-05-2020 19:53:57.464 INFO  [main]  o.a.coyote.http11.Http11NioProtocol.log - Starting ProtocolHandler [http-nio-9090]
27-05-2020 19:53:57.476 INFO  [main]  o.a.tomcat.util.net.NioSelectorPool.log - Using a shared selector for servlet write/read
27-05-2020 19:53:57.488 INFO  [main]  o.s.b.c.e.t.TomcatEmbeddedServletContainer.start - Tomcat started on port(s): 9090 (http)
27-05-2020 19:53:57.492 INFO  [main]  c.a.v.n.w.NPCWebServiceApplication.logStarted - Started NPCWebServiceApplication in 2.122 seconds (JVM running for 3.166)
27-05-2020 19:54:21.954 INFO  [main]  c.a.v.n.w.NPCWebServiceApplication.logStarting - Starting NPCWebServiceApplication on Mohamed-Hamdy with PID 141288 (started by mohammed.hamdy in C:\Users\mohammed.hamdy\Downloads\Vodafone MNP Deliverables\Src Code\npc-vodafone\vodafone-mnp-webservice)
27-05-2020 19:54:21.958 INFO  [main]  c.a.v.n.w.NPCWebServiceApplication.logStartupProfileInfo - No active profile set, falling back to default profiles: default
27-05-2020 19:54:21.988 INFO  [main]  o.s.b.c.e.AnnotationConfigEmbeddedWebApplicationContext.prepareRefresh - Refreshing org.springframework.boot.context.embedded.AnnotationConfigEmbeddedWebApplicationContext@4816278d: startup date [Wed May 27 19:54:21 EET 2020]; root of context hierarchy
27-05-2020 19:54:22.045 INFO  [background-preinit]  o.h.validator.internal.util.Version.<clinit> - HV000001: Hibernate Validator 5.2.4.Final
27-05-2020 19:54:22.567 INFO  [main]  o.s.c.s.PostProcessorRegistrationDelegate$BeanPostProcessorChecker.postProcessAfterInitialization - Bean 'NPCWebServiceConfig' of type [class com.asset.vodafone.npc.webservice.config.NPCWebServiceConfig$$EnhancerBySpringCGLIB$$87e7eec9] is not eligible for getting processed by all BeanPostProcessors (for example: not eligible for auto-proxying)
27-05-2020 19:54:22.574 INFO  [main]  o.s.c.s.PostProcessorRegistrationDelegate$BeanPostProcessorChecker.postProcessAfterInitialization - Bean 'org.springframework.ws.config.annotation.DelegatingWsConfiguration' of type [class org.springframework.ws.config.annotation.DelegatingWsConfiguration$$EnhancerBySpringCGLIB$$f3d2a0b8] is not eligible for getting processed by all BeanPostProcessors (for example: not eligible for auto-proxying)
27-05-2020 19:54:22.604 INFO  [main]  o.s.w.s.a.s.AnnotationActionEndpointMapping.afterPropertiesSet - Supporting [WS-Addressing August 2004, WS-Addressing 1.0]
27-05-2020 19:54:22.877 INFO  [main]  o.s.b.c.e.t.TomcatEmbeddedServletContainer.initialize - Tomcat initialized with port(s): 9090 (http)
27-05-2020 19:54:22.884 INFO  [main]  o.a.catalina.core.StandardService.log - Starting service Tomcat
27-05-2020 19:54:22.885 INFO  [main]  o.a.catalina.core.StandardEngine.log - Starting Servlet Engine: Apache Tomcat/8.5.6
27-05-2020 19:54:22.944 INFO  [localhost-startStop-1]  o.a.c.c.C.[Tomcat].[localhost].[/].log - Initializing Spring embedded WebApplicationContext
27-05-2020 19:54:22.944 INFO  [localhost-startStop-1]  o.s.web.context.ContextLoader.prepareEmbeddedWebApplicationContext - Root WebApplicationContext: initialization completed in 956 ms
27-05-2020 19:54:23.095 INFO  [localhost-startStop-1]  o.s.b.w.s.ServletRegistrationBean.onStartup - Mapping servlet: 'messageDispatcherServlet' to [/NPC-SOAP/NPCWebService]
27-05-2020 19:54:23.096 INFO  [localhost-startStop-1]  o.s.b.w.s.ServletRegistrationBean.onStartup - Mapping servlet: 'dispatcherServlet' to [/]
27-05-2020 19:54:23.099 INFO  [localhost-startStop-1]  o.s.b.w.s.FilterRegistrationBean.configure - Mapping filter: 'characterEncodingFilter' to: [/*]
27-05-2020 19:54:23.099 INFO  [localhost-startStop-1]  o.s.b.w.s.FilterRegistrationBean.configure - Mapping filter: 'hiddenHttpMethodFilter' to: [/*]
27-05-2020 19:54:23.099 INFO  [localhost-startStop-1]  o.s.b.w.s.FilterRegistrationBean.configure - Mapping filter: 'httpPutFormContentFilter' to: [/*]
27-05-2020 19:54:23.100 INFO  [localhost-startStop-1]  o.s.b.w.s.FilterRegistrationBean.configure - Mapping filter: 'requestContextFilter' to: [/*]
27-05-2020 19:54:23.392 INFO  [main]  o.s.w.s.m.m.a.RequestMappingHandlerAdapter.initControllerAdviceCache - Looking for @ControllerAdvice: org.springframework.boot.context.embedded.AnnotationConfigEmbeddedWebApplicationContext@4816278d: startup date [Wed May 27 19:54:21 EET 2020]; root of context hierarchy
27-05-2020 19:54:23.441 INFO  [main]  o.s.w.s.m.m.a.RequestMappingHandlerMapping.register - Mapped "{[/error]}" onto public org.springframework.http.ResponseEntity<java.util.Map<java.lang.String, java.lang.Object>> org.springframework.boot.autoconfigure.web.BasicErrorController.error(javax.servlet.http.HttpServletRequest)
27-05-2020 19:54:23.442 INFO  [main]  o.s.w.s.m.m.a.RequestMappingHandlerMapping.register - Mapped "{[/error],produces=[text/html]}" onto public org.springframework.web.servlet.ModelAndView org.springframework.boot.autoconfigure.web.BasicErrorController.errorHtml(javax.servlet.http.HttpServletRequest,javax.servlet.http.HttpServletResponse)
27-05-2020 19:54:23.471 INFO  [main]  o.s.w.s.h.SimpleUrlHandlerMapping.registerHandler - Mapped URL path [/webjars/**] onto handler of type [class org.springframework.web.servlet.resource.ResourceHttpRequestHandler]
27-05-2020 19:54:23.472 INFO  [main]  o.s.w.s.h.SimpleUrlHandlerMapping.registerHandler - Mapped URL path [/**] onto handler of type [class org.springframework.web.servlet.resource.ResourceHttpRequestHandler]
27-05-2020 19:54:23.511 INFO  [main]  o.s.w.s.h.SimpleUrlHandlerMapping.registerHandler - Mapped URL path [/**/favicon.ico] onto handler of type [class org.springframework.web.servlet.resource.ResourceHttpRequestHandler]
27-05-2020 19:54:23.717 INFO  [main]  o.s.j.e.a.AnnotationMBeanExporter.afterSingletonsInstantiated - Registering beans for JMX exposure on startup
27-05-2020 19:54:23.727 INFO  [main]  o.a.coyote.http11.Http11NioProtocol.log - Initializing ProtocolHandler ["http-nio-9090"]
27-05-2020 19:54:23.734 INFO  [main]  o.a.coyote.http11.Http11NioProtocol.log - Starting ProtocolHandler [http-nio-9090]
27-05-2020 19:54:23.764 INFO  [main]  o.a.coyote.http11.Http11NioProtocol.log - Pausing ProtocolHandler ["http-nio-9090"]
27-05-2020 19:54:23.764 INFO  [main]  o.a.catalina.core.StandardService.log - Stopping service Tomcat
27-05-2020 19:54:23.800 INFO  [main]  o.apache.catalina.util.LifecycleBase.log - The stop() method was called on component [StandardServer[-1]] after stop() had already been called. The second call will be ignored.
27-05-2020 19:54:23.801 INFO  [main]  o.a.coyote.http11.Http11NioProtocol.log - Stopping ProtocolHandler ["http-nio-9090"]
27-05-2020 19:54:23.801 INFO  [main]  o.a.coyote.http11.Http11NioProtocol.log - Destroying ProtocolHandler ["http-nio-9090"]
27-05-2020 19:54:23.804 INFO  [main]  o.s.b.a.l.AutoConfigurationReportLoggingInitializer.logAutoConfigurationReport - 

Error starting ApplicationContext. To display the auto-configuration report re-run your application with 'debug' enabled.
27-05-2020 19:54:23.811 INFO  [main]  o.s.b.c.e.AnnotationConfigEmbeddedWebApplicationContext.doClose - Closing org.springframework.boot.context.embedded.AnnotationConfigEmbeddedWebApplicationContext@4816278d: startup date [Wed May 27 19:54:21 EET 2020]; root of context hierarchy
27-05-2020 19:54:23.812 INFO  [main]  o.s.j.e.a.AnnotationMBeanExporter.destroy - Unregistering JMX-exposed beans on shutdown
27-05-2020 19:54:56.275 INFO  [RMI TCP Connection(3)-127.0.0.1]  o.s.b.a.SpringApplicationAdminMXBeanRegistrar$SpringApplicationAdmin.shutdown - Application shutdown requested.
27-05-2020 19:54:56.275 INFO  [RMI TCP Connection(3)-127.0.0.1]  o.s.b.c.e.AnnotationConfigEmbeddedWebApplicationContext.doClose - Closing org.springframework.boot.context.embedded.AnnotationConfigEmbeddedWebApplicationContext@4a22f9e2: startup date [Wed May 27 19:53:55 EET 2020]; root of context hierarchy
27-05-2020 19:54:56.276 INFO  [RMI TCP Connection(3)-127.0.0.1]  o.s.j.e.a.AnnotationMBeanExporter.destroy - Unregistering JMX-exposed beans on shutdown
27-05-2020 20:38:21.299 INFO  [main]  c.a.v.npc.core.handler.NPCWSHandler.processNPCMessage - Start Validation connection with web service for user : voda
27-05-2020 20:38:21.313 INFO  [main]  c.a.v.npc.core.handler.NPCWSHandler.processNPCMessage - Start Validation connection with web service for user : voda
27-05-2020 20:42:20.594 INFO  [main]  c.a.v.npc.core.handler.NPCWSHandler.processNPCMessage - Start Validation connection with web service for user : voda
27-05-2020 20:42:20.610 INFO  [main]  c.a.v.npc.core.handler.NPCWSHandler.processNPCMessage - Start Validation connection with web service for user : voda
27-05-2020 20:43:42.126 INFO  [main]  c.a.v.npc.core.handler.NPCWSHandler.processNPCMessage - Start Validation connection with web service for user : voda
27-05-2020 20:43:42.138 INFO  [main]  c.a.v.npc.core.handler.NPCWSHandler.processNPCMessage - Start Validation connection with web service for user : voda
27-05-2020 20:46:26.656 INFO  [main]  c.a.v.n.w.NPCWebServiceApplication.logStarting - Starting NPCWebServiceApplication on Mohamed-Hamdy with PID 156332 (started by mohammed.hamdy in C:\Users\mohammed.hamdy\Downloads\Vodafone MNP Deliverables\Src Code\npc-vodafone\vodafone-mnp-webservice)
27-05-2020 20:46:26.660 INFO  [main]  c.a.v.n.w.NPCWebServiceApplication.logStartupProfileInfo - No active profile set, falling back to default profiles: default
27-05-2020 20:46:26.697 INFO  [main]  o.s.b.c.e.AnnotationConfigEmbeddedWebApplicationContext.prepareRefresh - Refreshing org.springframework.boot.context.embedded.AnnotationConfigEmbeddedWebApplicationContext@352c1b98: startup date [Wed May 27 20:46:26 EET 2020]; root of context hierarchy
27-05-2020 20:46:26.751 INFO  [background-preinit]  o.h.validator.internal.util.Version.<clinit> - HV000001: Hibernate Validator 5.2.4.Final
27-05-2020 20:46:27.233 INFO  [main]  o.s.c.s.PostProcessorRegistrationDelegate$BeanPostProcessorChecker.postProcessAfterInitialization - Bean 'NPCWebServiceConfig' of type [class com.asset.vodafone.npc.webservice.config.NPCWebServiceConfig$$EnhancerBySpringCGLIB$$c201b540] is not eligible for getting processed by all BeanPostProcessors (for example: not eligible for auto-proxying)
27-05-2020 20:46:27.276 INFO  [main]  o.s.c.s.PostProcessorRegistrationDelegate$BeanPostProcessorChecker.postProcessAfterInitialization - Bean 'org.springframework.ws.config.annotation.DelegatingWsConfiguration' of type [class org.springframework.ws.config.annotation.DelegatingWsConfiguration$$EnhancerBySpringCGLIB$$2dec672f] is not eligible for getting processed by all BeanPostProcessors (for example: not eligible for auto-proxying)
27-05-2020 20:46:27.306 INFO  [main]  o.s.w.s.a.s.AnnotationActionEndpointMapping.afterPropertiesSet - Supporting [WS-Addressing August 2004, WS-Addressing 1.0]
27-05-2020 20:46:27.578 INFO  [main]  o.s.b.c.e.t.TomcatEmbeddedServletContainer.initialize - Tomcat initialized with port(s): 9090 (http)
27-05-2020 20:46:27.587 INFO  [main]  o.a.catalina.core.StandardService.log - Starting service Tomcat
27-05-2020 20:46:27.588 INFO  [main]  o.a.catalina.core.StandardEngine.log - Starting Servlet Engine: Apache Tomcat/8.5.6
27-05-2020 20:46:27.646 INFO  [localhost-startStop-1]  o.a.c.c.C.[Tomcat].[localhost].[/].log - Initializing Spring embedded WebApplicationContext
27-05-2020 20:46:27.646 INFO  [localhost-startStop-1]  o.s.web.context.ContextLoader.prepareEmbeddedWebApplicationContext - Root WebApplicationContext: initialization completed in 949 ms
27-05-2020 20:46:27.781 INFO  [localhost-startStop-1]  o.s.b.w.s.ServletRegistrationBean.onStartup - Mapping servlet: 'messageDispatcherServlet' to [/NPC-SOAP/NPCWebService]
27-05-2020 20:46:27.782 INFO  [localhost-startStop-1]  o.s.b.w.s.ServletRegistrationBean.onStartup - Mapping servlet: 'dispatcherServlet' to [/]
27-05-2020 20:46:27.785 INFO  [localhost-startStop-1]  o.s.b.w.s.FilterRegistrationBean.configure - Mapping filter: 'characterEncodingFilter' to: [/*]
27-05-2020 20:46:27.786 INFO  [localhost-startStop-1]  o.s.b.w.s.FilterRegistrationBean.configure - Mapping filter: 'hiddenHttpMethodFilter' to: [/*]
27-05-2020 20:46:27.786 INFO  [localhost-startStop-1]  o.s.b.w.s.FilterRegistrationBean.configure - Mapping filter: 'httpPutFormContentFilter' to: [/*]
27-05-2020 20:46:27.787 INFO  [localhost-startStop-1]  o.s.b.w.s.FilterRegistrationBean.configure - Mapping filter: 'requestContextFilter' to: [/*]
27-05-2020 20:46:28.103 INFO  [main]  o.s.w.s.m.m.a.RequestMappingHandlerAdapter.initControllerAdviceCache - Looking for @ControllerAdvice: org.springframework.boot.context.embedded.AnnotationConfigEmbeddedWebApplicationContext@352c1b98: startup date [Wed May 27 20:46:26 EET 2020]; root of context hierarchy
27-05-2020 20:46:28.148 INFO  [main]  o.s.w.s.m.m.a.RequestMappingHandlerMapping.register - Mapped "{[/error]}" onto public org.springframework.http.ResponseEntity<java.util.Map<java.lang.String, java.lang.Object>> org.springframework.boot.autoconfigure.web.BasicErrorController.error(javax.servlet.http.HttpServletRequest)
27-05-2020 20:46:28.148 INFO  [main]  o.s.w.s.m.m.a.RequestMappingHandlerMapping.register - Mapped "{[/error],produces=[text/html]}" onto public org.springframework.web.servlet.ModelAndView org.springframework.boot.autoconfigure.web.BasicErrorController.errorHtml(javax.servlet.http.HttpServletRequest,javax.servlet.http.HttpServletResponse)
27-05-2020 20:46:28.180 INFO  [main]  o.s.w.s.h.SimpleUrlHandlerMapping.registerHandler - Mapped URL path [/webjars/**] onto handler of type [class org.springframework.web.servlet.resource.ResourceHttpRequestHandler]
27-05-2020 20:46:28.180 INFO  [main]  o.s.w.s.h.SimpleUrlHandlerMapping.registerHandler - Mapped URL path [/**] onto handler of type [class org.springframework.web.servlet.resource.ResourceHttpRequestHandler]
27-05-2020 20:46:28.218 INFO  [main]  o.s.w.s.h.SimpleUrlHandlerMapping.registerHandler - Mapped URL path [/**/favicon.ico] onto handler of type [class org.springframework.web.servlet.resource.ResourceHttpRequestHandler]
27-05-2020 20:46:28.415 INFO  [main]  o.s.j.e.a.AnnotationMBeanExporter.afterSingletonsInstantiated - Registering beans for JMX exposure on startup
27-05-2020 20:46:28.424 INFO  [main]  o.a.coyote.http11.Http11NioProtocol.log - Initializing ProtocolHandler ["http-nio-9090"]
27-05-2020 20:46:28.430 INFO  [main]  o.a.coyote.http11.Http11NioProtocol.log - Starting ProtocolHandler [http-nio-9090]
27-05-2020 20:46:28.440 INFO  [main]  o.a.tomcat.util.net.NioSelectorPool.log - Using a shared selector for servlet write/read
27-05-2020 20:46:28.452 INFO  [main]  o.s.b.c.e.t.TomcatEmbeddedServletContainer.start - Tomcat started on port(s): 9090 (http)
27-05-2020 20:46:28.456 INFO  [main]  c.a.v.n.w.NPCWebServiceApplication.logStarted - Started NPCWebServiceApplication in 2.016 seconds (JVM running for 3.026)
27-05-2020 20:46:34.221 INFO  [http-nio-9090-exec-1]  o.a.c.c.C.[Tomcat].[localhost].[/].log - Initializing Spring FrameworkServlet 'messageDispatcherServlet'
27-05-2020 20:46:34.221 INFO  [http-nio-9090-exec-1]  o.s.w.t.h.MessageDispatcherServlet.initServletBean - FrameworkServlet 'messageDispatcherServlet': initialization started
27-05-2020 20:46:34.230 INFO  [http-nio-9090-exec-1]  o.s.w.s.saaj.SaajSoapMessageFactory.afterPropertiesSet - Creating SAAJ 1.3 MessageFactory with SOAP 1.1 Protocol
27-05-2020 20:46:34.245 INFO  [http-nio-9090-exec-1]  o.s.w.t.h.MessageDispatcherServlet.initServletBean - FrameworkServlet 'messageDispatcherServlet': initialization completed in 23 ms
27-05-2020 20:46:46.698 INFO  [http-nio-9090-exec-1]  c.a.v.npc.core.handler.NPCWSHandler.processNPCMessage - Start Validation connection with web service for user : voda
27-05-2020 20:47:28.138 INFO  [http-nio-9090-exec-1]  c.a.v.npc.core.handler.NPCWSHandler.processNPCMessage - Validating service has been done successully for user : voda
27-05-2020 20:49:33.505 INFO  [main]  c.a.v.npc.core.handler.NPCWSHandler.processNPCMessage - Start Validation connection with web service for user : voda
27-05-2020 20:49:33.519 INFO  [main]  c.a.v.npc.core.handler.NPCWSHandler.processNPCMessage - Start Validation connection with web service for user : voda
27-05-2020 20:50:55.104 INFO  [main]  c.a.v.npc.core.handler.NPCWSHandler.processNPCMessage - Start Validation connection with web service for user : voda
27-05-2020 20:50:55.118 INFO  [main]  c.a.v.npc.core.handler.NPCWSHandler.processNPCMessage - Start Validation connection with web service for user : voda
27-05-2020 20:52:01.614 INFO  [main]  c.a.v.npc.core.handler.NPCWSHandler.processNPCMessage - Start Validation connection with web service for user : voda
27-05-2020 20:52:01.628 INFO  [main]  c.a.v.npc.core.handler.NPCWSHandler.processNPCMessage - Start Validation connection with web service for user : voda
27-05-2020 20:53:23.789 INFO  [main]  c.a.v.npc.core.handler.NPCWSHandler.processNPCMessage - Start Validation connection with web service for user : voda
27-05-2020 20:53:23.801 INFO  [main]  c.a.v.npc.core.handler.NPCWSHandler.processNPCMessage - Start Validation connection with web service for user : voda
27-05-2020 20:53:59.715 INFO  [main]  c.a.v.npc.core.handler.NPCWSHandler.processNPCMessage - Start Validation connection with web service for user : voda
27-05-2020 20:53:59.727 INFO  [main]  c.a.v.npc.core.handler.NPCWSHandler.processNPCMessage - Start Validation connection with web service for user : voda
27-05-2020 20:55:55.921 INFO  [main]  c.a.v.npc.core.handler.NPCWSHandler.processNPCMessage - Start Validation connection with web service for user : voda
27-05-2020 20:55:55.936 INFO  [main]  c.a.v.npc.core.handler.NPCWSHandler.processNPCMessage - Start Validation connection with web service for user : voda
27-05-2020 20:57:14.702 INFO  [main]  c.a.v.npc.core.handler.NPCWSHandler.processNPCMessage - Start Validation connection with web service for user : voda
27-05-2020 20:57:14.714 INFO  [main]  c.a.v.npc.core.handler.NPCWSHandler.processNPCMessage - Start Validation connection with web service for user : voda
27-05-2020 21:01:20.536 INFO  [main]  c.a.v.npc.core.handler.NPCWSHandler.processNPCMessage - Start Validation connection with web service for user : voda
27-05-2020 21:01:20.549 INFO  [main]  c.a.v.npc.core.handler.NPCWSHandler.processNPCMessage - Start Validation connection with web service for user : voda
27-05-2020 21:02:20.110 INFO  [main]  c.a.v.npc.core.handler.NPCWSHandler.processNPCMessage - Start Validation connection with web service for user : voda
27-05-2020 21:02:20.123 INFO  [main]  c.a.v.npc.core.handler.NPCWSHandler.processNPCMessage - Start Validation connection with web service for user : voda
27-05-2020 21:05:50.093 INFO  [main]  c.a.v.npc.core.handler.NPCWSHandler.processNPCMessage - Start Validation connection with web service for user : voda
27-05-2020 21:05:50.105 INFO  [main]  c.a.v.npc.core.handler.NPCWSHandler.processNPCMessage - Start Validation connection with web service for user : voda
27-05-2020 21:06:27.712 INFO  [main]  c.a.v.n.w.NPCWebServiceApplication.logStarting - Starting NPCWebServiceApplication on Mohamed-Hamdy with PID 161592 (started by mohammed.hamdy in C:\Users\mohammed.hamdy\Downloads\Vodafone MNP Deliverables\Src Code\npc-vodafone\vodafone-mnp-webservice)
27-05-2020 21:06:27.717 INFO  [main]  c.a.v.n.w.NPCWebServiceApplication.logStartupProfileInfo - No active profile set, falling back to default profiles: default
27-05-2020 21:06:27.756 INFO  [main]  o.s.b.c.e.AnnotationConfigEmbeddedWebApplicationContext.prepareRefresh - Refreshing org.springframework.boot.context.embedded.AnnotationConfigEmbeddedWebApplicationContext@352c1b98: startup date [Wed May 27 21:06:27 EET 2020]; root of context hierarchy
27-05-2020 21:06:27.810 INFO  [background-preinit]  o.h.validator.internal.util.Version.<clinit> - HV000001: Hibernate Validator 5.2.4.Final
27-05-2020 21:06:28.317 INFO  [main]  o.s.c.s.PostProcessorRegistrationDelegate$BeanPostProcessorChecker.postProcessAfterInitialization - Bean 'NPCWebServiceConfig' of type [class com.asset.vodafone.npc.webservice.config.NPCWebServiceConfig$$EnhancerBySpringCGLIB$$c5e3df35] is not eligible for getting processed by all BeanPostProcessors (for example: not eligible for auto-proxying)
27-05-2020 21:06:28.359 INFO  [main]  o.s.c.s.PostProcessorRegistrationDelegate$BeanPostProcessorChecker.postProcessAfterInitialization - Bean 'org.springframework.ws.config.annotation.DelegatingWsConfiguration' of type [class org.springframework.ws.config.annotation.DelegatingWsConfiguration$$EnhancerBySpringCGLIB$$31ce9124] is not eligible for getting processed by all BeanPostProcessors (for example: not eligible for auto-proxying)
27-05-2020 21:06:28.388 INFO  [main]  o.s.w.s.a.s.AnnotationActionEndpointMapping.afterPropertiesSet - Supporting [WS-Addressing August 2004, WS-Addressing 1.0]
27-05-2020 21:06:28.651 INFO  [main]  o.s.b.c.e.t.TomcatEmbeddedServletContainer.initialize - Tomcat initialized with port(s): 9090 (http)
27-05-2020 21:06:28.660 INFO  [main]  o.a.catalina.core.StandardService.log - Starting service Tomcat
27-05-2020 21:06:28.661 INFO  [main]  o.a.catalina.core.StandardEngine.log - Starting Servlet Engine: Apache Tomcat/8.5.6
27-05-2020 21:06:28.717 INFO  [localhost-startStop-1]  o.a.c.c.C.[Tomcat].[localhost].[/].log - Initializing Spring embedded WebApplicationContext
27-05-2020 21:06:28.718 INFO  [localhost-startStop-1]  o.s.web.context.ContextLoader.prepareEmbeddedWebApplicationContext - Root WebApplicationContext: initialization completed in 961 ms
27-05-2020 21:06:28.860 INFO  [localhost-startStop-1]  o.s.b.w.s.ServletRegistrationBean.onStartup - Mapping servlet: 'messageDispatcherServlet' to [/NPC-SOAP/NPCWebService]
27-05-2020 21:06:28.861 INFO  [localhost-startStop-1]  o.s.b.w.s.ServletRegistrationBean.onStartup - Mapping servlet: 'dispatcherServlet' to [/]
27-05-2020 21:06:28.864 INFO  [localhost-startStop-1]  o.s.b.w.s.FilterRegistrationBean.configure - Mapping filter: 'characterEncodingFilter' to: [/*]
27-05-2020 21:06:28.864 INFO  [localhost-startStop-1]  o.s.b.w.s.FilterRegistrationBean.configure - Mapping filter: 'hiddenHttpMethodFilter' to: [/*]
27-05-2020 21:06:28.864 INFO  [localhost-startStop-1]  o.s.b.w.s.FilterRegistrationBean.configure - Mapping filter: 'httpPutFormContentFilter' to: [/*]
27-05-2020 21:06:28.865 INFO  [localhost-startStop-1]  o.s.b.w.s.FilterRegistrationBean.configure - Mapping filter: 'requestContextFilter' to: [/*]
27-05-2020 21:06:29.145 INFO  [main]  o.s.w.s.m.m.a.RequestMappingHandlerAdapter.initControllerAdviceCache - Looking for @ControllerAdvice: org.springframework.boot.context.embedded.AnnotationConfigEmbeddedWebApplicationContext@352c1b98: startup date [Wed May 27 21:06:27 EET 2020]; root of context hierarchy
27-05-2020 21:06:29.192 INFO  [main]  o.s.w.s.m.m.a.RequestMappingHandlerMapping.register - Mapped "{[/error]}" onto public org.springframework.http.ResponseEntity<java.util.Map<java.lang.String, java.lang.Object>> org.springframework.boot.autoconfigure.web.BasicErrorController.error(javax.servlet.http.HttpServletRequest)
27-05-2020 21:06:29.193 INFO  [main]  o.s.w.s.m.m.a.RequestMappingHandlerMapping.register - Mapped "{[/error],produces=[text/html]}" onto public org.springframework.web.servlet.ModelAndView org.springframework.boot.autoconfigure.web.BasicErrorController.errorHtml(javax.servlet.http.HttpServletRequest,javax.servlet.http.HttpServletResponse)
27-05-2020 21:06:29.224 INFO  [main]  o.s.w.s.h.SimpleUrlHandlerMapping.registerHandler - Mapped URL path [/webjars/**] onto handler of type [class org.springframework.web.servlet.resource.ResourceHttpRequestHandler]
27-05-2020 21:06:29.224 INFO  [main]  o.s.w.s.h.SimpleUrlHandlerMapping.registerHandler - Mapped URL path [/**] onto handler of type [class org.springframework.web.servlet.resource.ResourceHttpRequestHandler]
27-05-2020 21:06:29.258 INFO  [main]  o.s.w.s.h.SimpleUrlHandlerMapping.registerHandler - Mapped URL path [/**/favicon.ico] onto handler of type [class org.springframework.web.servlet.resource.ResourceHttpRequestHandler]
27-05-2020 21:06:29.465 INFO  [main]  o.s.j.e.a.AnnotationMBeanExporter.afterSingletonsInstantiated - Registering beans for JMX exposure on startup
27-05-2020 21:06:29.475 INFO  [main]  o.a.coyote.http11.Http11NioProtocol.log - Initializing ProtocolHandler ["http-nio-9090"]
27-05-2020 21:06:29.481 INFO  [main]  o.a.coyote.http11.Http11NioProtocol.log - Starting ProtocolHandler [http-nio-9090]
27-05-2020 21:06:29.492 INFO  [main]  o.a.tomcat.util.net.NioSelectorPool.log - Using a shared selector for servlet write/read
27-05-2020 21:06:29.505 INFO  [main]  o.s.b.c.e.t.TomcatEmbeddedServletContainer.start - Tomcat started on port(s): 9090 (http)
27-05-2020 21:06:29.508 INFO  [main]  c.a.v.n.w.NPCWebServiceApplication.logStarted - Started NPCWebServiceApplication in 2.044 seconds (JVM running for 2.938)
27-05-2020 21:06:39.202 INFO  [http-nio-9090-exec-1]  o.a.c.c.C.[Tomcat].[localhost].[/].log - Initializing Spring FrameworkServlet 'messageDispatcherServlet'
27-05-2020 21:06:39.202 INFO  [http-nio-9090-exec-1]  o.s.w.t.h.MessageDispatcherServlet.initServletBean - FrameworkServlet 'messageDispatcherServlet': initialization started
27-05-2020 21:06:39.205 INFO  [http-nio-9090-exec-1]  o.s.w.s.saaj.SaajSoapMessageFactory.afterPropertiesSet - Creating SAAJ 1.3 MessageFactory with SOAP 1.1 Protocol
27-05-2020 21:06:39.214 INFO  [http-nio-9090-exec-1]  o.s.w.t.h.MessageDispatcherServlet.initServletBean - FrameworkServlet 'messageDispatcherServlet': initialization completed in 11 ms
27-05-2020 21:07:36.697 INFO  [http-nio-9090-exec-1]  c.a.v.npc.core.handler.NPCWSHandler.processNPCMessage - Start Validation connection with web service for user : voda
27-05-2020 21:09:48.013 INFO  [http-nio-9090-exec-1]  c.a.v.npc.core.handler.NPCWSHandler.processNPCMessage - Validating service has been done successully for user : voda
27-05-2020 21:11:55.676 INFO  [main]  c.a.v.npc.core.handler.NPCWSHandler.processNPCMessage - Start Validation connection with web service for user : voda
27-05-2020 21:11:55.691 INFO  [main]  c.a.v.npc.core.handler.NPCWSHandler.processNPCMessage - Start Validation connection with web service for user : voda
27-05-2020 21:13:27.386 INFO  [main]  c.a.v.npc.core.handler.NPCWSHandler.processNPCMessage - Start Validation connection with web service for user : voda
27-05-2020 21:13:27.399 INFO  [main]  c.a.v.npc.core.handler.NPCWSHandler.processNPCMessage - Start Validation connection with web service for user : voda
27-05-2020 21:16:59.548 INFO  [main]  c.a.v.npc.core.handler.NPCWSHandler.processNPCMessage - Start Validation connection with web service for user : voda
27-05-2020 21:16:59.560 INFO  [main]  c.a.v.npc.core.handler.NPCWSHandler.processNPCMessage - Start Validation connection with web service for user : voda
27-05-2020 21:17:59.159 INFO  [main]  c.a.v.npc.core.handler.NPCWSHandler.processNPCMessage - Start Validation connection with web service for user : voda
27-05-2020 21:17:59.172 INFO  [main]  c.a.v.npc.core.handler.NPCWSHandler.processNPCMessage - Start Validation connection with web service for user : voda
27-05-2020 21:20:24.365 INFO  [main]  c.a.v.npc.core.handler.NPCWSHandler.processNPCMessage - Start Validation connection with web service for user : voda
27-05-2020 21:20:24.380 INFO  [main]  c.a.v.npc.core.handler.NPCWSHandler.processNPCMessage - Start Validation connection with web service for user : voda
27-05-2020 21:21:54.168 INFO  [main]  c.a.v.npc.core.handler.NPCWSHandler.processNPCMessage - Start Validation connection with web service for user : voda
27-05-2020 21:21:54.188 INFO  [main]  c.a.v.npc.core.handler.NPCWSHandler.processNPCMessage - Start Validation connection with web service for user : voda
27-05-2020 21:22:28.546 INFO  [main]  c.a.v.npc.core.handler.NPCWSHandler.processNPCMessage - Start Validation connection with web service for user : voda
27-05-2020 21:22:28.559 INFO  [main]  c.a.v.npc.core.handler.NPCWSHandler.processNPCMessage - Start Validation connection with web service for user : voda
27-05-2020 21:22:57.512 INFO  [main]  c.a.v.npc.core.handler.NPCWSHandler.processNPCMessage - Start Validation connection with web service for user : voda
27-05-2020 21:22:57.524 INFO  [main]  c.a.v.npc.core.handler.NPCWSHandler.processNPCMessage - Start Validation connection with web service for user : voda
27-05-2020 21:23:30.441 INFO  [main]  c.a.v.npc.core.handler.NPCWSHandler.processNPCMessage - Start Validation connection with web service for user : voda
27-05-2020 21:23:30.455 INFO  [main]  c.a.v.npc.core.handler.NPCWSHandler.processNPCMessage - Start Validation connection with web service for user : voda
27-05-2020 21:27:23.468 INFO  [main]  c.a.v.npc.core.handler.NPCWSHandler.processNPCMessage - Start Validation connection with web service for user : voda
27-05-2020 21:27:23.475 INFO  [main]  c.a.v.npc.core.handler.NPCWSHandler.processNPCMessage - Validating service has been done successully for user : voda
27-05-2020 21:27:44.657 INFO  [main]  c.a.v.npc.core.handler.NPCWSHandler.processNPCMessage - Start Validation connection with web service for user : voda
27-05-2020 21:31:20.352 INFO  [main]  c.a.v.npc.core.handler.NPCWSHandler.processNPCMessage - Start Validation connection with web service for user : voda
27-05-2020 21:31:20.363 INFO  [main]  c.a.v.npc.core.handler.NPCWSHandler.processNPCMessage - Validating service has been done successully for user : voda
27-05-2020 21:31:41.558 INFO  [main]  c.a.v.npc.core.handler.NPCWSHandler.processNPCMessage - Start Validation connection with web service for user : voda
27-05-2020 21:31:46.623 INFO  [main]  c.a.v.npc.core.handler.NPCWSHandler.processNPCMessage - Start Validation connection with web service for user : voda
27-05-2020 21:31:46.630 INFO  [main]  c.a.v.npc.core.handler.NPCWSHandler.processNPCMessage - Validating service has been done successully for user : voda
27-05-2020 21:32:07.822 INFO  [main]  c.a.v.npc.core.handler.NPCWSHandler.processNPCMessage - Start Validation connection with web service for user : voda
27-05-2020 21:33:57.708 INFO  [main]  c.a.v.npc.core.handler.NPCWSHandler.processNPCMessage - Start Validation connection with web service for user : voda
27-05-2020 21:33:57.717 INFO  [main]  c.a.v.npc.core.handler.NPCWSHandler.processNPCMessage - Validating service has been done successully for user : voda
27-05-2020 21:34:18.912 INFO  [main]  c.a.v.npc.core.handler.NPCWSHandler.processNPCMessage - Start Validation connection with web service for user : voda
27-05-2020 21:34:49.951 INFO  [main]  c.a.v.npc.core.handler.NPCWSHandler.processNPCMessage - Start Validation connection with web service for user : voda
27-05-2020 21:34:49.963 INFO  [main]  c.a.v.npc.core.handler.NPCWSHandler.processNPCMessage - Start Validation connection with web service for user : voda
27-05-2020 21:36:50.167 INFO  [main]  c.a.v.npc.core.handler.NPCWSHandler.processNPCMessage - Start Validation connection with web service for user : voda
27-05-2020 21:36:50.175 INFO  [main]  c.a.v.npc.core.handler.NPCWSHandler.processNPCMessage - Validating service has been done successully for user : voda
27-05-2020 21:37:11.374 INFO  [main]  c.a.v.npc.core.handler.NPCWSHandler.processNPCMessage - Start Validation connection with web service for user : voda
27-05-2020 21:39:33.745 INFO  [main]  c.a.v.npc.core.handler.NPCWSHandler.processNPCMessage - Start Validation connection with web service for user : voda
27-05-2020 21:39:33.756 INFO  [main]  c.a.v.npc.core.handler.NPCWSHandler.processNPCMessage - Start Validation connection with web service for user : voda
27-05-2020 21:40:09.946 INFO  [main]  c.a.v.npc.core.handler.NPCWSHandler.processNPCMessage - Start Validation connection with web service for user : voda
27-05-2020 21:40:09.955 INFO  [main]  c.a.v.npc.core.handler.NPCWSHandler.processNPCMessage - Validating service has been done successully for user : voda
27-05-2020 21:40:31.139 INFO  [main]  c.a.v.npc.core.handler.NPCWSHandler.processNPCMessage - Start Validation connection with web service for user : voda
27-05-2020 21:40:43.976 INFO  [main]  c.a.v.npc.core.handler.NPCWSHandler.processNPCMessage - Start Validation connection with web service for user : voda
27-05-2020 21:40:43.984 INFO  [main]  c.a.v.npc.core.handler.NPCWSHandler.processNPCMessage - Validating service has been done successully for user : voda
27-05-2020 21:41:05.168 INFO  [main]  c.a.v.npc.core.handler.NPCWSHandler.processNPCMessage - Start Validation connection with web service for user : voda
27-05-2020 21:43:41.050 INFO  [main]  c.a.v.npc.core.handler.NPCWSHandler.processNPCMessage - Start Validation connection with web service for user : voda
27-05-2020 21:43:41.058 INFO  [main]  c.a.v.npc.core.handler.NPCWSHandler.processNPCMessage - Validating service has been done successully for user : voda
27-05-2020 21:44:02.265 INFO  [main]  c.a.v.npc.core.handler.NPCWSHandler.processNPCMessage - Start Validation connection with web service for user : voda
27-05-2020 21:44:29.307 INFO  [main]  c.a.v.npc.core.handler.NPCWSHandler.processNPCMessage - Start Validation connection with web service for user : voda
27-05-2020 21:44:29.315 INFO  [main]  c.a.v.npc.core.handler.NPCWSHandler.processNPCMessage - Validating service has been done successully for user : voda
27-05-2020 21:44:50.496 INFO  [main]  c.a.v.npc.core.handler.NPCWSHandler.processNPCMessage - Start Validation connection with web service for user : voda
27-05-2020 21:47:48.982 INFO  [main]  c.a.v.npc.core.handler.NPCWSHandler.processNPCMessage - Start Validation connection with web service for user : voda
27-05-2020 21:47:48.989 INFO  [main]  c.a.v.npc.core.handler.NPCWSHandler.processNPCMessage - Validating service has been done successully for user : voda
27-05-2020 21:48:10.207 INFO  [main]  c.a.v.npc.core.handler.NPCWSHandler.processNPCMessage - Start Validation connection with web service for user : voda
27-05-2020 21:51:12.343 INFO  [main]  c.a.v.npc.core.handler.NPCWSHandler.processNPCMessage - Start Validation connection with web service for user : voda
27-05-2020 21:51:12.359 INFO  [main]  c.a.v.npc.core.handler.NPCWSHandler.processNPCMessage - Start Validation connection with web service for user : voda
27-05-2020 21:52:03.761 INFO  [main]  c.a.v.npc.core.handler.NPCWSHandler.processNPCMessage - Start Validation connection with web service for user : voda
27-05-2020 21:52:03.775 INFO  [main]  c.a.v.npc.core.handler.NPCWSHandler.processNPCMessage - Start Validation connection with web service for user : voda
27-05-2020 21:53:56.841 INFO  [main]  c.a.v.npc.core.handler.NPCWSHandler.processNPCMessage - Start Validation connection with web service for user : voda
27-05-2020 21:53:56.860 INFO  [main]  c.a.v.npc.core.handler.NPCWSHandler.processNPCMessage - Start Validation connection with web service for user : voda
27-05-2020 21:55:35.498 INFO  [main]  c.a.v.npc.core.handler.NPCWSHandler.processNPCMessage - Start Validation connection with web service for user : voda
27-05-2020 21:55:35.507 INFO  [main]  c.a.v.npc.core.handler.NPCWSHandler.processNPCMessage - Validating service has been done successully for user : voda
27-05-2020 21:55:56.746 INFO  [main]  c.a.v.npc.core.handler.NPCWSHandler.processNPCMessage - Start Validation connection with web service for user : voda
27-05-2020 21:56:49.546 INFO  [main]  c.a.v.npc.core.handler.NPCWSHandler.processNPCMessage - Start Validation connection with web service for user : voda
27-05-2020 21:56:49.554 INFO  [main]  c.a.v.npc.core.handler.NPCWSHandler.processNPCMessage - Validating service has been done successully for user : voda
27-05-2020 21:57:10.750 INFO  [main]  c.a.v.npc.core.handler.NPCWSHandler.processNPCMessage - Start Validation connection with web service for user : voda
27-05-2020 21:58:43.612 INFO  [main]  c.a.v.npc.core.handler.NPCWSHandler.processNPCMessage - Start Validation connection with web service for user : voda
27-05-2020 21:58:43.623 INFO  [main]  c.a.v.npc.core.handler.NPCWSHandler.processNPCMessage - Validating service has been done successully for user : voda
27-05-2020 21:59:04.845 INFO  [main]  c.a.v.npc.core.handler.NPCWSHandler.processNPCMessage - Start Validation connection with web service for user : voda
27-05-2020 21:59:04.846 INFO  [main]  c.a.v.npc.core.handler.NPCWSHandler.processNPCMessage - Validating service has been done successully for user : voda
27-05-2020 22:17:46.221 INFO  [main]  c.a.v.npc.core.handler.NPCWSHandler.processNPCMessage - Start Validation connection with web service for user : voda
27-05-2020 22:17:46.234 INFO  [main]  c.a.v.npc.core.handler.NPCWSHandler.processNPCMessage - Validating service has been done successully for user : voda
27-05-2020 22:18:07.472 INFO  [main]  c.a.v.npc.core.handler.NPCWSHandler.processNPCMessage - Start Validation connection with web service for user : voda
27-05-2020 22:18:07.473 INFO  [main]  c.a.v.npc.core.handler.NPCWSHandler.processNPCMessage - Validating service has been done successully for user : voda
27-05-2020 22:20:08.691 INFO  [main]  c.a.v.npc.core.handler.NPCWSHandler.processNPCMessage - Start Validation connection with web service for user : voda
27-05-2020 22:20:08.700 INFO  [main]  c.a.v.npc.core.handler.NPCWSHandler.processNPCMessage - Validating service has been done successully for user : voda
27-05-2020 22:20:28.264 INFO  [main]  c.a.v.npc.core.handler.NPCWSHandler.processNPCMessage - Start Validation connection with web service for user : voda
27-05-2020 22:20:28.275 INFO  [main]  c.a.v.npc.core.handler.NPCWSHandler.processNPCMessage - Validating service has been done successully for user : voda
27-05-2020 22:20:36.515 INFO  [main]  c.a.v.npc.core.handler.NPCWSHandler.processNPCMessage - Start Parsing Received Message from user :voda
27-05-2020 22:20:36.627 INFO  [main]  c.a.v.npc.core.handler.NPCWSHandler.processNPCMessage - Start Parsing Received Message from user :voda
27-05-2020 22:20:36.727 INFO  [main]  c.a.v.npc.core.handler.NPCWSHandler.processNPCMessage - Start Validation connection with web service for user : voda
27-05-2020 22:20:36.728 INFO  [main]  c.a.v.npc.core.handler.NPCWSHandler.processNPCMessage - Validating service has been done successully for user : voda
27-05-2020 22:20:36.737 INFO  [main]  c.a.v.npc.core.handler.NPCWSHandler.processNPCMessage - Start Parsing Received Message from user :voda
27-05-2020 22:20:36.889 INFO  [main]  c.a.v.npc.core.handler.NPCWSHandler.processNPCMessage - Start Validation connection with web service for user : voda
27-05-2020 22:20:36.890 INFO  [main]  c.a.v.npc.core.handler.NPCWSHandler.processNPCMessage - Validating service has been done successully for user : voda
27-05-2020 22:20:36.904 INFO  [main]  c.a.v.npc.core.handler.NPCWSHandler.processNPCMessage - Start Parsing Received Message from user :voda
27-05-2020 22:26:13.166 INFO  [main]  c.a.v.npc.core.handler.NPCWSHandler.processNPCMessage - Start Updating Port Data and Process Activation and Deactivation 
27-05-2020 22:26:14.890 INFO  [main]  c.a.v.npc.core.handler.NPCWSHandler.processNPCMessage - Start Updating Port Data and Process Activation and Deactivation 
27-05-2020 22:26:19.398 INFO  [main]  c.a.v.npc.core.handler.NPCWSHandler.processNPCMessage - The process of inserting into PORT_ACTIVATION_STATUS and PORT_DISCONNECT_STATUS in case of message code is NP_ACTIVATED_STATUS_MESSAGE or NP_DEACT_STATUS  has completed Successfully
27-05-2020 22:26:19.400 INFO  [main]  c.a.v.npc.core.handler.NPCWSHandler.processNPCMessage - Starting Save Sync Messages Process
27-05-2020 22:26:19.600 INFO  [main]  c.a.v.npc.core.handler.NPCWSHandler.processNPCMessage - The process of inserting into PORT_ACTIVATION_STATUS and PORT_DISCONNECT_STATUS in case of message code is NP_ACTIVATED_STATUS_MESSAGE or NP_DEACT_STATUS  has completed Successfully
27-05-2020 22:26:19.602 INFO  [main]  c.a.v.npc.core.handler.NPCWSHandler.processNPCMessage - Starting Save Sync Messages Process
27-05-2020 22:26:19.777 INFO  [main]  c.a.v.npc.core.handler.NPCWSHandler.processNPCMessage - Process of Saving Sync Messages has done Successfully
27-05-2020 22:26:19.934 INFO  [main]  c.a.v.npc.core.handler.NPCWSHandler.processNPCMessage - Process of Saving Sync Messages has done Successfully
27-05-2020 22:27:08.973 INFO  [main]  c.a.v.npc.core.handler.NPCWSHandler.processNPCMessage - Start Validation connection with web service for user : voda
27-05-2020 22:27:08.980 INFO  [main]  c.a.v.npc.core.handler.NPCWSHandler.processNPCMessage - Validating service has been done successully for user : voda
27-05-2020 22:28:20.996 INFO  [main]  c.a.v.npc.core.handler.NPCWSHandler.processNPCMessage - Start Validation connection with web service for user : voda
27-05-2020 22:28:20.997 INFO  [main]  c.a.v.npc.core.handler.NPCWSHandler.processNPCMessage - Validating service has been done successully for user : voda
27-05-2020 22:29:23.423 INFO  [main]  c.a.v.npc.core.handler.NPCWSHandler.processNPCMessage - Start Parsing Received Message from user :voda
27-05-2020 22:31:36.877 INFO  [main]  c.a.v.npc.core.handler.NPCWSHandler.processNPCMessage - Start Updating Port Data and Process Activation and Deactivation 
27-05-2020 22:32:34.049 INFO  [main]  c.a.v.npc.core.handler.NPCWSHandler.processNPCMessage - Start Validation connection with web service for user : voda
27-05-2020 22:32:34.058 INFO  [main]  c.a.v.npc.core.handler.NPCWSHandler.processNPCMessage - Validating service has been done successully for user : voda
27-05-2020 22:32:55.304 INFO  [main]  c.a.v.npc.core.handler.NPCWSHandler.processNPCMessage - Start Validation connection with web service for user : voda
27-05-2020 22:32:55.305 INFO  [main]  c.a.v.npc.core.handler.NPCWSHandler.processNPCMessage - Validating service has been done successully for user : voda
27-05-2020 22:33:35.632 INFO  [main]  c.a.v.npc.core.handler.NPCWSHandler.processNPCMessage - Start Validation connection with web service for user : voda
27-05-2020 22:33:35.642 INFO  [main]  c.a.v.npc.core.handler.NPCWSHandler.processNPCMessage - Validating service has been done successully for user : voda
27-05-2020 22:33:56.865 INFO  [main]  c.a.v.npc.core.handler.NPCWSHandler.processNPCMessage - Start Validation connection with web service for user : voda
27-05-2020 22:33:56.866 INFO  [main]  c.a.v.npc.core.handler.NPCWSHandler.processNPCMessage - Validating service has been done successully for user : voda
27-05-2020 22:36:59.447 INFO  [main]  c.a.v.npc.core.handler.NPCWSHandler.processNPCMessage - The process of inserting into PORT_ACTIVATION_STATUS and PORT_DISCONNECT_STATUS in case of message code is NP_ACTIVATED_STATUS_MESSAGE or NP_DEACT_STATUS  has completed Successfully
27-05-2020 23:02:14.183 INFO  [main]  c.a.v.npc.core.handler.NPCWSHandler.processNPCMessage - Start Validation connection with web service for user : voda
27-05-2020 23:02:14.192 INFO  [main]  c.a.v.npc.core.handler.NPCWSHandler.processNPCMessage - Validating service has been done successully for user : voda
27-05-2020 23:02:26.084 INFO  [main]  c.a.v.npc.core.handler.NPCWSHandler.processNPCMessage - Start Validation connection with web service for user : voda
27-05-2020 23:02:26.086 INFO  [main]  c.a.v.npc.core.handler.NPCWSHandler.processNPCMessage - Validating service has been done successully for user : voda
27-05-2020 23:13:08.566 INFO  [main]  c.a.v.npc.core.handler.NPCWSHandler.processNPCMessage - Start Validation connection with web service for user : voda
27-05-2020 23:13:08.580 INFO  [main]  c.a.v.npc.core.handler.NPCWSHandler.processNPCMessage - Validating service has been done successully for user : voda
27-05-2020 23:13:08.616 INFO  [main]  c.a.v.npc.core.handler.NPCWSHandler.processNPCMessage - Start Validation connection with web service for user : voda
27-05-2020 23:13:08.617 INFO  [main]  c.a.v.npc.core.handler.NPCWSHandler.processNPCMessage - Validating service has been done successully for user : voda
27-05-2020 23:18:00.868 INFO  [main]  c.a.v.npc.core.handler.NPCWSHandler.processNPCMessage - Start Validation connection with web service for user : voda
27-05-2020 23:18:00.877 INFO  [main]  c.a.v.npc.core.handler.NPCWSHandler.processNPCMessage - Validating service has been done successully for user : voda
27-05-2020 23:18:42.904 INFO  [main]  c.a.v.npc.core.handler.NPCWSHandler.processNPCMessage - Start Validation connection with web service for user : voda
27-05-2020 23:18:42.904 INFO  [main]  c.a.v.npc.core.handler.NPCWSHandler.processNPCMessage - Validating service has been done successully for user : voda
27-05-2020 23:22:59.961 INFO  [main]  c.a.v.npc.core.handler.NPCWSHandler.processNPCMessage - Start Validation connection with web service for user : voda
27-05-2020 23:22:59.970 INFO  [main]  c.a.v.npc.core.handler.NPCWSHandler.processNPCMessage - Validating service has been done successully for user : voda
27-05-2020 23:23:41.998 INFO  [main]  c.a.v.npc.core.handler.NPCWSHandler.processNPCMessage - Start Validation connection with web service for user : voda
27-05-2020 23:23:42.001 INFO  [main]  c.a.v.npc.core.handler.NPCWSHandler.processNPCMessage - Validating service has been done successully for user : voda
