25-06-2020 01:22:02.253 DEBUG [http-nio-9090-exec-4]
				c.a.v.npc.core.handler.NPCWSHandler.processNPCMessage - Start validating the web service credentail for user: voda 
25-06-2020 14:14:06.117 DEBUG [main]
				c.a.v.n.w.NPCWebServiceApplication.logStarting - Running with Spring Boot v1.4.2.RELEASE, Spring v4.3.4.RELEASE
25-06-2020 14:14:25.367 DEBUG [http-nio-9090-exec-1]
				c.a.v.npc.core.handler.NPCWSHandler.processNPCMessage - Start validating the web service credentail for user: voda 
25-06-2020 14:14:25.370 DEBUG [http-nio-9090-exec-1]
				c.a.v.npc.core.handler.NPCWSHandler.processNPCMessage - Validating service credential has been done successully for user : voda
25-06-2020 14:14:25.373 DEBUG [http-nio-9090-exec-1]
				c.a.v.npc.core.service.NPCService.getDBConnection - Start Initializing Database Connection..
25-06-2020 14:14:27.000 DEBUG [http-nio-9090-exec-1]
				c.a.v.npc.core.service.NPCService.getDBConnection - Initializing Database Connection has been done Successfully...
25-06-2020 14:14:27.002 DEBUG [http-nio-9090-exec-1]
				c.a.v.npc.core.handler.NPCWSHandler.processNPCMessage - Start Parsing Received Message from user : voda
25-06-2020 14:14:27.079 DEBUG [http-nio-9090-exec-1]
				c.a.v.npc.core.handler.NPCWSHandler.parseMessage - Loading XSD schema files to validate NPC message
25-06-2020 14:14:27.173 DEBUG [http-nio-9090-exec-1]
				c.a.v.npc.core.handler.NPCWSHandler.parseMessage - Start validating NPC message against xsd schema
25-06-2020 14:14:27.238 DEBUG [http-nio-9090-exec-1]
				c.a.v.npc.core.handler.NPCWSHandler.parseMessage - validating NPC message against XSD schema has been done successfully
25-06-2020 14:14:27.493 DEBUG [http-nio-9090-exec-1]
				c.a.v.npc.core.handler.NPCWSHandler.parsingAndUpdatingMessageTimeFrame - Parsing message XML  has done successfully with NPC Message ID: 4498712 
25-06-2020 14:14:27.648 DEBUG [http-nio-9090-exec-1]
				c.a.v.npc.core.service.NPCService.insertNPCMessage - Start inserting into NPC_MESSAGE table with NPC Message ID 4498712
25-06-2020 14:14:29.092 DEBUG [http-nio-9090-exec-1]
				c.a.v.npc.core.service.NPCService.insertNPCMessage - NPC message has been insterted into NPC_MESSAGE table successfully
25-06-2020 14:14:30.657 DEBUG [http-nio-9090-exec-1]
				c.a.v.npc.core.service.NPCService.insertNPCMessage - Start inserting into PORT_MESSAGE table with NPC Message ID 4498712
25-06-2020 14:14:30.994 DEBUG [http-nio-9090-exec-1]
				c.a.v.npc.core.service.NPCService.insertNPCMessage - NPC message has been insterted into PORT_MESSAGE table successfully
25-06-2020 14:14:30.994 DEBUG [http-nio-9090-exec-1]
				c.a.v.npc.core.service.NPCService.insertNPCMessage - Start inserting into SUBSCRIBER_DATA table with NPC Message ID 4498712
25-06-2020 14:14:31.695 DEBUG [http-nio-9090-exec-1]
				c.a.v.npc.core.service.NPCService.insertNPCMessage - Subscriber data has been inserted into SUBSCRIBER_DATA table successfully  
25-06-2020 14:14:31.697 DEBUG [http-nio-9090-exec-1]
				c.a.v.npc.core.service.NPCService.insertNPCMessage - Start inserting number data into NUMBERSTOPORT table with NPC Message ID 4498712
25-06-2020 14:14:31.908 DEBUG [http-nio-9090-exec-1]
				c.a.v.npc.core.service.NPCService.insertNPCMessage - Number data has been inserted into NUMBERSTOPORT table  successfully
25-06-2020 14:14:31.908 DEBUG [http-nio-9090-exec-1]
				c.a.v.npc.core.handler.NPCWSHandler.parsingAndUpdatingMessageTimeFrame - Inserting message into Database has done successfully with NPC Message ID: 4498712  and Internal Port ID: 4498340
25-06-2020 14:14:32.110 DEBUG [http-nio-9090-exec-1]
				c.a.v.npc.core.service.NPCService.updatePortData - Start Update PORT_DATA table 
25-06-2020 14:14:32.875 DEBUG [http-nio-9090-exec-1]
				c.a.v.npc.core.service.NPCService.updatePortData - Updating PORT_DATA table for NPC Message ID: 4498712  and Internal Port ID: 4498340 has been done successfully and the port Status updated with Status " 20-Request-R "
25-06-2020 15:03:15.380 DEBUG [main]
				c.a.v.n.w.NPCWebServiceApplication.logStarting - Running with Spring Boot v1.4.2.RELEASE, Spring v4.3.4.RELEASE
25-06-2020 15:03:22.648 DEBUG [http-nio-9090-exec-1]
				c.a.v.npc.core.handler.NPCWSHandler.processNPCMessage - Start validating the web service credentail for user: voda 
25-06-2020 15:03:22.651 DEBUG [http-nio-9090-exec-1]
				c.a.v.npc.core.handler.NPCWSHandler.processNPCMessage - Validating service credential has been done successully for user : voda
25-06-2020 15:03:22.654 DEBUG [http-nio-9090-exec-1]
				c.a.v.npc.core.service.NPCService.getDBConnection - Start Initializing Database Connection..
25-06-2020 15:03:24.336 DEBUG [http-nio-9090-exec-1]
				c.a.v.npc.core.service.NPCService.getDBConnection - Initializing Database Connection has been done Successfully...
25-06-2020 15:03:24.345 DEBUG [http-nio-9090-exec-1]
				c.a.v.npc.core.handler.NPCWSHandler.processNPCMessage - Start Parsing Received Message from user : voda
25-06-2020 15:03:24.445 DEBUG [http-nio-9090-exec-1]
				c.a.v.npc.core.handler.NPCWSHandler.parseMessage - Loading XSD schema files to validate NPC message
25-06-2020 15:03:24.480 DEBUG [http-nio-9090-exec-1]
				c.a.v.npc.core.handler.NPCWSHandler.parseMessage - Start validating NPC message against xsd schema
25-06-2020 15:03:24.539 DEBUG [http-nio-9090-exec-1]
				c.a.v.npc.core.handler.NPCWSHandler.parseMessage - validating NPC message against XSD schema has been done successfully
25-06-2020 15:03:24.770 DEBUG [http-nio-9090-exec-1]
				c.a.v.npc.core.handler.NPCWSHandler.parsingAndUpdatingMessageTimeFrame - Parsing message XML  has done successfully with NPC Message ID: 4498713 
25-06-2020 15:03:24.919 DEBUG [http-nio-9090-exec-1]
				c.a.v.npc.core.service.NPCService.insertNPCMessage - Start inserting into NPC_MESSAGE table with NPC Message ID 4498713
25-06-2020 15:03:25.136 DEBUG [http-nio-9090-exec-1]
				c.a.v.npc.core.service.NPCService.insertNPCMessage - NPC message has been insterted into NPC_MESSAGE table successfully
25-06-2020 15:03:25.291 DEBUG [http-nio-9090-exec-1]
				c.a.v.npc.core.service.NPCService.insertNPCMessage - Start inserting into PORT_MESSAGE table with NPC Message ID 4498713
25-06-2020 15:03:25.464 DEBUG [http-nio-9090-exec-1]
				c.a.v.npc.core.service.NPCService.insertNPCMessage - NPC message has been insterted into PORT_MESSAGE table successfully
25-06-2020 15:03:25.465 DEBUG [http-nio-9090-exec-1]
				c.a.v.npc.core.service.NPCService.insertNPCMessage - Start inserting into SUBSCRIBER_DATA table with NPC Message ID 4498713
25-06-2020 15:03:26.051 DEBUG [http-nio-9090-exec-1]
				c.a.v.npc.core.service.NPCService.insertNPCMessage - Subscriber data has been inserted into SUBSCRIBER_DATA table successfully  
25-06-2020 15:03:26.053 DEBUG [http-nio-9090-exec-1]
				c.a.v.npc.core.service.NPCService.insertNPCMessage - Start inserting number data into NUMBERSTOPORT table with NPC Message ID 4498713
25-06-2020 15:03:26.212 DEBUG [http-nio-9090-exec-1]
				c.a.v.npc.core.service.NPCService.insertNPCMessage - Number data has been inserted into NUMBERSTOPORT table  successfully
25-06-2020 15:03:26.212 DEBUG [http-nio-9090-exec-1]
				c.a.v.npc.core.handler.NPCWSHandler.parsingAndUpdatingMessageTimeFrame - Inserting message into Database has done successfully with NPC Message ID: 4498713  and Internal Port ID: 4498340
25-06-2020 15:03:26.361 DEBUG [http-nio-9090-exec-1]
				c.a.v.npc.core.service.NPCService.updatePortData - Start Update PORT_DATA table 
25-06-2020 15:03:26.770 DEBUG [http-nio-9090-exec-1]
				c.a.v.npc.core.service.NPCService.updatePortData - Updating PORT_DATA table for NPC Message ID: 4498713  and Internal Port ID: 4498340 has been done successfully and the port Status updated with Status " 20-Request-R "
25-06-2020 15:14:38.691 DEBUG [main]
				c.a.v.n.w.NPCWebServiceApplication.logStarting - Running with Spring Boot v1.4.2.RELEASE, Spring v4.3.4.RELEASE
25-06-2020 15:14:44.064 DEBUG [http-nio-9090-exec-1]
				c.a.v.npc.core.handler.NPCWSHandler.processNPCMessage - Start validating the web service credentail for user: voda 
25-06-2020 15:14:44.067 DEBUG [http-nio-9090-exec-1]
				c.a.v.npc.core.handler.NPCWSHandler.processNPCMessage - Validating service credential has been done successully for user : voda
25-06-2020 15:14:44.070 DEBUG [http-nio-9090-exec-1]
				c.a.v.npc.core.service.NPCService.getDBConnection - Start Initializing Database Connection..
25-06-2020 15:14:45.549 DEBUG [http-nio-9090-exec-1]
				c.a.v.npc.core.service.NPCService.getDBConnection - Initializing Database Connection has been done Successfully...
25-06-2020 15:14:45.551 DEBUG [http-nio-9090-exec-1]
				c.a.v.npc.core.handler.NPCWSHandler.processNPCMessage - Start Parsing Received Message from user : voda
25-06-2020 15:14:45.648 DEBUG [http-nio-9090-exec-1]
				c.a.v.npc.core.handler.NPCWSHandler.parseMessage - Loading XSD schema files to validate NPC message
25-06-2020 15:14:45.686 DEBUG [http-nio-9090-exec-1]
				c.a.v.npc.core.handler.NPCWSHandler.parseMessage - Start validating NPC message against xsd schema
25-06-2020 15:14:45.745 DEBUG [http-nio-9090-exec-1]
				c.a.v.npc.core.handler.NPCWSHandler.parseMessage - validating NPC message against XSD schema has been done successfully
25-06-2020 15:14:45.985 DEBUG [http-nio-9090-exec-1]
				c.a.v.npc.core.handler.NPCWSHandler.parsingAndUpdatingMessageTimeFrame - Parsing message XML  has done successfully with NPC Message ID: 4498714 
25-06-2020 15:14:46.169 DEBUG [http-nio-9090-exec-1]
				c.a.v.npc.core.service.NPCService.insertNPCMessage - Start inserting into NPC_MESSAGE table with NPC Message ID 4498714
25-06-2020 15:14:46.356 DEBUG [http-nio-9090-exec-1]
				c.a.v.npc.core.service.NPCService.insertNPCMessage - NPC message has been insterted into NPC_MESSAGE table successfully
25-06-2020 15:14:46.507 DEBUG [http-nio-9090-exec-1]
				c.a.v.npc.core.service.NPCService.insertNPCMessage - Start inserting into PORT_MESSAGE table with NPC Message ID 4498714
25-06-2020 15:14:46.659 DEBUG [http-nio-9090-exec-1]
				c.a.v.npc.core.service.NPCService.insertNPCMessage - NPC message has been insterted into PORT_MESSAGE table successfully
25-06-2020 15:14:46.660 DEBUG [http-nio-9090-exec-1]
				c.a.v.npc.core.service.NPCService.insertNPCMessage - Start inserting into SUBSCRIBER_DATA table with NPC Message ID 4498714
25-06-2020 15:14:46.818 DEBUG [http-nio-9090-exec-1]
				c.a.v.npc.core.service.NPCService.insertNPCMessage - Subscriber data has been inserted into SUBSCRIBER_DATA table successfully  
25-06-2020 15:14:46.819 DEBUG [http-nio-9090-exec-1]
				c.a.v.npc.core.service.NPCService.insertNPCMessage - Start inserting number data into NUMBERSTOPORT table with NPC Message ID 4498714
25-06-2020 15:14:46.966 DEBUG [http-nio-9090-exec-1]
				c.a.v.npc.core.service.NPCService.insertNPCMessage - Number data has been inserted into NUMBERSTOPORT table  successfully
25-06-2020 15:14:46.966 DEBUG [http-nio-9090-exec-1]
				c.a.v.npc.core.handler.NPCWSHandler.parsingAndUpdatingMessageTimeFrame - Inserting message into Database has done successfully with NPC Message ID: 4498714  and Internal Port ID: 4498340
25-06-2020 15:14:47.111 DEBUG [http-nio-9090-exec-1]
				c.a.v.npc.core.service.NPCService.updatePortData - Start Update PORT_DATA table 
25-06-2020 15:14:47.403 DEBUG [http-nio-9090-exec-1]
				c.a.v.npc.core.service.NPCService.updatePortData - Updating PORT_DATA table for NPC Message ID: 4498714  and Internal Port ID: 4498340 has been done successfully and the port Status updated with Status " 20-Request-R "
25-06-2020 15:32:05.470 DEBUG [main]
				c.a.v.n.w.NPCWebServiceApplication.logStarting - Running with Spring Boot v1.4.2.RELEASE, Spring v4.3.4.RELEASE
25-06-2020 15:32:11.176 DEBUG [http-nio-9090-exec-1]
				c.a.v.npc.core.handler.NPCWSHandler.processNPCMessage - Start validating the web service credentail for user: voda 
25-06-2020 15:32:11.179 DEBUG [http-nio-9090-exec-1]
				c.a.v.npc.core.handler.NPCWSHandler.processNPCMessage - Validating service credential has been done successully for user : voda
25-06-2020 15:32:11.181 DEBUG [http-nio-9090-exec-1]
				c.a.v.npc.core.service.NPCService.getDBConnection - Start Initializing Database Connection..
25-06-2020 15:32:12.658 DEBUG [http-nio-9090-exec-1]
				c.a.v.npc.core.service.NPCService.getDBConnection - Initializing Database Connection has been done Successfully...
25-06-2020 15:32:12.664 DEBUG [http-nio-9090-exec-1]
				c.a.v.npc.core.handler.NPCWSHandler.processNPCMessage - Start Parsing Received Message from user : voda
25-06-2020 15:32:12.736 DEBUG [http-nio-9090-exec-1]
				c.a.v.npc.core.handler.NPCWSHandler.parseMessage - Loading XSD schema files to validate NPC message
25-06-2020 15:32:12.789 DEBUG [http-nio-9090-exec-1]
				c.a.v.npc.core.handler.NPCWSHandler.parseMessage - Start validating NPC message against xsd schema
25-06-2020 15:32:12.870 DEBUG [http-nio-9090-exec-1]
				c.a.v.npc.core.handler.NPCWSHandler.parseMessage - validating NPC message against XSD schema has been done successfully
25-06-2020 15:32:13.096 DEBUG [http-nio-9090-exec-1]
				c.a.v.npc.core.handler.NPCWSHandler.parsingAndUpdatingMessageTimeFrame - Parsing message XML  has done successfully with NPC Message ID: 4498715 
25-06-2020 15:32:13.242 DEBUG [http-nio-9090-exec-1]
				c.a.v.npc.core.service.NPCService.insertNPCMessage - Start inserting into NPC_MESSAGE table with NPC Message ID 4498715
25-06-2020 15:32:13.447 DEBUG [http-nio-9090-exec-1]
				c.a.v.npc.core.service.NPCService.insertNPCMessage - NPC message has been insterted into NPC_MESSAGE table successfully
25-06-2020 15:32:13.592 DEBUG [http-nio-9090-exec-1]
				c.a.v.npc.core.service.NPCService.insertNPCMessage - Start inserting into PORT_MESSAGE table with NPC Message ID 4498715
25-06-2020 15:32:13.762 DEBUG [http-nio-9090-exec-1]
				c.a.v.npc.core.service.NPCService.insertNPCMessage - NPC message has been insterted into PORT_MESSAGE table successfully
25-06-2020 15:32:13.763 DEBUG [http-nio-9090-exec-1]
				c.a.v.npc.core.service.NPCService.insertNPCMessage - Start inserting into SUBSCRIBER_DATA table with NPC Message ID 4498715
25-06-2020 15:32:14.364 DEBUG [http-nio-9090-exec-1]
				c.a.v.npc.core.service.NPCService.insertNPCMessage - Subscriber data has been inserted into SUBSCRIBER_DATA table successfully  
25-06-2020 15:32:14.364 DEBUG [http-nio-9090-exec-1]
				c.a.v.npc.core.service.NPCService.insertNPCMessage - Start inserting number data into NUMBERSTOPORT table with NPC Message ID 4498715
25-06-2020 15:32:14.516 DEBUG [http-nio-9090-exec-1]
				c.a.v.npc.core.service.NPCService.insertNPCMessage - Number data has been inserted into NUMBERSTOPORT table  successfully
25-06-2020 15:32:14.516 DEBUG [http-nio-9090-exec-1]
				c.a.v.npc.core.handler.NPCWSHandler.parsingAndUpdatingMessageTimeFrame - Inserting message into Database has done successfully with NPC Message ID: 4498715  and Internal Port ID: 4498340
25-06-2020 15:32:14.670 DEBUG [http-nio-9090-exec-1]
				c.a.v.npc.core.service.NPCService.updatePortData - Start Update PORT_DATA table 
25-06-2020 15:32:14.969 DEBUG [http-nio-9090-exec-1]
				c.a.v.npc.core.service.NPCService.updatePortData - Updating PORT_DATA table for NPC Message ID: 4498715  and Internal Port ID: 4498340 has been done successfully and the port Status updated with Status " 20-Request-R "
25-06-2020 15:44:32.650 DEBUG [main]
				c.a.v.n.w.NPCWebServiceApplication.logStarting - Running with Spring Boot v1.4.2.RELEASE, Spring v4.3.4.RELEASE
25-06-2020 15:44:38.422 DEBUG [http-nio-9090-exec-1]
				c.a.v.npc.core.handler.NPCWSHandler.processNPCMessage - Start validating the web service credentail for user: voda 
25-06-2020 15:44:38.426 DEBUG [http-nio-9090-exec-1]
				c.a.v.npc.core.handler.NPCWSHandler.processNPCMessage - Validating service credential has been done successully for user : voda
25-06-2020 15:44:38.516 DEBUG [http-nio-9090-exec-1]
				c.a.v.npc.core.service.NPCService.getDBConnection - Start Initializing Database Connection..
25-06-2020 15:44:40.130 DEBUG [http-nio-9090-exec-1]
				c.a.v.npc.core.service.NPCService.getDBConnection - Initializing Database Connection has been done Successfully...
25-06-2020 15:44:40.132 DEBUG [http-nio-9090-exec-1]
				c.a.v.npc.core.handler.NPCWSHandler.processNPCMessage - Start Parsing Received Message from user : voda
25-06-2020 15:44:40.201 DEBUG [http-nio-9090-exec-1]
				c.a.v.npc.core.handler.NPCWSHandler.parseMessage - Loading XSD schema files to validate NPC message
25-06-2020 15:44:40.298 DEBUG [http-nio-9090-exec-1]
				c.a.v.npc.core.handler.NPCWSHandler.parseMessage - Start validating NPC message against xsd schema
25-06-2020 15:44:40.307 DEBUG [http-nio-9090-exec-1]
				c.a.v.npc.core.handler.NPCWSHandler.parseMessage - validating NPC message against XSD schema has been done successfully
25-06-2020 15:44:40.554 DEBUG [http-nio-9090-exec-1]
				c.a.v.npc.core.handler.NPCWSHandler.parsingAndUpdatingMessageTimeFrame - Parsing message XML  has done successfully with NPC Message ID: 4498716 
25-06-2020 15:44:40.778 DEBUG [http-nio-9090-exec-1]
				c.a.v.npc.core.service.NPCService.insertNPCMessage - Start inserting into NPC_MESSAGE table with NPC Message ID 4498716
25-06-2020 15:44:41.149 DEBUG [http-nio-9090-exec-1]
				c.a.v.npc.core.service.NPCService.insertNPCMessage - NPC message has been insterted into NPC_MESSAGE table successfully
25-06-2020 15:44:41.302 DEBUG [http-nio-9090-exec-1]
				c.a.v.npc.core.service.NPCService.insertNPCMessage - Start inserting into PORT_MESSAGE table with NPC Message ID 4498716
25-06-2020 15:44:41.494 DEBUG [http-nio-9090-exec-1]
				c.a.v.npc.core.service.NPCService.insertNPCMessage - NPC message has been insterted into PORT_MESSAGE table successfully
25-06-2020 15:44:41.494 DEBUG [http-nio-9090-exec-1]
				c.a.v.npc.core.service.NPCService.insertNPCMessage - Start inserting into SUBSCRIBER_DATA table with NPC Message ID 4498716
25-06-2020 15:44:41.644 DEBUG [http-nio-9090-exec-1]
				c.a.v.npc.core.service.NPCService.insertNPCMessage - Subscriber data has been inserted into SUBSCRIBER_DATA table successfully  
25-06-2020 15:44:41.644 DEBUG [http-nio-9090-exec-1]
				c.a.v.npc.core.service.NPCService.insertNPCMessage - Start inserting number data into NUMBERSTOPORT table with NPC Message ID 4498716
25-06-2020 15:44:41.792 DEBUG [http-nio-9090-exec-1]
				c.a.v.npc.core.service.NPCService.insertNPCMessage - Number data has been inserted into NUMBERSTOPORT table  successfully
25-06-2020 15:44:41.793 DEBUG [http-nio-9090-exec-1]
				c.a.v.npc.core.handler.NPCWSHandler.parsingAndUpdatingMessageTimeFrame - Inserting message into Database has done successfully with NPC Message ID: 4498716  and Internal Port ID: 4498340
25-06-2020 15:45:09.250 DEBUG [main]
				c.a.v.n.w.NPCWebServiceApplication.logStarting - Running with Spring Boot v1.4.2.RELEASE, Spring v4.3.4.RELEASE
25-06-2020 15:45:14.145 DEBUG [http-nio-9090-exec-1]
				c.a.v.npc.core.handler.NPCWSHandler.processNPCMessage - Start validating the web service credentail for user: voda 
25-06-2020 15:45:14.149 DEBUG [http-nio-9090-exec-1]
				c.a.v.npc.core.handler.NPCWSHandler.processNPCMessage - Validating service credential has been done successully for user : voda
25-06-2020 15:45:14.151 DEBUG [http-nio-9090-exec-1]
				c.a.v.npc.core.service.NPCService.getDBConnection - Start Initializing Database Connection..
25-06-2020 15:45:17.701 DEBUG [http-nio-9090-exec-1]
				c.a.v.npc.core.service.NPCService.getDBConnection - Initializing Database Connection has been done Successfully...
25-06-2020 15:45:17.702 DEBUG [http-nio-9090-exec-1]
				c.a.v.npc.core.handler.NPCWSHandler.processNPCMessage - Start Parsing Received Message from user : voda
25-06-2020 15:45:17.766 DEBUG [http-nio-9090-exec-1]
				c.a.v.npc.core.handler.NPCWSHandler.parseMessage - Loading XSD schema files to validate NPC message
25-06-2020 15:45:17.804 DEBUG [http-nio-9090-exec-1]
				c.a.v.npc.core.handler.NPCWSHandler.parseMessage - Start validating NPC message against xsd schema
25-06-2020 15:45:17.868 DEBUG [http-nio-9090-exec-1]
				c.a.v.npc.core.handler.NPCWSHandler.parseMessage - validating NPC message against XSD schema has been done successfully
25-06-2020 15:45:18.646 DEBUG [http-nio-9090-exec-1]
				c.a.v.npc.core.handler.NPCWSHandler.parsingAndUpdatingMessageTimeFrame - Parsing message XML  has done successfully with NPC Message ID: 4498717 
25-06-2020 15:45:18.905 DEBUG [http-nio-9090-exec-1]
				c.a.v.npc.core.service.NPCService.insertNPCMessage - Start inserting into NPC_MESSAGE table with NPC Message ID 4498717
25-06-2020 15:45:19.527 DEBUG [http-nio-9090-exec-1]
				c.a.v.npc.core.service.NPCService.insertNPCMessage - NPC message has been insterted into NPC_MESSAGE table successfully
25-06-2020 15:45:19.693 DEBUG [http-nio-9090-exec-1]
				c.a.v.npc.core.service.NPCService.insertNPCMessage - Start inserting into PORT_MESSAGE table with NPC Message ID 4498717
25-06-2020 15:45:19.842 DEBUG [http-nio-9090-exec-1]
				c.a.v.npc.core.service.NPCService.insertNPCMessage - NPC message has been insterted into PORT_MESSAGE table successfully
25-06-2020 15:45:19.843 DEBUG [http-nio-9090-exec-1]
				c.a.v.npc.core.service.NPCService.insertNPCMessage - Start inserting into SUBSCRIBER_DATA table with NPC Message ID 4498717
25-06-2020 15:45:20.008 DEBUG [http-nio-9090-exec-1]
				c.a.v.npc.core.service.NPCService.insertNPCMessage - Subscriber data has been inserted into SUBSCRIBER_DATA table successfully  
25-06-2020 15:45:20.008 DEBUG [http-nio-9090-exec-1]
				c.a.v.npc.core.service.NPCService.insertNPCMessage - Start inserting number data into NUMBERSTOPORT table with NPC Message ID 4498717
25-06-2020 15:45:20.154 DEBUG [http-nio-9090-exec-1]
				c.a.v.npc.core.service.NPCService.insertNPCMessage - Number data has been inserted into NUMBERSTOPORT table  successfully
25-06-2020 15:45:20.155 DEBUG [http-nio-9090-exec-1]
				c.a.v.npc.core.handler.NPCWSHandler.parsingAndUpdatingMessageTimeFrame - Inserting message into Database has done successfully with NPC Message ID: 4498717  and Internal Port ID: 4498340
25-06-2020 15:45:20.307 DEBUG [http-nio-9090-exec-1]
				c.a.v.npc.core.service.NPCService.updatePortData - Start Update PORT_DATA table 
25-06-2020 15:45:20.781 DEBUG [http-nio-9090-exec-1]
				c.a.v.npc.core.service.NPCService.updatePortData - Updating PORT_DATA table for NPC Message ID: 4498717  and Internal Port ID: 4498340 has been done successfully and the port Status updated with Status " 20-Request-R "
25-06-2020 16:10:32.980 DEBUG [main]
				c.a.v.n.w.NPCWebServiceApplication.logStarting - Running with Spring Boot v1.4.2.RELEASE, Spring v4.3.4.RELEASE
25-06-2020 16:10:39.147 DEBUG [http-nio-9090-exec-1]
				c.a.v.npc.core.handler.NPCWSHandler.processNPCMessage - Start validating the web service credentail for user: voda 
25-06-2020 16:10:39.151 DEBUG [http-nio-9090-exec-1]
				c.a.v.npc.core.handler.NPCWSHandler.processNPCMessage - Validating service credential has been done successully for user : voda
25-06-2020 16:10:39.153 DEBUG [http-nio-9090-exec-1]
				c.a.v.npc.core.service.NPCService.getDBConnection - Start Initializing Database Connection..
25-06-2020 16:10:41.635 DEBUG [http-nio-9090-exec-1]
				c.a.v.npc.core.service.NPCService.getDBConnection - Initializing Database Connection has been done Successfully...
25-06-2020 16:10:41.640 DEBUG [http-nio-9090-exec-1]
				c.a.v.npc.core.handler.NPCWSHandler.processNPCMessage - Start Parsing Received Message from user : voda
25-06-2020 16:10:41.753 DEBUG [http-nio-9090-exec-1]
				c.a.v.npc.core.handler.NPCWSHandler.parseMessage - Loading XSD schema files to validate NPC message
25-06-2020 16:10:41.790 DEBUG [http-nio-9090-exec-1]
				c.a.v.npc.core.handler.NPCWSHandler.parseMessage - Start validating NPC message against xsd schema
25-06-2020 16:10:41.853 DEBUG [http-nio-9090-exec-1]
				c.a.v.npc.core.handler.NPCWSHandler.parseMessage - validating NPC message against XSD schema has been done successfully
25-06-2020 16:10:42.280 DEBUG [http-nio-9090-exec-1]
				c.a.v.npc.core.handler.NPCWSHandler.parsingAndUpdatingMessageTimeFrame - Parsing message XML  has done successfully with NPC Message ID: 4498718 
25-06-2020 16:10:42.426 DEBUG [http-nio-9090-exec-1]
				c.a.v.npc.core.service.NPCService.insertNPCMessage - Start inserting into NPC_MESSAGE table with NPC Message ID 4498718
25-06-2020 16:10:42.660 DEBUG [http-nio-9090-exec-1]
				c.a.v.npc.core.service.NPCService.insertNPCMessage - NPC message has been insterted into NPC_MESSAGE table successfully
25-06-2020 16:10:42.818 DEBUG [http-nio-9090-exec-1]
				c.a.v.npc.core.service.NPCService.insertNPCMessage - Start inserting into PORT_MESSAGE table with NPC Message ID 4498718
25-06-2020 16:10:43.135 DEBUG [http-nio-9090-exec-1]
				c.a.v.npc.core.service.NPCService.insertNPCMessage - NPC message has been insterted into PORT_MESSAGE table successfully
25-06-2020 16:10:43.137 DEBUG [http-nio-9090-exec-1]
				c.a.v.npc.core.service.NPCService.insertNPCMessage - Start inserting into SUBSCRIBER_DATA table with NPC Message ID 4498718
25-06-2020 16:10:43.317 DEBUG [http-nio-9090-exec-1]
				c.a.v.npc.core.service.NPCService.insertNPCMessage - Subscriber data has been inserted into SUBSCRIBER_DATA table successfully  
25-06-2020 16:10:43.318 DEBUG [http-nio-9090-exec-1]
				c.a.v.npc.core.service.NPCService.insertNPCMessage - Start inserting number data into NUMBERSTOPORT table with NPC Message ID 4498718
25-06-2020 16:10:43.471 DEBUG [http-nio-9090-exec-1]
				c.a.v.npc.core.service.NPCService.insertNPCMessage - Number data has been inserted into NUMBERSTOPORT table  successfully
25-06-2020 16:10:43.472 DEBUG [http-nio-9090-exec-1]
				c.a.v.npc.core.handler.NPCWSHandler.parsingAndUpdatingMessageTimeFrame - Inserting message into Database has done successfully with NPC Message ID: 4498718  and Internal Port ID: 4498340
25-06-2020 16:10:43.645 DEBUG [http-nio-9090-exec-1]
				c.a.v.npc.core.service.NPCService.updatePortData - Start Update PORT_DATA table 
25-06-2020 16:10:44.538 DEBUG [http-nio-9090-exec-1]
				c.a.v.npc.core.service.NPCService.updatePortData - Updating PORT_DATA table for NPC Message ID: 4498718  and Internal Port ID: 4498340 has been done successfully and the port Status updated with Status " 20-Request-R "
25-06-2020 16:12:18.633 DEBUG [main]
				c.a.v.n.w.NPCWebServiceApplication.logStarting - Running with Spring Boot v1.4.2.RELEASE, Spring v4.3.4.RELEASE
25-06-2020 16:12:24.117 DEBUG [http-nio-9090-exec-1]
				c.a.v.npc.core.handler.NPCWSHandler.processNPCMessage - Start validating the web service credentail for user: voda 
25-06-2020 16:12:24.121 DEBUG [http-nio-9090-exec-1]
				c.a.v.npc.core.handler.NPCWSHandler.processNPCMessage - Validating service credential has been done successully for user : voda
25-06-2020 16:12:24.197 DEBUG [http-nio-9090-exec-1]
				c.a.v.npc.core.service.NPCService.getDBConnection - Start Initializing Database Connection..
25-06-2020 16:12:26.523 DEBUG [http-nio-9090-exec-1]
				c.a.v.npc.core.service.NPCService.getDBConnection - Initializing Database Connection has been done Successfully...
25-06-2020 16:12:26.524 DEBUG [http-nio-9090-exec-1]
				c.a.v.npc.core.handler.NPCWSHandler.processNPCMessage - Start Parsing Received Message from user : voda
25-06-2020 16:12:26.590 DEBUG [http-nio-9090-exec-1]
				c.a.v.npc.core.handler.NPCWSHandler.parseMessage - Loading XSD schema files to validate NPC message
25-06-2020 16:12:26.685 DEBUG [http-nio-9090-exec-1]
				c.a.v.npc.core.handler.NPCWSHandler.parseMessage - Start validating NPC message against xsd schema
25-06-2020 16:12:26.695 DEBUG [http-nio-9090-exec-1]
				c.a.v.npc.core.handler.NPCWSHandler.parseMessage - validating NPC message against XSD schema has been done successfully
25-06-2020 16:12:26.941 DEBUG [http-nio-9090-exec-1]
				c.a.v.npc.core.handler.NPCWSHandler.parsingAndUpdatingMessageTimeFrame - Parsing message XML  has done successfully with NPC Message ID: 4498719 
25-06-2020 16:12:27.292 DEBUG [http-nio-9090-exec-1]
				c.a.v.npc.core.service.NPCService.insertNPCMessage - Start inserting into NPC_MESSAGE table with NPC Message ID 4498719
25-06-2020 16:12:27.477 DEBUG [http-nio-9090-exec-1]
				c.a.v.npc.core.service.NPCService.insertNPCMessage - NPC message has been insterted into NPC_MESSAGE table successfully
25-06-2020 16:12:27.738 DEBUG [http-nio-9090-exec-1]
				c.a.v.npc.core.service.NPCService.insertNPCMessage - Start inserting into PORT_MESSAGE table with NPC Message ID 4498719
25-06-2020 16:12:27.920 DEBUG [http-nio-9090-exec-1]
				c.a.v.npc.core.service.NPCService.insertNPCMessage - NPC message has been insterted into PORT_MESSAGE table successfully
25-06-2020 16:12:27.921 DEBUG [http-nio-9090-exec-1]
				c.a.v.npc.core.service.NPCService.insertNPCMessage - Start inserting into SUBSCRIBER_DATA table with NPC Message ID 4498719
25-06-2020 16:12:28.075 DEBUG [http-nio-9090-exec-1]
				c.a.v.npc.core.service.NPCService.insertNPCMessage - Subscriber data has been inserted into SUBSCRIBER_DATA table successfully  
25-06-2020 16:12:28.076 DEBUG [http-nio-9090-exec-1]
				c.a.v.npc.core.service.NPCService.insertNPCMessage - Start inserting number data into NUMBERSTOPORT table with NPC Message ID 4498719
25-06-2020 16:12:28.219 DEBUG [http-nio-9090-exec-1]
				c.a.v.npc.core.service.NPCService.insertNPCMessage - Number data has been inserted into NUMBERSTOPORT table  successfully
25-06-2020 16:12:28.219 DEBUG [http-nio-9090-exec-1]
				c.a.v.npc.core.handler.NPCWSHandler.parsingAndUpdatingMessageTimeFrame - Inserting message into Database has done successfully with NPC Message ID: 4498719  and Internal Port ID: 4498340
25-06-2020 16:12:34.388 DEBUG [http-nio-9090-exec-1]
				c.a.v.npc.core.service.NPCService.updatePortData - Start Update PORT_DATA table 
25-06-2020 16:12:35.543 DEBUG [http-nio-9090-exec-1]
				c.a.v.npc.core.service.NPCService.updatePortData - Updating PORT_DATA table for NPC Message ID: 4498719  and Internal Port ID: 4498340 has been done successfully and the port Status updated with Status " 20-Request-R "
25-06-2020 16:26:18.422 DEBUG [main]
				c.a.v.n.w.NPCWebServiceApplication.logStarting - Running with Spring Boot v1.4.2.RELEASE, Spring v4.3.4.RELEASE
25-06-2020 16:26:23.809 DEBUG [http-nio-9090-exec-1]
				c.a.v.npc.core.handler.NPCWSHandler.processNPCMessage - Start validating the web service credentail for user: voda 
25-06-2020 16:26:23.812 DEBUG [http-nio-9090-exec-1]
				c.a.v.npc.core.handler.NPCWSHandler.processNPCMessage - Validating service credential has been done successully for user : voda
25-06-2020 16:26:23.813 DEBUG [http-nio-9090-exec-1]
				c.a.v.npc.core.service.NPCService.getDBConnection - Start Initializing Database Connection..
25-06-2020 16:26:26.147 DEBUG [http-nio-9090-exec-1]
				c.a.v.npc.core.service.NPCService.getDBConnection - Initializing Database Connection has been done Successfully...
25-06-2020 16:26:26.153 DEBUG [http-nio-9090-exec-1]
				c.a.v.npc.core.handler.NPCWSHandler.processNPCMessage - Start Parsing Received Message from user : voda
25-06-2020 16:26:26.253 DEBUG [http-nio-9090-exec-1]
				c.a.v.npc.core.handler.NPCWSHandler.parseMessage - Loading XSD schema files to validate NPC message
25-06-2020 16:26:26.292 DEBUG [http-nio-9090-exec-1]
				c.a.v.npc.core.handler.NPCWSHandler.parseMessage - Start validating NPC message against xsd schema
25-06-2020 16:26:26.351 DEBUG [http-nio-9090-exec-1]
				c.a.v.npc.core.handler.NPCWSHandler.parseMessage - validating NPC message against XSD schema has been done successfully
25-06-2020 16:26:26.594 DEBUG [http-nio-9090-exec-1]
				c.a.v.npc.core.handler.NPCWSHandler.parsingAndUpdatingMessageTimeFrame - Parsing message XML  has done successfully with NPC Message ID: 4498720 
25-06-2020 16:26:26.743 DEBUG [http-nio-9090-exec-1]
				c.a.v.npc.core.service.NPCService.insertNPCMessage - Start inserting into NPC_MESSAGE table with NPC Message ID 4498720
25-06-2020 16:26:26.926 DEBUG [http-nio-9090-exec-1]
				c.a.v.npc.core.service.NPCService.insertNPCMessage - NPC message has been insterted into NPC_MESSAGE table successfully
25-06-2020 16:26:27.081 DEBUG [http-nio-9090-exec-1]
				c.a.v.npc.core.service.NPCService.insertNPCMessage - Start inserting into PORT_MESSAGE table with NPC Message ID 4498720
25-06-2020 16:26:27.230 DEBUG [http-nio-9090-exec-1]
				c.a.v.npc.core.service.NPCService.insertNPCMessage - NPC message has been insterted into PORT_MESSAGE table successfully
25-06-2020 16:26:27.230 DEBUG [http-nio-9090-exec-1]
				c.a.v.npc.core.service.NPCService.insertNPCMessage - Start inserting into SUBSCRIBER_DATA table with NPC Message ID 4498720
25-06-2020 16:26:27.380 DEBUG [http-nio-9090-exec-1]
				c.a.v.npc.core.service.NPCService.insertNPCMessage - Subscriber data has been inserted into SUBSCRIBER_DATA table successfully  
25-06-2020 16:26:27.381 DEBUG [http-nio-9090-exec-1]
				c.a.v.npc.core.service.NPCService.insertNPCMessage - Start inserting number data into NUMBERSTOPORT table with NPC Message ID 4498720
25-06-2020 16:26:27.538 DEBUG [http-nio-9090-exec-1]
				c.a.v.npc.core.service.NPCService.insertNPCMessage - Number data has been inserted into NUMBERSTOPORT table  successfully
25-06-2020 16:26:27.538 DEBUG [http-nio-9090-exec-1]
				c.a.v.npc.core.handler.NPCWSHandler.parsingAndUpdatingMessageTimeFrame - Inserting message into Database has done successfully with NPC Message ID: 4498720  and Internal Port ID: 4498340
25-06-2020 16:26:28.132 DEBUG [http-nio-9090-exec-1]
				c.a.v.npc.core.service.NPCService.updatePortData - Start Update PORT_DATA table 
25-06-2020 16:26:28.448 DEBUG [http-nio-9090-exec-1]
				c.a.v.npc.core.service.NPCService.updatePortData - Updating PORT_DATA table for NPC Message ID: 4498720  and Internal Port ID: 4498340 has been done successfully and the port Status updated with Status " 20-Request-R "
25-06-2020 16:57:12.981 DEBUG [main]
				c.a.v.n.w.NPCWebServiceApplication.logStarting - Running with Spring Boot v1.4.2.RELEASE, Spring v4.3.4.RELEASE
25-06-2020 16:58:32.550 DEBUG [http-nio-9090-exec-1]
				c.a.v.npc.core.handler.NPCWSHandler.processNPCMessage - Start validating the web service credentail for user: voda 
25-06-2020 16:58:32.554 DEBUG [http-nio-9090-exec-1]
				c.a.v.npc.core.handler.NPCWSHandler.processNPCMessage - Validating service credential has been done successully for user : voda
25-06-2020 16:58:32.634 DEBUG [http-nio-9090-exec-1]
				c.a.v.npc.core.service.NPCService.getDBConnection - Start Initializing Database Connection..
25-06-2020 17:30:55.882 DEBUG [main]
				c.a.v.n.w.NPCWebServiceApplication.logStarting - Running with Spring Boot v1.4.2.RELEASE, Spring v4.3.4.RELEASE
25-06-2020 17:45:59.473 DEBUG [http-nio-9090-exec-1]
				c.a.v.npc.core.handler.NPCWSHandler.processNPCMessage - Start validating the web service credentail for user: voda 
25-06-2020 17:45:59.479 DEBUG [http-nio-9090-exec-1]
				c.a.v.npc.core.handler.NPCWSHandler.processNPCMessage - Validating service credential has been done successully for user : voda
25-06-2020 17:45:59.485 DEBUG [http-nio-9090-exec-1]
				c.a.v.npc.core.service.NPCService.getDBConnection - Start Initializing Database Connection..
25-06-2020 17:55:06.153 DEBUG [main]
				c.a.v.n.w.NPCWebServiceApplication.logStarting - Running with Spring Boot v1.4.2.RELEASE, Spring v4.3.4.RELEASE
25-06-2020 17:56:28.745 DEBUG [http-nio-9090-exec-1]
				c.a.v.npc.core.handler.NPCWSHandler.processNPCMessage - Start validating the web service credentail for user: voda 
25-06-2020 17:56:28.750 DEBUG [http-nio-9090-exec-1]
				c.a.v.npc.core.handler.NPCWSHandler.processNPCMessage - Validating service credential has been done successully for user : voda
25-06-2020 17:56:28.754 DEBUG [http-nio-9090-exec-1]
				c.a.v.npc.core.service.NPCService.getDBConnection - Start Initializing Database Connection..
25-06-2020 17:56:31.284 DEBUG [http-nio-9090-exec-1]
				c.a.v.npc.core.service.NPCService.getDBConnection - Initializing Database Connection has been done Successfully...
25-06-2020 17:56:31.290 DEBUG [http-nio-9090-exec-1]
				c.a.v.npc.core.handler.NPCWSHandler.processNPCMessage - Start Parsing Received Message from user : voda
25-06-2020 17:56:31.425 DEBUG [http-nio-9090-exec-1]
				c.a.v.npc.core.handler.NPCWSHandler.parseMessage - Loading XSD schema files to validate NPC message
25-06-2020 17:56:31.601 DEBUG [http-nio-9090-exec-1]
				c.a.v.npc.core.handler.NPCWSHandler.parseMessage - Start validating NPC message against xsd schema
25-06-2020 17:56:31.629 DEBUG [http-nio-9090-exec-1]
				c.a.v.npc.core.handler.NPCWSHandler.parseMessage - validating NPC message against XSD schema has been done successfully
25-06-2020 17:56:32.178 DEBUG [http-nio-9090-exec-1]
				c.a.v.npc.core.handler.NPCWSHandler.parsingAndUpdatingMessageTimeFrame - Parsing message XML  has done successfully with NPC Message ID: 4498721 
25-06-2020 17:56:32.422 DEBUG [http-nio-9090-exec-1]
				c.a.v.npc.core.service.NPCService.insertNPCMessage - Start inserting into NPC_MESSAGE table with NPC Message ID 4498721
25-06-2020 17:56:32.702 DEBUG [http-nio-9090-exec-1]
				c.a.v.npc.core.service.NPCService.insertNPCMessage - NPC message has been insterted into NPC_MESSAGE table successfully
25-06-2020 17:56:32.706 DEBUG [http-nio-9090-exec-1]
				c.a.v.npc.core.service.NPCService.insertNPCMessage - Start inserting into BULK_SYNC_MESSAGE table with NPC Message ID 4498721
25-06-2020 17:56:33.007 DEBUG [http-nio-9090-exec-1]
				c.a.v.npc.core.service.NPCService.insertNPCMessage - Bulk Sync Message has been inserted into BULK_SYNC_MESSAGE table successfully with NPC Message ID: 4498721 | MEssage Code: NP Bulk Sync | MEssage ID: 10914 | SyncID: S201704180207010011 | Start Date: 20070601000000 | End Date: 20070721000000 | Comments1: NPC Example | Comments2: file: /bulk/Mobi/BulkSyncS201704180207010010.xml is ready.  
25-06-2020 18:02:04.994 DEBUG [main]
				c.a.v.n.w.NPCWebServiceApplication.logStarting - Running with Spring Boot v1.4.2.RELEASE, Spring v4.3.4.RELEASE
25-06-2020 18:02:09.829 DEBUG [http-nio-9090-exec-1]
				c.a.v.npc.core.handler.NPCWSHandler.processNPCMessage - Start validating the web service credentail for user: voda 
25-06-2020 18:02:09.838 DEBUG [http-nio-9090-exec-1]
				c.a.v.npc.core.handler.NPCWSHandler.processNPCMessage - Validating service credential has been done successully for user : voda
25-06-2020 18:02:09.993 DEBUG [http-nio-9090-exec-1]
				c.a.v.npc.core.service.NPCService.getDBConnection - Start Initializing Database Connection..
25-06-2020 18:02:12.098 DEBUG [http-nio-9090-exec-1]
				c.a.v.npc.core.service.NPCService.getDBConnection - Initializing Database Connection has been done Successfully...
25-06-2020 18:02:12.106 DEBUG [http-nio-9090-exec-1]
				c.a.v.npc.core.handler.NPCWSHandler.processNPCMessage - Start Parsing Received Message from user : voda
25-06-2020 18:02:19.998 DEBUG [http-nio-9090-exec-1]
				c.a.v.npc.core.handler.NPCWSHandler.parseMessage - Loading XSD schema files to validate NPC message
25-06-2020 18:02:20.207 DEBUG [http-nio-9090-exec-1]
				c.a.v.npc.core.handler.NPCWSHandler.parseMessage - Start validating NPC message against xsd schema
25-06-2020 18:02:20.222 DEBUG [http-nio-9090-exec-1]
				c.a.v.npc.core.handler.NPCWSHandler.parseMessage - validating NPC message against XSD schema has been done successfully
25-06-2020 18:02:20.603 DEBUG [http-nio-9090-exec-1]
				c.a.v.npc.core.handler.NPCWSHandler.parsingAndUpdatingMessageTimeFrame - Parsing message XML  has done successfully with NPC Message ID: 4498722 
25-06-2020 18:02:20.803 DEBUG [http-nio-9090-exec-1]
				c.a.v.npc.core.service.NPCService.insertNPCMessage - Start inserting into NPC_MESSAGE table with NPC Message ID 4498722
25-06-2020 18:02:21.491 DEBUG [http-nio-9090-exec-1]
				c.a.v.npc.core.service.NPCService.insertNPCMessage - NPC message has been insterted into NPC_MESSAGE table successfully
25-06-2020 18:02:21.494 DEBUG [http-nio-9090-exec-1]
				c.a.v.npc.core.service.NPCService.insertNPCMessage - Start inserting into BULK_SYNC_MESSAGE table with NPC Message ID 4498722
25-06-2020 18:02:21.718 DEBUG [http-nio-9090-exec-1]
				c.a.v.npc.core.service.NPCService.insertNPCMessage - Bulk Sync Message has been inserted into BULK_SYNC_MESSAGE table successfully with NPC Message ID: 4498722 | MEssage Code: NP Bulk Sync | MEssage ID: 10914 | SyncID: S201704180207010011 | Start Date: 20070601000000 | End Date: 20070721000000 | Comments1: NPC Example | Comments2: file: /bulk/Mobi/BulkSyncS201704180207010010.xml is ready.  
25-06-2020 18:24:12.503 DEBUG [main]
				c.a.v.n.w.NPCWebServiceApplication.logStarting - Running with Spring Boot v1.4.2.RELEASE, Spring v4.3.4.RELEASE
25-06-2020 18:24:59.501 DEBUG [http-nio-9090-exec-1]
				c.a.v.npc.core.handler.NPCWSHandler.processNPCMessage - Start validating the web service credentail for user: voda 
25-06-2020 18:24:59.511 DEBUG [http-nio-9090-exec-1]
				c.a.v.npc.core.handler.NPCWSHandler.processNPCMessage - Validating service credential has been done successully for user : voda
25-06-2020 18:24:59.658 DEBUG [http-nio-9090-exec-1]
				c.a.v.npc.core.service.NPCService.getDBConnection - Start Initializing Database Connection..
25-06-2020 18:25:01.475 DEBUG [http-nio-9090-exec-1]
				c.a.v.npc.core.service.NPCService.getDBConnection - Initializing Database Connection has been done Successfully...
25-06-2020 18:25:01.482 DEBUG [http-nio-9090-exec-1]
				c.a.v.npc.core.handler.NPCWSHandler.processNPCMessage - Start Parsing Received Message from user : voda
25-06-2020 18:25:05.670 DEBUG [http-nio-9090-exec-1]
				c.a.v.npc.core.handler.NPCWSHandler.parseMessage - Loading XSD schema files to validate NPC message
25-06-2020 18:25:05.859 DEBUG [http-nio-9090-exec-1]
				c.a.v.npc.core.handler.NPCWSHandler.parseMessage - Start validating NPC message against xsd schema
25-06-2020 18:25:05.871 DEBUG [http-nio-9090-exec-1]
				c.a.v.npc.core.handler.NPCWSHandler.parseMessage - validating NPC message against XSD schema has been done successfully
25-06-2020 18:25:06.246 DEBUG [http-nio-9090-exec-1]
				c.a.v.npc.core.handler.NPCWSHandler.parsingAndUpdatingMessageTimeFrame - Parsing message XML  has done successfully with NPC Message ID: 4498723 
25-06-2020 18:25:06.403 DEBUG [http-nio-9090-exec-1]
				c.a.v.npc.core.service.NPCService.insertNPCMessage - Start inserting into NPC_MESSAGE table with NPC Message ID 4498723
25-06-2020 18:25:06.657 DEBUG [http-nio-9090-exec-1]
				c.a.v.npc.core.service.NPCService.insertNPCMessage - NPC message has been insterted into NPC_MESSAGE table successfully
25-06-2020 18:25:06.659 DEBUG [http-nio-9090-exec-1]
				c.a.v.npc.core.service.NPCService.insertNPCMessage - Start inserting into BULK_SYNC_MESSAGE table with NPC Message ID 4498723
25-06-2020 18:25:06.891 DEBUG [http-nio-9090-exec-1]
				c.a.v.npc.core.service.NPCService.insertNPCMessage - Bulk Sync Message has been inserted into BULK_SYNC_MESSAGE table successfully with NPC Message ID: 4498723 | MEssage Code: NP Bulk Sync | MEssage ID: 10914 | SyncID: S201704180207010011 | Start Date: 20070601000000 | End Date: 20070721000000 | Comments1: NPC Example | Comments2: file: /bulk/Mobi/BulkSyncS201704180207010010.xml is ready.  
25-06-2020 20:04:43.265 DEBUG [main]
				c.a.v.n.w.NPCWebServiceApplication.logStarting - Running with Spring Boot v1.4.2.RELEASE, Spring v4.3.4.RELEASE
25-06-2020 20:04:53.357 DEBUG [http-nio-9090-exec-1]
				c.a.v.npc.core.handler.NPCWSHandler.processNPCMessage - Start validating the web service credentail for user: voda 
25-06-2020 20:04:53.362 DEBUG [http-nio-9090-exec-1]
				c.a.v.npc.core.handler.NPCWSHandler.processNPCMessage - Validating service credential has been done successully for user : voda
25-06-2020 20:04:53.366 DEBUG [http-nio-9090-exec-1]
				c.a.v.npc.core.service.NPCService.getDBConnection - Start Initializing Database Connection..
25-06-2020 20:04:55.209 DEBUG [http-nio-9090-exec-1]
				c.a.v.npc.core.service.NPCService.getDBConnection - Initializing Database Connection has been done Successfully...
25-06-2020 20:04:55.214 DEBUG [http-nio-9090-exec-1]
				c.a.v.npc.core.handler.NPCWSHandler.processNPCMessage - Start Parsing Received Message from user : voda
25-06-2020 20:04:55.335 DEBUG [http-nio-9090-exec-1]
				c.a.v.npc.core.handler.NPCWSHandler.parseMessage - Loading XSD schema files to validate NPC message
25-06-2020 20:04:55.405 DEBUG [http-nio-9090-exec-1]
				c.a.v.npc.core.handler.NPCWSHandler.parseMessage - Start validating NPC message against xsd schema
25-06-2020 20:04:55.417 DEBUG [http-nio-9090-exec-1]
				c.a.v.npc.core.handler.NPCWSHandler.parseMessage - validating NPC message against XSD schema has been done successfully
25-06-2020 20:04:55.806 DEBUG [http-nio-9090-exec-1]
				c.a.v.npc.core.handler.NPCWSHandler.parsingAndUpdatingMessageTimeFrame - Parsing message XML  has done successfully with NPC Message ID: 4498724 
25-06-2020 20:04:55.976 DEBUG [http-nio-9090-exec-1]
				c.a.v.npc.core.service.NPCService.insertNPCMessage - Start inserting into NPC_MESSAGE table with NPC Message ID 4498724
25-06-2020 20:04:56.303 DEBUG [http-nio-9090-exec-1]
				c.a.v.npc.core.service.NPCService.insertNPCMessage - NPC message has been insterted into NPC_MESSAGE table successfully
25-06-2020 20:04:56.305 DEBUG [http-nio-9090-exec-1]
				c.a.v.npc.core.service.NPCService.insertNPCMessage - Start inserting into BULK_SYNC_MESSAGE table with NPC Message ID 4498724
25-06-2020 20:04:56.625 DEBUG [http-nio-9090-exec-1]
				c.a.v.npc.core.service.NPCService.insertNPCMessage - Bulk Sync Message has been inserted into BULK_SYNC_MESSAGE table successfully with NPC Message ID: 4498724
25-06-2020 20:04:56.631 DEBUG [http-nio-9090-exec-1]
				c.a.v.n.w.e.NPCWebServiceEndpoint.processNPCMsg - Response XML com.asset.vodafone.npc.webservice.wsdl.ProcessNPCMsgResponse@40c67d15 
25-06-2020 21:10:04.112 DEBUG [main]
				c.a.v.n.w.NPCWebServiceApplication.logStarting - Running with Spring Boot v1.4.2.RELEASE, Spring v4.3.4.RELEASE
25-06-2020 21:11:02.367 DEBUG [http-nio-9090-exec-1]
				c.a.v.npc.core.handler.NPCWSHandler.processNPCMessage - Start validating the web service credentail for user: voda 
25-06-2020 21:11:02.389 DEBUG [http-nio-9090-exec-1]
				c.a.v.npc.core.handler.NPCWSHandler.processNPCMessage - Validating service credential has been done successully for user : voda
25-06-2020 21:11:02.401 DEBUG [http-nio-9090-exec-1]
				c.a.v.npc.core.service.NPCService.getDBConnection - Start Initializing Database Connection..
25-06-2020 21:11:04.678 DEBUG [http-nio-9090-exec-1]
				c.a.v.npc.core.service.NPCService.getDBConnection - Initializing Database Connection has been done Successfully...
25-06-2020 21:11:04.685 DEBUG [http-nio-9090-exec-1]
				c.a.v.npc.core.handler.NPCWSHandler.processNPCMessage - Start Parsing Received Message from user : voda
25-06-2020 21:11:04.805 DEBUG [http-nio-9090-exec-1]
				c.a.v.npc.core.handler.NPCWSHandler.parseMessage - Loading XSD schema files to validate NPC message
25-06-2020 21:11:04.967 DEBUG [http-nio-9090-exec-1]
				c.a.v.npc.core.handler.NPCWSHandler.parseMessage - Start validating NPC message against xsd schema
25-06-2020 21:11:04.983 DEBUG [http-nio-9090-exec-1]
				c.a.v.npc.core.handler.NPCWSHandler.parseMessage - validating NPC message against XSD schema has been done successfully
25-06-2020 21:11:05.447 DEBUG [http-nio-9090-exec-1]
				c.a.v.npc.core.handler.NPCWSHandler.parsingAndUpdatingMessageTimeFrame - Parsing message XML  has done successfully with NPC Message ID: 4498725 
25-06-2020 21:11:05.602 DEBUG [http-nio-9090-exec-1]
				c.a.v.npc.core.service.NPCService.insertNPCMessage - Start inserting into NPC_MESSAGE table with NPC Message ID 4498725
25-06-2020 21:11:05.912 DEBUG [http-nio-9090-exec-1]
				c.a.v.npc.core.service.NPCService.insertNPCMessage - NPC message has been insterted into NPC_MESSAGE table successfully
25-06-2020 21:11:05.916 DEBUG [http-nio-9090-exec-1]
				c.a.v.npc.core.service.NPCService.insertNPCMessage - Start inserting into BULK_SYNC_MESSAGE table with NPC Message ID 4498725
25-06-2020 21:11:06.144 DEBUG [http-nio-9090-exec-1]
				c.a.v.npc.core.service.NPCService.insertNPCMessage - Bulk Sync Message has been inserted into BULK_SYNC_MESSAGE table successfully with NPC Message ID: 4498725
25-06-2020 21:14:01.281 DEBUG [http-nio-9090-exec-2]
				c.a.v.npc.core.handler.NPCWSHandler.processNPCMessage - Start validating the web service credentail for user: voda 
25-06-2020 21:14:01.286 DEBUG [http-nio-9090-exec-2]
				c.a.v.npc.core.handler.NPCWSHandler.processNPCMessage - Validating service credential has been done successully for user : voda
25-06-2020 21:14:01.297 DEBUG [http-nio-9090-exec-2]
				c.a.v.npc.core.handler.NPCWSHandler.processNPCMessage - Start Parsing Received Message from user : voda
25-06-2020 21:14:01.489 DEBUG [http-nio-9090-exec-2]
				c.a.v.npc.core.handler.NPCWSHandler.parseMessage - Loading XSD schema files to validate NPC message
25-06-2020 21:14:01.510 DEBUG [http-nio-9090-exec-2]
				c.a.v.npc.core.handler.NPCWSHandler.parseMessage - Start validating NPC message against xsd schema
25-06-2020 21:14:01.515 DEBUG [http-nio-9090-exec-2]
				c.a.v.npc.core.handler.NPCWSHandler.parseMessage - validating NPC message against XSD schema has been done successfully
25-06-2020 21:14:01.840 DEBUG [http-nio-9090-exec-2]
				c.a.v.npc.core.handler.NPCWSHandler.parsingAndUpdatingMessageTimeFrame - Parsing message XML  has done successfully with NPC Message ID: 4498726 
25-06-2020 21:14:02.362 DEBUG [http-nio-9090-exec-2]
				c.a.v.npc.core.service.NPCService.insertNPCMessage - Start inserting into NPC_MESSAGE table with NPC Message ID 4498726
25-06-2020 21:14:02.760 DEBUG [http-nio-9090-exec-2]
				c.a.v.npc.core.service.NPCService.insertNPCMessage - NPC message has been insterted into NPC_MESSAGE table successfully
25-06-2020 21:14:02.761 DEBUG [http-nio-9090-exec-2]
				c.a.v.npc.core.service.NPCService.insertNPCMessage - Start inserting into BULK_SYNC_MESSAGE table with NPC Message ID 4498726
25-06-2020 21:14:03.194 DEBUG [http-nio-9090-exec-2]
				c.a.v.npc.core.service.NPCService.insertNPCMessage - Bulk Sync Message has been inserted into BULK_SYNC_MESSAGE table successfully with NPC Message ID: 4498726
25-06-2020 21:18:39.838 DEBUG [http-nio-9090-exec-4]
				c.a.v.npc.core.handler.NPCWSHandler.processNPCMessage - Start validating the web service credentail for user: voda 
25-06-2020 21:18:39.856 DEBUG [http-nio-9090-exec-4]
				c.a.v.npc.core.handler.NPCWSHandler.processNPCMessage - Validating service credential has been done successully for user : voda
25-06-2020 21:18:39.935 DEBUG [http-nio-9090-exec-4]
				c.a.v.npc.core.handler.NPCWSHandler.processNPCMessage - Start Parsing Received Message from user : voda
25-06-2020 21:18:40.644 DEBUG [http-nio-9090-exec-4]
				c.a.v.npc.core.handler.NPCWSHandler.parseMessage - Loading XSD schema files to validate NPC message
25-06-2020 21:18:40.786 DEBUG [http-nio-9090-exec-4]
				c.a.v.npc.core.handler.NPCWSHandler.parseMessage - Start validating NPC message against xsd schema
25-06-2020 21:18:40.811 DEBUG [http-nio-9090-exec-4]
				c.a.v.npc.core.handler.NPCWSHandler.parseMessage - validating NPC message against XSD schema has been done successfully
25-06-2020 21:19:33.535 DEBUG [main]
				c.a.v.n.w.NPCWebServiceApplication.logStarting - Running with Spring Boot v1.4.2.RELEASE, Spring v4.3.4.RELEASE
25-06-2020 21:23:30.393 DEBUG [http-nio-9090-exec-1]
				c.a.v.npc.core.handler.NPCWSHandler.processNPCMessage - Start validating the web service credentail for user: voda 
25-06-2020 21:23:30.435 DEBUG [http-nio-9090-exec-1]
				c.a.v.npc.core.handler.NPCWSHandler.processNPCMessage - Validating service credential has been done successully for user : voda
25-06-2020 21:23:30.448 DEBUG [http-nio-9090-exec-1]
				c.a.v.npc.core.service.NPCService.getDBConnection - Start Initializing Database Connection..
25-06-2020 21:23:33.868 DEBUG [http-nio-9090-exec-1]
				c.a.v.npc.core.service.NPCService.getDBConnection - Initializing Database Connection has been done Successfully...
25-06-2020 21:23:33.927 DEBUG [http-nio-9090-exec-1]
				c.a.v.npc.core.handler.NPCWSHandler.processNPCMessage - Start Parsing Received Message from user : voda
25-06-2020 21:23:34.417 DEBUG [http-nio-9090-exec-1]
				c.a.v.npc.core.handler.NPCWSHandler.parseMessage - Loading XSD schema files to validate NPC message
25-06-2020 21:23:34.684 DEBUG [http-nio-9090-exec-1]
				c.a.v.npc.core.handler.NPCWSHandler.parseMessage - Start validating NPC message against xsd schema
25-06-2020 21:23:34.705 DEBUG [http-nio-9090-exec-1]
				c.a.v.npc.core.handler.NPCWSHandler.parseMessage - validating NPC message against XSD schema has been done successfully
25-06-2020 21:23:35.335 DEBUG [http-nio-9090-exec-1]
				c.a.v.npc.core.handler.NPCWSHandler.parsingAndUpdatingMessageTimeFrame - Parsing message XML  has done successfully with NPC Message ID: 4498727 
25-06-2020 21:23:35.664 DEBUG [http-nio-9090-exec-1]
				c.a.v.npc.core.service.NPCService.insertNPCMessage - Start inserting into NPC_MESSAGE table with NPC Message ID 4498727
25-06-2020 21:23:35.875 DEBUG [http-nio-9090-exec-1]
				c.a.v.npc.core.service.NPCService.insertNPCMessage - NPC message has been insterted into NPC_MESSAGE table successfully
25-06-2020 21:23:35.881 DEBUG [http-nio-9090-exec-1]
				c.a.v.npc.core.service.NPCService.insertNPCMessage - Start inserting into BULK_SYNC_MESSAGE table with NPC Message ID 4498727
25-06-2020 21:23:36.346 DEBUG [http-nio-9090-exec-1]
				c.a.v.npc.core.service.NPCService.insertNPCMessage - Bulk Sync Message has been inserted into BULK_SYNC_MESSAGE table successfully with NPC Message ID: 4498727
25-06-2020 21:27:49.319 DEBUG [main]
				c.a.v.n.w.NPCWebServiceApplication.logStarting - Running with Spring Boot v1.4.2.RELEASE, Spring v4.3.4.RELEASE
25-06-2020 21:27:53.124 DEBUG [http-nio-9090-exec-2]
				c.a.v.npc.core.handler.NPCWSHandler.processNPCMessage - Start validating the web service credentail for user: voda 
25-06-2020 21:27:53.129 DEBUG [http-nio-9090-exec-2]
				c.a.v.npc.core.handler.NPCWSHandler.processNPCMessage - Validating service credential has been done successully for user : voda
25-06-2020 21:27:53.134 DEBUG [http-nio-9090-exec-2]
				c.a.v.npc.core.handler.NPCWSHandler.processNPCMessage - Start Parsing Received Message from user : voda
25-06-2020 21:27:53.298 DEBUG [http-nio-9090-exec-2]
				c.a.v.npc.core.handler.NPCWSHandler.parseMessage - Loading XSD schema files to validate NPC message
25-06-2020 21:27:53.327 DEBUG [http-nio-9090-exec-2]
				c.a.v.npc.core.handler.NPCWSHandler.parseMessage - Start validating NPC message against xsd schema
25-06-2020 21:27:53.331 DEBUG [http-nio-9090-exec-2]
				c.a.v.npc.core.handler.NPCWSHandler.parseMessage - validating NPC message against XSD schema has been done successfully
25-06-2020 21:27:53.615 DEBUG [http-nio-9090-exec-2]
				c.a.v.npc.core.handler.NPCWSHandler.parsingAndUpdatingMessageTimeFrame - Parsing message XML  has done successfully with NPC Message ID: 4498728 
25-06-2020 21:27:53.869 DEBUG [http-nio-9090-exec-2]
				c.a.v.npc.core.service.NPCService.insertNPCMessage - Start inserting into NPC_MESSAGE table with NPC Message ID 4498728
25-06-2020 21:27:54.095 DEBUG [http-nio-9090-exec-2]
				c.a.v.npc.core.service.NPCService.insertNPCMessage - NPC message has been insterted into NPC_MESSAGE table successfully
25-06-2020 21:27:54.095 DEBUG [http-nio-9090-exec-2]
				c.a.v.npc.core.service.NPCService.insertNPCMessage - Start inserting into BULK_SYNC_MESSAGE table with NPC Message ID 4498728
25-06-2020 21:27:54.436 DEBUG [http-nio-9090-exec-2]
				c.a.v.npc.core.service.NPCService.insertNPCMessage - Bulk Sync Message has been inserted into BULK_SYNC_MESSAGE table successfully with NPC Message ID: 4498728
25-06-2020 22:46:31.355 DEBUG [main]
				c.a.v.n.w.NPCWebServiceApplication.logStarting - Running with Spring Boot v1.4.2.RELEASE, Spring v4.3.4.RELEASE
25-06-2020 22:50:01.984 DEBUG [http-nio-9090-exec-1]
				c.a.v.npc.core.handler.NPCWSHandler.processNPCMessage - Start validating the web service credentail for user: voda 
25-06-2020 22:50:01.995 DEBUG [http-nio-9090-exec-1]
				c.a.v.npc.core.handler.NPCWSHandler.processNPCMessage - Validating service credential has been done successully for user : voda
25-06-2020 22:50:02.000 DEBUG [http-nio-9090-exec-1]
				c.a.v.npc.core.service.NPCService.getDBConnection - Start Initializing Database Connection..
25-06-2020 22:50:04.242 DEBUG [http-nio-9090-exec-1]
				c.a.v.npc.core.service.NPCService.getDBConnection - Initializing Database Connection has been done Successfully...
25-06-2020 22:50:04.270 DEBUG [http-nio-9090-exec-1]
				c.a.v.npc.core.handler.NPCWSHandler.processNPCMessage - Start Parsing Received Message from user : voda
25-06-2020 22:50:04.550 DEBUG [http-nio-9090-exec-1]
				c.a.v.npc.core.handler.NPCWSHandler.parseMessage - Loading XSD schema files to validate NPC message
25-06-2020 22:50:04.719 DEBUG [http-nio-9090-exec-1]
				c.a.v.npc.core.handler.NPCWSHandler.parseMessage - Start validating NPC message against xsd schema
25-06-2020 22:50:04.733 DEBUG [http-nio-9090-exec-1]
				c.a.v.npc.core.handler.NPCWSHandler.parseMessage - validating NPC message against XSD schema has been done successfully
25-06-2020 22:50:05.200 DEBUG [http-nio-9090-exec-1]
				c.a.v.npc.core.handler.NPCWSHandler.parsingAndUpdatingMessageTimeFrame - Parsing message XML  has done successfully with NPC Message ID: 4498729 
25-06-2020 22:50:05.364 DEBUG [http-nio-9090-exec-1]
				c.a.v.npc.core.service.NPCService.insertNPCMessage - Start inserting into NPC_MESSAGE table with NPC Message ID 4498729
25-06-2020 22:50:06.437 DEBUG [http-nio-9090-exec-1]
				c.a.v.npc.core.service.NPCService.insertNPCMessage - NPC message has been insterted into NPC_MESSAGE table successfully
25-06-2020 22:50:06.440 DEBUG [http-nio-9090-exec-1]
				c.a.v.npc.core.service.NPCService.insertNPCMessage - Start inserting into BULK_SYNC_MESSAGE table with NPC Message ID 4498729
25-06-2020 22:50:06.648 DEBUG [http-nio-9090-exec-1]
				c.a.v.npc.core.service.NPCService.insertNPCMessage - Bulk Sync Message has been inserted into BULK_SYNC_MESSAGE table successfully with NPC Message ID: 4498729
