05-07-2020 19:07:48.484 DEBUG [main]
				c.a.v.n.w.NPCWebServiceApplication.logStarting - Running with Spring Boot v1.4.2.RELEASE, Spring v4.3.4.RELEASE
05-07-2020 19:07:59.679 DEBUG [http-nio-9090-exec-1]
				c.a.v.npc.core.handler.NPCWSHandler.processNPCMessage - Start validating the web service credentail for user: voda 
05-07-2020 19:07:59.682 DEBUG [http-nio-9090-exec-1]
				c.a.v.npc.core.handler.NPCWSHandler.processNPCMessage - Validating service credential has been done successully for user : voda
05-07-2020 19:07:59.686 DEBUG [http-nio-9090-exec-1]
				c.a.v.npc.core.service.NPCService.getDBConnection - Start Initializing Database Connection..
05-07-2020 19:08:05.016 DEBUG [http-nio-9090-exec-1]
				c.a.v.npc.core.service.NPCService.getDBConnection - Initializing Database Connection has been done Successfully...
05-07-2020 19:08:05.018 DEBUG [http-nio-9090-exec-1]
				c.a.v.npc.core.handler.NPCWSHandler.processNPCMessage - Start Parsing Received Message from user : voda
05-07-2020 19:08:05.098 DEBUG [http-nio-9090-exec-1]
				c.a.v.npc.core.handler.NPCWSHandler.parseMessage - Loading XSD schema files to validate NPC message
05-07-2020 19:08:05.154 DEBUG [http-nio-9090-exec-1]
				c.a.v.npc.core.handler.NPCWSHandler.parseMessage - Start validating NPC message against xsd schema
05-07-2020 19:08:05.168 DEBUG [http-nio-9090-exec-1]
				c.a.v.npc.core.handler.NPCWSHandler.parseMessage - validating NPC message against XSD schema has been done successfully
05-07-2020 19:08:05.532 DEBUG [http-nio-9090-exec-1]
				c.a.v.npc.core.handler.NPCWSHandler.parsingAndUpdatingMessageTimeFrame - Parsing message XML  has done successfully with NPC Message ID: 4498762 
05-07-2020 19:08:05.808 DEBUG [http-nio-9090-exec-1]
				c.a.v.npc.core.service.NPCService.insertNPCMessage - Start inserting into NPC_MESSAGE table with NPC Message ID 4498762
05-07-2020 19:08:06.148 DEBUG [http-nio-9090-exec-1]
				c.a.v.npc.core.service.NPCService.insertNPCMessage - NPC message has been insterted into NPC_MESSAGE table successfully
05-07-2020 19:08:06.567 DEBUG [http-nio-9090-exec-1]
				c.a.v.npc.core.service.NPCService.insertNPCMessage - Start inserting into PORT_MESSAGE table with NPC Message ID 4498762
05-07-2020 19:08:07.746 DEBUG [http-nio-9090-exec-1]
				c.a.v.npc.core.service.NPCService.insertNPCMessage - NPC message has been insterted into PORT_MESSAGE table successfully
05-07-2020 19:08:07.747 DEBUG [http-nio-9090-exec-1]
				c.a.v.npc.core.service.NPCService.insertNPCMessage - Start inserting into SUBSCRIBER_DATA table with NPC Message ID 4498762
05-07-2020 19:08:08.642 DEBUG [http-nio-9090-exec-1]
				c.a.v.npc.core.service.NPCService.insertNPCMessage - Subscriber data has been inserted into SUBSCRIBER_DATA table successfully  
05-07-2020 19:08:08.643 DEBUG [http-nio-9090-exec-1]
				c.a.v.npc.core.service.NPCService.insertNPCMessage - Start inserting number data into NUMBERSTOPORT table with NPC Message ID 4498762
05-07-2020 19:08:08.938 DEBUG [http-nio-9090-exec-1]
				c.a.v.npc.core.service.NPCService.insertNPCMessage - Number data has been inserted into NUMBERSTOPORT table  successfully
05-07-2020 19:08:08.939 DEBUG [http-nio-9090-exec-1]
				c.a.v.npc.core.handler.NPCWSHandler.parsingAndUpdatingMessageTimeFrame - Inserting message into Database has done successfully with NPC Message ID: 4498762  and Internal Port ID: 4498342
05-07-2020 19:08:16.507 DEBUG [http-nio-9090-exec-1]
				c.a.v.npc.core.service.NPCService.updateNPCMessageCurrentDate - Start updating message current max date with date 29/06/2020 16:37:28 
05-07-2020 19:08:16.849 DEBUG [http-nio-9090-exec-1]
				c.a.v.npc.core.service.NPCService.updateNPCMessageCurrentDate - Updating message current max date has been done successfully
05-07-2020 19:08:17.014 DEBUG [http-nio-9090-exec-1]
				c.a.v.npc.core.service.NPCService.updatePortData - Start Update PORT_DATA table 
05-07-2020 19:08:18.066 DEBUG [http-nio-9090-exec-1]
				c.a.v.npc.core.service.NPCService.updatePortData - Updating PORT_DATA table for NPC Message ID: 4498762  and Internal Port ID: 4498342 has been done successfully and the port Status updated with Status " 20-Accept-R "
