13-05-2020 15:39:10.013 INFO  [main]  c.a.v.n.w.NPCWebServiceApplication.logStarting - Starting NPCWebServiceApplication on Mohamed-Hamdy with PID 14068 (started by mohammed.hamdy in C:\Users\mohammed.hamdy\Downloads\Vodafone MNP Deliverables\Src Code\npc-vodafone\vodafone-mnp-webservice)
13-05-2020 15:39:10.016 INFO  [main]  c.a.v.n.w.NPCWebServiceApplication.logStartupProfileInfo - No active profile set, falling back to default profiles: default
13-05-2020 15:39:10.042 INFO  [main]  o.s.b.c.e.AnnotationConfigEmbeddedWebApplicationContext.prepareRefresh - Refreshing org.springframework.boot.context.embedded.AnnotationConfigEmbeddedWebApplicationContext@49b0b76: startup date [Wed May 13 15:39:10 EET 2020]; root of context hierarchy
13-05-2020 15:39:10.130 INFO  [background-preinit]  o.h.validator.internal.util.Version.<clinit> - HV000001: Hibernate Validator 5.2.4.Final
13-05-2020 15:39:10.620 INFO  [main]  o.s.c.s.PostProcessorRegistrationDelegate$BeanPostProcessorChecker.postProcessAfterInitialization - Bean 'NPCWebServiceConfig' of type [class com.asset.vodafone.npc.webservice.config.NPCWebServiceConfig$$EnhancerBySpringCGLIB$$f236a1e7] is not eligible for getting processed by all BeanPostProcessors (for example: not eligible for auto-proxying)
13-05-2020 15:39:10.625 INFO  [main]  o.s.c.s.PostProcessorRegistrationDelegate$BeanPostProcessorChecker.postProcessAfterInitialization - Bean 'org.springframework.ws.config.annotation.DelegatingWsConfiguration' of type [class org.springframework.ws.config.annotation.DelegatingWsConfiguration$$EnhancerBySpringCGLIB$$5e2153d6] is not eligible for getting processed by all BeanPostProcessors (for example: not eligible for auto-proxying)
13-05-2020 15:39:10.692 INFO  [main]  o.s.w.s.a.s.AnnotationActionEndpointMapping.afterPropertiesSet - Supporting [WS-Addressing August 2004, WS-Addressing 1.0]
13-05-2020 15:39:10.932 INFO  [main]  o.s.b.c.e.t.TomcatEmbeddedServletContainer.initialize - Tomcat initialized with port(s): 9090 (http)
13-05-2020 15:39:10.940 INFO  [main]  o.a.catalina.core.StandardService.log - Starting service Tomcat
13-05-2020 15:39:10.941 INFO  [main]  o.a.catalina.core.StandardEngine.log - Starting Servlet Engine: Apache Tomcat/8.5.6
13-05-2020 15:39:10.992 INFO  [localhost-startStop-1]  o.a.c.c.C.[Tomcat].[localhost].[/].log - Initializing Spring embedded WebApplicationContext
13-05-2020 15:39:10.992 INFO  [localhost-startStop-1]  o.s.web.context.ContextLoader.prepareEmbeddedWebApplicationContext - Root WebApplicationContext: initialization completed in 950 ms
13-05-2020 15:39:11.120 INFO  [localhost-startStop-1]  o.s.b.w.s.ServletRegistrationBean.onStartup - Mapping servlet: 'messageDispatcherServlet' to [/NPC-SOAP/NPCWebService]
13-05-2020 15:39:11.121 INFO  [localhost-startStop-1]  o.s.b.w.s.ServletRegistrationBean.onStartup - Mapping servlet: 'dispatcherServlet' to [/]
13-05-2020 15:39:11.123 INFO  [localhost-startStop-1]  o.s.b.w.s.FilterRegistrationBean.configure - Mapping filter: 'characterEncodingFilter' to: [/*]
13-05-2020 15:39:11.124 INFO  [localhost-startStop-1]  o.s.b.w.s.FilterRegistrationBean.configure - Mapping filter: 'hiddenHttpMethodFilter' to: [/*]
13-05-2020 15:39:11.124 INFO  [localhost-startStop-1]  o.s.b.w.s.FilterRegistrationBean.configure - Mapping filter: 'httpPutFormContentFilter' to: [/*]
13-05-2020 15:39:11.124 INFO  [localhost-startStop-1]  o.s.b.w.s.FilterRegistrationBean.configure - Mapping filter: 'requestContextFilter' to: [/*]
13-05-2020 15:39:11.365 INFO  [main]  o.s.w.s.m.m.a.RequestMappingHandlerAdapter.initControllerAdviceCache - Looking for @ControllerAdvice: org.springframework.boot.context.embedded.AnnotationConfigEmbeddedWebApplicationContext@49b0b76: startup date [Wed May 13 15:39:10 EET 2020]; root of context hierarchy
13-05-2020 15:39:11.407 INFO  [main]  o.s.w.s.m.m.a.RequestMappingHandlerMapping.register - Mapped "{[/error]}" onto public org.springframework.http.ResponseEntity<java.util.Map<java.lang.String, java.lang.Object>> org.springframework.boot.autoconfigure.web.BasicErrorController.error(javax.servlet.http.HttpServletRequest)
13-05-2020 15:39:11.408 INFO  [main]  o.s.w.s.m.m.a.RequestMappingHandlerMapping.register - Mapped "{[/error],produces=[text/html]}" onto public org.springframework.web.servlet.ModelAndView org.springframework.boot.autoconfigure.web.BasicErrorController.errorHtml(javax.servlet.http.HttpServletRequest,javax.servlet.http.HttpServletResponse)
13-05-2020 15:39:11.429 INFO  [main]  o.s.w.s.h.SimpleUrlHandlerMapping.registerHandler - Mapped URL path [/webjars/**] onto handler of type [class org.springframework.web.servlet.resource.ResourceHttpRequestHandler]
13-05-2020 15:39:11.429 INFO  [main]  o.s.w.s.h.SimpleUrlHandlerMapping.registerHandler - Mapped URL path [/**] onto handler of type [class org.springframework.web.servlet.resource.ResourceHttpRequestHandler]
13-05-2020 15:39:11.456 INFO  [main]  o.s.w.s.h.SimpleUrlHandlerMapping.registerHandler - Mapped URL path [/**/favicon.ico] onto handler of type [class org.springframework.web.servlet.resource.ResourceHttpRequestHandler]
13-05-2020 15:39:11.550 INFO  [main]  o.s.j.e.a.AnnotationMBeanExporter.afterSingletonsInstantiated - Registering beans for JMX exposure on startup
13-05-2020 15:39:11.558 INFO  [main]  o.a.coyote.http11.Http11NioProtocol.log - Initializing ProtocolHandler ["http-nio-9090"]
13-05-2020 15:39:11.565 INFO  [main]  o.a.coyote.http11.Http11NioProtocol.log - Starting ProtocolHandler [http-nio-9090]
13-05-2020 15:39:11.577 INFO  [main]  o.a.coyote.http11.Http11NioProtocol.log - Pausing ProtocolHandler ["http-nio-9090"]
13-05-2020 15:39:11.577 INFO  [main]  o.a.catalina.core.StandardService.log - Stopping service Tomcat
13-05-2020 15:39:11.606 INFO  [main]  o.apache.catalina.util.LifecycleBase.log - The stop() method was called on component [StandardServer[-1]] after stop() had already been called. The second call will be ignored.
13-05-2020 15:39:11.607 INFO  [main]  o.a.coyote.http11.Http11NioProtocol.log - Stopping ProtocolHandler ["http-nio-9090"]
13-05-2020 15:39:11.607 INFO  [main]  o.a.coyote.http11.Http11NioProtocol.log - Destroying ProtocolHandler ["http-nio-9090"]
13-05-2020 15:39:11.608 INFO  [main]  o.s.b.a.l.AutoConfigurationReportLoggingInitializer.logAutoConfigurationReport - 

Error starting ApplicationContext. To display the auto-configuration report re-run your application with 'debug' enabled.
13-05-2020 15:39:11.611 INFO  [main]  o.s.b.c.e.AnnotationConfigEmbeddedWebApplicationContext.doClose - Closing org.springframework.boot.context.embedded.AnnotationConfigEmbeddedWebApplicationContext@49b0b76: startup date [Wed May 13 15:39:10 EET 2020]; root of context hierarchy
13-05-2020 15:39:11.612 INFO  [main]  o.s.j.e.a.AnnotationMBeanExporter.destroy - Unregistering JMX-exposed beans on shutdown
