18-05-2020 13:43:50.828 DEBUG [main]  c.a.v.n.w.NPCWebServiceApplication.logStarting - Running with Spring Boot v1.4.2.RELEASE, Spring v4.3.4.RELEASE
18-05-2020 13:47:00.335 DEBUG [main]  c.a.v.n.w.NPCWebServiceApplication.logStarting - Running with Spring Boot v1.4.2.RELEASE, Spring v4.3.4.RELEASE
18-05-2020 13:47:18.286 DEBUG [main]  c.a.v.n.w.NPCWebServiceApplication.logStarting - Running with Spring Boot v1.4.2.RELEASE, Spring v4.3.4.RELEASE
18-05-2020 13:50:20.140 DEBUG [main]  c.a.v.n.w.NPCWebServiceApplication.logStarting - Running with Spring Boot v1.4.2.RELEASE, Spring v4.3.4.RELEASE
18-05-2020 13:53:15.041 DEBUG [main]  c.a.v.n.w.NPCWebServiceApplication.logStarting - Running with Spring Boot v1.4.2.RELEASE, Spring v4.3.4.RELEASE
18-05-2020 13:55:51.006 DEBUG [main]  c.a.v.n.w.NPCWebServiceApplication.logStarting - Running with Spring Boot v1.4.2.RELEASE, Spring v4.3.4.RELEASE
18-05-2020 13:56:03.050 DEBUG [main]  c.a.v.n.w.NPCWebServiceApplication.logStarting - Running with Spring Boot v1.4.2.RELEASE, Spring v4.3.4.RELEASE
18-05-2020 13:57:07.117 DEBUG [main]  c.a.v.n.w.NPCWebServiceApplication.logStarting - Running with Spring Boot v1.4.2.RELEASE, Spring v4.3.4.RELEASE
18-05-2020 13:57:14.073 DEBUG [http-nio-9090-exec-1]  c.a.v.npc.core.handler.NPCWSHandler.processNPCMessage - NPC Message Request for user vodaand Received Message :<NPCData>
   <NPCMessages>
      <PortMessage>
         <MessageID>25252525</MessageID>
         <MessageCode>NPR</MessageCode>
         <ServiceType>MOBILE</ServiceType>
         <NumbersToPort>
            <NumberFrom>01099999999</NumberFrom>
            <NumberTo>01199999999</NumberTo>
            <DataNumber>0552280126</DataNumber>
            <FaxNumber>0704123456</FaxNumber>
         </NumbersToPort>
         <PortReqFormID>P20170423092999</PortReqFormID>
         <DonorID>Voda</DonorID>
         <RecipientID>Etis</RecipientID>
         <TransferFee>52.02</TransferFee>
         <AverageInvoiceFee>57.87</AverageInvoiceFee>
         <SubscriberData>
            <CompanyFlag>false</CompanyFlag>
            <CorporationName>Giza Systems</CorporationName>
            <Name>Ali Sami</Name>
            <AccountNum>33345</AccountNum>
            <SIMCardNum>89310410106543789301</SIMCardNum>
            <NIC>52404193527</NIC>
            <CNIC>6110123456789</CNIC>
            <PassportNum>C12345678</PassportNum>
            <OtherId>Senator</OtherId>
            <DateOfBirth>19930515</DateOfBirth>
            <ContactPhone>0552280126</ContactPhone>
            <Fax>0704123456</Fax>
            <City>Cairo</City>
            <Street>Farouk St</Street>
            <Number>1</Number>
            <Locality>Al Tahrir</Locality>
            <PostCode>123123</PostCode>
            <GroupID>My GroupID</GroupID>
            <AuthorizedPersonName>Rami Sad</AuthorizedPersonName>
            <CorporationAddress>Giza Systems</CorporationAddress>
            <CommercialRegistrationNum>002345</CommercialRegistrationNum>
            <TaxRegistrationNum>132544</TaxRegistrationNum>
         </SubscriberData>
         <Comments1>Comment1 Test</Comments1>
         <Comments2>Comment2 Test</Comments2>
      </PortMessage>
   </NPCMessages>
</NPCData>

18-05-2020 13:57:14.077 DEBUG [http-nio-9090-exec-1]  c.a.v.npc.core.service.NPCService.getDBConnection - Initializing a new Database Connection..
18-05-2020 13:57:15.748 DEBUG [http-nio-9090-exec-1]  c.a.v.npc.core.handler.NPCWSHandler.intializeDataBaseConnection - initializing Database Connection..
18-05-2020 13:57:16.215 DEBUG [http-nio-9090-exec-1]  c.a.v.npc.core.handler.NPCWSHandler.parsingAndUpdatingMessageTimeFrame - Parsing message XML  has done successfully with NPC message id 4498410
18-05-2020 13:57:18.060 DEBUG [http-nio-9090-exec-1]  c.a.v.npc.core.handler.NPCWSHandler.parsingAndUpdatingMessageTimeFrame - Inserting message into Database has done successfully with NPC message id 4498410
18-05-2020 13:57:18.897 DEBUG [http-nio-9090-exec-1]  c.a.v.npc.core.handler.NPCWSHandler.parsingAndUpdatingMessageTimeFrame - Updating time frames for NPC message id 4498410 has done successfully
18-05-2020 13:57:19.125 DEBUG [http-nio-9090-exec-1]  c.a.v.npc.core.handler.NPCWSHandler.parsingAndUpdatingMessageTimeFrame - Parsing message XML  has done successfully with NPC message id 4498411
18-05-2020 13:57:20.088 DEBUG [http-nio-9090-exec-1]  c.a.v.npc.core.handler.NPCWSHandler.parsingAndUpdatingMessageTimeFrame - Inserting message into Database has done successfully with NPC message id 4498411
18-05-2020 13:57:20.747 DEBUG [http-nio-9090-exec-1]  c.a.v.npc.core.handler.NPCWSHandler.parsingAndUpdatingMessageTimeFrame - Updating time frames for NPC message id 4498411 has done successfully
18-05-2020 13:57:21.324 DEBUG [http-nio-9090-exec-1]  c.a.v.npc.core.handler.NPCWSHandler.callUpdatePortDataAndprocessActivationAndDeactivation - Updating port information for NPC message id 4498411 has done successfully
18-05-2020 13:57:21.324 DEBUG [http-nio-9090-exec-1]  c.a.v.npc.core.handler.NPCWSHandler.callUpdatePortDataAndprocessActivationAndDeactivation - The process of inserting into PORT_ACTIVATION_STATUS and PORT_DISCONNECT_STATUS in case of message code is NP_ACTIVATED_STATUS_MESSAGE or NP_DEACT_STATUS for NPC message id 4498411 has completed...
18-05-2020 13:57:21.481 DEBUG [http-nio-9090-exec-1]  c.a.v.npc.core.handler.NPCWSHandler.saveSyncMessage - The process of inserting or removing from SYNC table for NPC message id 4498411 has completed...
18-05-2020 13:57:21.482 DEBUG [http-nio-9090-exec-1]  c.a.v.npc.core.handler.NPCWSHandler.saveSyncMessage - The process of inserting into SYNC History table for NPC message id 4498411 has completed...
18-05-2020 13:57:21.482 DEBUG [http-nio-9090-exec-1]  c.a.v.npc.core.handler.NPCWSHandler.processNPCMessage - Returned Message =success
