20-05-2020 13:01:24.021 INFO  [main]  c.a.v.n.w.NPCWebServiceApplication.logStarting - Starting NPCWebServiceApplication on Mohamed-Hamdy with PID 112448 (started by mohammed.hamdy in C:\Users\mohammed.hamdy\Downloads\Vodafone MNP Deliverables\Src Code\npc-vodafone\vodafone-mnp-webservice)
20-05-2020 13:01:24.048 INFO  [main]  c.a.v.n.w.NPCWebServiceApplication.logStartupProfileInfo - No active profile set, falling back to default profiles: default
20-05-2020 13:01:24.093 INFO  [main]  o.s.b.c.e.AnnotationConfigEmbeddedWebApplicationContext.prepareRefresh - Refreshing org.springframework.boot.context.embedded.AnnotationConfigEmbeddedWebApplicationContext@4a22f9e2: startup date [Wed May 20 13:01:24 EET 2020]; root of context hierarchy
20-05-2020 13:01:24.178 INFO  [background-preinit]  o.h.validator.internal.util.Version.<clinit> - HV000001: Hibernate Validator 5.2.4.Final
20-05-2020 13:01:24.724 INFO  [main]  o.s.c.s.PostProcessorRegistrationDelegate$BeanPostProcessorChecker.postProcessAfterInitialization - Bean 'NPCWebServiceConfig' of type [class com.asset.vodafone.npc.webservice.config.NPCWebServiceConfig$$EnhancerBySpringCGLIB$$8b5d5b1c] is not eligible for getting processed by all BeanPostProcessors (for example: not eligible for auto-proxying)
20-05-2020 13:01:24.729 INFO  [main]  o.s.c.s.PostProcessorRegistrationDelegate$BeanPostProcessorChecker.postProcessAfterInitialization - Bean 'org.springframework.ws.config.annotation.DelegatingWsConfiguration' of type [class org.springframework.ws.config.annotation.DelegatingWsConfiguration$$EnhancerBySpringCGLIB$$f7480d0b] is not eligible for getting processed by all BeanPostProcessors (for example: not eligible for auto-proxying)
20-05-2020 13:01:24.761 INFO  [main]  o.s.w.s.a.s.AnnotationActionEndpointMapping.afterPropertiesSet - Supporting [WS-Addressing August 2004, WS-Addressing 1.0]
20-05-2020 13:01:25.014 INFO  [main]  o.s.b.c.e.t.TomcatEmbeddedServletContainer.initialize - Tomcat initialized with port(s): 9090 (http)
20-05-2020 13:01:25.023 INFO  [main]  o.a.catalina.core.StandardService.log - Starting service Tomcat
20-05-2020 13:01:25.024 INFO  [main]  o.a.catalina.core.StandardEngine.log - Starting Servlet Engine: Apache Tomcat/8.5.6
20-05-2020 13:01:25.092 INFO  [localhost-startStop-1]  o.a.c.c.C.[Tomcat].[localhost].[/].log - Initializing Spring embedded WebApplicationContext
20-05-2020 13:01:25.093 INFO  [localhost-startStop-1]  o.s.web.context.ContextLoader.prepareEmbeddedWebApplicationContext - Root WebApplicationContext: initialization completed in 1000 ms
20-05-2020 13:01:25.241 INFO  [localhost-startStop-1]  o.s.b.w.s.ServletRegistrationBean.onStartup - Mapping servlet: 'messageDispatcherServlet' to [/NPC-SOAP/NPCWebService]
20-05-2020 13:01:25.242 INFO  [localhost-startStop-1]  o.s.b.w.s.ServletRegistrationBean.onStartup - Mapping servlet: 'dispatcherServlet' to [/]
20-05-2020 13:01:25.244 INFO  [localhost-startStop-1]  o.s.b.w.s.FilterRegistrationBean.configure - Mapping filter: 'characterEncodingFilter' to: [/*]
20-05-2020 13:01:25.244 INFO  [localhost-startStop-1]  o.s.b.w.s.FilterRegistrationBean.configure - Mapping filter: 'hiddenHttpMethodFilter' to: [/*]
20-05-2020 13:01:25.244 INFO  [localhost-startStop-1]  o.s.b.w.s.FilterRegistrationBean.configure - Mapping filter: 'httpPutFormContentFilter' to: [/*]
20-05-2020 13:01:25.245 INFO  [localhost-startStop-1]  o.s.b.w.s.FilterRegistrationBean.configure - Mapping filter: 'requestContextFilter' to: [/*]
20-05-2020 13:01:25.477 INFO  [main]  o.s.w.s.m.m.a.RequestMappingHandlerAdapter.initControllerAdviceCache - Looking for @ControllerAdvice: org.springframework.boot.context.embedded.AnnotationConfigEmbeddedWebApplicationContext@4a22f9e2: startup date [Wed May 20 13:01:24 EET 2020]; root of context hierarchy
20-05-2020 13:01:25.515 INFO  [main]  o.s.w.s.m.m.a.RequestMappingHandlerMapping.register - Mapped "{[/error]}" onto public org.springframework.http.ResponseEntity<java.util.Map<java.lang.String, java.lang.Object>> org.springframework.boot.autoconfigure.web.BasicErrorController.error(javax.servlet.http.HttpServletRequest)
20-05-2020 13:01:25.515 INFO  [main]  o.s.w.s.m.m.a.RequestMappingHandlerMapping.register - Mapped "{[/error],produces=[text/html]}" onto public org.springframework.web.servlet.ModelAndView org.springframework.boot.autoconfigure.web.BasicErrorController.errorHtml(javax.servlet.http.HttpServletRequest,javax.servlet.http.HttpServletResponse)
20-05-2020 13:01:25.536 INFO  [main]  o.s.w.s.h.SimpleUrlHandlerMapping.registerHandler - Mapped URL path [/webjars/**] onto handler of type [class org.springframework.web.servlet.resource.ResourceHttpRequestHandler]
20-05-2020 13:01:25.537 INFO  [main]  o.s.w.s.h.SimpleUrlHandlerMapping.registerHandler - Mapped URL path [/**] onto handler of type [class org.springframework.web.servlet.resource.ResourceHttpRequestHandler]
20-05-2020 13:01:25.563 INFO  [main]  o.s.w.s.h.SimpleUrlHandlerMapping.registerHandler - Mapped URL path [/**/favicon.ico] onto handler of type [class org.springframework.web.servlet.resource.ResourceHttpRequestHandler]
20-05-2020 13:01:25.671 INFO  [main]  o.s.j.e.a.AnnotationMBeanExporter.afterSingletonsInstantiated - Registering beans for JMX exposure on startup
20-05-2020 13:01:25.680 INFO  [main]  o.a.coyote.http11.Http11NioProtocol.log - Initializing ProtocolHandler ["http-nio-9090"]
20-05-2020 13:01:25.688 INFO  [main]  o.a.coyote.http11.Http11NioProtocol.log - Starting ProtocolHandler [http-nio-9090]
20-05-2020 13:01:25.700 INFO  [main]  o.a.tomcat.util.net.NioSelectorPool.log - Using a shared selector for servlet write/read
20-05-2020 13:01:25.711 INFO  [main]  o.s.b.c.e.t.TomcatEmbeddedServletContainer.start - Tomcat started on port(s): 9090 (http)
20-05-2020 13:01:25.715 INFO  [main]  c.a.v.n.w.NPCWebServiceApplication.logStarted - Started NPCWebServiceApplication in 1.977 seconds (JVM running for 2.874)
20-05-2020 13:01:43.571 INFO  [http-nio-9090-exec-1]  o.a.c.c.C.[Tomcat].[localhost].[/].log - Initializing Spring FrameworkServlet 'messageDispatcherServlet'
20-05-2020 13:01:43.572 INFO  [http-nio-9090-exec-1]  o.s.w.t.h.MessageDispatcherServlet.initServletBean - FrameworkServlet 'messageDispatcherServlet': initialization started
20-05-2020 13:01:43.574 INFO  [http-nio-9090-exec-1]  o.s.w.s.saaj.SaajSoapMessageFactory.afterPropertiesSet - Creating SAAJ 1.3 MessageFactory with SOAP 1.1 Protocol
20-05-2020 13:01:43.583 INFO  [http-nio-9090-exec-1]  o.s.w.t.h.MessageDispatcherServlet.initServletBean - FrameworkServlet 'messageDispatcherServlet': initialization completed in 11 ms
20-05-2020 13:01:43.676 INFO  [http-nio-9090-exec-1]  c.a.v.npc.core.handler.NPCWSHandler.processNPCMessage - Start Validation connection with web service for user : voda
20-05-2020 13:01:43.679 INFO  [http-nio-9090-exec-1]  c.a.v.npc.core.handler.NPCWSHandler.processNPCMessage - Validating service has been done successully for user : voda
20-05-2020 13:01:45.432 INFO  [http-nio-9090-exec-1]  c.a.v.npc.core.handler.NPCWSHandler.processNPCMessage - Start Parsing Received Message from user :voda
20-05-2020 13:01:47.341 INFO  [http-nio-9090-exec-1]  c.a.v.npc.core.handler.NPCWSHandler.processNPCMessage - Start Updating Port Data and Process Activation
20-05-2020 13:01:48.075 INFO  [http-nio-9090-exec-1]  c.a.v.npc.core.handler.NPCWSHandler.processNPCMessage - The process of inserting into PORT_ACTIVATION_STATUS and PORT_DISCONNECT_STATUS in case of message code is NP_ACTIVATED_STATUS_MESSAGE or NP_DEACT_STATUS  has completed Successfully
20-05-2020 13:01:48.075 INFO  [http-nio-9090-exec-1]  c.a.v.npc.core.handler.NPCWSHandler.processNPCMessage - Starting Save Sync Messages Process
20-05-2020 13:01:48.520 INFO  [http-nio-9090-exec-1]  c.a.v.npc.core.handler.NPCWSHandler.processNPCMessage - Process of Saving Sync Messages has done Successfully
20-05-2020 13:26:43.494 INFO  [RMI TCP Connection(8)-127.0.0.1]  o.s.b.a.SpringApplicationAdminMXBeanRegistrar$SpringApplicationAdmin.shutdown - Application shutdown requested.
20-05-2020 13:26:43.495 INFO  [RMI TCP Connection(8)-127.0.0.1]  o.s.b.c.e.AnnotationConfigEmbeddedWebApplicationContext.doClose - Closing org.springframework.boot.context.embedded.AnnotationConfigEmbeddedWebApplicationContext@4a22f9e2: startup date [Wed May 20 13:01:24 EET 2020]; root of context hierarchy
20-05-2020 13:26:43.496 INFO  [RMI TCP Connection(8)-127.0.0.1]  o.s.j.e.a.AnnotationMBeanExporter.destroy - Unregistering JMX-exposed beans on shutdown
20-05-2020 13:27:19.551 INFO  [main]  c.a.v.n.w.NPCWebServiceApplication.logStarting - Starting NPCWebServiceApplication on Mohamed-Hamdy with PID 111980 (started by mohammed.hamdy in C:\Users\mohammed.hamdy\Downloads\Vodafone MNP Deliverables\Src Code\npc-vodafone\vodafone-mnp-webservice)
20-05-2020 13:27:19.553 INFO  [main]  c.a.v.n.w.NPCWebServiceApplication.logStartupProfileInfo - No active profile set, falling back to default profiles: default
20-05-2020 13:27:19.576 INFO  [main]  o.s.b.c.e.AnnotationConfigEmbeddedWebApplicationContext.prepareRefresh - Refreshing org.springframework.boot.context.embedded.AnnotationConfigEmbeddedWebApplicationContext@4a22f9e2: startup date [Wed May 20 13:27:19 EET 2020]; root of context hierarchy
20-05-2020 13:27:19.657 INFO  [background-preinit]  o.h.validator.internal.util.Version.<clinit> - HV000001: Hibernate Validator 5.2.4.Final
20-05-2020 13:27:20.083 INFO  [main]  o.s.c.s.PostProcessorRegistrationDelegate$BeanPostProcessorChecker.postProcessAfterInitialization - Bean 'NPCWebServiceConfig' of type [class com.asset.vodafone.npc.webservice.config.NPCWebServiceConfig$$EnhancerBySpringCGLIB$$9d1f7423] is not eligible for getting processed by all BeanPostProcessors (for example: not eligible for auto-proxying)
20-05-2020 13:27:20.087 INFO  [main]  o.s.c.s.PostProcessorRegistrationDelegate$BeanPostProcessorChecker.postProcessAfterInitialization - Bean 'org.springframework.ws.config.annotation.DelegatingWsConfiguration' of type [class org.springframework.ws.config.annotation.DelegatingWsConfiguration$$EnhancerBySpringCGLIB$$90a2612] is not eligible for getting processed by all BeanPostProcessors (for example: not eligible for auto-proxying)
20-05-2020 13:27:20.148 INFO  [main]  o.s.w.s.a.s.AnnotationActionEndpointMapping.afterPropertiesSet - Supporting [WS-Addressing August 2004, WS-Addressing 1.0]
20-05-2020 13:27:20.402 INFO  [main]  o.s.b.c.e.t.TomcatEmbeddedServletContainer.initialize - Tomcat initialized with port(s): 9090 (http)
20-05-2020 13:27:20.409 INFO  [main]  o.a.catalina.core.StandardService.log - Starting service Tomcat
20-05-2020 13:27:20.409 INFO  [main]  o.a.catalina.core.StandardEngine.log - Starting Servlet Engine: Apache Tomcat/8.5.6
20-05-2020 13:27:20.463 INFO  [localhost-startStop-1]  o.a.c.c.C.[Tomcat].[localhost].[/].log - Initializing Spring embedded WebApplicationContext
20-05-2020 13:27:20.463 INFO  [localhost-startStop-1]  o.s.web.context.ContextLoader.prepareEmbeddedWebApplicationContext - Root WebApplicationContext: initialization completed in 887 ms
20-05-2020 13:27:20.589 INFO  [localhost-startStop-1]  o.s.b.w.s.ServletRegistrationBean.onStartup - Mapping servlet: 'messageDispatcherServlet' to [/NPC-SOAP/NPCWebService]
20-05-2020 13:27:20.590 INFO  [localhost-startStop-1]  o.s.b.w.s.ServletRegistrationBean.onStartup - Mapping servlet: 'dispatcherServlet' to [/]
20-05-2020 13:27:20.593 INFO  [localhost-startStop-1]  o.s.b.w.s.FilterRegistrationBean.configure - Mapping filter: 'characterEncodingFilter' to: [/*]
20-05-2020 13:27:20.594 INFO  [localhost-startStop-1]  o.s.b.w.s.FilterRegistrationBean.configure - Mapping filter: 'hiddenHttpMethodFilter' to: [/*]
20-05-2020 13:27:20.595 INFO  [localhost-startStop-1]  o.s.b.w.s.FilterRegistrationBean.configure - Mapping filter: 'httpPutFormContentFilter' to: [/*]
20-05-2020 13:27:20.595 INFO  [localhost-startStop-1]  o.s.b.w.s.FilterRegistrationBean.configure - Mapping filter: 'requestContextFilter' to: [/*]
20-05-2020 13:27:20.813 INFO  [main]  o.s.w.s.m.m.a.RequestMappingHandlerAdapter.initControllerAdviceCache - Looking for @ControllerAdvice: org.springframework.boot.context.embedded.AnnotationConfigEmbeddedWebApplicationContext@4a22f9e2: startup date [Wed May 20 13:27:19 EET 2020]; root of context hierarchy
20-05-2020 13:27:20.852 INFO  [main]  o.s.w.s.m.m.a.RequestMappingHandlerMapping.register - Mapped "{[/error]}" onto public org.springframework.http.ResponseEntity<java.util.Map<java.lang.String, java.lang.Object>> org.springframework.boot.autoconfigure.web.BasicErrorController.error(javax.servlet.http.HttpServletRequest)
20-05-2020 13:27:20.853 INFO  [main]  o.s.w.s.m.m.a.RequestMappingHandlerMapping.register - Mapped "{[/error],produces=[text/html]}" onto public org.springframework.web.servlet.ModelAndView org.springframework.boot.autoconfigure.web.BasicErrorController.errorHtml(javax.servlet.http.HttpServletRequest,javax.servlet.http.HttpServletResponse)
20-05-2020 13:27:20.875 INFO  [main]  o.s.w.s.h.SimpleUrlHandlerMapping.registerHandler - Mapped URL path [/webjars/**] onto handler of type [class org.springframework.web.servlet.resource.ResourceHttpRequestHandler]
20-05-2020 13:27:20.875 INFO  [main]  o.s.w.s.h.SimpleUrlHandlerMapping.registerHandler - Mapped URL path [/**] onto handler of type [class org.springframework.web.servlet.resource.ResourceHttpRequestHandler]
20-05-2020 13:27:20.898 INFO  [main]  o.s.w.s.h.SimpleUrlHandlerMapping.registerHandler - Mapped URL path [/**/favicon.ico] onto handler of type [class org.springframework.web.servlet.resource.ResourceHttpRequestHandler]
20-05-2020 13:27:20.991 INFO  [main]  o.s.j.e.a.AnnotationMBeanExporter.afterSingletonsInstantiated - Registering beans for JMX exposure on startup
20-05-2020 13:27:21.000 INFO  [main]  o.a.coyote.http11.Http11NioProtocol.log - Initializing ProtocolHandler ["http-nio-9090"]
20-05-2020 13:27:21.005 INFO  [main]  o.a.coyote.http11.Http11NioProtocol.log - Starting ProtocolHandler [http-nio-9090]
20-05-2020 13:27:21.014 INFO  [main]  o.a.tomcat.util.net.NioSelectorPool.log - Using a shared selector for servlet write/read
20-05-2020 13:27:21.023 INFO  [main]  o.s.b.c.e.t.TomcatEmbeddedServletContainer.start - Tomcat started on port(s): 9090 (http)
20-05-2020 13:27:21.026 INFO  [main]  c.a.v.n.w.NPCWebServiceApplication.logStarted - Started NPCWebServiceApplication in 1.674 seconds (JVM running for 2.569)
20-05-2020 13:28:02.661 INFO  [http-nio-9090-exec-1]  o.a.c.c.C.[Tomcat].[localhost].[/].log - Initializing Spring FrameworkServlet 'messageDispatcherServlet'
20-05-2020 13:28:02.661 INFO  [http-nio-9090-exec-1]  o.s.w.t.h.MessageDispatcherServlet.initServletBean - FrameworkServlet 'messageDispatcherServlet': initialization started
20-05-2020 13:28:02.663 INFO  [http-nio-9090-exec-1]  o.s.w.s.saaj.SaajSoapMessageFactory.afterPropertiesSet - Creating SAAJ 1.3 MessageFactory with SOAP 1.1 Protocol
20-05-2020 13:28:02.673 INFO  [http-nio-9090-exec-1]  o.s.w.t.h.MessageDispatcherServlet.initServletBean - FrameworkServlet 'messageDispatcherServlet': initialization completed in 12 ms
20-05-2020 13:28:02.764 INFO  [http-nio-9090-exec-1]  c.a.v.npc.core.handler.NPCWSHandler.processNPCMessage - Start Validation connection with web service for user : voda
20-05-2020 13:28:02.768 INFO  [http-nio-9090-exec-1]  c.a.v.npc.core.handler.NPCWSHandler.processNPCMessage - Validating service has been done successully for user : voda
20-05-2020 13:28:05.218 INFO  [http-nio-9090-exec-1]  c.a.v.npc.core.handler.NPCWSHandler.processNPCMessage - Start Parsing Received Message from user :voda
20-05-2020 13:28:07.049 INFO  [http-nio-9090-exec-1]  c.a.v.npc.core.handler.NPCWSHandler.processNPCMessage - Start Updating Port Data and Process Activation
20-05-2020 13:28:07.493 INFO  [http-nio-9090-exec-1]  c.a.v.npc.core.handler.NPCWSHandler.processNPCMessage - The process of inserting into PORT_ACTIVATION_STATUS and PORT_DISCONNECT_STATUS in case of message code is NP_ACTIVATED_STATUS_MESSAGE or NP_DEACT_STATUS  has completed Successfully
20-05-2020 13:28:07.493 INFO  [http-nio-9090-exec-1]  c.a.v.npc.core.handler.NPCWSHandler.processNPCMessage - Starting Save Sync Messages Process
20-05-2020 13:28:07.926 INFO  [http-nio-9090-exec-1]  c.a.v.npc.core.handler.NPCWSHandler.processNPCMessage - Process of Saving Sync Messages has done Successfully
20-05-2020 13:29:37.440 INFO  [http-nio-9090-exec-3]  c.a.v.npc.core.handler.NPCWSHandler.processNPCMessage - Start Validation connection with web service for user : voda
20-05-2020 13:29:37.441 INFO  [http-nio-9090-exec-3]  c.a.v.npc.core.handler.NPCWSHandler.processNPCMessage - Validating service has been done successully for user : voda
20-05-2020 13:29:37.442 INFO  [http-nio-9090-exec-3]  c.a.v.npc.core.handler.NPCWSHandler.processNPCMessage - Start Parsing Received Message from user :voda
20-05-2020 13:29:39.419 INFO  [http-nio-9090-exec-3]  c.a.v.npc.core.handler.NPCWSHandler.processNPCMessage - Start Updating Port Data and Process Activation
20-05-2020 13:29:39.835 INFO  [http-nio-9090-exec-3]  c.a.v.npc.core.handler.NPCWSHandler.processNPCMessage - The process of inserting into PORT_ACTIVATION_STATUS and PORT_DISCONNECT_STATUS in case of message code is NP_ACTIVATED_STATUS_MESSAGE or NP_DEACT_STATUS  has completed Successfully
20-05-2020 13:29:39.836 INFO  [http-nio-9090-exec-3]  c.a.v.npc.core.handler.NPCWSHandler.processNPCMessage - Starting Save Sync Messages Process
20-05-2020 13:29:40.117 INFO  [http-nio-9090-exec-3]  c.a.v.npc.core.handler.NPCWSHandler.processNPCMessage - Process of Saving Sync Messages has done Successfully
20-05-2020 15:03:05.863 INFO  [http-nio-9090-exec-5]  c.a.v.npc.core.handler.NPCWSHandler.processNPCMessage - Start Validation connection with web service for user : voda
20-05-2020 15:03:05.865 INFO  [http-nio-9090-exec-5]  c.a.v.npc.core.handler.NPCWSHandler.processNPCMessage - Validating service has been done successully for user : voda
20-05-2020 15:03:05.866 INFO  [http-nio-9090-exec-5]  c.a.v.npc.core.handler.NPCWSHandler.processNPCMessage - Start Parsing Received Message from user :voda
20-05-2020 15:03:24.276 INFO  [http-nio-9090-exec-6]  c.a.v.npc.core.handler.NPCWSHandler.processNPCMessage - Start Validation connection with web service for user : voda
20-05-2020 15:03:24.277 INFO  [http-nio-9090-exec-6]  c.a.v.npc.core.handler.NPCWSHandler.processNPCMessage - Validating service has been done successully for user : voda
20-05-2020 15:03:25.737 INFO  [http-nio-9090-exec-6]  c.a.v.npc.core.handler.NPCWSHandler.processNPCMessage - Start Parsing Received Message from user :voda
20-05-2020 15:03:26.937 INFO  [http-nio-9090-exec-6]  c.a.v.npc.core.handler.NPCWSHandler.processNPCMessage - Start Updating Port Data and Process Activation
20-05-2020 15:03:27.402 INFO  [http-nio-9090-exec-6]  c.a.v.npc.core.handler.NPCWSHandler.processNPCMessage - The process of inserting into PORT_ACTIVATION_STATUS and PORT_DISCONNECT_STATUS in case of message code is NP_ACTIVATED_STATUS_MESSAGE or NP_DEACT_STATUS  has completed Successfully
20-05-2020 15:03:27.403 INFO  [http-nio-9090-exec-6]  c.a.v.npc.core.handler.NPCWSHandler.processNPCMessage - Starting Save Sync Messages Process
20-05-2020 15:03:27.560 INFO  [http-nio-9090-exec-6]  c.a.v.npc.core.handler.NPCWSHandler.processNPCMessage - Process of Saving Sync Messages has done Successfully
20-05-2020 15:05:37.068 INFO  [http-nio-9090-exec-8]  c.a.v.npc.core.handler.NPCWSHandler.processNPCMessage - Start Validation connection with web service for user : voda
20-05-2020 15:05:37.069 INFO  [http-nio-9090-exec-8]  c.a.v.npc.core.handler.NPCWSHandler.processNPCMessage - Validating service has been done successully for user : voda
20-05-2020 15:05:37.071 INFO  [http-nio-9090-exec-8]  c.a.v.npc.core.handler.NPCWSHandler.processNPCMessage - Start Parsing Received Message from user :voda
20-05-2020 15:05:39.453 INFO  [http-nio-9090-exec-8]  c.a.v.npc.core.handler.NPCWSHandler.processNPCMessage - Start Updating Port Data and Process Activation
20-05-2020 15:05:40.081 INFO  [http-nio-9090-exec-8]  c.a.v.npc.core.handler.NPCWSHandler.processNPCMessage - The process of inserting into PORT_ACTIVATION_STATUS and PORT_DISCONNECT_STATUS in case of message code is NP_ACTIVATED_STATUS_MESSAGE or NP_DEACT_STATUS  has completed Successfully
20-05-2020 15:05:40.081 INFO  [http-nio-9090-exec-8]  c.a.v.npc.core.handler.NPCWSHandler.processNPCMessage - Starting Save Sync Messages Process
20-05-2020 15:05:40.243 INFO  [http-nio-9090-exec-8]  c.a.v.npc.core.handler.NPCWSHandler.processNPCMessage - Process of Saving Sync Messages has done Successfully
20-05-2020 15:07:01.724 INFO  [http-nio-9090-exec-10]  c.a.v.npc.core.handler.NPCWSHandler.processNPCMessage - Start Validation connection with web service for user : voda
20-05-2020 15:07:01.725 INFO  [http-nio-9090-exec-10]  c.a.v.npc.core.handler.NPCWSHandler.processNPCMessage - Validating service has been done successully for user : voda
20-05-2020 15:07:01.727 INFO  [http-nio-9090-exec-10]  c.a.v.npc.core.handler.NPCWSHandler.processNPCMessage - Start Parsing Received Message from user :voda
20-05-2020 15:07:03.129 INFO  [http-nio-9090-exec-10]  c.a.v.npc.core.handler.NPCWSHandler.processNPCMessage - Start Updating Port Data and Process Activation
20-05-2020 15:07:03.575 INFO  [http-nio-9090-exec-10]  c.a.v.npc.core.handler.NPCWSHandler.processNPCMessage - The process of inserting into PORT_ACTIVATION_STATUS and PORT_DISCONNECT_STATUS in case of message code is NP_ACTIVATED_STATUS_MESSAGE or NP_DEACT_STATUS  has completed Successfully
20-05-2020 15:07:03.575 INFO  [http-nio-9090-exec-10]  c.a.v.npc.core.handler.NPCWSHandler.processNPCMessage - Starting Save Sync Messages Process
20-05-2020 15:07:03.724 INFO  [http-nio-9090-exec-10]  c.a.v.npc.core.handler.NPCWSHandler.processNPCMessage - Process of Saving Sync Messages has done Successfully
20-05-2020 16:49:38.140 INFO  [RMI TCP Connection(4)-127.0.0.1]  o.s.b.a.SpringApplicationAdminMXBeanRegistrar$SpringApplicationAdmin.shutdown - Application shutdown requested.
20-05-2020 16:49:38.143 INFO  [RMI TCP Connection(4)-127.0.0.1]  o.s.b.c.e.AnnotationConfigEmbeddedWebApplicationContext.doClose - Closing org.springframework.boot.context.embedded.AnnotationConfigEmbeddedWebApplicationContext@4a22f9e2: startup date [Wed May 20 13:27:19 EET 2020]; root of context hierarchy
20-05-2020 16:49:38.154 INFO  [RMI TCP Connection(4)-127.0.0.1]  o.s.j.e.a.AnnotationMBeanExporter.destroy - Unregistering JMX-exposed beans on shutdown
20-05-2020 17:42:32.061 INFO  [main]  c.a.v.n.w.NPCWebServiceApplication.logStarting - Starting NPCWebServiceApplication on Mohamed-Hamdy with PID 130948 (started by mohammed.hamdy in C:\Users\mohammed.hamdy\Downloads\Vodafone MNP Deliverables\Src Code\npc-vodafone\vodafone-mnp-webservice)
20-05-2020 17:42:32.064 INFO  [main]  c.a.v.n.w.NPCWebServiceApplication.logStartupProfileInfo - No active profile set, falling back to default profiles: default
20-05-2020 17:42:32.097 INFO  [main]  o.s.b.c.e.AnnotationConfigEmbeddedWebApplicationContext.prepareRefresh - Refreshing org.springframework.boot.context.embedded.AnnotationConfigEmbeddedWebApplicationContext@48e4374: startup date [Wed May 20 17:42:32 EET 2020]; root of context hierarchy
20-05-2020 17:42:32.159 INFO  [background-preinit]  o.h.validator.internal.util.Version.<clinit> - HV000001: Hibernate Validator 5.2.4.Final
20-05-2020 17:42:32.583 INFO  [main]  o.s.c.s.PostProcessorRegistrationDelegate$BeanPostProcessorChecker.postProcessAfterInitialization - Bean 'NPCWebServiceConfig' of type [class com.asset.vodafone.npc.webservice.config.NPCWebServiceConfig$$EnhancerBySpringCGLIB$$bf0c7411] is not eligible for getting processed by all BeanPostProcessors (for example: not eligible for auto-proxying)
20-05-2020 17:42:32.587 INFO  [main]  o.s.c.s.PostProcessorRegistrationDelegate$BeanPostProcessorChecker.postProcessAfterInitialization - Bean 'org.springframework.ws.config.annotation.DelegatingWsConfiguration' of type [class org.springframework.ws.config.annotation.DelegatingWsConfiguration$$EnhancerBySpringCGLIB$$2af72600] is not eligible for getting processed by all BeanPostProcessors (for example: not eligible for auto-proxying)
20-05-2020 17:42:32.612 INFO  [main]  o.s.w.s.a.s.AnnotationActionEndpointMapping.afterPropertiesSet - Supporting [WS-Addressing August 2004, WS-Addressing 1.0]
20-05-2020 17:42:32.820 INFO  [main]  o.s.b.c.e.t.TomcatEmbeddedServletContainer.initialize - Tomcat initialized with port(s): 9090 (http)
20-05-2020 17:42:32.826 INFO  [main]  o.a.catalina.core.StandardService.log - Starting service Tomcat
20-05-2020 17:42:32.827 INFO  [main]  o.a.catalina.core.StandardEngine.log - Starting Servlet Engine: Apache Tomcat/8.5.6
20-05-2020 17:42:32.877 INFO  [localhost-startStop-1]  o.a.c.c.C.[Tomcat].[localhost].[/].log - Initializing Spring embedded WebApplicationContext
20-05-2020 17:42:32.877 INFO  [localhost-startStop-1]  o.s.web.context.ContextLoader.prepareEmbeddedWebApplicationContext - Root WebApplicationContext: initialization completed in 780 ms
20-05-2020 17:42:32.994 INFO  [localhost-startStop-1]  o.s.b.w.s.ServletRegistrationBean.onStartup - Mapping servlet: 'messageDispatcherServlet' to [/NPC-SOAP/NPCWebService]
20-05-2020 17:42:32.995 INFO  [localhost-startStop-1]  o.s.b.w.s.ServletRegistrationBean.onStartup - Mapping servlet: 'dispatcherServlet' to [/]
20-05-2020 17:42:32.997 INFO  [localhost-startStop-1]  o.s.b.w.s.FilterRegistrationBean.configure - Mapping filter: 'characterEncodingFilter' to: [/*]
20-05-2020 17:42:32.997 INFO  [localhost-startStop-1]  o.s.b.w.s.FilterRegistrationBean.configure - Mapping filter: 'hiddenHttpMethodFilter' to: [/*]
20-05-2020 17:42:32.998 INFO  [localhost-startStop-1]  o.s.b.w.s.FilterRegistrationBean.configure - Mapping filter: 'httpPutFormContentFilter' to: [/*]
20-05-2020 17:42:32.998 INFO  [localhost-startStop-1]  o.s.b.w.s.FilterRegistrationBean.configure - Mapping filter: 'requestContextFilter' to: [/*]
20-05-2020 17:42:33.195 INFO  [main]  o.s.w.s.m.m.a.RequestMappingHandlerAdapter.initControllerAdviceCache - Looking for @ControllerAdvice: org.springframework.boot.context.embedded.AnnotationConfigEmbeddedWebApplicationContext@48e4374: startup date [Wed May 20 17:42:32 EET 2020]; root of context hierarchy
20-05-2020 17:42:33.243 INFO  [main]  o.s.w.s.m.m.a.RequestMappingHandlerMapping.register - Mapped "{[/error]}" onto public org.springframework.http.ResponseEntity<java.util.Map<java.lang.String, java.lang.Object>> org.springframework.boot.autoconfigure.web.BasicErrorController.error(javax.servlet.http.HttpServletRequest)
20-05-2020 17:42:33.244 INFO  [main]  o.s.w.s.m.m.a.RequestMappingHandlerMapping.register - Mapped "{[/error],produces=[text/html]}" onto public org.springframework.web.servlet.ModelAndView org.springframework.boot.autoconfigure.web.BasicErrorController.errorHtml(javax.servlet.http.HttpServletRequest,javax.servlet.http.HttpServletResponse)
20-05-2020 17:42:33.261 INFO  [main]  o.s.w.s.h.SimpleUrlHandlerMapping.registerHandler - Mapped URL path [/webjars/**] onto handler of type [class org.springframework.web.servlet.resource.ResourceHttpRequestHandler]
20-05-2020 17:42:33.262 INFO  [main]  o.s.w.s.h.SimpleUrlHandlerMapping.registerHandler - Mapped URL path [/**] onto handler of type [class org.springframework.web.servlet.resource.ResourceHttpRequestHandler]
20-05-2020 17:42:33.284 INFO  [main]  o.s.w.s.h.SimpleUrlHandlerMapping.registerHandler - Mapped URL path [/**/favicon.ico] onto handler of type [class org.springframework.web.servlet.resource.ResourceHttpRequestHandler]
20-05-2020 17:42:33.366 INFO  [main]  o.s.j.e.a.AnnotationMBeanExporter.afterSingletonsInstantiated - Registering beans for JMX exposure on startup
20-05-2020 17:42:33.374 INFO  [main]  o.a.coyote.http11.Http11NioProtocol.log - Initializing ProtocolHandler ["http-nio-9090"]
20-05-2020 17:42:33.379 INFO  [main]  o.a.coyote.http11.Http11NioProtocol.log - Starting ProtocolHandler [http-nio-9090]
20-05-2020 17:42:33.388 INFO  [main]  o.a.tomcat.util.net.NioSelectorPool.log - Using a shared selector for servlet write/read
20-05-2020 17:42:33.398 INFO  [main]  o.s.b.c.e.t.TomcatEmbeddedServletContainer.start - Tomcat started on port(s): 9090 (http)
20-05-2020 17:42:33.401 INFO  [main]  c.a.v.n.w.NPCWebServiceApplication.logStarted - Started NPCWebServiceApplication in 1.534 seconds (JVM running for 2.394)
20-05-2020 17:42:39.021 INFO  [http-nio-9090-exec-1]  o.a.c.c.C.[Tomcat].[localhost].[/].log - Initializing Spring FrameworkServlet 'messageDispatcherServlet'
20-05-2020 17:42:39.021 INFO  [http-nio-9090-exec-1]  o.s.w.t.h.MessageDispatcherServlet.initServletBean - FrameworkServlet 'messageDispatcherServlet': initialization started
20-05-2020 17:42:39.023 INFO  [http-nio-9090-exec-1]  o.s.w.s.saaj.SaajSoapMessageFactory.afterPropertiesSet - Creating SAAJ 1.3 MessageFactory with SOAP 1.1 Protocol
20-05-2020 17:42:39.032 INFO  [http-nio-9090-exec-1]  o.s.w.t.h.MessageDispatcherServlet.initServletBean - FrameworkServlet 'messageDispatcherServlet': initialization completed in 10 ms
20-05-2020 17:42:39.117 INFO  [http-nio-9090-exec-1]  c.a.v.npc.core.handler.NPCWSHandler.processNPCMessage - Start Validation connection with web service for user : voda
20-05-2020 17:42:39.120 INFO  [http-nio-9090-exec-1]  c.a.v.npc.core.handler.NPCWSHandler.processNPCMessage - Validating service has been done successully for user : voda
20-05-2020 17:47:46.907 INFO  [http-nio-9090-exec-3]  c.a.v.npc.core.handler.NPCWSHandler.processNPCMessage - Start Validation connection with web service for user : voda
20-05-2020 17:47:46.908 INFO  [http-nio-9090-exec-3]  c.a.v.npc.core.handler.NPCWSHandler.processNPCMessage - Validating service has been done successully for user : voda
20-05-2020 17:47:48.327 INFO  [http-nio-9090-exec-3]  c.a.v.npc.core.handler.NPCWSHandler.processNPCMessage - Start Parsing Received Message from user :voda
20-05-2020 17:48:13.971 INFO  [http-nio-9090-exec-4]  c.a.v.npc.core.handler.NPCWSHandler.processNPCMessage - Start Validation connection with web service for user : voda
20-05-2020 17:48:13.972 INFO  [http-nio-9090-exec-4]  c.a.v.npc.core.handler.NPCWSHandler.processNPCMessage - Validating service has been done successully for user : voda
20-05-2020 17:48:15.399 INFO  [http-nio-9090-exec-4]  c.a.v.npc.core.handler.NPCWSHandler.processNPCMessage - Start Parsing Received Message from user :voda
20-05-2020 17:59:02.462 INFO  [RMI TCP Connection(6)-127.0.0.1]  o.s.b.a.SpringApplicationAdminMXBeanRegistrar$SpringApplicationAdmin.shutdown - Application shutdown requested.
20-05-2020 17:59:02.463 INFO  [RMI TCP Connection(6)-127.0.0.1]  o.s.b.c.e.AnnotationConfigEmbeddedWebApplicationContext.doClose - Closing org.springframework.boot.context.embedded.AnnotationConfigEmbeddedWebApplicationContext@48e4374: startup date [Wed May 20 17:42:32 EET 2020]; root of context hierarchy
20-05-2020 17:59:02.464 INFO  [RMI TCP Connection(6)-127.0.0.1]  o.s.j.e.a.AnnotationMBeanExporter.destroy - Unregistering JMX-exposed beans on shutdown
20-05-2020 18:10:27.472 INFO  [main]  c.a.v.n.w.NPCWebServiceApplication.logStarting - Starting NPCWebServiceApplication on Mohamed-Hamdy with PID 13808 (started by mohammed.hamdy in C:\Users\mohammed.hamdy\Downloads\Vodafone MNP Deliverables\Src Code\npc-vodafone\vodafone-mnp-webservice)
20-05-2020 18:10:27.476 INFO  [main]  c.a.v.n.w.NPCWebServiceApplication.logStartupProfileInfo - No active profile set, falling back to default profiles: default
20-05-2020 18:10:27.546 INFO  [main]  o.s.b.c.e.AnnotationConfigEmbeddedWebApplicationContext.prepareRefresh - Refreshing org.springframework.boot.context.embedded.AnnotationConfigEmbeddedWebApplicationContext@4a22f9e2: startup date [Wed May 20 18:10:27 EET 2020]; root of context hierarchy
20-05-2020 18:10:27.787 INFO  [background-preinit]  o.h.validator.internal.util.Version.<clinit> - HV000001: Hibernate Validator 5.2.4.Final
20-05-2020 18:10:28.443 INFO  [main]  o.s.c.s.PostProcessorRegistrationDelegate$BeanPostProcessorChecker.postProcessAfterInitialization - Bean 'NPCWebServiceConfig' of type [class com.asset.vodafone.npc.webservice.config.NPCWebServiceConfig$$EnhancerBySpringCGLIB$$9d1f7423] is not eligible for getting processed by all BeanPostProcessors (for example: not eligible for auto-proxying)
20-05-2020 18:10:28.450 INFO  [main]  o.s.c.s.PostProcessorRegistrationDelegate$BeanPostProcessorChecker.postProcessAfterInitialization - Bean 'org.springframework.ws.config.annotation.DelegatingWsConfiguration' of type [class org.springframework.ws.config.annotation.DelegatingWsConfiguration$$EnhancerBySpringCGLIB$$90a2612] is not eligible for getting processed by all BeanPostProcessors (for example: not eligible for auto-proxying)
20-05-2020 18:10:28.541 INFO  [main]  o.s.w.s.a.s.AnnotationActionEndpointMapping.afterPropertiesSet - Supporting [WS-Addressing August 2004, WS-Addressing 1.0]
20-05-2020 18:10:28.943 INFO  [main]  o.s.b.c.e.t.TomcatEmbeddedServletContainer.initialize - Tomcat initialized with port(s): 9090 (http)
20-05-2020 18:10:28.955 INFO  [main]  o.a.catalina.core.StandardService.log - Starting service Tomcat
20-05-2020 18:10:28.956 INFO  [main]  o.a.catalina.core.StandardEngine.log - Starting Servlet Engine: Apache Tomcat/8.5.6
20-05-2020 18:10:29.048 INFO  [localhost-startStop-1]  o.a.c.c.C.[Tomcat].[localhost].[/].log - Initializing Spring embedded WebApplicationContext
20-05-2020 18:10:29.049 INFO  [localhost-startStop-1]  o.s.web.context.ContextLoader.prepareEmbeddedWebApplicationContext - Root WebApplicationContext: initialization completed in 1503 ms
20-05-2020 18:10:29.226 INFO  [localhost-startStop-1]  o.s.b.w.s.ServletRegistrationBean.onStartup - Mapping servlet: 'messageDispatcherServlet' to [/NPC-SOAP/NPCWebService]
20-05-2020 18:10:29.228 INFO  [localhost-startStop-1]  o.s.b.w.s.ServletRegistrationBean.onStartup - Mapping servlet: 'dispatcherServlet' to [/]
20-05-2020 18:10:29.231 INFO  [localhost-startStop-1]  o.s.b.w.s.FilterRegistrationBean.configure - Mapping filter: 'characterEncodingFilter' to: [/*]
20-05-2020 18:10:29.232 INFO  [localhost-startStop-1]  o.s.b.w.s.FilterRegistrationBean.configure - Mapping filter: 'hiddenHttpMethodFilter' to: [/*]
20-05-2020 18:10:29.232 INFO  [localhost-startStop-1]  o.s.b.w.s.FilterRegistrationBean.configure - Mapping filter: 'httpPutFormContentFilter' to: [/*]
20-05-2020 18:10:29.232 INFO  [localhost-startStop-1]  o.s.b.w.s.FilterRegistrationBean.configure - Mapping filter: 'requestContextFilter' to: [/*]
20-05-2020 18:10:29.537 INFO  [main]  o.s.w.s.m.m.a.RequestMappingHandlerAdapter.initControllerAdviceCache - Looking for @ControllerAdvice: org.springframework.boot.context.embedded.AnnotationConfigEmbeddedWebApplicationContext@4a22f9e2: startup date [Wed May 20 18:10:27 EET 2020]; root of context hierarchy
20-05-2020 18:10:29.587 INFO  [main]  o.s.w.s.m.m.a.RequestMappingHandlerMapping.register - Mapped "{[/error]}" onto public org.springframework.http.ResponseEntity<java.util.Map<java.lang.String, java.lang.Object>> org.springframework.boot.autoconfigure.web.BasicErrorController.error(javax.servlet.http.HttpServletRequest)
20-05-2020 18:10:29.588 INFO  [main]  o.s.w.s.m.m.a.RequestMappingHandlerMapping.register - Mapped "{[/error],produces=[text/html]}" onto public org.springframework.web.servlet.ModelAndView org.springframework.boot.autoconfigure.web.BasicErrorController.errorHtml(javax.servlet.http.HttpServletRequest,javax.servlet.http.HttpServletResponse)
20-05-2020 18:10:29.612 INFO  [main]  o.s.w.s.h.SimpleUrlHandlerMapping.registerHandler - Mapped URL path [/webjars/**] onto handler of type [class org.springframework.web.servlet.resource.ResourceHttpRequestHandler]
20-05-2020 18:10:29.612 INFO  [main]  o.s.w.s.h.SimpleUrlHandlerMapping.registerHandler - Mapped URL path [/**] onto handler of type [class org.springframework.web.servlet.resource.ResourceHttpRequestHandler]
20-05-2020 18:10:29.642 INFO  [main]  o.s.w.s.h.SimpleUrlHandlerMapping.registerHandler - Mapped URL path [/**/favicon.ico] onto handler of type [class org.springframework.web.servlet.resource.ResourceHttpRequestHandler]
20-05-2020 18:10:29.752 INFO  [main]  o.s.j.e.a.AnnotationMBeanExporter.afterSingletonsInstantiated - Registering beans for JMX exposure on startup
20-05-2020 18:10:29.762 INFO  [main]  o.a.coyote.http11.Http11NioProtocol.log - Initializing ProtocolHandler ["http-nio-9090"]
20-05-2020 18:10:29.769 INFO  [main]  o.a.coyote.http11.Http11NioProtocol.log - Starting ProtocolHandler [http-nio-9090]
20-05-2020 18:10:29.813 INFO  [main]  o.a.tomcat.util.net.NioSelectorPool.log - Using a shared selector for servlet write/read
20-05-2020 18:10:29.825 INFO  [main]  o.s.b.c.e.t.TomcatEmbeddedServletContainer.start - Tomcat started on port(s): 9090 (http)
20-05-2020 18:10:29.828 INFO  [main]  c.a.v.n.w.NPCWebServiceApplication.logStarted - Started NPCWebServiceApplication in 2.754 seconds (JVM running for 4.172)
20-05-2020 18:24:22.686 INFO  [RMI TCP Connection(4)-127.0.0.1]  o.s.b.a.SpringApplicationAdminMXBeanRegistrar$SpringApplicationAdmin.shutdown - Application shutdown requested.
20-05-2020 18:24:22.687 INFO  [RMI TCP Connection(4)-127.0.0.1]  o.s.b.c.e.AnnotationConfigEmbeddedWebApplicationContext.doClose - Closing org.springframework.boot.context.embedded.AnnotationConfigEmbeddedWebApplicationContext@4a22f9e2: startup date [Wed May 20 18:10:27 EET 2020]; root of context hierarchy
20-05-2020 18:24:22.688 INFO  [RMI TCP Connection(4)-127.0.0.1]  o.s.j.e.a.AnnotationMBeanExporter.destroy - Unregistering JMX-exposed beans on shutdown
20-05-2020 18:41:28.975 INFO  [main]  c.a.v.n.w.NPCWebServiceApplication.logStarting - Starting NPCWebServiceApplication on Mohamed-Hamdy with PID 10044 (started by mohammed.hamdy in C:\Users\mohammed.hamdy\Downloads\Vodafone MNP Deliverables\Src Code\npc-vodafone\vodafone-mnp-webservice)
20-05-2020 18:41:28.978 INFO  [main]  c.a.v.n.w.NPCWebServiceApplication.logStartupProfileInfo - No active profile set, falling back to default profiles: default
20-05-2020 18:41:29.005 INFO  [main]  o.s.b.c.e.AnnotationConfigEmbeddedWebApplicationContext.prepareRefresh - Refreshing org.springframework.boot.context.embedded.AnnotationConfigEmbeddedWebApplicationContext@4a22f9e2: startup date [Wed May 20 18:41:29 EET 2020]; root of context hierarchy
20-05-2020 18:41:29.092 INFO  [background-preinit]  o.h.validator.internal.util.Version.<clinit> - HV000001: Hibernate Validator 5.2.4.Final
20-05-2020 18:41:29.553 INFO  [main]  o.s.c.s.PostProcessorRegistrationDelegate$BeanPostProcessorChecker.postProcessAfterInitialization - Bean 'NPCWebServiceConfig' of type [class com.asset.vodafone.npc.webservice.config.NPCWebServiceConfig$$EnhancerBySpringCGLIB$$9d1f7423] is not eligible for getting processed by all BeanPostProcessors (for example: not eligible for auto-proxying)
20-05-2020 18:41:29.558 INFO  [main]  o.s.c.s.PostProcessorRegistrationDelegate$BeanPostProcessorChecker.postProcessAfterInitialization - Bean 'org.springframework.ws.config.annotation.DelegatingWsConfiguration' of type [class org.springframework.ws.config.annotation.DelegatingWsConfiguration$$EnhancerBySpringCGLIB$$90a2612] is not eligible for getting processed by all BeanPostProcessors (for example: not eligible for auto-proxying)
20-05-2020 18:41:29.617 INFO  [main]  o.s.w.s.a.s.AnnotationActionEndpointMapping.afterPropertiesSet - Supporting [WS-Addressing August 2004, WS-Addressing 1.0]
20-05-2020 18:41:29.847 INFO  [main]  o.s.b.c.e.t.TomcatEmbeddedServletContainer.initialize - Tomcat initialized with port(s): 9090 (http)
20-05-2020 18:41:29.855 INFO  [main]  o.a.catalina.core.StandardService.log - Starting service Tomcat
20-05-2020 18:41:29.856 INFO  [main]  o.a.catalina.core.StandardEngine.log - Starting Servlet Engine: Apache Tomcat/8.5.6
20-05-2020 18:41:29.907 INFO  [localhost-startStop-1]  o.a.c.c.C.[Tomcat].[localhost].[/].log - Initializing Spring embedded WebApplicationContext
20-05-2020 18:41:29.907 INFO  [localhost-startStop-1]  o.s.web.context.ContextLoader.prepareEmbeddedWebApplicationContext - Root WebApplicationContext: initialization completed in 902 ms
20-05-2020 18:41:30.023 INFO  [localhost-startStop-1]  o.s.b.w.s.ServletRegistrationBean.onStartup - Mapping servlet: 'messageDispatcherServlet' to [/NPC-SOAP/NPCWebService]
20-05-2020 18:41:30.023 INFO  [localhost-startStop-1]  o.s.b.w.s.ServletRegistrationBean.onStartup - Mapping servlet: 'dispatcherServlet' to [/]
20-05-2020 18:41:30.026 INFO  [localhost-startStop-1]  o.s.b.w.s.FilterRegistrationBean.configure - Mapping filter: 'characterEncodingFilter' to: [/*]
20-05-2020 18:41:30.026 INFO  [localhost-startStop-1]  o.s.b.w.s.FilterRegistrationBean.configure - Mapping filter: 'hiddenHttpMethodFilter' to: [/*]
20-05-2020 18:41:30.026 INFO  [localhost-startStop-1]  o.s.b.w.s.FilterRegistrationBean.configure - Mapping filter: 'httpPutFormContentFilter' to: [/*]
20-05-2020 18:41:30.027 INFO  [localhost-startStop-1]  o.s.b.w.s.FilterRegistrationBean.configure - Mapping filter: 'requestContextFilter' to: [/*]
20-05-2020 18:41:30.243 INFO  [main]  o.s.w.s.m.m.a.RequestMappingHandlerAdapter.initControllerAdviceCache - Looking for @ControllerAdvice: org.springframework.boot.context.embedded.AnnotationConfigEmbeddedWebApplicationContext@4a22f9e2: startup date [Wed May 20 18:41:29 EET 2020]; root of context hierarchy
20-05-2020 18:41:30.281 INFO  [main]  o.s.w.s.m.m.a.RequestMappingHandlerMapping.register - Mapped "{[/error]}" onto public org.springframework.http.ResponseEntity<java.util.Map<java.lang.String, java.lang.Object>> org.springframework.boot.autoconfigure.web.BasicErrorController.error(javax.servlet.http.HttpServletRequest)
20-05-2020 18:41:30.282 INFO  [main]  o.s.w.s.m.m.a.RequestMappingHandlerMapping.register - Mapped "{[/error],produces=[text/html]}" onto public org.springframework.web.servlet.ModelAndView org.springframework.boot.autoconfigure.web.BasicErrorController.errorHtml(javax.servlet.http.HttpServletRequest,javax.servlet.http.HttpServletResponse)
20-05-2020 18:41:30.302 INFO  [main]  o.s.w.s.h.SimpleUrlHandlerMapping.registerHandler - Mapped URL path [/webjars/**] onto handler of type [class org.springframework.web.servlet.resource.ResourceHttpRequestHandler]
20-05-2020 18:41:30.302 INFO  [main]  o.s.w.s.h.SimpleUrlHandlerMapping.registerHandler - Mapped URL path [/**] onto handler of type [class org.springframework.web.servlet.resource.ResourceHttpRequestHandler]
20-05-2020 18:41:30.327 INFO  [main]  o.s.w.s.h.SimpleUrlHandlerMapping.registerHandler - Mapped URL path [/**/favicon.ico] onto handler of type [class org.springframework.web.servlet.resource.ResourceHttpRequestHandler]
20-05-2020 18:41:30.420 INFO  [main]  o.s.j.e.a.AnnotationMBeanExporter.afterSingletonsInstantiated - Registering beans for JMX exposure on startup
20-05-2020 18:41:30.434 INFO  [main]  o.a.coyote.http11.Http11NioProtocol.log - Initializing ProtocolHandler ["http-nio-9090"]
20-05-2020 18:41:30.443 INFO  [main]  o.a.coyote.http11.Http11NioProtocol.log - Starting ProtocolHandler [http-nio-9090]
20-05-2020 18:41:30.457 INFO  [main]  o.a.tomcat.util.net.NioSelectorPool.log - Using a shared selector for servlet write/read
20-05-2020 18:41:30.467 INFO  [main]  o.s.b.c.e.t.TomcatEmbeddedServletContainer.start - Tomcat started on port(s): 9090 (http)
20-05-2020 18:41:30.470 INFO  [main]  c.a.v.n.w.NPCWebServiceApplication.logStarted - Started NPCWebServiceApplication in 1.693 seconds (JVM running for 2.558)
20-05-2020 18:41:33.992 INFO  [http-nio-9090-exec-1]  o.a.c.c.C.[Tomcat].[localhost].[/].log - Initializing Spring FrameworkServlet 'messageDispatcherServlet'
20-05-2020 18:41:33.992 INFO  [http-nio-9090-exec-1]  o.s.w.t.h.MessageDispatcherServlet.initServletBean - FrameworkServlet 'messageDispatcherServlet': initialization started
20-05-2020 18:41:33.999 INFO  [http-nio-9090-exec-1]  o.s.w.s.saaj.SaajSoapMessageFactory.afterPropertiesSet - Creating SAAJ 1.3 MessageFactory with SOAP 1.1 Protocol
20-05-2020 18:41:34.014 INFO  [http-nio-9090-exec-1]  o.s.w.t.h.MessageDispatcherServlet.initServletBean - FrameworkServlet 'messageDispatcherServlet': initialization completed in 22 ms
20-05-2020 18:41:34.368 INFO  [http-nio-9090-exec-1]  c.a.v.npc.core.handler.NPCWSHandler.processNPCMessage - Start Validation connection with web service for user : voda
20-05-2020 18:41:34.372 INFO  [http-nio-9090-exec-1]  c.a.v.npc.core.handler.NPCWSHandler.processNPCMessage - Validating service has been done successully for user : voda
20-05-2020 18:41:36.258 INFO  [http-nio-9090-exec-1]  c.a.v.npc.core.handler.NPCWSHandler.processNPCMessage - Start Parsing Received Message from user :voda
20-05-2020 18:41:38.847 INFO  [http-nio-9090-exec-1]  c.a.v.npc.core.handler.NPCWSHandler.processNPCMessage - Start Updating Port Data and Process Activation and Deactivation 
20-05-2020 18:41:40.106 INFO  [http-nio-9090-exec-1]  c.a.v.npc.core.handler.NPCWSHandler.processNPCMessage - The process of inserting into PORT_ACTIVATION_STATUS and PORT_DISCONNECT_STATUS in case of message code is NP_ACTIVATED_STATUS_MESSAGE or NP_DEACT_STATUS  has completed Successfully
20-05-2020 18:41:40.107 INFO  [http-nio-9090-exec-1]  c.a.v.npc.core.handler.NPCWSHandler.processNPCMessage - Starting Save Sync Messages Process
20-05-2020 18:41:40.250 INFO  [http-nio-9090-exec-1]  c.a.v.npc.core.handler.NPCWSHandler.processNPCMessage - Process of Saving Sync Messages has done Successfully
