05-07-2020 19:07:48.475 INFO  [main]
				c.a.v.n.w.NPCWebServiceApplication.logStarting - Starting NPCWebServiceApplication on Mohamed-Hamdy with PID 58544 (C:\Users\mohammed.hamdy\git\npc-vodafone\vodafone-mnp-webservice\target\classes started by mohammed.hamdy in C:\Users\mohammed.hamdy\git\npc-vodafone\vodafone-mnp-webservice)
05-07-2020 19:07:48.490 INFO  [main]
				c.a.v.n.w.NPCWebServiceApplication.logStartupProfileInfo - No active profile set, falling back to default profiles: default
05-07-2020 19:07:48.551 INFO  [main]
				o.s.b.c.e.AnnotationConfigEmbeddedWebApplicationContext.prepareRefresh - Refreshing org.springframework.boot.context.embedded.AnnotationConfigEmbeddedWebApplicationContext@3ba9ad43: startup date [Sun Jul 05 19:07:48 EET 2020]; root of context hierarchy
05-07-2020 19:07:48.673 INFO  [background-preinit]
				o.h.validator.internal.util.Version.<clinit> - HV000001: Hibernate Validator 5.2.4.Final
05-07-2020 19:07:49.548 INFO  [main]
				o.s.c.s.PostProcessorRegistrationDelegate$BeanPostProcessorChecker.postProcessAfterInitialization - Bean 'NPCWebServiceConfig' of type [class com.asset.vodafone.npc.webservice.config.NPCWebServiceConfig$$EnhancerBySpringCGLIB$$c422ba17] is not eligible for getting processed by all BeanPostProcessors (for example: not eligible for auto-proxying)
05-07-2020 19:07:49.555 INFO  [main]
				o.s.c.s.PostProcessorRegistrationDelegate$BeanPostProcessorChecker.postProcessAfterInitialization - Bean 'org.springframework.ws.config.annotation.DelegatingWsConfiguration' of type [class org.springframework.ws.config.annotation.DelegatingWsConfiguration$$EnhancerBySpringCGLIB$$300d6c06] is not eligible for getting processed by all BeanPostProcessors (for example: not eligible for auto-proxying)
05-07-2020 19:07:49.595 INFO  [main]
				o.s.w.s.a.s.AnnotationActionEndpointMapping.afterPropertiesSet - Supporting [WS-Addressing August 2004, WS-Addressing 1.0]
05-07-2020 19:07:49.911 INFO  [main]
				o.s.b.c.e.t.TomcatEmbeddedServletContainer.initialize - Tomcat initialized with port(s): 9090 (http)
05-07-2020 19:07:49.919 INFO  [main]
				o.a.catalina.core.StandardService.log - Starting service Tomcat
05-07-2020 19:07:49.921 INFO  [main]
				o.a.catalina.core.StandardEngine.log - Starting Servlet Engine: Apache Tomcat/8.5.6
05-07-2020 19:07:49.991 INFO  [localhost-startStop-1]
				o.a.c.c.C.[Tomcat].[localhost].[/].log - Initializing Spring embedded WebApplicationContext
05-07-2020 19:07:49.991 INFO  [localhost-startStop-1]
				o.s.web.context.ContextLoader.prepareEmbeddedWebApplicationContext - Root WebApplicationContext: initialization completed in 1440 ms
05-07-2020 19:07:50.164 INFO  [localhost-startStop-1]
				o.s.b.w.s.ServletRegistrationBean.onStartup - Mapping servlet: 'messageDispatcherServlet' to [/NPC-SOAP/NPCWebService]
05-07-2020 19:07:50.165 INFO  [localhost-startStop-1]
				o.s.b.w.s.ServletRegistrationBean.onStartup - Mapping servlet: 'dispatcherServlet' to [/]
05-07-2020 19:07:50.169 INFO  [localhost-startStop-1]
				o.s.b.w.s.FilterRegistrationBean.configure - Mapping filter: 'characterEncodingFilter' to: [/*]
05-07-2020 19:07:50.169 INFO  [localhost-startStop-1]
				o.s.b.w.s.FilterRegistrationBean.configure - Mapping filter: 'hiddenHttpMethodFilter' to: [/*]
05-07-2020 19:07:50.169 INFO  [localhost-startStop-1]
				o.s.b.w.s.FilterRegistrationBean.configure - Mapping filter: 'httpPutFormContentFilter' to: [/*]
05-07-2020 19:07:50.170 INFO  [localhost-startStop-1]
				o.s.b.w.s.FilterRegistrationBean.configure - Mapping filter: 'requestContextFilter' to: [/*]
05-07-2020 19:07:50.459 INFO  [main]
				o.s.w.s.m.m.a.RequestMappingHandlerAdapter.initControllerAdviceCache - Looking for @ControllerAdvice: org.springframework.boot.context.embedded.AnnotationConfigEmbeddedWebApplicationContext@3ba9ad43: startup date [Sun Jul 05 19:07:48 EET 2020]; root of context hierarchy
05-07-2020 19:07:50.505 INFO  [main]
				o.s.w.s.m.m.a.RequestMappingHandlerMapping.register - Mapped "{[/error]}" onto public org.springframework.http.ResponseEntity<java.util.Map<java.lang.String, java.lang.Object>> org.springframework.boot.autoconfigure.web.BasicErrorController.error(javax.servlet.http.HttpServletRequest)
05-07-2020 19:07:50.506 INFO  [main]
				o.s.w.s.m.m.a.RequestMappingHandlerMapping.register - Mapped "{[/error],produces=[text/html]}" onto public org.springframework.web.servlet.ModelAndView org.springframework.boot.autoconfigure.web.BasicErrorController.errorHtml(javax.servlet.http.HttpServletRequest,javax.servlet.http.HttpServletResponse)
05-07-2020 19:07:50.543 INFO  [main]
				o.s.w.s.h.SimpleUrlHandlerMapping.registerHandler - Mapped URL path [/webjars/**] onto handler of type [class org.springframework.web.servlet.resource.ResourceHttpRequestHandler]
05-07-2020 19:07:50.543 INFO  [main]
				o.s.w.s.h.SimpleUrlHandlerMapping.registerHandler - Mapped URL path [/**] onto handler of type [class org.springframework.web.servlet.resource.ResourceHttpRequestHandler]
05-07-2020 19:07:50.576 INFO  [main]
				o.s.w.s.h.SimpleUrlHandlerMapping.registerHandler - Mapped URL path [/**/favicon.ico] onto handler of type [class org.springframework.web.servlet.resource.ResourceHttpRequestHandler]
05-07-2020 19:07:50.701 INFO  [main]
				o.s.j.e.a.AnnotationMBeanExporter.afterSingletonsInstantiated - Registering beans for JMX exposure on startup
05-07-2020 19:07:50.713 INFO  [main]
				o.a.coyote.http11.Http11NioProtocol.log - Initializing ProtocolHandler ["http-nio-9090"]
05-07-2020 19:07:50.721 INFO  [main]
				o.a.coyote.http11.Http11NioProtocol.log - Starting ProtocolHandler [http-nio-9090]
05-07-2020 19:07:50.732 INFO  [main]
				o.a.tomcat.util.net.NioSelectorPool.log - Using a shared selector for servlet write/read
05-07-2020 19:07:50.745 INFO  [main]
				o.s.b.c.e.t.TomcatEmbeddedServletContainer.start - Tomcat started on port(s): 9090 (http)
05-07-2020 19:07:50.749 INFO  [main]
				c.a.v.n.w.NPCWebServiceApplication.logStarted - Started NPCWebServiceApplication in 2.573 seconds (JVM running for 3.855)
05-07-2020 19:07:59.561 INFO  [http-nio-9090-exec-1]
				o.a.c.c.C.[Tomcat].[localhost].[/].log - Initializing Spring FrameworkServlet 'messageDispatcherServlet'
05-07-2020 19:07:59.561 INFO  [http-nio-9090-exec-1]
				o.s.w.t.h.MessageDispatcherServlet.initServletBean - FrameworkServlet 'messageDispatcherServlet': initialization started
05-07-2020 19:07:59.563 INFO  [http-nio-9090-exec-1]
				o.s.w.s.saaj.SaajSoapMessageFactory.afterPropertiesSet - Creating SAAJ 1.3 MessageFactory with SOAP 1.1 Protocol
05-07-2020 19:07:59.573 INFO  [http-nio-9090-exec-1]
				o.s.w.t.h.MessageDispatcherServlet.initServletBean - FrameworkServlet 'messageDispatcherServlet': initialization completed in 12 ms
05-07-2020 19:07:59.683 INFO  [http-nio-9090-exec-1]
				c.a.v.npc.core.handler.NPCWSHandler.processNPCMessage - Received NPC Message Request for user : voda  and the Message is : 

            <NPCData>
               <NPCMessages>
                  <PortMessage>
                     <MessageID>OUT1301</MessageID>
                     <MessageCode>NPR Accept</MessageCode>
                     <ServiceType>MOBILE</ServiceType>
                     <PortID>P202006250777777777</PortID>
                     <NumbersToPort>
                        <NumberFrom>01055555555</NumberFrom>
                     </NumbersToPort>
                     
                     <SubscriberData>
                        <CompanyFlag>false</CompanyFlag>
                        <CorporationName>Asset</CorporationName>
                        <Name>Hossam Hamdy</Name>
                        <AccountNum>666666</AccountNum>
                        <SIMCardNum>22222333334444455555</SIMCardNum>
                        <NIC>11229966887744</NIC>
                        <CNIC>3217896541256</CNIC>
                        <PassportNum>C12345678</PassportNum>
                        <OtherId>Senator</OtherId>
                        <DateOfBirth>19910721</DateOfBirth>
                        <ContactPhone>01119164784</ContactPhone>
                        <Fax>0704123456</Fax>
                        <City>Cairo</City>
                        <Street>Farouk St</Street>
                        <Number>1</Number>
                        <Locality>Al Tahrir</Locality>
                        <PostCode>123123</PostCode>
                        <GroupID>Asset Group</GroupID>
                        <AuthorizedPersonName>Hossam Hamdy</AuthorizedPersonName>
                        <CorporationAddress>Asset</CorporationAddress>
                        <CommercialRegistrationNum>002345</CommercialRegistrationNum>
                        <TaxRegistrationNum>132544</TaxRegistrationNum>
                     </SubscriberData>
                  </PortMessage>
               </NPCMessages>
            </NPCData>
         
05-07-2020 19:08:18.676 INFO  [http-nio-9090-exec-1]
				c.a.v.npc.core.handler.NPCWSHandler.logRequestData -  NPC Message ID: 4498762 | MessageID: OUT1301 | MessageCode: NPR Accept | PortID: P202006250777777777 | MSISDN: 01055555555 | Message TimeStamp: Sun Jul 05 19:08:18 EET 2020 | Message Type: Received | DonerID:  " - "  | RecipientID:  " - "  | Due Date:  " - "  | Company Flag: false 
05-07-2020 19:08:18.677 INFO  [http-nio-9090-exec-1]
				c.a.v.npc.core.handler.NPCWSHandler.logRequestData - Return: " success " NPC Message ID: " 4498762 " Internal Port ID: " 4498342 " Port Status: " 20-Accept-R " 
05-07-2020 19:41:18.908 INFO  [RMI TCP Connection(9)-127.0.0.1]
				o.s.b.a.SpringApplicationAdminMXBeanRegistrar$SpringApplicationAdmin.shutdown - Application shutdown requested.
05-07-2020 19:41:18.909 INFO  [RMI TCP Connection(9)-127.0.0.1]
				o.s.b.c.e.AnnotationConfigEmbeddedWebApplicationContext.doClose - Closing org.springframework.boot.context.embedded.AnnotationConfigEmbeddedWebApplicationContext@3ba9ad43: startup date [Sun Jul 05 19:07:48 EET 2020]; root of context hierarchy
05-07-2020 19:41:18.911 INFO  [RMI TCP Connection(9)-127.0.0.1]
				o.s.j.e.a.AnnotationMBeanExporter.destroy - Unregistering JMX-exposed beans on shutdown
