03-06-2020 23:26:30.612 DEBUG [main]  c.a.v.npc.core.service.NPCService.getDBConnection - Initializing Database Connection..
03-06-2020 23:26:51.785 DEBUG [main]  c.a.v.npc.core.service.NPCService.getDBConnection - Initializing Database Connection..
03-06-2020 23:27:01.452 DEBUG [main]  c.a.v.npc.core.service.NPCService.getDBConnection - Initializing Database Connection..
03-06-2020 23:28:01.454 DEBUG [main]  c.a.v.npc.core.service.NPCService.getDBConnection - Initializing Database Connection..
03-06-2020 23:28:39.177 DEBUG [main]  c.a.v.n.c.handler.NPCProcessHandler.sendPendingMessages - Retrieving unsent messges has done successfully..
03-06-2020 23:28:39.194 DEBUG [main]  c.a.v.n.c.handler.NPCProcessHandler.sendPendingMessages - Number of unsent messsages = 2 
03-06-2020 23:28:40.638 DEBUG [main]  c.a.v.n.c.handler.NPCProcessHandler.sendPendingMessage - Creating Message XML has done successfully..
03-06-2020 23:28:41.066 DEBUG [main]  c.a.v.n.w.c.NPCWebserviceProxyConfiguration.npcWebserviceInterfaceProxy - Start Marshalling Xml Message
03-06-2020 23:28:41.087 DEBUG [main]  c.a.v.n.w.client.NPCWebserviceProxy.processNPCMsg - Start Connecting to NTRA Web Service 
03-06-2020 23:28:41.432 DEBUG [main]  c.a.v.n.c.handler.NPCProcessHandler.sendPendingMessages - Sending NPC message with ID: 4374599  and Internal Port ID: 1281929 has done successfully... 
03-06-2020 23:28:45.668 DEBUG [main]  c.a.v.n.c.handler.NPCProcessHandler.sendPendingMessages - Updating sent flag, returned meassge and message XML fields has done successfully...
03-06-2020 23:28:49.709 DEBUG [main]  c.a.v.npc.core.service.NPCService.updatePortData - Updating port data for NPC Message ID: 4374599  and Internal Port ID: 1281929 has done successfully and the port Status updated with Status " 20-Reject-S "
03-06-2020 23:28:49.709 DEBUG [main]  c.a.v.n.c.handler.NPCProcessHandler.sendPendingMessages - Updating Port Data has done successfully with Internal Port ID: 1281929 and updated Port Status with Status: " 20-Reject-S "
03-06-2020 23:28:56.043 DEBUG [main]  c.a.v.n.c.handler.NPCProcessHandler.sendPendingMessage - Creating Message XML has done successfully..
03-06-2020 23:28:56.063 DEBUG [main]  c.a.v.n.w.c.NPCWebserviceProxyConfiguration.npcWebserviceInterfaceProxy - Start Marshalling Xml Message
03-06-2020 23:28:56.069 DEBUG [main]  c.a.v.n.w.client.NPCWebserviceProxy.processNPCMsg - Start Connecting to NTRA Web Service 
03-06-2020 23:28:56.096 DEBUG [main]  c.a.v.n.c.handler.NPCProcessHandler.sendPendingMessages - Sending NPC message with ID: 4498554  and Internal Port ID: 4498330 has done successfully... 
03-06-2020 23:30:11.071 DEBUG [main]  c.a.v.npc.core.service.NPCService.getDBConnection - Initializing Database Connection..
03-06-2020 23:30:47.127 DEBUG [main]  c.a.v.n.c.handler.NPCProcessHandler.sendPendingMessages - Retrieving unsent messges has done successfully..
03-06-2020 23:30:47.128 DEBUG [main]  c.a.v.n.c.handler.NPCProcessHandler.sendPendingMessages - Number of unsent messsages = 1 
03-06-2020 23:30:48.716 DEBUG [main]  c.a.v.n.c.handler.NPCProcessHandler.sendPendingMessage - Creating Message XML has done successfully..
03-06-2020 23:30:49.152 DEBUG [main]  c.a.v.n.w.c.NPCWebserviceProxyConfiguration.npcWebserviceInterfaceProxy - Start Marshalling Xml Message
03-06-2020 23:30:49.174 DEBUG [main]  c.a.v.n.w.client.NPCWebserviceProxy.processNPCMsg - Start Connecting to NTRA Web Service 
03-06-2020 23:30:49.274 DEBUG [main]  c.a.v.n.c.handler.NPCProcessHandler.sendPendingMessages - Sending NPC message with ID: 4498554  and Internal Port ID: 4498330 has done successfully... 
03-06-2020 23:30:58.363 DEBUG [main]  c.a.v.npc.core.service.NPCService.updateNPCMessageCurrentDate - Start updating current message max date
03-06-2020 23:30:59.511 DEBUG [main]  c.a.v.npc.core.service.NPCService.updateNPCMessageCurrentDate - Updating current message max date has been done successfully
03-06-2020 23:30:59.512 DEBUG [main]  c.a.v.n.c.handler.NPCProcessHandler.sendPendingMessages - Updating sent flag, returned meassge and message XML fields has done successfully...
03-06-2020 23:31:03.588 DEBUG [main]  c.a.v.npc.core.service.NPCService.updatePortData - Updating port data for NPC Message ID: 4498554  and Internal Port ID: 4498330 has done successfully and the port Status updated with Status " 20-Accept-S "
03-06-2020 23:31:03.589 DEBUG [main]  c.a.v.n.c.handler.NPCProcessHandler.sendPendingMessages - Updating Port Data has done successfully with Internal Port ID: 4498330 and updated Port Status with Status: " 20-Accept-R "
03-06-2020 23:32:15.914 DEBUG [main]  c.a.v.n.c.handler.NPCProcessHandler.sendPendingMessages - Retrieving unsent messges has done successfully..
03-06-2020 23:32:15.915 DEBUG [main]  c.a.v.n.c.handler.NPCProcessHandler.sendPendingMessages - Number of unsent messsages = 0 
03-06-2020 23:33:24.539 DEBUG [main]  c.a.v.n.c.handler.NPCProcessHandler.sendPendingMessages - Retrieving unsent messges has done successfully..
03-06-2020 23:33:24.539 DEBUG [main]  c.a.v.n.c.handler.NPCProcessHandler.sendPendingMessages - Number of unsent messsages = 0 
03-06-2020 23:34:32.075 DEBUG [main]  c.a.v.n.c.handler.NPCProcessHandler.sendPendingMessages - Retrieving unsent messges has done successfully..
03-06-2020 23:34:32.076 DEBUG [main]  c.a.v.n.c.handler.NPCProcessHandler.sendPendingMessages - Number of unsent messsages = 0 
03-06-2020 23:35:39.718 DEBUG [main]  c.a.v.n.c.handler.NPCProcessHandler.sendPendingMessages - Retrieving unsent messges has done successfully..
03-06-2020 23:35:39.718 DEBUG [main]  c.a.v.n.c.handler.NPCProcessHandler.sendPendingMessages - Number of unsent messsages = 0 
03-06-2020 23:36:46.609 DEBUG [main]  c.a.v.n.c.handler.NPCProcessHandler.sendPendingMessages - Retrieving unsent messges has done successfully..
03-06-2020 23:36:46.609 DEBUG [main]  c.a.v.n.c.handler.NPCProcessHandler.sendPendingMessages - Number of unsent messsages = 0 
03-06-2020 23:37:54.418 DEBUG [main]  c.a.v.n.c.handler.NPCProcessHandler.sendPendingMessages - Retrieving unsent messges has done successfully..
03-06-2020 23:37:54.418 DEBUG [main]  c.a.v.n.c.handler.NPCProcessHandler.sendPendingMessages - Number of unsent messsages = 0 
03-06-2020 23:39:01.246 DEBUG [main]  c.a.v.n.c.handler.NPCProcessHandler.sendPendingMessages - Retrieving unsent messges has done successfully..
03-06-2020 23:39:01.247 DEBUG [main]  c.a.v.n.c.handler.NPCProcessHandler.sendPendingMessages - Number of unsent messsages = 0 
03-06-2020 23:40:08.311 DEBUG [main]  c.a.v.n.c.handler.NPCProcessHandler.sendPendingMessages - Retrieving unsent messges has done successfully..
03-06-2020 23:40:08.311 DEBUG [main]  c.a.v.n.c.handler.NPCProcessHandler.sendPendingMessages - Number of unsent messsages = 0 
03-06-2020 23:41:15.316 DEBUG [main]  c.a.v.n.c.handler.NPCProcessHandler.sendPendingMessages - Retrieving unsent messges has done successfully..
03-06-2020 23:41:15.316 DEBUG [main]  c.a.v.n.c.handler.NPCProcessHandler.sendPendingMessages - Number of unsent messsages = 0 
03-06-2020 23:42:22.820 DEBUG [main]  c.a.v.n.c.handler.NPCProcessHandler.sendPendingMessages - Retrieving unsent messges has done successfully..
03-06-2020 23:42:22.820 DEBUG [main]  c.a.v.n.c.handler.NPCProcessHandler.sendPendingMessages - Number of unsent messsages = 0 
03-06-2020 23:44:34.635 DEBUG [main]  c.a.v.n.c.handler.NPCProcessHandler.sendPendingMessages - Retrieving unsent messges has done successfully..
03-06-2020 23:44:34.635 DEBUG [main]  c.a.v.n.c.handler.NPCProcessHandler.sendPendingMessages - Number of unsent messsages = 8 
03-06-2020 23:44:37.606 DEBUG [main]  c.a.v.n.c.handler.NPCProcessHandler.sendPendingMessage - Creating Message XML has done successfully..
03-06-2020 23:44:37.626 DEBUG [main]  c.a.v.n.w.c.NPCWebserviceProxyConfiguration.npcWebserviceInterfaceProxy - Start Marshalling Xml Message
03-06-2020 23:44:37.633 DEBUG [main]  c.a.v.n.w.client.NPCWebserviceProxy.processNPCMsg - Start Connecting to NTRA Web Service 
03-06-2020 23:44:37.666 DEBUG [main]  c.a.v.n.c.handler.NPCProcessHandler.sendPendingMessages - Sending NPC message with ID: 4374306  and Internal Port ID: 1281762 has done successfully... 
03-06-2020 23:44:48.110 DEBUG [main]  c.a.v.n.c.handler.NPCProcessHandler.sendPendingMessages - Updating sent flag, returned meassge and message XML fields has done successfully...
03-06-2020 23:44:51.806 DEBUG [main]  c.a.v.npc.core.service.NPCService.updatePortData - Updating port data for NPC Message ID: 4374306  and Internal Port ID: 1281762 has done successfully and the port Status updated with Status " 20-Reject-S "
03-06-2020 23:44:51.807 DEBUG [main]  c.a.v.n.c.handler.NPCProcessHandler.sendPendingMessages - Updating Port Data has done successfully with Internal Port ID: 1281762 and updated Port Status with Status: " 20-Reject-S "
03-06-2020 23:44:55.098 DEBUG [main]  c.a.v.n.c.handler.NPCProcessHandler.sendPendingMessage - Creating Message XML has done successfully..
03-06-2020 23:44:55.115 DEBUG [main]  c.a.v.n.w.c.NPCWebserviceProxyConfiguration.npcWebserviceInterfaceProxy - Start Marshalling Xml Message
03-06-2020 23:44:55.124 DEBUG [main]  c.a.v.n.w.client.NPCWebserviceProxy.processNPCMsg - Start Connecting to NTRA Web Service 
03-06-2020 23:44:55.150 DEBUG [main]  c.a.v.n.c.handler.NPCProcessHandler.sendPendingMessages - Sending NPC message with ID: 4374389  and Internal Port ID: 1282221 has done successfully... 
03-06-2020 23:44:58.262 DEBUG [main]  c.a.v.n.c.handler.NPCProcessHandler.sendPendingMessages - Updating sent flag, returned meassge and message XML fields has done successfully...
03-06-2020 23:45:01.463 DEBUG [main]  c.a.v.npc.core.service.NPCService.updatePortData - Updating port data for NPC Message ID: 4374389  and Internal Port ID: 1282221 has done successfully and the port Status updated with Status " 20-Reject-S "
03-06-2020 23:45:01.463 DEBUG [main]  c.a.v.n.c.handler.NPCProcessHandler.sendPendingMessages - Updating Port Data has done successfully with Internal Port ID: 1282221 and updated Port Status with Status: " 20-Reject-S "
03-06-2020 23:45:05.017 DEBUG [main]  c.a.v.n.c.handler.NPCProcessHandler.sendPendingMessage - Creating Message XML has done successfully..
03-06-2020 23:45:05.035 DEBUG [main]  c.a.v.n.w.c.NPCWebserviceProxyConfiguration.npcWebserviceInterfaceProxy - Start Marshalling Xml Message
03-06-2020 23:45:05.043 DEBUG [main]  c.a.v.n.w.client.NPCWebserviceProxy.processNPCMsg - Start Connecting to NTRA Web Service 
03-06-2020 23:45:05.072 DEBUG [main]  c.a.v.n.c.handler.NPCProcessHandler.sendPendingMessages - Sending NPC message with ID: 4374600  and Internal Port ID: 1282868 has done successfully... 
03-06-2020 23:45:08.743 DEBUG [main]  c.a.v.n.c.handler.NPCProcessHandler.sendPendingMessages - Updating sent flag, returned meassge and message XML fields has done successfully...
03-06-2020 23:45:12.550 DEBUG [main]  c.a.v.npc.core.service.NPCService.updatePortData - Updating port data for NPC Message ID: 4374600  and Internal Port ID: 1282868 has done successfully and the port Status updated with Status " 20-Reject-S "
03-06-2020 23:45:12.551 DEBUG [main]  c.a.v.n.c.handler.NPCProcessHandler.sendPendingMessages - Updating Port Data has done successfully with Internal Port ID: 1282868 and updated Port Status with Status: " 20-Reject-S "
03-06-2020 23:45:16.752 DEBUG [main]  c.a.v.n.c.handler.NPCProcessHandler.sendPendingMessage - Creating Message XML has done successfully..
03-06-2020 23:45:16.774 DEBUG [main]  c.a.v.n.w.c.NPCWebserviceProxyConfiguration.npcWebserviceInterfaceProxy - Start Marshalling Xml Message
03-06-2020 23:45:16.787 DEBUG [main]  c.a.v.n.w.client.NPCWebserviceProxy.processNPCMsg - Start Connecting to NTRA Web Service 
03-06-2020 23:45:16.805 DEBUG [main]  c.a.v.n.c.handler.NPCProcessHandler.sendPendingMessages - Sending NPC message with ID: 4374601  and Internal Port ID: 1281937 has done successfully... 
03-06-2020 23:45:20.839 DEBUG [main]  c.a.v.n.c.handler.NPCProcessHandler.sendPendingMessages - Updating sent flag, returned meassge and message XML fields has done successfully...
03-06-2020 23:45:24.945 DEBUG [main]  c.a.v.npc.core.service.NPCService.updatePortData - Updating port data for NPC Message ID: 4374601  and Internal Port ID: 1281937 has done successfully and the port Status updated with Status " 20-Reject-S "
03-06-2020 23:45:24.946 DEBUG [main]  c.a.v.n.c.handler.NPCProcessHandler.sendPendingMessages - Updating Port Data has done successfully with Internal Port ID: 1281937 and updated Port Status with Status: " 20-Reject-S "
03-06-2020 23:45:29.520 DEBUG [main]  c.a.v.n.c.handler.NPCProcessHandler.sendPendingMessage - Creating Message XML has done successfully..
03-06-2020 23:45:29.537 DEBUG [main]  c.a.v.n.w.c.NPCWebserviceProxyConfiguration.npcWebserviceInterfaceProxy - Start Marshalling Xml Message
03-06-2020 23:45:29.544 DEBUG [main]  c.a.v.n.w.client.NPCWebserviceProxy.processNPCMsg - Start Connecting to NTRA Web Service 
03-06-2020 23:45:29.560 DEBUG [main]  c.a.v.n.c.handler.NPCProcessHandler.sendPendingMessages - Sending NPC message with ID: 4374602  and Internal Port ID: 1281945 has done successfully... 
03-06-2020 23:45:37.051 DEBUG [main]  c.a.v.n.c.handler.NPCProcessHandler.sendPendingMessages - Updating sent flag, returned meassge and message XML fields has done successfully...
03-06-2020 23:45:48.613 DEBUG [main]  c.a.v.npc.core.service.NPCService.updatePortData - Updating port data for NPC Message ID: 4374602  and Internal Port ID: 1281945 has done successfully and the port Status updated with Status " 20-Reject-S "
03-06-2020 23:45:48.614 DEBUG [main]  c.a.v.n.c.handler.NPCProcessHandler.sendPendingMessages - Updating Port Data has done successfully with Internal Port ID: 1281945 and updated Port Status with Status: " 20-Reject-S "
03-06-2020 23:45:55.273 DEBUG [main]  c.a.v.n.c.handler.NPCProcessHandler.sendPendingMessage - Creating Message XML has done successfully..
03-06-2020 23:45:55.289 DEBUG [main]  c.a.v.n.w.c.NPCWebserviceProxyConfiguration.npcWebserviceInterfaceProxy - Start Marshalling Xml Message
03-06-2020 23:45:55.292 DEBUG [main]  c.a.v.n.w.client.NPCWebserviceProxy.processNPCMsg - Start Connecting to NTRA Web Service 
03-06-2020 23:45:55.307 DEBUG [main]  c.a.v.n.c.handler.NPCProcessHandler.sendPendingMessages - Sending NPC message with ID: 4374610  and Internal Port ID: 1282222 has done successfully... 
03-06-2020 23:46:00.060 DEBUG [main]  c.a.v.n.c.handler.NPCProcessHandler.sendPendingMessages - Updating sent flag, returned meassge and message XML fields has done successfully...
03-06-2020 23:46:04.011 DEBUG [main]  c.a.v.npc.core.service.NPCService.updatePortData - Updating port data for NPC Message ID: 4374610  and Internal Port ID: 1282222 has done successfully and the port Status updated with Status " 20-Reject-S "
03-06-2020 23:46:04.012 DEBUG [main]  c.a.v.n.c.handler.NPCProcessHandler.sendPendingMessages - Updating Port Data has done successfully with Internal Port ID: 1282222 and updated Port Status with Status: " 20-Reject-S "
03-06-2020 23:46:08.603 DEBUG [main]  c.a.v.n.c.handler.NPCProcessHandler.sendPendingMessage - Creating Message XML has done successfully..
03-06-2020 23:46:08.620 DEBUG [main]  c.a.v.n.w.c.NPCWebserviceProxyConfiguration.npcWebserviceInterfaceProxy - Start Marshalling Xml Message
03-06-2020 23:46:08.624 DEBUG [main]  c.a.v.n.w.client.NPCWebserviceProxy.processNPCMsg - Start Connecting to NTRA Web Service 
03-06-2020 23:46:08.646 DEBUG [main]  c.a.v.n.c.handler.NPCProcessHandler.sendPendingMessages - Sending NPC message with ID: 4374611  and Internal Port ID: 1282908 has done successfully... 
03-06-2020 23:46:13.004 DEBUG [main]  c.a.v.n.c.handler.NPCProcessHandler.sendPendingMessages - Updating sent flag, returned meassge and message XML fields has done successfully...
03-06-2020 23:46:16.506 DEBUG [main]  c.a.v.npc.core.service.NPCService.updatePortData - Updating port data for NPC Message ID: 4374611  and Internal Port ID: 1282908 has done successfully and the port Status updated with Status " 20-Reject-S "
03-06-2020 23:46:16.506 DEBUG [main]  c.a.v.n.c.handler.NPCProcessHandler.sendPendingMessages - Updating Port Data has done successfully with Internal Port ID: 1282908 and updated Port Status with Status: " 20-Reject-S "
03-06-2020 23:46:20.475 DEBUG [main]  c.a.v.n.c.handler.NPCProcessHandler.sendPendingMessage - Creating Message XML has done successfully..
03-06-2020 23:46:20.491 DEBUG [main]  c.a.v.n.w.c.NPCWebserviceProxyConfiguration.npcWebserviceInterfaceProxy - Start Marshalling Xml Message
03-06-2020 23:46:20.495 DEBUG [main]  c.a.v.n.w.client.NPCWebserviceProxy.processNPCMsg - Start Connecting to NTRA Web Service 
03-06-2020 23:46:20.508 DEBUG [main]  c.a.v.n.c.handler.NPCProcessHandler.sendPendingMessages - Sending NPC message with ID: 4374612  and Internal Port ID: 1282037 has done successfully... 
03-06-2020 23:46:24.094 DEBUG [main]  c.a.v.n.c.handler.NPCProcessHandler.sendPendingMessages - Updating sent flag, returned meassge and message XML fields has done successfully...
03-06-2020 23:46:27.329 DEBUG [main]  c.a.v.npc.core.service.NPCService.updatePortData - Updating port data for NPC Message ID: 4374612  and Internal Port ID: 1282037 has done successfully and the port Status updated with Status " 20-Reject-S "
03-06-2020 23:46:27.330 DEBUG [main]  c.a.v.n.c.handler.NPCProcessHandler.sendPendingMessages - Updating Port Data has done successfully with Internal Port ID: 1282037 and updated Port Status with Status: " 20-Reject-S "
03-06-2020 23:47:37.652 DEBUG [main]  c.a.v.n.c.handler.NPCProcessHandler.sendPendingMessages - Retrieving unsent messges has done successfully..
03-06-2020 23:47:37.652 DEBUG [main]  c.a.v.n.c.handler.NPCProcessHandler.sendPendingMessages - Number of unsent messsages = 0 
03-06-2020 23:48:46.319 DEBUG [main]  c.a.v.n.c.handler.NPCProcessHandler.sendPendingMessages - Retrieving unsent messges has done successfully..
03-06-2020 23:48:46.319 DEBUG [main]  c.a.v.n.c.handler.NPCProcessHandler.sendPendingMessages - Number of unsent messsages = 0 
03-06-2020 23:49:54.797 DEBUG [main]  c.a.v.n.c.handler.NPCProcessHandler.sendPendingMessages - Retrieving unsent messges has done successfully..
03-06-2020 23:49:54.798 DEBUG [main]  c.a.v.n.c.handler.NPCProcessHandler.sendPendingMessages - Number of unsent messsages = 0 
